#
# There is insufficient memory for the Java Runtime Environment to continue.
# Native memory allocation (malloc) failed to allocate 468016 bytes for Chunk::new
# Possible reasons:
#   The system is out of physical RAM or swap space
#   The process is running with CompressedOops enabled, and the Java Heap may be blocking the growth of the native heap
# Possible solutions:
#   Reduce memory load on the system
#   Increase physical memory or swap space
#   Check if swap backing store is full
#   Decrease Java heap size (-Xmx/-Xms)
#   Decrease number of Java threads
#   Decrease Java thread stack sizes (-Xss)
#   Set larger code cache with -XX:ReservedCodeCacheSize=
#   JVM is running with Unscaled Compressed Oops mode in which the Java heap is
#     placed in the first 4GB address space. The Java Heap base address is the
#     maximum limit for the native heap growth. Please use -XX:HeapBaseMinAddress
#     to set the Java Heap base and to place the Java Heap above 4GB virtual address.
# This output file may be truncated or incomplete.
#
#  Out of Memory Error (t:/workspace/open/src/hotspot/share/memory/arena.cpp:197), pid=36740, tid=27384
#
# JRE version: OpenJDK Runtime Environment (11.0+28) (build 11+28)
# Java VM: OpenJDK 64-Bit Server VM (11+28, mixed mode, tiered, compressed oops, g1 gc, windows-amd64)
# No core dump will be written. Minidumps are not enabled by default on client versions of Windows
#

---------------  S U M M A R Y ------------

Command Line: -javaagent:C:\Program Files\JetBrains\IntelliJ IDEA Community Edition 2022.2.2\lib\idea_rt.jar=63845:C:\Program Files\JetBrains\IntelliJ IDEA Community Edition 2022.2.2\bin -Dfile.encoding=UTF-8 --module-path=C:\Users\dzang\.m2\repository\org\openjfx\javafx-fxml\17.0.2\javafx-fxml-17.0.2-win.jar;C:\Users\dzang\.m2\repository\org\openjfx\javafx-base\17.0.2\javafx-base-17.0.2-win.jar;C:\Users\dzang\IdeaProjects\FinalProjectSoftware\target\classes;C:\Users\dzang\.m2\repository\org\openjfx\javafx-controls\17.0.2\javafx-controls-17.0.2-win.jar;C:\Users\dzang\.m2\repository\org\openjfx\javafx-graphics\17.0.2\javafx-graphics-17.0.2-win.jar -Djdk.module.main=com.example.finalprojectsoftware com.example.finalprojectsoftware/com.example.finalprojectsoftware.HelloApplication

Host: AMD Ryzen 5 5600H with Radeon Graphics         , 12 cores, 5G,  Windows 10 , 64 bit Build 22621 (10.0.22621.2506)
Time: Sun Dec 10 15:14:47 2023 Центральная Азия (зима) elapsed time: 0 seconds (0d 0h 0m 0s)

---------------  T H R E A D  ---------------

Current thread (0x00000215de5c3800):  JavaThread "C2 CompilerThread1" daemon [_thread_in_native, id=27384, stack(0x000000bcd1200000,0x000000bcd1300000)]


Current CompileTask:
C2:    244  289       4       java.util.stream.ReferencePipeline$3$1::accept (23 bytes)

Stack: [0x000000bcd1200000,0x000000bcd1300000]
Native frames: (J=compiled Java code, j=interpreted, Vv=VM code, C=native code)
V  [jvm.dll+0x63adaa]
V  [jvm.dll+0x77852f]
V  [jvm.dll+0x779b18]
V  [jvm.dll+0x77a1d3]
V  [jvm.dll+0x2624c8]
V  [jvm.dll+0xc5b61]
V  [jvm.dll+0xc60fc]
V  [jvm.dll+0x2d0c84]
V  [jvm.dll+0x552d0f]
V  [jvm.dll+0x21e4af]
V  [jvm.dll+0x21b3e6]
V  [jvm.dll+0x198400]
V  [jvm.dll+0x22a4ff]
V  [jvm.dll+0x228b18]
V  [jvm.dll+0x73dc3d]
V  [jvm.dll+0x639e42]
C  [ucrtbase.dll+0x29363]
C  [KERNEL32.DLL+0x1257d]
C  [ntdll.dll+0x5aa58]


---------------  P R O C E S S  ---------------

Threads class SMR info:
_java_thread_list=0x00000215de5e34f0, length=11, elements={
0x00000215bf5a2000, 0x00000215dd9e3800, 0x00000215dd9ee800, 0x00000215de393000,
0x00000215dda02800, 0x00000215dda04800, 0x00000215dda17000, 0x00000215dda1b800,
0x00000215de4ef000, 0x00000215de5c3800, 0x00000215dec01800
}

Java Threads: ( => current thread )
  0x00000215bf5a2000 JavaThread "main" [_thread_in_native, id=36512, stack(0x000000bcd0300000,0x000000bcd0400000)]
  0x00000215dd9e3800 JavaThread "Reference Handler" daemon [_thread_blocked, id=36564, stack(0x000000bcd0a00000,0x000000bcd0b00000)]
  0x00000215dd9ee800 JavaThread "Finalizer" daemon [_thread_blocked, id=31632, stack(0x000000bcd0b00000,0x000000bcd0c00000)]
  0x00000215de393000 JavaThread "Signal Dispatcher" daemon [_thread_blocked, id=33768, stack(0x000000bcd0c00000,0x000000bcd0d00000)]
  0x00000215dda02800 JavaThread "Attach Listener" daemon [_thread_blocked, id=33568, stack(0x000000bcd0d00000,0x000000bcd0e00000)]
  0x00000215dda04800 JavaThread "C2 CompilerThread0" daemon [_thread_in_native, id=35984, stack(0x000000bcd0e00000,0x000000bcd0f00000)]
  0x00000215dda17000 JavaThread "C1 CompilerThread0" daemon [_thread_blocked, id=35964, stack(0x000000bcd0f00000,0x000000bcd1000000)]
  0x00000215dda1b800 JavaThread "Sweeper thread" daemon [_thread_blocked, id=17340, stack(0x000000bcd1000000,0x000000bcd1100000)]
  0x00000215de4ef000 JavaThread "Common-Cleaner" daemon [_thread_blocked, id=36604, stack(0x000000bcd1100000,0x000000bcd1200000)]
=>0x00000215de5c3800 JavaThread "C2 CompilerThread1" daemon [_thread_in_native, id=27384, stack(0x000000bcd1200000,0x000000bcd1300000)]
  0x00000215dec01800 JavaThread "C2 CompilerThread2" daemon [_thread_in_native, id=35156, stack(0x000000bcd1300000,0x000000bcd1400000)]

Other Threads:
  0x00000215dd9be800 VMThread "VM Thread" [stack: 0x000000bcd0900000,0x000000bcd0a00000] [id=36020]
  0x00000215bf5ba000 GCTaskThread "GC Thread#0" [stack: 0x000000bcd0400000,0x000000bcd0500000] [id=31008]
  0x00000215bf5e3800 ConcurrentGCThread "G1 Main Marker" [stack: 0x000000bcd0500000,0x000000bcd0600000] [id=10112]
  0x00000215bf5e5000 ConcurrentGCThread "G1 Conc#0" [stack: 0x000000bcd0600000,0x000000bcd0700000] [id=31556]
  0x00000215bf675800 ConcurrentGCThread "G1 Refine#0" [stack: 0x000000bcd0700000,0x000000bcd0800000] [id=36276]
  0x00000215bf677800 ConcurrentGCThread "G1 Young RemSet Sampling" [stack: 0x000000bcd0800000,0x000000bcd0900000] [id=36148]

Threads with active compile tasks:
C2 CompilerThread0 290       4       jdk.internal.module.Checks::isTypeName (49 bytes)
C2 CompilerThread1 289       4       java.util.stream.ReferencePipeline$3$1::accept (23 bytes)
C2 CompilerThread2 365       4       java.util.zip.ZipFile::getZipEntry (308 bytes)

VM state:not at safepoint (normal execution)

VM Mutex/Monitor currently owned by a thread: None

Heap address: 0x00000000a2400000, size: 1500 MB, Compressed Oops mode: 32-bit
Narrow klass base: 0x0000000000000000, Narrow klass shift: 3
Compressed class space size: 1073741824 Address: 0x0000000100000000

Heap:
 garbage-first heap   total 96256K, used 5120K [0x00000000a2400000, 0x0000000100000000)
  region size 1024K, 7 young (7168K), 0 survivors (0K)
 Metaspace       used 6364K, capacity 6457K, committed 6528K, reserved 1056768K
  class space    used 573K, capacity 619K, committed 640K, reserved 1048576K
Heap Regions: E=young(eden), S=young(survivor), O=old, HS=humongous(starts), HC=humongous(continues), CS=collection set, F=free, A=archive, TAMS=top-at-mark-start (previous, next)
|   0|0x00000000a2400000, 0x00000000a2400000, 0x00000000a2500000|  0%| F|  |TAMS 0x00000000a2400000, 0x00000000a2400000| Untracked 
|   1|0x00000000a2500000, 0x00000000a2500000, 0x00000000a2600000|  0%| F|  |TAMS 0x00000000a2500000, 0x00000000a2500000| Untracked 
|   2|0x00000000a2600000, 0x00000000a2600000, 0x00000000a2700000|  0%| F|  |TAMS 0x00000000a2600000, 0x00000000a2600000| Untracked 
|   3|0x00000000a2700000, 0x00000000a2700000, 0x00000000a2800000|  0%| F|  |TAMS 0x00000000a2700000, 0x00000000a2700000| Untracked 
|   4|0x00000000a2800000, 0x00000000a2800000, 0x00000000a2900000|  0%| F|  |TAMS 0x00000000a2800000, 0x00000000a2800000| Untracked 
|   5|0x00000000a2900000, 0x00000000a2900000, 0x00000000a2a00000|  0%| F|  |TAMS 0x00000000a2900000, 0x00000000a2900000| Untracked 
|   6|0x00000000a2a00000, 0x00000000a2a00000, 0x00000000a2b00000|  0%| F|  |TAMS 0x00000000a2a00000, 0x00000000a2a00000| Untracked 
|   7|0x00000000a2b00000, 0x00000000a2b00000, 0x00000000a2c00000|  0%| F|  |TAMS 0x00000000a2b00000, 0x00000000a2b00000| Untracked 
|   8|0x00000000a2c00000, 0x00000000a2c00000, 0x00000000a2d00000|  0%| F|  |TAMS 0x00000000a2c00000, 0x00000000a2c00000| Untracked 
|   9|0x00000000a2d00000, 0x00000000a2d00000, 0x00000000a2e00000|  0%| F|  |TAMS 0x00000000a2d00000, 0x00000000a2d00000| Untracked 
|  10|0x00000000a2e00000, 0x00000000a2e00000, 0x00000000a2f00000|  0%| F|  |TAMS 0x00000000a2e00000, 0x00000000a2e00000| Untracked 
|  11|0x00000000a2f00000, 0x00000000a2f00000, 0x00000000a3000000|  0%| F|  |TAMS 0x00000000a2f00000, 0x00000000a2f00000| Untracked 
|  12|0x00000000a3000000, 0x00000000a3000000, 0x00000000a3100000|  0%| F|  |TAMS 0x00000000a3000000, 0x00000000a3000000| Untracked 
|  13|0x00000000a3100000, 0x00000000a3100000, 0x00000000a3200000|  0%| F|  |TAMS 0x00000000a3100000, 0x00000000a3100000| Untracked 
|  14|0x00000000a3200000, 0x00000000a3200000, 0x00000000a3300000|  0%| F|  |TAMS 0x00000000a3200000, 0x00000000a3200000| Untracked 
|  15|0x00000000a3300000, 0x00000000a3300000, 0x00000000a3400000|  0%| F|  |TAMS 0x00000000a3300000, 0x00000000a3300000| Untracked 
|  16|0x00000000a3400000, 0x00000000a3400000, 0x00000000a3500000|  0%| F|  |TAMS 0x00000000a3400000, 0x00000000a3400000| Untracked 
|  17|0x00000000a3500000, 0x00000000a3500000, 0x00000000a3600000|  0%| F|  |TAMS 0x00000000a3500000, 0x00000000a3500000| Untracked 
|  18|0x00000000a3600000, 0x00000000a3600000, 0x00000000a3700000|  0%| F|  |TAMS 0x00000000a3600000, 0x00000000a3600000| Untracked 
|  19|0x00000000a3700000, 0x00000000a3700000, 0x00000000a3800000|  0%| F|  |TAMS 0x00000000a3700000, 0x00000000a3700000| Untracked 
|  20|0x00000000a3800000, 0x00000000a3800000, 0x00000000a3900000|  0%| F|  |TAMS 0x00000000a3800000, 0x00000000a3800000| Untracked 
|  21|0x00000000a3900000, 0x00000000a3900000, 0x00000000a3a00000|  0%| F|  |TAMS 0x00000000a3900000, 0x00000000a3900000| Untracked 
|  22|0x00000000a3a00000, 0x00000000a3a00000, 0x00000000a3b00000|  0%| F|  |TAMS 0x00000000a3a00000, 0x00000000a3a00000| Untracked 
|  23|0x00000000a3b00000, 0x00000000a3b00000, 0x00000000a3c00000|  0%| F|  |TAMS 0x00000000a3b00000, 0x00000000a3b00000| Untracked 
|  24|0x00000000a3c00000, 0x00000000a3c00000, 0x00000000a3d00000|  0%| F|  |TAMS 0x00000000a3c00000, 0x00000000a3c00000| Untracked 
|  25|0x00000000a3d00000, 0x00000000a3d00000, 0x00000000a3e00000|  0%| F|  |TAMS 0x00000000a3d00000, 0x00000000a3d00000| Untracked 
|  26|0x00000000a3e00000, 0x00000000a3e00000, 0x00000000a3f00000|  0%| F|  |TAMS 0x00000000a3e00000, 0x00000000a3e00000| Untracked 
|  27|0x00000000a3f00000, 0x00000000a3f00000, 0x00000000a4000000|  0%| F|  |TAMS 0x00000000a3f00000, 0x00000000a3f00000| Untracked 
|  28|0x00000000a4000000, 0x00000000a4000000, 0x00000000a4100000|  0%| F|  |TAMS 0x00000000a4000000, 0x00000000a4000000| Untracked 
|  29|0x00000000a4100000, 0x00000000a4100000, 0x00000000a4200000|  0%| F|  |TAMS 0x00000000a4100000, 0x00000000a4100000| Untracked 
|  30|0x00000000a4200000, 0x00000000a4200000, 0x00000000a4300000|  0%| F|  |TAMS 0x00000000a4200000, 0x00000000a4200000| Untracked 
|  31|0x00000000a4300000, 0x00000000a4300000, 0x00000000a4400000|  0%| F|  |TAMS 0x00000000a4300000, 0x00000000a4300000| Untracked 
|  32|0x00000000a4400000, 0x00000000a4400000, 0x00000000a4500000|  0%| F|  |TAMS 0x00000000a4400000, 0x00000000a4400000| Untracked 
|  33|0x00000000a4500000, 0x00000000a4500000, 0x00000000a4600000|  0%| F|  |TAMS 0x00000000a4500000, 0x00000000a4500000| Untracked 
|  34|0x00000000a4600000, 0x00000000a4600000, 0x00000000a4700000|  0%| F|  |TAMS 0x00000000a4600000, 0x00000000a4600000| Untracked 
|  35|0x00000000a4700000, 0x00000000a4700000, 0x00000000a4800000|  0%| F|  |TAMS 0x00000000a4700000, 0x00000000a4700000| Untracked 
|  36|0x00000000a4800000, 0x00000000a4800000, 0x00000000a4900000|  0%| F|  |TAMS 0x00000000a4800000, 0x00000000a4800000| Untracked 
|  37|0x00000000a4900000, 0x00000000a4900000, 0x00000000a4a00000|  0%| F|  |TAMS 0x00000000a4900000, 0x00000000a4900000| Untracked 
|  38|0x00000000a4a00000, 0x00000000a4a00000, 0x00000000a4b00000|  0%| F|  |TAMS 0x00000000a4a00000, 0x00000000a4a00000| Untracked 
|  39|0x00000000a4b00000, 0x00000000a4b00000, 0x00000000a4c00000|  0%| F|  |TAMS 0x00000000a4b00000, 0x00000000a4b00000| Untracked 
|  40|0x00000000a4c00000, 0x00000000a4c00000, 0x00000000a4d00000|  0%| F|  |TAMS 0x00000000a4c00000, 0x00000000a4c00000| Untracked 
|  41|0x00000000a4d00000, 0x00000000a4d00000, 0x00000000a4e00000|  0%| F|  |TAMS 0x00000000a4d00000, 0x00000000a4d00000| Untracked 
|  42|0x00000000a4e00000, 0x00000000a4e00000, 0x00000000a4f00000|  0%| F|  |TAMS 0x00000000a4e00000, 0x00000000a4e00000| Untracked 
|  43|0x00000000a4f00000, 0x00000000a4f00000, 0x00000000a5000000|  0%| F|  |TAMS 0x00000000a4f00000, 0x00000000a4f00000| Untracked 
|  44|0x00000000a5000000, 0x00000000a5000000, 0x00000000a5100000|  0%| F|  |TAMS 0x00000000a5000000, 0x00000000a5000000| Untracked 
|  45|0x00000000a5100000, 0x00000000a5100000, 0x00000000a5200000|  0%| F|  |TAMS 0x00000000a5100000, 0x00000000a5100000| Untracked 
|  46|0x00000000a5200000, 0x00000000a5200000, 0x00000000a5300000|  0%| F|  |TAMS 0x00000000a5200000, 0x00000000a5200000| Untracked 
|  47|0x00000000a5300000, 0x00000000a5300000, 0x00000000a5400000|  0%| F|  |TAMS 0x00000000a5300000, 0x00000000a5300000| Untracked 
|  48|0x00000000a5400000, 0x00000000a5400000, 0x00000000a5500000|  0%| F|  |TAMS 0x00000000a5400000, 0x00000000a5400000| Untracked 
|  49|0x00000000a5500000, 0x00000000a5500000, 0x00000000a5600000|  0%| F|  |TAMS 0x00000000a5500000, 0x00000000a5500000| Untracked 
|  50|0x00000000a5600000, 0x00000000a5600000, 0x00000000a5700000|  0%| F|  |TAMS 0x00000000a5600000, 0x00000000a5600000| Untracked 
|  51|0x00000000a5700000, 0x00000000a5700000, 0x00000000a5800000|  0%| F|  |TAMS 0x00000000a5700000, 0x00000000a5700000| Untracked 
|  52|0x00000000a5800000, 0x00000000a5800000, 0x00000000a5900000|  0%| F|  |TAMS 0x00000000a5800000, 0x00000000a5800000| Untracked 
|  53|0x00000000a5900000, 0x00000000a5900000, 0x00000000a5a00000|  0%| F|  |TAMS 0x00000000a5900000, 0x00000000a5900000| Untracked 
|  54|0x00000000a5a00000, 0x00000000a5a00000, 0x00000000a5b00000|  0%| F|  |TAMS 0x00000000a5a00000, 0x00000000a5a00000| Untracked 
|  55|0x00000000a5b00000, 0x00000000a5b00000, 0x00000000a5c00000|  0%| F|  |TAMS 0x00000000a5b00000, 0x00000000a5b00000| Untracked 
|  56|0x00000000a5c00000, 0x00000000a5c00000, 0x00000000a5d00000|  0%| F|  |TAMS 0x00000000a5c00000, 0x00000000a5c00000| Untracked 
|  57|0x00000000a5d00000, 0x00000000a5d00000, 0x00000000a5e00000|  0%| F|  |TAMS 0x00000000a5d00000, 0x00000000a5d00000| Untracked 
|  58|0x00000000a5e00000, 0x00000000a5e00000, 0x00000000a5f00000|  0%| F|  |TAMS 0x00000000a5e00000, 0x00000000a5e00000| Untracked 
|  59|0x00000000a5f00000, 0x00000000a5f00000, 0x00000000a6000000|  0%| F|  |TAMS 0x00000000a5f00000, 0x00000000a5f00000| Untracked 
|  60|0x00000000a6000000, 0x00000000a6000000, 0x00000000a6100000|  0%| F|  |TAMS 0x00000000a6000000, 0x00000000a6000000| Untracked 
|  61|0x00000000a6100000, 0x00000000a6100000, 0x00000000a6200000|  0%| F|  |TAMS 0x00000000a6100000, 0x00000000a6100000| Untracked 
|  62|0x00000000a6200000, 0x00000000a6200000, 0x00000000a6300000|  0%| F|  |TAMS 0x00000000a6200000, 0x00000000a6200000| Untracked 
|  63|0x00000000a6300000, 0x00000000a6300000, 0x00000000a6400000|  0%| F|  |TAMS 0x00000000a6300000, 0x00000000a6300000| Untracked 
|  64|0x00000000a6400000, 0x00000000a6400000, 0x00000000a6500000|  0%| F|  |TAMS 0x00000000a6400000, 0x00000000a6400000| Untracked 
|  65|0x00000000a6500000, 0x00000000a6500000, 0x00000000a6600000|  0%| F|  |TAMS 0x00000000a6500000, 0x00000000a6500000| Untracked 
|  66|0x00000000a6600000, 0x00000000a6600000, 0x00000000a6700000|  0%| F|  |TAMS 0x00000000a6600000, 0x00000000a6600000| Untracked 
|  67|0x00000000a6700000, 0x00000000a6700000, 0x00000000a6800000|  0%| F|  |TAMS 0x00000000a6700000, 0x00000000a6700000| Untracked 
|  68|0x00000000a6800000, 0x00000000a6800000, 0x00000000a6900000|  0%| F|  |TAMS 0x00000000a6800000, 0x00000000a6800000| Untracked 
|  69|0x00000000a6900000, 0x00000000a6900000, 0x00000000a6a00000|  0%| F|  |TAMS 0x00000000a6900000, 0x00000000a6900000| Untracked 
|  70|0x00000000a6a00000, 0x00000000a6a00000, 0x00000000a6b00000|  0%| F|  |TAMS 0x00000000a6a00000, 0x00000000a6a00000| Untracked 
|  71|0x00000000a6b00000, 0x00000000a6b00000, 0x00000000a6c00000|  0%| F|  |TAMS 0x00000000a6b00000, 0x00000000a6b00000| Untracked 
|  72|0x00000000a6c00000, 0x00000000a6c00000, 0x00000000a6d00000|  0%| F|  |TAMS 0x00000000a6c00000, 0x00000000a6c00000| Untracked 
|  73|0x00000000a6d00000, 0x00000000a6d00000, 0x00000000a6e00000|  0%| F|  |TAMS 0x00000000a6d00000, 0x00000000a6d00000| Untracked 
|  74|0x00000000a6e00000, 0x00000000a6e00000, 0x00000000a6f00000|  0%| F|  |TAMS 0x00000000a6e00000, 0x00000000a6e00000| Untracked 
|  75|0x00000000a6f00000, 0x00000000a6f00000, 0x00000000a7000000|  0%| F|  |TAMS 0x00000000a6f00000, 0x00000000a6f00000| Untracked 
|  76|0x00000000a7000000, 0x00000000a7000000, 0x00000000a7100000|  0%| F|  |TAMS 0x00000000a7000000, 0x00000000a7000000| Untracked 
|  77|0x00000000a7100000, 0x00000000a7100000, 0x00000000a7200000|  0%| F|  |TAMS 0x00000000a7100000, 0x00000000a7100000| Untracked 
|  78|0x00000000a7200000, 0x00000000a7200000, 0x00000000a7300000|  0%| F|  |TAMS 0x00000000a7200000, 0x00000000a7200000| Untracked 
|  79|0x00000000a7300000, 0x00000000a7300000, 0x00000000a7400000|  0%| F|  |TAMS 0x00000000a7300000, 0x00000000a7300000| Untracked 
|  80|0x00000000a7400000, 0x00000000a7400000, 0x00000000a7500000|  0%| F|  |TAMS 0x00000000a7400000, 0x00000000a7400000| Untracked 
|  81|0x00000000a7500000, 0x00000000a7500000, 0x00000000a7600000|  0%| F|  |TAMS 0x00000000a7500000, 0x00000000a7500000| Untracked 
|  82|0x00000000a7600000, 0x00000000a7600000, 0x00000000a7700000|  0%| F|  |TAMS 0x00000000a7600000, 0x00000000a7600000| Untracked 
|  83|0x00000000a7700000, 0x00000000a7700000, 0x00000000a7800000|  0%| F|  |TAMS 0x00000000a7700000, 0x00000000a7700000| Untracked 
|  84|0x00000000a7800000, 0x00000000a7800000, 0x00000000a7900000|  0%| F|  |TAMS 0x00000000a7800000, 0x00000000a7800000| Untracked 
|  85|0x00000000a7900000, 0x00000000a7900000, 0x00000000a7a00000|  0%| F|  |TAMS 0x00000000a7900000, 0x00000000a7900000| Untracked 
|  86|0x00000000a7a00000, 0x00000000a7a00000, 0x00000000a7b00000|  0%| F|  |TAMS 0x00000000a7a00000, 0x00000000a7a00000| Untracked 
|  87|0x00000000a7b00000, 0x00000000a7bf6498, 0x00000000a7c00000| 96%| E|  |TAMS 0x00000000a7b00000, 0x00000000a7b00000| Complete 
|  88|0x00000000a7c00000, 0x00000000a7d00000, 0x00000000a7d00000|100%| E|CS|TAMS 0x00000000a7c00000, 0x00000000a7c00000| Complete 
|  89|0x00000000a7d00000, 0x00000000a7e00000, 0x00000000a7e00000|100%| E|CS|TAMS 0x00000000a7d00000, 0x00000000a7d00000| Complete 
|  90|0x00000000a7e00000, 0x00000000a7f00000, 0x00000000a7f00000|100%| E|  |TAMS 0x00000000a7e00000, 0x00000000a7e00000| Complete 
|  91|0x00000000a7f00000, 0x00000000a8000000, 0x00000000a8000000|100%| E|CS|TAMS 0x00000000a7f00000, 0x00000000a7f00000| Complete 
|  92|0x00000000a8000000, 0x00000000a8100000, 0x00000000a8100000|100%| E|CS|TAMS 0x00000000a8000000, 0x00000000a8000000| Complete 
|  93|0x00000000a8100000, 0x00000000a8200000, 0x00000000a8200000|100%| E|CS|TAMS 0x00000000a8100000, 0x00000000a8100000| Complete 

Card table byte_map: [0x00000215d7860000,0x00000215d7b50000] _byte_map_base: 0x00000215d734e000

Marking Bits (Prev, Next): (CMBitMap*) 0x00000215bf5dcb98, (CMBitMap*) 0x00000215bf5dcbd0
 Prev Bits: [0x00000215d7e40000, 0x00000215d95b0000)
 Next Bits: [0x00000215d95b0000, 0x00000215dad20000)

Polling page: 0x00000215bf680000

Metaspace:

Usage:
  Non-class:      5.76 MB capacity,     5.71 MB (>99%) used,    49.17 KB ( <1%) free+waste,     5.88 KB ( <1%) overhead. 
      Class:    619.00 KB capacity,   580.20 KB ( 94%) used,    35.93 KB (  6%) free+waste,     2.88 KB ( <1%) overhead. 
       Both:      6.37 MB capacity,     6.28 MB ( 99%) used,    85.10 KB (  1%) free+waste,     8.75 KB ( <1%) overhead. 

Virtual space:
  Non-class space:        8.00 MB reserved,       6.00 MB ( 75%) committed 
      Class space:        1.00 GB reserved,     640.00 KB ( <1%) committed 
             Both:        1.01 GB reserved,       6.63 MB ( <1%) committed 

Chunk freelists:
   Non-Class:  6.25 KB
       Class:  2.63 KB
        Both:  8.88 KB

CodeHeap 'non-profiled nmethods': size=120000Kb used=104Kb max_used=104Kb free=119895Kb
 bounds [0x00000215cf3b0000, 0x00000215cf620000, 0x00000215d68e0000]
CodeHeap 'profiled nmethods': size=120000Kb used=527Kb max_used=527Kb free=119472Kb
 bounds [0x00000215c7e80000, 0x00000215c80f0000, 0x00000215cf3b0000]
CodeHeap 'non-nmethods': size=5760Kb used=1056Kb max_used=1072Kb free=4703Kb
 bounds [0x00000215c78e0000, 0x00000215c7b50000, 0x00000215c7e80000]
 total_blobs=822 nmethods=365 adapters=258
 compilation: enabled
              stopped_count=0, restarted_count=0
 full_count=0

Compilation events (10 events):
Event: 0.228 Thread 0x00000215dda17000 nmethod 350 0x00000215c7eff410 code [0x00000215c7eff5c0, 0x00000215c7eff798]
Event: 0.229 Thread 0x00000215dec01800 nmethod 340 0x00000215cf3c6290 code [0x00000215cf3c6420, 0x00000215cf3c6578]
Event: 0.229 Thread 0x00000215dec01800  291       4       java.util.HashMap::putVal (300 bytes)
Event: 0.230 Thread 0x00000215dda17000  351       1       java.lang.module.ModuleDescriptor$Provides::service (5 bytes)
Event: 0.230 Thread 0x00000215dda17000 nmethod 351 0x00000215cf3c6710 code [0x00000215cf3c68c0, 0x00000215cf3c69d8]
Event: 0.241 Thread 0x00000215dda17000  352       1       java.util.KeyValueHolder::getKey (5 bytes)
Event: 0.241 Thread 0x00000215dda17000 nmethod 352 0x00000215cf3c6a90 code [0x00000215cf3c6c40, 0x00000215cf3c6d58]
Event: 0.241 Thread 0x00000215dda17000  353       1       java.util.KeyValueHolder::getValue (5 bytes)
Event: 0.241 Thread 0x00000215dda17000 nmethod 353 0x00000215cf3c6e10 code [0x00000215cf3c6fc0, 0x00000215cf3c70d8]
Event: 0.241 Thread 0x00000215dda17000  354       3       java.util.ImmutableCollections$MapN::probe (60 bytes)

GC Heap History (0 events):
No events

Deoptimization events (1 events):
Event: 0.219 Thread 0x00000215bf5a2000 Uncommon trap: reason=unstable_if action=reinterpret pc=0x00000215cf3c12dc method=java.util.ImmutableCollections$SetN.probe(Ljava/lang/Object;)I @ 34 c2

Classes redefined (0 events):
No events

Internal exceptions (2 events):
Event: 0.162 Thread 0x00000215bf5a2000 Exception <a 'java/lang/NoSuchMethodError'{0x00000000a7f666d0}: java.lang.invoke.DirectMethodHandle$Holder.invokeSpecial(Ljava/lang/Object;Ljava/lang/Object;Ljava/lang/Object;Ljava/lang/Object;)I> (0x00000000a7f666d0) thrown at [t:/workspace/open/src/hots
Event: 0.165 Thread 0x00000215bf5a2000 Exception <a 'java/lang/NoSuchMethodError'{0x00000000a7f6e9a0}: java.lang.invoke.DirectMethodHandle$Holder.invokeVirtual(Ljava/lang/Object;Ljava/lang/Object;)V> (0x00000000a7f6e9a0) thrown at [t:/workspace/open/src/hotspot/share/interpreter/linkResolver.c

Events (10 events):
Event: 0.228 loading class jdk/internal/module/ServicesCatalog$ServiceProvider
Event: 0.229 loading class jdk/internal/module/ServicesCatalog$ServiceProvider done
Event: 0.229 loading class java/util/concurrent/CopyOnWriteArrayList
Event: 0.229 loading class java/util/concurrent/CopyOnWriteArrayList done
Event: 0.232 loading class java/lang/ModuleLayer$Controller
Event: 0.234 loading class java/lang/ModuleLayer$Controller done
Event: 0.237 loading class jdk/internal/module/IllegalAccessLogger$Mode
Event: 0.238 loading class jdk/internal/module/IllegalAccessLogger$Mode done
Event: 0.238 loading class jdk/internal/module/IllegalAccessLogger$Builder
Event: 0.238 loading class jdk/internal/module/IllegalAccessLogger$Builder done


Dynamic libraries:
0x00007ff7955f0000 - 0x00007ff795635000 	C:\Program Files\Java\jdk-11\bin\java.exe
0x00007ffd776b0000 - 0x00007ffd778c7000 	C:\WINDOWS\SYSTEM32\ntdll.dll
0x00007ffd75fb0000 - 0x00007ffd76074000 	C:\WINDOWS\System32\KERNEL32.DLL
0x00007ffd74c80000 - 0x00007ffd75025000 	C:\WINDOWS\System32\KERNELBASE.dll
0x00007ffd759c0000 - 0x00007ffd75b6e000 	C:\WINDOWS\System32\USER32.dll
0x00007ffd74b40000 - 0x00007ffd74b66000 	C:\WINDOWS\System32\win32u.dll
0x00007ffd76bb0000 - 0x00007ffd76bd9000 	C:\WINDOWS\System32\GDI32.dll
0x00007ffd750b0000 - 0x00007ffd751c9000 	C:\WINDOWS\System32\gdi32full.dll
0x00007ffd74be0000 - 0x00007ffd74c7a000 	C:\WINDOWS\System32\msvcp_win.dll
0x00007ffd74a20000 - 0x00007ffd74b31000 	C:\WINDOWS\System32\ucrtbase.dll
0x00007ffd56150000 - 0x00007ffd563e3000 	C:\WINDOWS\WinSxS\amd64_microsoft.windows.common-controls_6595b64144ccf1df_6.0.22621.2506_none_270c5ae97388e100\COMCTL32.dll
0x00007ffd75e30000 - 0x00007ffd75ed7000 	C:\WINDOWS\System32\msvcrt.dll
0x00007ffd76cf0000 - 0x00007ffd76d21000 	C:\WINDOWS\System32\IMM32.DLL
0x00007ffd48fb0000 - 0x00007ffd48fc6000 	C:\Program Files\Java\jdk-11\bin\vcruntime140.dll
0x00007ffd2d900000 - 0x00007ffd2d9aa000 	C:\Program Files\Java\jdk-11\bin\msvcp140.dll
0x00007ffcb7120000 - 0x00007ffcb7c61000 	C:\Program Files\Java\jdk-11\bin\server\jvm.dll
0x00007ffd75ee0000 - 0x00007ffd75f91000 	C:\WINDOWS\System32\ADVAPI32.dll
0x00007ffd76c40000 - 0x00007ffd76ce6000 	C:\WINDOWS\System32\sechost.dll
0x00007ffd76a90000 - 0x00007ffd76ba7000 	C:\WINDOWS\System32\RPCRT4.dll
0x00007ffd767a0000 - 0x00007ffd767a8000 	C:\WINDOWS\System32\PSAPI.DLL
0x00007ffd6d810000 - 0x00007ffd6d844000 	C:\WINDOWS\SYSTEM32\WINMM.dll
0x00007ffd600c0000 - 0x00007ffd600c9000 	C:\WINDOWS\SYSTEM32\WSOCK32.dll
0x00007ffd6c3c0000 - 0x00007ffd6c3ca000 	C:\WINDOWS\SYSTEM32\VERSION.dll
0x00007ffd76250000 - 0x00007ffd762c1000 	C:\WINDOWS\System32\WS2_32.dll
0x00007ffd73b10000 - 0x00007ffd73b28000 	C:\WINDOWS\SYSTEM32\kernel.appcore.dll
0x00007ffd411d0000 - 0x00007ffd411e1000 	C:\Program Files\Java\jdk-11\bin\verify.dll
0x00007ffd71ee0000 - 0x00007ffd72113000 	C:\WINDOWS\SYSTEM32\DBGHELP.DLL
0x00007ffd763b0000 - 0x00007ffd76739000 	C:\WINDOWS\System32\combase.dll
0x00007ffd762d0000 - 0x00007ffd763a7000 	C:\WINDOWS\System32\OLEAUT32.dll
0x00007ffd5e1d0000 - 0x00007ffd5e202000 	C:\WINDOWS\SYSTEM32\dbgcore.DLL
0x00007ffd75030000 - 0x00007ffd750aa000 	C:\WINDOWS\System32\bcryptPrimitives.dll
0x00007ffd38700000 - 0x00007ffd38728000 	C:\Program Files\Java\jdk-11\bin\java.dll
0x00007ffd64360000 - 0x00007ffd6438f000 	C:\Program Files\Java\jdk-11\bin\instrument.dll
0x00007ffd3bf20000 - 0x00007ffd3bf36000 	C:\Program Files\Java\jdk-11\bin\zip.dll
0x00007ffd64590000 - 0x00007ffd6459a000 	C:\Program Files\Java\jdk-11\bin\jimage.dll
0x00007ffd76db0000 - 0x00007ffd77609000 	C:\WINDOWS\System32\SHELL32.dll
0x00007ffd72950000 - 0x00007ffd73244000 	C:\WINDOWS\SYSTEM32\windows.storage.dll
0x00007ffd72810000 - 0x00007ffd7294e000 	C:\WINDOWS\SYSTEM32\wintypes.dll
0x00007ffd75d30000 - 0x00007ffd75e23000 	C:\WINDOWS\System32\SHCORE.dll
0x00007ffd77610000 - 0x00007ffd7766e000 	C:\WINDOWS\System32\shlwapi.dll
0x00007ffd74950000 - 0x00007ffd74976000 	C:\WINDOWS\SYSTEM32\profapi.dll
0x00007ffd3a180000 - 0x00007ffd3a199000 	C:\Program Files\Java\jdk-11\bin\net.dll
0x00007ffd6eee0000 - 0x00007ffd6f017000 	C:\WINDOWS\SYSTEM32\WINHTTP.dll
0x00007ffd73f90000 - 0x00007ffd73ff9000 	C:\WINDOWS\system32\mswsock.dll
0x00007ffd39a40000 - 0x00007ffd39a53000 	C:\Program Files\Java\jdk-11\bin\nio.dll

dbghelp: loaded successfully - version: 4.0.5 - missing functions: none
symbol engine: initialized successfully - sym options: 0x614 - pdb path: .;C:\Program Files\Java\jdk-11\bin;C:\WINDOWS\SYSTEM32;C:\WINDOWS\WinSxS\amd64_microsoft.windows.common-controls_6595b64144ccf1df_6.0.22621.2506_none_270c5ae97388e100;C:\Program Files\Java\jdk-11\bin\server

VM Arguments:
jvm_args: -javaagent:C:\Program Files\JetBrains\IntelliJ IDEA Community Edition 2022.2.2\lib\idea_rt.jar=63845:C:\Program Files\JetBrains\IntelliJ IDEA Community Edition 2022.2.2\bin -Dfile.encoding=UTF-8 --module-path=C:\Users\dzang\.m2\repository\org\openjfx\javafx-fxml\17.0.2\javafx-fxml-17.0.2-win.jar;C:\Users\dzang\.m2\repository\org\openjfx\javafx-base\17.0.2\javafx-base-17.0.2-win.jar;C:\Users\dzang\IdeaProjects\FinalProjectSoftware\target\classes;C:\Users\dzang\.m2\repository\org\openjfx\javafx-controls\17.0.2\javafx-controls-17.0.2-win.jar;C:\Users\dzang\.m2\repository\org\openjfx\javafx-graphics\17.0.2\javafx-graphics-17.0.2-win.jar -Djdk.module.main=com.example.finalprojectsoftware 
java_command: com.example.finalprojectsoftware/com.example.finalprojectsoftware.HelloApplication
java_class_path (initial): C:\Users\dzang\.m2\repository\org\openjfx\javafx-controls\17.0.2\javafx-controls-17.0.2.jar;C:\Users\dzang\.m2\repository\org\openjfx\javafx-graphics\17.0.2\javafx-graphics-17.0.2.jar;C:\Users\dzang\.m2\repository\org\openjfx\javafx-base\17.0.2\javafx-base-17.0.2.jar;C:\Users\dzang\.m2\repository\org\openjfx\javafx-fxml\17.0.2\javafx-fxml-17.0.2.jar;C:\Users\dzang\.m2\repository\org\postgresql\postgresql\42.6.0\postgresql-42.6.0.jar;C:\Users\dzang\.m2\repository\org\checkerframework\checker-qual\3.31.0\checker-qual-3.31.0.jar
Launcher Type: SUN_STANDARD

[Global flags]
     intx CICompilerCount                          = 4                                         {product} {ergonomic}
     uint ConcGCThreads                            = 3                                         {product} {ergonomic}
     uint G1ConcRefinementThreads                  = 10                                        {product} {ergonomic}
   size_t G1HeapRegionSize                         = 1048576                                   {product} {ergonomic}
    uintx GCDrainStackTargetSize                   = 64                                        {product} {ergonomic}
   size_t InitialHeapSize                          = 98566144                                  {product} {ergonomic}
   size_t MarkStackSize                            = 4194304                                   {product} {ergonomic}
   size_t MaxHeapSize                              = 1572864000                                {product} {ergonomic}
   size_t MaxNewSize                               = 943718400                                 {product} {ergonomic}
   size_t MinHeapDeltaBytes                        = 1048576                                   {product} {ergonomic}
    uintx NonNMethodCodeHeapSize                   = 5835340                                {pd product} {ergonomic}
    uintx NonProfiledCodeHeapSize                  = 122911450                              {pd product} {ergonomic}
    uintx ProfiledCodeHeapSize                     = 122911450                              {pd product} {ergonomic}
    uintx ReservedCodeCacheSize                    = 251658240                              {pd product} {ergonomic}
     bool SegmentedCodeCache                       = true                                      {product} {ergonomic}
     bool UseCompressedClassPointers               = true                                 {lp64_product} {ergonomic}
     bool UseCompressedOops                        = true                                 {lp64_product} {ergonomic}
     bool UseG1GC                                  = true                                      {product} {ergonomic}
     bool UseLargePagesIndividualAllocation        = false                                  {pd product} {ergonomic}

Logging:
Log output configuration:
 #0: stdout all=warning uptime,level,tags
 #1: stderr all=off uptime,level,tags

Environment Variables:
JAVA_HOME=C:\Program Files\Java\jdk-11
PATH=C:\Program Files\Common Files\Oracle\Java\javapath;C:\Program Files (x86)\Common Files\Oracle\Java\javapath;C:\WINDOWS\system32;C:\WINDOWS;C:\WINDOWS\System32\Wbem;C:\WINDOWS\System32\WindowsPowerShell\v1.0\;C:\WINDOWS\System32\OpenSSH\;C:\Program Files\nodejs\;C:\MinGW\bin;C:\Users\dzang\AppData\Local\Programs\Python\Python311\Scripts\;C:\Users\dzang\AppData\Local\Programs\Python\Python311\;C:\Program Files\MySQL\MySQL Shell 8.0\bin\;C:\Users\dzang\AppData\Local\Microsoft\WindowsApps;C:\Users\dzang\AppData\Roaming\npm;C:\Users\dzang\AppData\Local\Programs\Microsoft VS Code\bin
USERNAME=dzang
OS=Windows_NT
PROCESSOR_IDENTIFIER=AMD64 Family 25 Model 80 Stepping 0, AuthenticAMD



---------------  S Y S T E M  ---------------

OS: Windows 10 , 64 bit Build 22621 (10.0.22621.2506)

CPU:total 12 (initial active 12) (12 cores per cpu, 2 threads per core) family 25 model 80 stepping 0, cmov, cx8, fxsr, mmx, sse, sse2, sse3, ssse3, sse4.1, sse4.2, popcnt, avx, avx2, aes, clmul, erms, mmxext, 3dnowpref, lzcnt, sse4a, ht, tsc, tscinvbit, tscinv, bmi1, bmi2, adx, sha, fma

Memory: 4k page, system-wide physical 5996M (320M free)
TotalPageFile size 24428M (AvailPageFile size 3M)
current process WorkingSet (physical memory assigned to process): 50M, peak: 50M
current process commit charge ("private bytes"): 184M, peak: 185M

vm_info: OpenJDK 64-Bit Server VM (11+28) for windows-amd64 JRE (11+28), built on Aug 23 2018 03:04:58 by "mach5one" with MS VC++ 15.5 (VS2017)

END.
