#
# There is insufficient memory for the Java Runtime Environment to continue.
# Native memory allocation (malloc) failed to allocate 2459856 bytes for Chunk::new
# Possible reasons:
#   The system is out of physical RAM or swap space
#   The process is running with CompressedOops enabled, and the Java Heap may be blocking the growth of the native heap
# Possible solutions:
#   Reduce memory load on the system
#   Increase physical memory or swap space
#   Check if swap backing store is full
#   Decrease Java heap size (-Xmx/-Xms)
#   Decrease number of Java threads
#   Decrease Java thread stack sizes (-Xss)
#   Set larger code cache with -XX:ReservedCodeCacheSize=
#   JVM is running with Unscaled Compressed Oops mode in which the Java heap is
#     placed in the first 4GB address space. The Java Heap base address is the
#     maximum limit for the native heap growth. Please use -XX:HeapBaseMinAddress
#     to set the Java Heap base and to place the Java Heap above 4GB virtual address.
# This output file may be truncated or incomplete.
#
#  Out of Memory Error (t:/workspace/open/src/hotspot/share/memory/arena.cpp:197), pid=16460, tid=35852
#
# JRE version: OpenJDK Runtime Environment (11.0+28) (build 11+28)
# Java VM: OpenJDK 64-Bit Server VM (11+28, mixed mode, tiered, compressed oops, g1 gc, windows-amd64)
# No core dump will be written. Minidumps are not enabled by default on client versions of Windows
#

---------------  S U M M A R Y ------------

Command Line: -javaagent:C:\Program Files\JetBrains\IntelliJ IDEA Community Edition 2022.2.2\lib\idea_rt.jar=62329:C:\Program Files\JetBrains\IntelliJ IDEA Community Edition 2022.2.2\bin -Dfile.encoding=UTF-8 --module-path=C:\Users\dzang\.m2\repository\org\openjfx\javafx-graphics\17.0.2\javafx-graphics-17.0.2-win.jar;C:\Users\dzang\.m2\repository\org\openjfx\javafx-fxml\17.0.2\javafx-fxml-17.0.2-win.jar;C:\Users\dzang\IdeaProjects\FinalProjectSoftware\target\classes;C:\Users\dzang\.m2\repository\com\google\zxing\core\3.5.2\core-3.5.2.jar;C:\Users\dzang\.m2\repository\org\openjfx\javafx-controls\17.0.2\javafx-controls-17.0.2-win.jar;C:\Users\dzang\.m2\repository\org\openjfx\javafx-base\17.0.2\javafx-base-17.0.2-win.jar -Djdk.module.main=com.example.finalprojectsoftware com.example.finalprojectsoftware/com.example.finalprojectsoftware.HelloApplication

Host: AMD Ryzen 5 5600H with Radeon Graphics         , 12 cores, 5G,  Windows 10 , 64 bit Build 22621 (10.0.22621.2506)
Time: Sat Dec 16 21:02:43 2023 Центральная Азия (зима) elapsed time: 2 seconds (0d 0h 0m 2s)

---------------  T H R E A D  ---------------

Current thread (0x000001fb0f558000):  JavaThread "C2 CompilerThread1" daemon [_thread_in_native, id=35852, stack(0x00000081bd000000,0x00000081bd100000)]


Current CompileTask:
C2:   2216 1376   !   4       com.sun.javafx.css.ParsedValueImpl::readBinary (688 bytes)

Stack: [0x00000081bd000000,0x00000081bd100000]
Native frames: (J=compiled Java code, j=interpreted, Vv=VM code, C=native code)
V  [jvm.dll+0x63adaa]
V  [jvm.dll+0x77852f]
V  [jvm.dll+0x779b18]
V  [jvm.dll+0x77a1d3]
V  [jvm.dll+0x2624c8]
V  [jvm.dll+0xc5b61]
V  [jvm.dll+0xc60fc]
V  [jvm.dll+0x36e692]
V  [jvm.dll+0x33b433]
V  [jvm.dll+0x33a80a]
V  [jvm.dll+0x21c365]
V  [jvm.dll+0x21b50a]
V  [jvm.dll+0x198400]
V  [jvm.dll+0x22a4ff]
V  [jvm.dll+0x228b18]
V  [jvm.dll+0x73dc3d]
V  [jvm.dll+0x639e42]
C  [ucrtbase.dll+0x29363]
C  [KERNEL32.DLL+0x1257d]
C  [ntdll.dll+0x5aa58]


---------------  P R O C E S S  ---------------

Threads class SMR info:
_java_thread_list=0x000001fb0f6d3370, length=18, elements={
0x000001fb6f874000, 0x000001fb7e4e6000, 0x000001fb7e4ef000, 0x000001fb7ee83000,
0x000001fb7e504800, 0x000001fb7e509800, 0x000001fb7e515800, 0x000001fb7e51d800,
0x000001fb7efe2800, 0x000001fb7f0e1800, 0x000001fb7f83b800, 0x000001fb7f46f800,
0x000001fb0f436800, 0x000001fb0f437800, 0x000001fb0f573800, 0x000001fb0f4b3800,
0x000001fb0f558000, 0x000001fb0f5fb000
}

Java Threads: ( => current thread )
  0x000001fb6f874000 JavaThread "main" [_thread_blocked, id=19232, stack(0x00000081bb100000,0x00000081bb200000)]
  0x000001fb7e4e6000 JavaThread "Reference Handler" daemon [_thread_blocked, id=4148, stack(0x00000081bb800000,0x00000081bb900000)]
  0x000001fb7e4ef000 JavaThread "Finalizer" daemon [_thread_blocked, id=13956, stack(0x00000081bb900000,0x00000081bba00000)]
  0x000001fb7ee83000 JavaThread "Signal Dispatcher" daemon [_thread_blocked, id=25716, stack(0x00000081bba00000,0x00000081bbb00000)]
  0x000001fb7e504800 JavaThread "Attach Listener" daemon [_thread_blocked, id=28868, stack(0x00000081bbb00000,0x00000081bbc00000)]
  0x000001fb7e509800 JavaThread "C2 CompilerThread0" daemon [_thread_in_native, id=3396, stack(0x00000081bbc00000,0x00000081bbd00000)]
  0x000001fb7e515800 JavaThread "C1 CompilerThread0" daemon [_thread_blocked, id=25508, stack(0x00000081bbd00000,0x00000081bbe00000)]
  0x000001fb7e51d800 JavaThread "Sweeper thread" daemon [_thread_blocked, id=11024, stack(0x00000081bbe00000,0x00000081bbf00000)]
  0x000001fb7efe2800 JavaThread "Common-Cleaner" daemon [_thread_blocked, id=15884, stack(0x00000081bbf00000,0x00000081bc000000)]
  0x000001fb7f0e1800 JavaThread "Monitor Ctrl-Break" daemon [_thread_in_native, id=1788, stack(0x00000081bc200000,0x00000081bc300000)]
  0x000001fb7f83b800 JavaThread "Service Thread" daemon [_thread_blocked, id=35788, stack(0x00000081bc300000,0x00000081bc400000)]
  0x000001fb7f46f800 JavaThread "QuantumRenderer-0" daemon [_thread_blocked, id=36172, stack(0x00000081bc000000,0x00000081bc100000)]
  0x000001fb0f436800 JavaThread "InvokeLaterDispatcher" daemon [_thread_blocked, id=32756, stack(0x00000081bc600000,0x00000081bc700000)]
  0x000001fb0f437800 JavaThread "JavaFX Application Thread" [_thread_in_native, id=32988, stack(0x00000081bc700000,0x00000081bc800000)]
  0x000001fb0f573800 JavaThread "Thread-1" daemon [_thread_in_native, id=21012, stack(0x00000081bc800000,0x00000081bc900000)]
  0x000001fb0f4b3800 JavaThread "JavaFX-Launcher" [_thread_blocked, id=24148, stack(0x00000081bc900000,0x00000081bca00000)]
=>0x000001fb0f558000 JavaThread "C2 CompilerThread1" daemon [_thread_in_native, id=35852, stack(0x00000081bd000000,0x00000081bd100000)]
  0x000001fb0f5fb000 JavaThread "Prism Font Disposer" daemon [_thread_blocked, id=30632, stack(0x00000081bd100000,0x00000081bd200000)]

Other Threads:
  0x000001fb7e4bb800 VMThread "VM Thread" [stack: 0x00000081bb700000,0x00000081bb800000] [id=21584]
  0x000001fb7f83d000 WatcherThread [stack: 0x00000081bc400000,0x00000081bc500000] [id=28516]
  0x000001fb6f88b800 GCTaskThread "GC Thread#0" [stack: 0x00000081bb200000,0x00000081bb300000] [id=12408]
  0x000001fb0f596000 GCTaskThread "GC Thread#1" [stack: 0x00000081bca00000,0x00000081bcb00000] [id=35176]
  0x000001fb0f4e6800 GCTaskThread "GC Thread#2" [stack: 0x00000081bcb00000,0x00000081bcc00000] [id=19296]
  0x000001fb0f4be000 GCTaskThread "GC Thread#3" [stack: 0x00000081bcc00000,0x00000081bcd00000] [id=24528]
  0x000001fb0f39d000 GCTaskThread "GC Thread#4" [stack: 0x00000081bcd00000,0x00000081bce00000] [id=16264]
  0x000001fb0f714800 GCTaskThread "GC Thread#5" [stack: 0x00000081bce00000,0x00000081bcf00000] [id=17628]
  0x000001fb6f8b3800 ConcurrentGCThread "G1 Main Marker" [stack: 0x00000081bb300000,0x00000081bb400000] [id=36696]
  0x000001fb6f8b5000 ConcurrentGCThread "G1 Conc#0" [stack: 0x00000081bb400000,0x00000081bb500000] [id=20604]
  0x000001fb6f947000 ConcurrentGCThread "G1 Refine#0" [stack: 0x00000081bb500000,0x00000081bb600000] [id=36620]
  0x000001fb6f949000 ConcurrentGCThread "G1 Young RemSet Sampling" [stack: 0x00000081bb600000,0x00000081bb700000] [id=7116]

Threads with active compile tasks:
C2 CompilerThread01473       4       java.lang.invoke.InvokerBytecodeGenerator::emitImplicitConversion (159 bytes)
C2 CompilerThread11376   !   4       com.sun.javafx.css.ParsedValueImpl::readBinary (688 bytes)

VM state:not at safepoint (normal execution)

VM Mutex/Monitor currently owned by a thread: None

Heap address: 0x00000000a2400000, size: 1500 MB, Compressed Oops mode: 32-bit
Narrow klass base: 0x0000000000000000, Narrow klass shift: 3
Compressed class space size: 1073741824 Address: 0x0000000100000000

Heap:
 garbage-first heap   total 96256K, used 23594K [0x00000000a2400000, 0x0000000100000000)
  region size 1024K, 24 young (24576K), 3 survivors (3072K)
 Metaspace       used 19404K, capacity 19987K, committed 20224K, reserved 1067008K
  class space    used 2300K, capacity 2554K, committed 2560K, reserved 1048576K
Heap Regions: E=young(eden), S=young(survivor), O=old, HS=humongous(starts), HC=humongous(continues), CS=collection set, F=free, A=archive, TAMS=top-at-mark-start (previous, next)
|   0|0x00000000a2400000, 0x00000000a240a800, 0x00000000a2500000|  4%| O|  |TAMS 0x00000000a2400000, 0x00000000a2400000| Untracked 
|   1|0x00000000a2500000, 0x00000000a2500000, 0x00000000a2600000|  0%| F|  |TAMS 0x00000000a2500000, 0x00000000a2500000| Untracked 
|   2|0x00000000a2600000, 0x00000000a2600000, 0x00000000a2700000|  0%| F|  |TAMS 0x00000000a2600000, 0x00000000a2600000| Untracked 
|   3|0x00000000a2700000, 0x00000000a2700000, 0x00000000a2800000|  0%| F|  |TAMS 0x00000000a2700000, 0x00000000a2700000| Untracked 
|   4|0x00000000a2800000, 0x00000000a2800000, 0x00000000a2900000|  0%| F|  |TAMS 0x00000000a2800000, 0x00000000a2800000| Untracked 
|   5|0x00000000a2900000, 0x00000000a2900000, 0x00000000a2a00000|  0%| F|  |TAMS 0x00000000a2900000, 0x00000000a2900000| Untracked 
|   6|0x00000000a2a00000, 0x00000000a2a00000, 0x00000000a2b00000|  0%| F|  |TAMS 0x00000000a2a00000, 0x00000000a2a00000| Untracked 
|   7|0x00000000a2b00000, 0x00000000a2b00000, 0x00000000a2c00000|  0%| F|  |TAMS 0x00000000a2b00000, 0x00000000a2b00000| Untracked 
|   8|0x00000000a2c00000, 0x00000000a2c00000, 0x00000000a2d00000|  0%| F|  |TAMS 0x00000000a2c00000, 0x00000000a2c00000| Untracked 
|   9|0x00000000a2d00000, 0x00000000a2d00000, 0x00000000a2e00000|  0%| F|  |TAMS 0x00000000a2d00000, 0x00000000a2d00000| Untracked 
|  10|0x00000000a2e00000, 0x00000000a2e00000, 0x00000000a2f00000|  0%| F|  |TAMS 0x00000000a2e00000, 0x00000000a2e00000| Untracked 
|  11|0x00000000a2f00000, 0x00000000a2f00000, 0x00000000a3000000|  0%| F|  |TAMS 0x00000000a2f00000, 0x00000000a2f00000| Untracked 
|  12|0x00000000a3000000, 0x00000000a3000000, 0x00000000a3100000|  0%| F|  |TAMS 0x00000000a3000000, 0x00000000a3000000| Untracked 
|  13|0x00000000a3100000, 0x00000000a3100000, 0x00000000a3200000|  0%| F|  |TAMS 0x00000000a3100000, 0x00000000a3100000| Untracked 
|  14|0x00000000a3200000, 0x00000000a3200000, 0x00000000a3300000|  0%| F|  |TAMS 0x00000000a3200000, 0x00000000a3200000| Untracked 
|  15|0x00000000a3300000, 0x00000000a3300000, 0x00000000a3400000|  0%| F|  |TAMS 0x00000000a3300000, 0x00000000a3300000| Untracked 
|  16|0x00000000a3400000, 0x00000000a3400000, 0x00000000a3500000|  0%| F|  |TAMS 0x00000000a3400000, 0x00000000a3400000| Untracked 
|  17|0x00000000a3500000, 0x00000000a3500000, 0x00000000a3600000|  0%| F|  |TAMS 0x00000000a3500000, 0x00000000a3500000| Untracked 
|  18|0x00000000a3600000, 0x00000000a3600000, 0x00000000a3700000|  0%| F|  |TAMS 0x00000000a3600000, 0x00000000a3600000| Untracked 
|  19|0x00000000a3700000, 0x00000000a3700000, 0x00000000a3800000|  0%| F|  |TAMS 0x00000000a3700000, 0x00000000a3700000| Untracked 
|  20|0x00000000a3800000, 0x00000000a3800000, 0x00000000a3900000|  0%| F|  |TAMS 0x00000000a3800000, 0x00000000a3800000| Untracked 
|  21|0x00000000a3900000, 0x00000000a3900000, 0x00000000a3a00000|  0%| F|  |TAMS 0x00000000a3900000, 0x00000000a3900000| Untracked 
|  22|0x00000000a3a00000, 0x00000000a3a00000, 0x00000000a3b00000|  0%| F|  |TAMS 0x00000000a3a00000, 0x00000000a3a00000| Untracked 
|  23|0x00000000a3b00000, 0x00000000a3b00000, 0x00000000a3c00000|  0%| F|  |TAMS 0x00000000a3b00000, 0x00000000a3b00000| Untracked 
|  24|0x00000000a3c00000, 0x00000000a3c00000, 0x00000000a3d00000|  0%| F|  |TAMS 0x00000000a3c00000, 0x00000000a3c00000| Untracked 
|  25|0x00000000a3d00000, 0x00000000a3d00000, 0x00000000a3e00000|  0%| F|  |TAMS 0x00000000a3d00000, 0x00000000a3d00000| Untracked 
|  26|0x00000000a3e00000, 0x00000000a3e00000, 0x00000000a3f00000|  0%| F|  |TAMS 0x00000000a3e00000, 0x00000000a3e00000| Untracked 
|  27|0x00000000a3f00000, 0x00000000a3f00000, 0x00000000a4000000|  0%| F|  |TAMS 0x00000000a3f00000, 0x00000000a3f00000| Untracked 
|  28|0x00000000a4000000, 0x00000000a4000000, 0x00000000a4100000|  0%| F|  |TAMS 0x00000000a4000000, 0x00000000a4000000| Untracked 
|  29|0x00000000a4100000, 0x00000000a4100000, 0x00000000a4200000|  0%| F|  |TAMS 0x00000000a4100000, 0x00000000a4100000| Untracked 
|  30|0x00000000a4200000, 0x00000000a4200000, 0x00000000a4300000|  0%| F|  |TAMS 0x00000000a4200000, 0x00000000a4200000| Untracked 
|  31|0x00000000a4300000, 0x00000000a4300000, 0x00000000a4400000|  0%| F|  |TAMS 0x00000000a4300000, 0x00000000a4300000| Untracked 
|  32|0x00000000a4400000, 0x00000000a4400000, 0x00000000a4500000|  0%| F|  |TAMS 0x00000000a4400000, 0x00000000a4400000| Untracked 
|  33|0x00000000a4500000, 0x00000000a4500000, 0x00000000a4600000|  0%| F|  |TAMS 0x00000000a4500000, 0x00000000a4500000| Untracked 
|  34|0x00000000a4600000, 0x00000000a4600000, 0x00000000a4700000|  0%| F|  |TAMS 0x00000000a4600000, 0x00000000a4600000| Untracked 
|  35|0x00000000a4700000, 0x00000000a4700000, 0x00000000a4800000|  0%| F|  |TAMS 0x00000000a4700000, 0x00000000a4700000| Untracked 
|  36|0x00000000a4800000, 0x00000000a4800000, 0x00000000a4900000|  0%| F|  |TAMS 0x00000000a4800000, 0x00000000a4800000| Untracked 
|  37|0x00000000a4900000, 0x00000000a4900000, 0x00000000a4a00000|  0%| F|  |TAMS 0x00000000a4900000, 0x00000000a4900000| Untracked 
|  38|0x00000000a4a00000, 0x00000000a4a00000, 0x00000000a4b00000|  0%| F|  |TAMS 0x00000000a4a00000, 0x00000000a4a00000| Untracked 
|  39|0x00000000a4b00000, 0x00000000a4b00000, 0x00000000a4c00000|  0%| F|  |TAMS 0x00000000a4b00000, 0x00000000a4b00000| Untracked 
|  40|0x00000000a4c00000, 0x00000000a4c00000, 0x00000000a4d00000|  0%| F|  |TAMS 0x00000000a4c00000, 0x00000000a4c00000| Untracked 
|  41|0x00000000a4d00000, 0x00000000a4d00000, 0x00000000a4e00000|  0%| F|  |TAMS 0x00000000a4d00000, 0x00000000a4d00000| Untracked 
|  42|0x00000000a4e00000, 0x00000000a4e00000, 0x00000000a4f00000|  0%| F|  |TAMS 0x00000000a4e00000, 0x00000000a4e00000| Untracked 
|  43|0x00000000a4f00000, 0x00000000a4f00000, 0x00000000a5000000|  0%| F|  |TAMS 0x00000000a4f00000, 0x00000000a4f00000| Untracked 
|  44|0x00000000a5000000, 0x00000000a5000000, 0x00000000a5100000|  0%| F|  |TAMS 0x00000000a5000000, 0x00000000a5000000| Untracked 
|  45|0x00000000a5100000, 0x00000000a5100000, 0x00000000a5200000|  0%| F|  |TAMS 0x00000000a5100000, 0x00000000a5100000| Untracked 
|  46|0x00000000a5200000, 0x00000000a5200000, 0x00000000a5300000|  0%| F|  |TAMS 0x00000000a5200000, 0x00000000a5200000| Untracked 
|  47|0x00000000a5300000, 0x00000000a5300000, 0x00000000a5400000|  0%| F|  |TAMS 0x00000000a5300000, 0x00000000a5300000| Untracked 
|  48|0x00000000a5400000, 0x00000000a5400000, 0x00000000a5500000|  0%| F|  |TAMS 0x00000000a5400000, 0x00000000a5400000| Untracked 
|  49|0x00000000a5500000, 0x00000000a5500000, 0x00000000a5600000|  0%| F|  |TAMS 0x00000000a5500000, 0x00000000a5500000| Untracked 
|  50|0x00000000a5600000, 0x00000000a5600000, 0x00000000a5700000|  0%| F|  |TAMS 0x00000000a5600000, 0x00000000a5600000| Untracked 
|  51|0x00000000a5700000, 0x00000000a5700000, 0x00000000a5800000|  0%| F|  |TAMS 0x00000000a5700000, 0x00000000a5700000| Untracked 
|  52|0x00000000a5800000, 0x00000000a5800000, 0x00000000a5900000|  0%| F|  |TAMS 0x00000000a5800000, 0x00000000a5800000| Untracked 
|  53|0x00000000a5900000, 0x00000000a5900000, 0x00000000a5a00000|  0%| F|  |TAMS 0x00000000a5900000, 0x00000000a5900000| Untracked 
|  54|0x00000000a5a00000, 0x00000000a5a00000, 0x00000000a5b00000|  0%| F|  |TAMS 0x00000000a5a00000, 0x00000000a5a00000| Untracked 
|  55|0x00000000a5b00000, 0x00000000a5b00000, 0x00000000a5c00000|  0%| F|  |TAMS 0x00000000a5b00000, 0x00000000a5b00000| Untracked 
|  56|0x00000000a5c00000, 0x00000000a5c00000, 0x00000000a5d00000|  0%| F|  |TAMS 0x00000000a5c00000, 0x00000000a5c00000| Untracked 
|  57|0x00000000a5d00000, 0x00000000a5d00000, 0x00000000a5e00000|  0%| F|  |TAMS 0x00000000a5d00000, 0x00000000a5d00000| Untracked 
|  58|0x00000000a5e00000, 0x00000000a5e00000, 0x00000000a5f00000|  0%| F|  |TAMS 0x00000000a5e00000, 0x00000000a5e00000| Untracked 
|  59|0x00000000a5f00000, 0x00000000a5f00000, 0x00000000a6000000|  0%| F|  |TAMS 0x00000000a5f00000, 0x00000000a5f00000| Untracked 
|  60|0x00000000a6000000, 0x00000000a6000000, 0x00000000a6100000|  0%| F|  |TAMS 0x00000000a6000000, 0x00000000a6000000| Untracked 
|  61|0x00000000a6100000, 0x00000000a6100000, 0x00000000a6200000|  0%| F|  |TAMS 0x00000000a6100000, 0x00000000a6100000| Untracked 
|  62|0x00000000a6200000, 0x00000000a6200000, 0x00000000a6300000|  0%| F|  |TAMS 0x00000000a6200000, 0x00000000a6200000| Untracked 
|  63|0x00000000a6300000, 0x00000000a6300000, 0x00000000a6400000|  0%| F|  |TAMS 0x00000000a6300000, 0x00000000a6300000| Untracked 
|  64|0x00000000a6400000, 0x00000000a6400000, 0x00000000a6500000|  0%| F|  |TAMS 0x00000000a6400000, 0x00000000a6400000| Untracked 
|  65|0x00000000a6500000, 0x00000000a6500000, 0x00000000a6600000|  0%| F|  |TAMS 0x00000000a6500000, 0x00000000a6500000| Untracked 
|  66|0x00000000a6600000, 0x00000000a6600000, 0x00000000a6700000|  0%| F|  |TAMS 0x00000000a6600000, 0x00000000a6600000| Untracked 
|  67|0x00000000a6700000, 0x00000000a6800000, 0x00000000a6800000|100%| S|CS|TAMS 0x00000000a6700000, 0x00000000a6700000| Complete 
|  68|0x00000000a6800000, 0x00000000a6900000, 0x00000000a6900000|100%| S|CS|TAMS 0x00000000a6800000, 0x00000000a6800000| Complete 
|  69|0x00000000a6900000, 0x00000000a6a00000, 0x00000000a6a00000|100%| S|CS|TAMS 0x00000000a6900000, 0x00000000a6900000| Complete 
|  70|0x00000000a6a00000, 0x00000000a6a00000, 0x00000000a6b00000|  0%| F|  |TAMS 0x00000000a6a00000, 0x00000000a6a00000| Untracked 
|  71|0x00000000a6b00000, 0x00000000a6b00000, 0x00000000a6c00000|  0%| F|  |TAMS 0x00000000a6b00000, 0x00000000a6b00000| Untracked 
|  72|0x00000000a6c00000, 0x00000000a6c00000, 0x00000000a6d00000|  0%| F|  |TAMS 0x00000000a6c00000, 0x00000000a6c00000| Untracked 
|  73|0x00000000a6d00000, 0x00000000a6d80800, 0x00000000a6e00000| 50%| E|  |TAMS 0x00000000a6d00000, 0x00000000a6d00000| Complete 
|  74|0x00000000a6e00000, 0x00000000a6f00000, 0x00000000a6f00000|100%| E|CS|TAMS 0x00000000a6e00000, 0x00000000a6e00000| Complete 
|  75|0x00000000a6f00000, 0x00000000a7000000, 0x00000000a7000000|100%| E|CS|TAMS 0x00000000a6f00000, 0x00000000a6f00000| Complete 
|  76|0x00000000a7000000, 0x00000000a7100000, 0x00000000a7100000|100%| E|CS|TAMS 0x00000000a7000000, 0x00000000a7000000| Complete 
|  77|0x00000000a7100000, 0x00000000a7200000, 0x00000000a7200000|100%| E|CS|TAMS 0x00000000a7100000, 0x00000000a7100000| Complete 
|  78|0x00000000a7200000, 0x00000000a7300000, 0x00000000a7300000|100%| E|CS|TAMS 0x00000000a7200000, 0x00000000a7200000| Complete 
|  79|0x00000000a7300000, 0x00000000a7400000, 0x00000000a7400000|100%| E|CS|TAMS 0x00000000a7300000, 0x00000000a7300000| Complete 
|  80|0x00000000a7400000, 0x00000000a7500000, 0x00000000a7500000|100%| E|CS|TAMS 0x00000000a7400000, 0x00000000a7400000| Complete 
|  81|0x00000000a7500000, 0x00000000a7600000, 0x00000000a7600000|100%| E|CS|TAMS 0x00000000a7500000, 0x00000000a7500000| Complete 
|  82|0x00000000a7600000, 0x00000000a7700000, 0x00000000a7700000|100%| E|CS|TAMS 0x00000000a7600000, 0x00000000a7600000| Complete 
|  83|0x00000000a7700000, 0x00000000a7800000, 0x00000000a7800000|100%| E|CS|TAMS 0x00000000a7700000, 0x00000000a7700000| Complete 
|  84|0x00000000a7800000, 0x00000000a7900000, 0x00000000a7900000|100%| E|CS|TAMS 0x00000000a7800000, 0x00000000a7800000| Complete 
|  85|0x00000000a7900000, 0x00000000a7a00000, 0x00000000a7a00000|100%| E|CS|TAMS 0x00000000a7900000, 0x00000000a7900000| Complete 
|  86|0x00000000a7a00000, 0x00000000a7b00000, 0x00000000a7b00000|100%| E|CS|TAMS 0x00000000a7a00000, 0x00000000a7a00000| Complete 
|  87|0x00000000a7b00000, 0x00000000a7c00000, 0x00000000a7c00000|100%| E|CS|TAMS 0x00000000a7b00000, 0x00000000a7b00000| Complete 
|  88|0x00000000a7c00000, 0x00000000a7d00000, 0x00000000a7d00000|100%| E|CS|TAMS 0x00000000a7c00000, 0x00000000a7c00000| Complete 
|  89|0x00000000a7d00000, 0x00000000a7e00000, 0x00000000a7e00000|100%| E|CS|TAMS 0x00000000a7d00000, 0x00000000a7d00000| Complete 
|  90|0x00000000a7e00000, 0x00000000a7f00000, 0x00000000a7f00000|100%| E|CS|TAMS 0x00000000a7e00000, 0x00000000a7e00000| Complete 
|  91|0x00000000a7f00000, 0x00000000a8000000, 0x00000000a8000000|100%| E|CS|TAMS 0x00000000a7f00000, 0x00000000a7f00000| Complete 
|  92|0x00000000a8000000, 0x00000000a8100000, 0x00000000a8100000|100%| E|CS|TAMS 0x00000000a8000000, 0x00000000a8000000| Complete 
|  93|0x00000000a8100000, 0x00000000a8200000, 0x00000000a8200000|100%| E|CS|TAMS 0x00000000a8100000, 0x00000000a8100000| Complete 

Card table byte_map: [0x000001fb783c0000,0x000001fb786b0000] _byte_map_base: 0x000001fb77eae000

Marking Bits (Prev, Next): (CMBitMap*) 0x000001fb6f8acf58, (CMBitMap*) 0x000001fb6f8acf90
 Prev Bits: [0x000001fb789a0000, 0x000001fb7a110000)
 Next Bits: [0x000001fb7a110000, 0x000001fb7b880000)

Polling page: 0x000001fb6ef50000

Metaspace:

Usage:
  Non-class:     17.09 MB capacity,    16.72 MB ( 98%) used,   310.58 KB (  2%) free+waste,    63.25 KB ( <1%) overhead. 
      Class:      2.50 MB capacity,     2.25 MB ( 90%) used,   218.41 KB (  9%) free+waste,    32.44 KB (  1%) overhead. 
       Both:     19.59 MB capacity,    18.98 MB ( 97%) used,   528.99 KB (  3%) free+waste,    95.69 KB ( <1%) overhead. 

Virtual space:
  Non-class space:       18.00 MB reserved,      17.25 MB ( 96%) committed 
      Class space:        1.00 GB reserved,       2.50 MB ( <1%) committed 
             Both:        1.02 GB reserved,      19.75 MB (  2%) committed 

Chunk freelists:
   Non-Class:  4.50 KB
       Class:  512 bytes
        Both:  5.00 KB

CodeHeap 'non-profiled nmethods': size=120000Kb used=581Kb max_used=581Kb free=119418Kb
 bounds [0x000001fb07ad0000, 0x000001fb07d40000, 0x000001fb0f000000]
CodeHeap 'profiled nmethods': size=120000Kb used=2739Kb max_used=2739Kb free=117260Kb
 bounds [0x000001fb005a0000, 0x000001fb00850000, 0x000001fb07ad0000]
CodeHeap 'non-nmethods': size=5760Kb used=1218Kb max_used=1218Kb free=4541Kb
 bounds [0x000001fb00000000, 0x000001fb00270000, 0x000001fb005a0000]
 total_blobs=2421 nmethods=1505 adapters=496
 compilation: enabled
              stopped_count=0, restarted_count=0
 full_count=0

Compilation events (10 events):
Event: 2.196 Thread 0x000001fb7e515800 1502       1       javafx.css.CssMetaData::getProperty (5 bytes)
Event: 2.196 Thread 0x000001fb7e515800 nmethod 1502 0x000001fb07b60a90 code [0x000001fb07b60c40, 0x000001fb07b60d58]
Event: 2.197 Thread 0x000001fb7e515800 1503       3       javafx.scene.Node::getParent (22 bytes)
Event: 2.198 Thread 0x000001fb7e515800 nmethod 1503 0x000001fb00844610 code [0x000001fb00844800, 0x000001fb00844cb0]
Event: 2.198 Thread 0x000001fb7e515800 1504       1       javafx.scene.Node::getStyleClass (5 bytes)
Event: 2.198 Thread 0x000001fb7e515800 nmethod 1504 0x000001fb07b60e10 code [0x000001fb07b60fc0, 0x000001fb07b610d8]
Event: 2.198 Thread 0x000001fb7e515800 1505       1       com.sun.javafx.css.parser.Token::getType (5 bytes)
Event: 2.198 Thread 0x000001fb7e515800 nmethod 1505 0x000001fb07b61190 code [0x000001fb07b61340, 0x000001fb07b61458]
Event: 2.210 Thread 0x000001fb7e515800 1507       3       java.lang.invoke.BoundMethodHandle$Species_L::<init> (12 bytes)
Event: 2.210 Thread 0x000001fb7e515800 nmethod 1507 0x000001fb00844e10 code [0x000001fb00844fe0, 0x000001fb00845250]

GC Heap History (2 events):
Event: 1.681 GC heap before
{Heap before GC invocations=0 (full 0):
 garbage-first heap   total 96256K, used 23552K [0x00000000a2400000, 0x0000000100000000)
  region size 1024K, 24 young (24576K), 0 survivors (0K)
 Metaspace       used 12942K, capacity 13269K, committed 13440K, reserved 1060864K
  class space    used 1405K, capacity 1554K, committed 1664K, reserved 1048576K
}
Event: 1.686 GC heap after
{Heap after GC invocations=1 (full 0):
 garbage-first heap   total 96256K, used 3114K [0x00000000a2400000, 0x0000000100000000)
  region size 1024K, 3 young (3072K), 3 survivors (3072K)
 Metaspace       used 12942K, capacity 13269K, committed 13440K, reserved 1060864K
  class space    used 1405K, capacity 1554K, committed 1664K, reserved 1048576K
}

Deoptimization events (10 events):
Event: 1.865 Thread 0x000001fb0f437800 Uncommon trap: reason=unstable_if action=reinterpret pc=0x000001fb07ad7078 method=java.lang.String.isLatin1()Z @ 10 c2
Event: 1.903 Thread 0x000001fb0f437800 Uncommon trap: reason=unstable_if action=reinterpret pc=0x000001fb07ae2554 method=java.lang.StringLatin1.canEncode(I)Z @ 4 c2
Event: 1.944 Thread 0x000001fb0f437800 Uncommon trap: reason=bimorphic_or_optimized_type_check action=maybe_recompile pc=0x000001fb07b2a66c method=java.util.HashMap.putVal(ILjava/lang/Object;Ljava/lang/Object;ZZ)Ljava/lang/Object; @ 56 c2
Event: 1.948 Thread 0x000001fb0f437800 Uncommon trap: reason=bimorphic_or_optimized_type_check action=maybe_recompile pc=0x000001fb07b2a66c method=java.util.HashMap.putVal(ILjava/lang/Object;Ljava/lang/Object;ZZ)Ljava/lang/Object; @ 56 c2
Event: 1.994 Thread 0x000001fb0f437800 Uncommon trap: reason=unstable_if action=reinterpret pc=0x000001fb07b2a400 method=java.util.HashMap.putVal(ILjava/lang/Object;Ljava/lang/Object;ZZ)Ljava/lang/Object; @ 162 c2
Event: 1.994 Thread 0x000001fb0f437800 Uncommon trap: reason=unstable_if action=reinterpret pc=0x000001fb07b4bb74 method=java.util.HashMap.getNode(ILjava/lang/Object;)Ljava/util/HashMap$Node; @ 84 c2
Event: 1.995 Thread 0x000001fb0f437800 Uncommon trap: reason=unstable_if action=reinterpret pc=0x000001fb07b3ee14 method=java.util.HashMap.resize()[Ljava/util/HashMap$Node; @ 203 c2
Event: 2.091 Thread 0x000001fb0f437800 Uncommon trap: reason=unstable_if action=reinterpret pc=0x000001fb07b3af30 method=java.lang.StringUTF16.compress([CI[BII)I @ 20 c2
Event: 2.155 Thread 0x000001fb0f437800 Uncommon trap: reason=unstable_if action=reinterpret pc=0x000001fb07b4fa40 method=java.util.HashMap.hash(Ljava/lang/Object;)I @ 1 c2
Event: 2.155 Thread 0x000001fb0f437800 Uncommon trap: reason=unstable_if action=reinterpret pc=0x000001fb07af3e14 method=java.util.HashMap.hash(Ljava/lang/Object;)I @ 1 c2

Classes redefined (0 events):
No events

Internal exceptions (10 events):
Event: 1.905 Thread 0x000001fb0f437800 Exception <a 'java/lang/ClassNotFoundException'{0x00000000a7abee90}: com/sun/glass/ui/win/themes_ru> (0x00000000a7abee90) thrown at [t:/workspace/open/src/hotspot/share/prims/jni.cpp, line 636]
Event: 1.906 Thread 0x000001fb0f437800 Exception <a 'java/lang/ClassNotFoundException'{0x00000000a7ac0448}: com/sun/glass/ui/win/themes_ru_RU> (0x00000000a7ac0448) thrown at [t:/workspace/open/src/hotspot/share/prims/jni.cpp, line 636]
Event: 1.915 Thread 0x000001fb0f437800 Exception <a 'java/lang/NoSuchMethodError'{0x00000000a7921bb8}: java.lang.invoke.DirectMethodHandle$Holder.invokeStatic(Ljava/lang/Object;Ljava/lang/Object;Ljava/lang/Object;Ljava/lang/Object;Ljava/lang/Object;Ljava/lang/Object;Ljava/lang/Object;Ljava/lan
Event: 1.916 Thread 0x000001fb0f437800 Exception <a 'java/lang/NoSuchMethodError'{0x00000000a793fd58}: java.lang.invoke.DirectMethodHandle$Holder.invokeStatic(Ljava/lang/Object;Ljava/lang/Object;Ljava/lang/Object;Ljava/lang/Object;Ljava/lang/Object;Ljava/lang/Object;Ljava/lang/Object;Ljava/lan
Event: 1.920 Thread 0x000001fb0f437800 Exception <a 'java/lang/NoSuchMethodError'{0x00000000a7961e78}: java.lang.invoke.DirectMethodHandle$Holder.invokeStatic(Ljava/lang/Object;Ljava/lang/Object;Ljava/lang/Object;Ljava/lang/Object;Ljava/lang/Object;Ljava/lang/Object;Ljava/lang/Object;Ljava/lan
Event: 1.921 Thread 0x000001fb0f437800 Exception <a 'java/lang/NoSuchMethodError'{0x00000000a7982608}: java.lang.invoke.DirectMethodHandle$Holder.invokeStatic(Ljava/lang/Object;Ljava/lang/Object;Ljava/lang/Object;Ljava/lang/Object;Ljava/lang/Object;Ljava/lang/Object;Ljava/lang/Object;Ljava/lan
Event: 2.019 Thread 0x000001fb0f437800 Exception <a 'java/lang/NoSuchMethodError'{0x00000000a74e16e0}: java.lang.invoke.DirectMethodHandle$Holder.invokeStaticInit(Ljava/lang/Object;Ljava/lang/Object;)V> (0x00000000a74e16e0) thrown at [t:/workspace/open/src/hotspot/share/interpreter/linkResolve
Event: 2.080 Thread 0x000001fb0f437800 Exception <a 'java/lang/NoSuchMethodError'{0x00000000a7151018}: java.lang.invoke.Invokers$Holder.linkToTargetMethod(Ljava/lang/Object;ILjava/lang/Object;)Ljava/lang/Object;> (0x00000000a7151018) thrown at [t:/workspace/open/src/hotspot/share/interpreter/l
Event: 2.155 Thread 0x000001fb0f437800 Implicit null exception at 0x000001fb07b4f695 to 0x000001fb07b4fa2e
Event: 2.155 Thread 0x000001fb0f437800 Implicit null exception at 0x000001fb07af3d78 to 0x000001fb07af3e0a

Events (10 events):
Event: 2.198 Executing VM operation: RevokeBias
Event: 2.198 Executing VM operation: RevokeBias done
Event: 2.203 loading class javafx/beans/Observable
Event: 2.203 loading class javafx/beans/Observable done
Event: 2.203 loading class javafx/beans/Observable
Event: 2.203 loading class javafx/beans/Observable done
Event: 2.203 loading class javafx/scene/Scene$KeyHandler
Event: 2.203 loading class javafx/scene/Scene$KeyHandler done
Event: 2.211 loading class com/sun/javafx/tk/quantum/spi/QuantumMessagesBundleProvider
Event: 2.211 loading class com/sun/javafx/tk/quantum/spi/QuantumMessagesBundleProvider done


Dynamic libraries:
0x00007ff6935f0000 - 0x00007ff693635000 	C:\Program Files\Java\jdk-11\bin\java.exe
0x00007ff9692b0000 - 0x00007ff9694c7000 	C:\WINDOWS\SYSTEM32\ntdll.dll
0x00007ff967b80000 - 0x00007ff967c44000 	C:\WINDOWS\System32\KERNEL32.DLL
0x00007ff9668d0000 - 0x00007ff966c76000 	C:\WINDOWS\System32\KERNELBASE.dll
0x00007ff9678a0000 - 0x00007ff967a4e000 	C:\WINDOWS\System32\USER32.dll
0x00007ff966fd0000 - 0x00007ff966ff6000 	C:\WINDOWS\System32\win32u.dll
0x00007ff9670e0000 - 0x00007ff967109000 	C:\WINDOWS\System32\GDI32.dll
0x00007ff966eb0000 - 0x00007ff966fc8000 	C:\WINDOWS\System32\gdi32full.dll
0x00007ff9667b0000 - 0x00007ff96684a000 	C:\WINDOWS\System32\msvcp_win.dll
0x00007ff966620000 - 0x00007ff966731000 	C:\WINDOWS\System32\ucrtbase.dll
0x00007ff94a370000 - 0x00007ff94a603000 	C:\WINDOWS\WinSxS\amd64_microsoft.windows.common-controls_6595b64144ccf1df_6.0.22621.2506_none_270c5ae97388e100\COMCTL32.dll
0x00007ff969020000 - 0x00007ff9690c7000 	C:\WINDOWS\System32\msvcrt.dll
0x00007ff968ee0000 - 0x00007ff968f11000 	C:\WINDOWS\System32\IMM32.DLL
0x00007ff940820000 - 0x00007ff940836000 	C:\Program Files\Java\jdk-11\bin\vcruntime140.dll
0x00007ff8c64e0000 - 0x00007ff8c658a000 	C:\Program Files\Java\jdk-11\bin\msvcp140.dll
0x00007ff8bbd50000 - 0x00007ff8bc891000 	C:\Program Files\Java\jdk-11\bin\server\jvm.dll
0x00007ff9691b0000 - 0x00007ff969261000 	C:\WINDOWS\System32\ADVAPI32.dll
0x00007ff967020000 - 0x00007ff9670c5000 	C:\WINDOWS\System32\sechost.dll
0x00007ff968a30000 - 0x00007ff968b47000 	C:\WINDOWS\System32\RPCRT4.dll
0x00007ff9670d0000 - 0x00007ff9670d8000 	C:\WINDOWS\System32\PSAPI.DLL
0x00007ff94ac00000 - 0x00007ff94ac09000 	C:\WINDOWS\SYSTEM32\WSOCK32.dll
0x00007ff95f390000 - 0x00007ff95f3c4000 	C:\WINDOWS\SYSTEM32\WINMM.dll
0x00007ff967180000 - 0x00007ff9671f1000 	C:\WINDOWS\System32\WS2_32.dll
0x00007ff95df50000 - 0x00007ff95df5a000 	C:\WINDOWS\SYSTEM32\VERSION.dll
0x00007ff965710000 - 0x00007ff965728000 	C:\WINDOWS\SYSTEM32\kernel.appcore.dll
0x00007ff93e450000 - 0x00007ff93e461000 	C:\Program Files\Java\jdk-11\bin\verify.dll
0x00007ff963fe0000 - 0x00007ff964213000 	C:\WINDOWS\SYSTEM32\DBGHELP.DLL
0x00007ff968b50000 - 0x00007ff968ed9000 	C:\WINDOWS\System32\combase.dll
0x00007ff9690d0000 - 0x00007ff9691a7000 	C:\WINDOWS\System32\OLEAUT32.dll
0x00007ff94eab0000 - 0x00007ff94eae2000 	C:\WINDOWS\SYSTEM32\dbgcore.DLL
0x00007ff966850000 - 0x00007ff9668ca000 	C:\WINDOWS\System32\bcryptPrimitives.dll
0x00007ff93e420000 - 0x00007ff93e448000 	C:\Program Files\Java\jdk-11\bin\java.dll
0x00007ff8c59c0000 - 0x00007ff8c59ef000 	C:\Program Files\Java\jdk-11\bin\instrument.dll
0x00007ff93ccc0000 - 0x00007ff93ccd6000 	C:\Program Files\Java\jdk-11\bin\zip.dll
0x00007ff945f60000 - 0x00007ff945f6a000 	C:\Program Files\Java\jdk-11\bin\jimage.dll
0x00007ff967e80000 - 0x00007ff9686da000 	C:\WINDOWS\System32\SHELL32.dll
0x00007ff964550000 - 0x00007ff964e46000 	C:\WINDOWS\SYSTEM32\windows.storage.dll
0x00007ff964410000 - 0x00007ff96454e000 	C:\WINDOWS\SYSTEM32\wintypes.dll
0x00007ff968f20000 - 0x00007ff969013000 	C:\WINDOWS\System32\SHCORE.dll
0x00007ff967840000 - 0x00007ff96789e000 	C:\WINDOWS\System32\shlwapi.dll
0x00007ff966550000 - 0x00007ff966576000 	C:\WINDOWS\SYSTEM32\profapi.dll
0x00007ff93cca0000 - 0x00007ff93ccb9000 	C:\Program Files\Java\jdk-11\bin\net.dll
0x00007ff960b10000 - 0x00007ff960c47000 	C:\WINDOWS\SYSTEM32\WINHTTP.dll
0x00007ff965b90000 - 0x00007ff965bf9000 	C:\WINDOWS\system32\mswsock.dll
0x00007ff93cc80000 - 0x00007ff93cc93000 	C:\Program Files\Java\jdk-11\bin\nio.dll
0x00007ff91c0b0000 - 0x00007ff91c0ca000 	C:\Program Files\JetBrains\IntelliJ IDEA Community Edition 2022.2.2\bin\breakgen64.dll
0x000001fb6f010000 - 0x000001fb6f013000 	C:\Users\dzang\.openjfx\cache\17.0.2-ea\api-ms-win-core-console-l1-1-0.dll
0x000001fb6f020000 - 0x000001fb6f023000 	C:\Users\dzang\.openjfx\cache\17.0.2-ea\api-ms-win-core-console-l1-2-0.dll
0x000001fb6f030000 - 0x000001fb6f033000 	C:\Users\dzang\.openjfx\cache\17.0.2-ea\api-ms-win-core-datetime-l1-1-0.dll
0x000001fb6f780000 - 0x000001fb6f783000 	C:\Users\dzang\.openjfx\cache\17.0.2-ea\api-ms-win-core-debug-l1-1-0.dll
0x000001fb6f790000 - 0x000001fb6f793000 	C:\Users\dzang\.openjfx\cache\17.0.2-ea\api-ms-win-core-errorhandling-l1-1-0.dll
0x000001fb6f7a0000 - 0x000001fb6f7a4000 	C:\Users\dzang\.openjfx\cache\17.0.2-ea\api-ms-win-core-file-l1-1-0.dll
0x000001fb6f7b0000 - 0x000001fb6f7b3000 	C:\Users\dzang\.openjfx\cache\17.0.2-ea\api-ms-win-core-file-l1-2-0.dll
0x000001fb6f7c0000 - 0x000001fb6f7c3000 	C:\Users\dzang\.openjfx\cache\17.0.2-ea\api-ms-win-core-file-l2-1-0.dll
0x000001fb6f7d0000 - 0x000001fb6f7d3000 	C:\Users\dzang\.openjfx\cache\17.0.2-ea\api-ms-win-core-handle-l1-1-0.dll
0x000001fb6f7e0000 - 0x000001fb6f7e3000 	C:\Users\dzang\.openjfx\cache\17.0.2-ea\api-ms-win-core-heap-l1-1-0.dll
0x000001fb6f7f0000 - 0x000001fb6f7f3000 	C:\Users\dzang\.openjfx\cache\17.0.2-ea\api-ms-win-core-interlocked-l1-1-0.dll
0x000001fb6f800000 - 0x000001fb6f803000 	C:\Users\dzang\.openjfx\cache\17.0.2-ea\api-ms-win-core-libraryloader-l1-1-0.dll
0x000001fb6f810000 - 0x000001fb6f813000 	C:\Users\dzang\.openjfx\cache\17.0.2-ea\api-ms-win-core-localization-l1-2-0.dll
0x000001fb6f820000 - 0x000001fb6f823000 	C:\Users\dzang\.openjfx\cache\17.0.2-ea\api-ms-win-core-memory-l1-1-0.dll
0x000001fb6f830000 - 0x000001fb6f833000 	C:\Users\dzang\.openjfx\cache\17.0.2-ea\api-ms-win-core-namedpipe-l1-1-0.dll
0x000001fb6f840000 - 0x000001fb6f843000 	C:\Users\dzang\.openjfx\cache\17.0.2-ea\api-ms-win-core-processenvironment-l1-1-0.dll
0x000001fb7fc40000 - 0x000001fb7fc43000 	C:\Users\dzang\.openjfx\cache\17.0.2-ea\api-ms-win-core-processthreads-l1-1-0.dll
0x000001fb7fc50000 - 0x000001fb7fc53000 	C:\Users\dzang\.openjfx\cache\17.0.2-ea\api-ms-win-core-processthreads-l1-1-1.dll
0x000001fb7fc60000 - 0x000001fb7fc63000 	C:\Users\dzang\.openjfx\cache\17.0.2-ea\api-ms-win-core-profile-l1-1-0.dll
0x000001fb7fc70000 - 0x000001fb7fc73000 	C:\Users\dzang\.openjfx\cache\17.0.2-ea\api-ms-win-core-rtlsupport-l1-1-0.dll
0x000001fb7fc80000 - 0x000001fb7fc83000 	C:\Users\dzang\.openjfx\cache\17.0.2-ea\api-ms-win-core-string-l1-1-0.dll
0x000001fb7fc90000 - 0x000001fb7fc93000 	C:\Users\dzang\.openjfx\cache\17.0.2-ea\api-ms-win-core-synch-l1-1-0.dll
0x000001fb7fca0000 - 0x000001fb7fca3000 	C:\Users\dzang\.openjfx\cache\17.0.2-ea\api-ms-win-core-synch-l1-2-0.dll
0x000001fb7fcb0000 - 0x000001fb7fcb3000 	C:\Users\dzang\.openjfx\cache\17.0.2-ea\api-ms-win-core-sysinfo-l1-1-0.dll
0x000001fb7fcc0000 - 0x000001fb7fcc3000 	C:\Users\dzang\.openjfx\cache\17.0.2-ea\api-ms-win-core-timezone-l1-1-0.dll
0x000001fb7fcd0000 - 0x000001fb7fcd3000 	C:\Users\dzang\.openjfx\cache\17.0.2-ea\api-ms-win-core-util-l1-1-0.dll
0x000001fb7fce0000 - 0x000001fb7fce3000 	C:\Users\dzang\.openjfx\cache\17.0.2-ea\api-ms-win-crt-conio-l1-1-0.dll
0x000001fb7fcf0000 - 0x000001fb7fcf4000 	C:\Users\dzang\.openjfx\cache\17.0.2-ea\api-ms-win-crt-convert-l1-1-0.dll
0x000001fb7fd00000 - 0x000001fb7fd03000 	C:\Users\dzang\.openjfx\cache\17.0.2-ea\api-ms-win-crt-environment-l1-1-0.dll
0x000001fb7fd10000 - 0x000001fb7fd13000 	C:\Users\dzang\.openjfx\cache\17.0.2-ea\api-ms-win-crt-filesystem-l1-1-0.dll
0x000001fb7fd20000 - 0x000001fb7fd23000 	C:\Users\dzang\.openjfx\cache\17.0.2-ea\api-ms-win-crt-heap-l1-1-0.dll
0x000001fb7fd30000 - 0x000001fb7fd33000 	C:\Users\dzang\.openjfx\cache\17.0.2-ea\api-ms-win-crt-locale-l1-1-0.dll
0x000001fb7fd40000 - 0x000001fb7fd45000 	C:\Users\dzang\.openjfx\cache\17.0.2-ea\api-ms-win-crt-math-l1-1-0.dll
0x000001fb7fd50000 - 0x000001fb7fd55000 	C:\Users\dzang\.openjfx\cache\17.0.2-ea\api-ms-win-crt-multibyte-l1-1-0.dll
0x000001fb7fd60000 - 0x000001fb7fd70000 	C:\Users\dzang\.openjfx\cache\17.0.2-ea\api-ms-win-crt-private-l1-1-0.dll
0x000001fb7fd70000 - 0x000001fb7fd73000 	C:\Users\dzang\.openjfx\cache\17.0.2-ea\api-ms-win-crt-process-l1-1-0.dll
0x000001fb7fd80000 - 0x000001fb7fd84000 	C:\Users\dzang\.openjfx\cache\17.0.2-ea\api-ms-win-crt-runtime-l1-1-0.dll
0x000001fb7fd90000 - 0x000001fb7fd94000 	C:\Users\dzang\.openjfx\cache\17.0.2-ea\api-ms-win-crt-stdio-l1-1-0.dll
0x000001fb7fda0000 - 0x000001fb7fda4000 	C:\Users\dzang\.openjfx\cache\17.0.2-ea\api-ms-win-crt-string-l1-1-0.dll
0x000001fb7fdb0000 - 0x000001fb7fdb3000 	C:\Users\dzang\.openjfx\cache\17.0.2-ea\api-ms-win-crt-time-l1-1-0.dll
0x000001fb7fdc0000 - 0x000001fb7fdc3000 	C:\Users\dzang\.openjfx\cache\17.0.2-ea\api-ms-win-crt-utility-l1-1-0.dll
0x00007ff8b6d00000 - 0x00007ff8b6dfc000 	C:\Users\dzang\.openjfx\cache\17.0.2-ea\ucrtbase.dll
0x00007ff91bef0000 - 0x00007ff91bf0a000 	C:\Users\dzang\.openjfx\cache\17.0.2-ea\vcruntime140.dll
0x00007ff935a40000 - 0x00007ff935a4c000 	C:\Users\dzang\.openjfx\cache\17.0.2-ea\vcruntime140_1.dll
0x00007ff8b6c70000 - 0x00007ff8b6cfd000 	C:\Users\dzang\.openjfx\cache\17.0.2-ea\msvcp140.dll
0x00007ff8c5990000 - 0x00007ff8c59ba000 	C:\Users\dzang\.openjfx\cache\17.0.2-ea\prism_d3d.dll
0x00007ff906150000 - 0x00007ff9062f9000 	C:\WINDOWS\system32\d3d9.dll
0x00007ff963520000 - 0x00007ff96354b000 	C:\WINDOWS\SYSTEM32\dwmapi.dll
0x00007ff963a50000 - 0x00007ff963a86000 	C:\WINDOWS\SYSTEM32\dxcore.dll
0x00007ff9632e0000 - 0x00007ff96338b000 	C:\WINDOWS\system32\uxtheme.dll
0x00007ff95db50000 - 0x00007ff95dd0b000 	C:\WINDOWS\System32\DriverStore\FileRepository\u0387352.inf_amd64_ce4ceb13d73334be\B385477\aticfx64.dll
0x00007ff8dfe00000 - 0x00007ff8dfe34000 	C:\WINDOWS\System32\DriverStore\FileRepository\u0387352.inf_amd64_ce4ceb13d73334be\B385477\atiu9p64.dll
0x00007ff8dd470000 - 0x00007ff8de1c5000 	C:\WINDOWS\System32\DriverStore\FileRepository\u0387352.inf_amd64_ce4ceb13d73334be\B385477\atiumd64.dll
0x00007ff968890000 - 0x00007ff968a30000 	C:\WINDOWS\System32\ole32.dll
0x000000005a430000 - 0x000000005b357000 	C:\WINDOWS\System32\DriverStore\FileRepository\u0387352.inf_amd64_ce4ceb13d73334be\B385477\atiumd6a.dll
0x00007ff9673c0000 - 0x00007ff967834000 	C:\WINDOWS\System32\SETUPAPI.dll
0x00007ff965470000 - 0x00007ff9654bd000 	C:\WINDOWS\SYSTEM32\POWRPROF.dll
0x00007ff965450000 - 0x00007ff965463000 	C:\WINDOWS\SYSTEM32\UMPDC.dll
0x00007ff95d910000 - 0x00007ff95d945000 	C:\WINDOWS\SYSTEM32\amdihk64.dll
0x00007ff95f1a0000 - 0x00007ff95f1ea000 	C:\WINDOWS\SYSTEM32\directxdatabasehelper.dll
0x00007ff8b6c20000 - 0x00007ff8b6c62000 	C:\Users\dzang\.openjfx\cache\17.0.2-ea\glass.dll
0x00007ff968700000 - 0x00007ff9687f9000 	C:\WINDOWS\System32\COMDLG32.dll
0x00007ff967c70000 - 0x00007ff967dc0000 	C:\WINDOWS\System32\MSCTF.dll
0x00007ff8b73f0000 - 0x00007ff8b7404000 	C:\Users\dzang\.openjfx\cache\17.0.2-ea\javafx_font.dll
0x00007ff962360000 - 0x00007ff9625d3000 	C:\WINDOWS\SYSTEM32\dwrite.dll
0x00007ff967dc0000 - 0x00007ff967e70000 	C:\WINDOWS\System32\clbcatq.dll
0x00007ff961bc0000 - 0x00007ff961d70000 	C:\WINDOWS\SYSTEM32\WindowsCodecs.dll
0x00007ff945a00000 - 0x00007ff945a5e000 	C:\WINDOWS\system32\dataexchange.dll
0x00007ff95c960000 - 0x00007ff95cbe5000 	C:\WINDOWS\system32\twinapi.appcore.dll
0x00007ff947020000 - 0x00007ff947052000 	C:\Program Files\Common Files\Microsoft Shared\Ink\rtscom.dll

dbghelp: loaded successfully - version: 4.0.5 - missing functions: none
symbol engine: initialized successfully - sym options: 0x614 - pdb path: .;C:\Program Files\Java\jdk-11\bin;C:\WINDOWS\SYSTEM32;C:\WINDOWS\WinSxS\amd64_microsoft.windows.common-controls_6595b64144ccf1df_6.0.22621.2506_none_270c5ae97388e100;C:\Program Files\Java\jdk-11\bin\server;C:\Program Files\JetBrains\IntelliJ IDEA Community Edition 2022.2.2\bin;C:\Users\dzang\.openjfx\cache\17.0.2-ea;C:\WINDOWS\System32\DriverStore\FileRepository\u0387352.inf_amd64_ce4ceb13d73334be\B385477

VM Arguments:
jvm_args: -javaagent:C:\Program Files\JetBrains\IntelliJ IDEA Community Edition 2022.2.2\lib\idea_rt.jar=62329:C:\Program Files\JetBrains\IntelliJ IDEA Community Edition 2022.2.2\bin -Dfile.encoding=UTF-8 --module-path=C:\Users\dzang\.m2\repository\org\openjfx\javafx-graphics\17.0.2\javafx-graphics-17.0.2-win.jar;C:\Users\dzang\.m2\repository\org\openjfx\javafx-fxml\17.0.2\javafx-fxml-17.0.2-win.jar;C:\Users\dzang\IdeaProjects\FinalProjectSoftware\target\classes;C:\Users\dzang\.m2\repository\com\google\zxing\core\3.5.2\core-3.5.2.jar;C:\Users\dzang\.m2\repository\org\openjfx\javafx-controls\17.0.2\javafx-controls-17.0.2-win.jar;C:\Users\dzang\.m2\repository\org\openjfx\javafx-base\17.0.2\javafx-base-17.0.2-win.jar -Djdk.module.main=com.example.finalprojectsoftware 
java_command: com.example.finalprojectsoftware/com.example.finalprojectsoftware.HelloApplication
java_class_path (initial): C:\Users\dzang\.m2\repository\org\openjfx\javafx-controls\17.0.2\javafx-controls-17.0.2.jar;C:\Users\dzang\.m2\repository\org\openjfx\javafx-graphics\17.0.2\javafx-graphics-17.0.2.jar;C:\Users\dzang\.m2\repository\org\openjfx\javafx-base\17.0.2\javafx-base-17.0.2.jar;C:\Users\dzang\.m2\repository\org\openjfx\javafx-fxml\17.0.2\javafx-fxml-17.0.2.jar;C:\Users\dzang\.m2\repository\org\postgresql\postgresql\42.6.0\postgresql-42.6.0.jar;C:\Users\dzang\.m2\repository\org\checkerframework\checker-qual\3.31.0\checker-qual-3.31.0.jar;C:\Users\dzang\.m2\repository\com\google\zxing\javase\3.5.2\javase-3.5.2.jar;C:\Users\dzang\.m2\repository\com\beust\jcommander\1.82\jcommander-1.82.jar;C:\Users\dzang\.m2\repository\com\github\jai-imageio\jai-imageio-core\1.4.0\jai-imageio-core-1.4.0.jar
Launcher Type: SUN_STANDARD

[Global flags]
     intx CICompilerCount                          = 4                                         {product} {ergonomic}
     uint ConcGCThreads                            = 3                                         {product} {ergonomic}
     uint G1ConcRefinementThreads                  = 10                                        {product} {ergonomic}
   size_t G1HeapRegionSize                         = 1048576                                   {product} {ergonomic}
    uintx GCDrainStackTargetSize                   = 64                                        {product} {ergonomic}
   size_t InitialHeapSize                          = 98566144                                  {product} {ergonomic}
   size_t MarkStackSize                            = 4194304                                   {product} {ergonomic}
   size_t MaxHeapSize                              = 1572864000                                {product} {ergonomic}
   size_t MaxNewSize                               = 943718400                                 {product} {ergonomic}
   size_t MinHeapDeltaBytes                        = 1048576                                   {product} {ergonomic}
    uintx NonNMethodCodeHeapSize                   = 5835340                                {pd product} {ergonomic}
    uintx NonProfiledCodeHeapSize                  = 122911450                              {pd product} {ergonomic}
    uintx ProfiledCodeHeapSize                     = 122911450                              {pd product} {ergonomic}
    uintx ReservedCodeCacheSize                    = 251658240                              {pd product} {ergonomic}
     bool SegmentedCodeCache                       = true                                      {product} {ergonomic}
     bool UseCompressedClassPointers               = true                                 {lp64_product} {ergonomic}
     bool UseCompressedOops                        = true                                 {lp64_product} {ergonomic}
     bool UseG1GC                                  = true                                      {product} {ergonomic}
     bool UseLargePagesIndividualAllocation        = false                                  {pd product} {ergonomic}

Logging:
Log output configuration:
 #0: stdout all=warning uptime,level,tags
 #1: stderr all=off uptime,level,tags

Environment Variables:
JAVA_HOME=C:\Program Files\Java\jdk-11
PATH=C:\Program Files\Common Files\Oracle\Java\javapath;C:\Program Files (x86)\Common Files\Oracle\Java\javapath;C:\WINDOWS\system32;C:\WINDOWS;C:\WINDOWS\System32\Wbem;C:\WINDOWS\System32\WindowsPowerShell\v1.0\;C:\WINDOWS\System32\OpenSSH\;C:\Program Files\nodejs\;C:\MinGW\bin;C:\Users\dzang\AppData\Local\Programs\Python\Python311\Scripts\;C:\Users\dzang\AppData\Local\Programs\Python\Python311\;C:\Program Files\MySQL\MySQL Shell 8.0\bin\;C:\Users\dzang\AppData\Local\Microsoft\WindowsApps;C:\Users\dzang\AppData\Roaming\npm;C:\Users\dzang\AppData\Local\Programs\Microsoft VS Code\bin
USERNAME=dzang
OS=Windows_NT
PROCESSOR_IDENTIFIER=AMD64 Family 25 Model 80 Stepping 0, AuthenticAMD



---------------  S Y S T E M  ---------------

OS: Windows 10 , 64 bit Build 22621 (10.0.22621.2506)

CPU:total 12 (initial active 12) (12 cores per cpu, 2 threads per core) family 25 model 80 stepping 0, cmov, cx8, fxsr, mmx, sse, sse2, sse3, ssse3, sse4.1, sse4.2, popcnt, avx, avx2, aes, clmul, erms, mmxext, 3dnowpref, lzcnt, sse4a, ht, tsc, tscinvbit, tscinv, bmi1, bmi2, adx, sha, fma

Memory: 4k page, system-wide physical 5996M (181M free)
TotalPageFile size 23023M (AvailPageFile size 0M)
current process WorkingSet (physical memory assigned to process): 114M, peak: 114M
current process commit charge ("private bytes"): 228M, peak: 229M

vm_info: OpenJDK 64-Bit Server VM (11+28) for windows-amd64 JRE (11+28), built on Aug 23 2018 03:04:58 by "mach5one" with MS VC++ 15.5 (VS2017)

END.
