#
# There is insufficient memory for the Java Runtime Environment to continue.
# Native memory allocation (malloc) failed to allocate 200016 bytes for Chunk::new
# Possible reasons:
#   The system is out of physical RAM or swap space
#   The process is running with CompressedOops enabled, and the Java Heap may be blocking the growth of the native heap
# Possible solutions:
#   Reduce memory load on the system
#   Increase physical memory or swap space
#   Check if swap backing store is full
#   Decrease Java heap size (-Xmx/-Xms)
#   Decrease number of Java threads
#   Decrease Java thread stack sizes (-Xss)
#   Set larger code cache with -XX:ReservedCodeCacheSize=
#   JVM is running with Unscaled Compressed Oops mode in which the Java heap is
#     placed in the first 4GB address space. The Java Heap base address is the
#     maximum limit for the native heap growth. Please use -XX:HeapBaseMinAddress
#     to set the Java Heap base and to place the Java Heap above 4GB virtual address.
# This output file may be truncated or incomplete.
#
#  Out of Memory Error (t:/workspace/open/src/hotspot/share/memory/arena.cpp:197), pid=35680, tid=34924
#
# JRE version: OpenJDK Runtime Environment (11.0+28) (build 11+28)
# Java VM: OpenJDK 64-Bit Server VM (11+28, mixed mode, tiered, compressed oops, g1 gc, windows-amd64)
# No core dump will be written. Minidumps are not enabled by default on client versions of Windows
#

---------------  S U M M A R Y ------------

Command Line: -javaagent:C:\Program Files\JetBrains\IntelliJ IDEA Community Edition 2022.2.2\lib\idea_rt.jar=52797:C:\Program Files\JetBrains\IntelliJ IDEA Community Edition 2022.2.2\bin -Dfile.encoding=UTF-8 --module-path=C:\Users\dzang\.m2\repository\org\openjfx\javafx-controls\17.0.2\javafx-controls-17.0.2-win.jar;C:\Users\dzang\.m2\repository\com\google\zxing\core\3.5.2\core-3.5.2.jar;C:\Users\dzang\IdeaProjects\FinalProjectSoftware\target\classes;C:\Users\dzang\.m2\repository\org\openjfx\javafx-base\17.0.2\javafx-base-17.0.2-win.jar;C:\Users\dzang\.m2\repository\org\openjfx\javafx-fxml\17.0.2\javafx-fxml-17.0.2-win.jar;C:\Users\dzang\.m2\repository\org\openjfx\javafx-graphics\17.0.2\javafx-graphics-17.0.2-win.jar -Djdk.module.main=com.example.finalprojectsoftware com.example.finalprojectsoftware/com.example.finalprojectsoftware.HelloApplication

Host: AMD Ryzen 5 5600H with Radeon Graphics         , 12 cores, 5G,  Windows 10 , 64 bit Build 22621 (10.0.22621.2506)
Time: Thu Dec 14 22:04:29 2023 Центральная Азия (зима) elapsed time: 0 seconds (0d 0h 0m 0s)

---------------  T H R E A D  ---------------

Current thread (0x0000020c46ae6000):  JavaThread "C2 CompilerThread0" daemon [_thread_in_native, id=34924, stack(0x000000b36c100000,0x000000b36c200000)]


Current CompileTask:
C2:    302  612       4       jdk.internal.org.objectweb.asm.Item::set (219 bytes)

Stack: [0x000000b36c100000,0x000000b36c200000]
Native frames: (J=compiled Java code, j=interpreted, Vv=VM code, C=native code)
V  [jvm.dll+0x63adaa]
V  [jvm.dll+0x77852f]
V  [jvm.dll+0x779b18]
V  [jvm.dll+0x77a1d3]
V  [jvm.dll+0x2624c8]
V  [jvm.dll+0xc5b61]
V  [jvm.dll+0xc60fc]
V  [jvm.dll+0x2d0c84]
V  [jvm.dll+0x552d0f]
V  [jvm.dll+0x21de59]
V  [jvm.dll+0x21b3e6]
V  [jvm.dll+0x198400]
V  [jvm.dll+0x22a4ff]
V  [jvm.dll+0x228b18]
V  [jvm.dll+0x73dc3d]
V  [jvm.dll+0x639e42]
C  [ucrtbase.dll+0x29363]
C  [KERNEL32.DLL+0x1257d]
C  [ntdll.dll+0x5aa58]


---------------  P R O C E S S  ---------------

Threads class SMR info:
_java_thread_list=0x0000020c4781c790, length=13, elements={
0x0000020c28654000, 0x0000020c46ac6800, 0x0000020c46acf000, 0x0000020c47463000,
0x0000020c46ae5000, 0x0000020c46ae6000, 0x0000020c46af3000, 0x0000020c47484000,
0x0000020c46a58000, 0x0000020c47669800, 0x0000020c478a3800, 0x0000020c47ac0000,
0x0000020c47a5f000
}

Java Threads: ( => current thread )
  0x0000020c28654000 JavaThread "main" [_thread_in_native, id=35764, stack(0x000000b36b600000,0x000000b36b700000)]
  0x0000020c46ac6800 JavaThread "Reference Handler" daemon [_thread_blocked, id=35828, stack(0x000000b36bd00000,0x000000b36be00000)]
  0x0000020c46acf000 JavaThread "Finalizer" daemon [_thread_blocked, id=35832, stack(0x000000b36be00000,0x000000b36bf00000)]
  0x0000020c47463000 JavaThread "Signal Dispatcher" daemon [_thread_blocked, id=34888, stack(0x000000b36bf00000,0x000000b36c000000)]
  0x0000020c46ae5000 JavaThread "Attach Listener" daemon [_thread_blocked, id=34920, stack(0x000000b36c000000,0x000000b36c100000)]
=>0x0000020c46ae6000 JavaThread "C2 CompilerThread0" daemon [_thread_in_native, id=34924, stack(0x000000b36c100000,0x000000b36c200000)]
  0x0000020c46af3000 JavaThread "C1 CompilerThread0" daemon [_thread_blocked, id=34928, stack(0x000000b36c200000,0x000000b36c300000)]
  0x0000020c47484000 JavaThread "Sweeper thread" daemon [_thread_blocked, id=31700, stack(0x000000b36c300000,0x000000b36c400000)]
  0x0000020c46a58000 JavaThread "Common-Cleaner" daemon [_thread_blocked, id=32536, stack(0x000000b36c400000,0x000000b36c500000)]
  0x0000020c47669800 JavaThread "C2 CompilerThread1" daemon [_thread_blocked, id=15752, stack(0x000000b36c500000,0x000000b36c600000)]
  0x0000020c478a3800 JavaThread "C2 CompilerThread2" daemon [_thread_blocked, id=33332, stack(0x000000b36c600000,0x000000b36c700000)]
  0x0000020c47ac0000 JavaThread "Monitor Ctrl-Break" daemon [_thread_in_native, id=32436, stack(0x000000b36c700000,0x000000b36c800000)]
  0x0000020c47a5f000 JavaThread "Service Thread" daemon [_thread_blocked, id=34976, stack(0x000000b36c800000,0x000000b36c900000)]

Other Threads:
  0x0000020c46a9a800 VMThread "VM Thread" [stack: 0x000000b36bc00000,0x000000b36bd00000] [id=35824]
  0x0000020c47ac0800 WatcherThread [stack: 0x000000b36c900000,0x000000b36ca00000] [id=34988]
  0x0000020c2866b800 GCTaskThread "GC Thread#0" [stack: 0x000000b36b700000,0x000000b36b800000] [id=35788]
  0x0000020c28693800 ConcurrentGCThread "G1 Main Marker" [stack: 0x000000b36b800000,0x000000b36b900000] [id=35792]
  0x0000020c28695000 ConcurrentGCThread "G1 Conc#0" [stack: 0x000000b36b900000,0x000000b36ba00000] [id=35796]
  0x0000020c28727000 ConcurrentGCThread "G1 Refine#0" [stack: 0x000000b36ba00000,0x000000b36bb00000] [id=35800]
  0x0000020c28729000 ConcurrentGCThread "G1 Young RemSet Sampling" [stack: 0x000000b36bb00000,0x000000b36bc00000] [id=35804]

Threads with active compile tasks:
C2 CompilerThread0 612       4       jdk.internal.org.objectweb.asm.Item::set (219 bytes)

VM state:not at safepoint (normal execution)

VM Mutex/Monitor currently owned by a thread: None

Heap address: 0x00000000a2400000, size: 1500 MB, Compressed Oops mode: 32-bit
Narrow klass base: 0x0000000000000000, Narrow klass shift: 3
Compressed class space size: 1073741824 Address: 0x0000000100000000

Heap:
 garbage-first heap   total 96256K, used 10240K [0x00000000a2400000, 0x0000000100000000)
  region size 1024K, 12 young (12288K), 0 survivors (0K)
 Metaspace       used 8918K, capacity 9210K, committed 9472K, reserved 1058816K
  class space    used 886K, capacity 989K, committed 1024K, reserved 1048576K
Heap Regions: E=young(eden), S=young(survivor), O=old, HS=humongous(starts), HC=humongous(continues), CS=collection set, F=free, A=archive, TAMS=top-at-mark-start (previous, next)
|   0|0x00000000a2400000, 0x00000000a2400000, 0x00000000a2500000|  0%| F|  |TAMS 0x00000000a2400000, 0x00000000a2400000| Untracked 
|   1|0x00000000a2500000, 0x00000000a2500000, 0x00000000a2600000|  0%| F|  |TAMS 0x00000000a2500000, 0x00000000a2500000| Untracked 
|   2|0x00000000a2600000, 0x00000000a2600000, 0x00000000a2700000|  0%| F|  |TAMS 0x00000000a2600000, 0x00000000a2600000| Untracked 
|   3|0x00000000a2700000, 0x00000000a2700000, 0x00000000a2800000|  0%| F|  |TAMS 0x00000000a2700000, 0x00000000a2700000| Untracked 
|   4|0x00000000a2800000, 0x00000000a2800000, 0x00000000a2900000|  0%| F|  |TAMS 0x00000000a2800000, 0x00000000a2800000| Untracked 
|   5|0x00000000a2900000, 0x00000000a2900000, 0x00000000a2a00000|  0%| F|  |TAMS 0x00000000a2900000, 0x00000000a2900000| Untracked 
|   6|0x00000000a2a00000, 0x00000000a2a00000, 0x00000000a2b00000|  0%| F|  |TAMS 0x00000000a2a00000, 0x00000000a2a00000| Untracked 
|   7|0x00000000a2b00000, 0x00000000a2b00000, 0x00000000a2c00000|  0%| F|  |TAMS 0x00000000a2b00000, 0x00000000a2b00000| Untracked 
|   8|0x00000000a2c00000, 0x00000000a2c00000, 0x00000000a2d00000|  0%| F|  |TAMS 0x00000000a2c00000, 0x00000000a2c00000| Untracked 
|   9|0x00000000a2d00000, 0x00000000a2d00000, 0x00000000a2e00000|  0%| F|  |TAMS 0x00000000a2d00000, 0x00000000a2d00000| Untracked 
|  10|0x00000000a2e00000, 0x00000000a2e00000, 0x00000000a2f00000|  0%| F|  |TAMS 0x00000000a2e00000, 0x00000000a2e00000| Untracked 
|  11|0x00000000a2f00000, 0x00000000a2f00000, 0x00000000a3000000|  0%| F|  |TAMS 0x00000000a2f00000, 0x00000000a2f00000| Untracked 
|  12|0x00000000a3000000, 0x00000000a3000000, 0x00000000a3100000|  0%| F|  |TAMS 0x00000000a3000000, 0x00000000a3000000| Untracked 
|  13|0x00000000a3100000, 0x00000000a3100000, 0x00000000a3200000|  0%| F|  |TAMS 0x00000000a3100000, 0x00000000a3100000| Untracked 
|  14|0x00000000a3200000, 0x00000000a3200000, 0x00000000a3300000|  0%| F|  |TAMS 0x00000000a3200000, 0x00000000a3200000| Untracked 
|  15|0x00000000a3300000, 0x00000000a3300000, 0x00000000a3400000|  0%| F|  |TAMS 0x00000000a3300000, 0x00000000a3300000| Untracked 
|  16|0x00000000a3400000, 0x00000000a3400000, 0x00000000a3500000|  0%| F|  |TAMS 0x00000000a3400000, 0x00000000a3400000| Untracked 
|  17|0x00000000a3500000, 0x00000000a3500000, 0x00000000a3600000|  0%| F|  |TAMS 0x00000000a3500000, 0x00000000a3500000| Untracked 
|  18|0x00000000a3600000, 0x00000000a3600000, 0x00000000a3700000|  0%| F|  |TAMS 0x00000000a3600000, 0x00000000a3600000| Untracked 
|  19|0x00000000a3700000, 0x00000000a3700000, 0x00000000a3800000|  0%| F|  |TAMS 0x00000000a3700000, 0x00000000a3700000| Untracked 
|  20|0x00000000a3800000, 0x00000000a3800000, 0x00000000a3900000|  0%| F|  |TAMS 0x00000000a3800000, 0x00000000a3800000| Untracked 
|  21|0x00000000a3900000, 0x00000000a3900000, 0x00000000a3a00000|  0%| F|  |TAMS 0x00000000a3900000, 0x00000000a3900000| Untracked 
|  22|0x00000000a3a00000, 0x00000000a3a00000, 0x00000000a3b00000|  0%| F|  |TAMS 0x00000000a3a00000, 0x00000000a3a00000| Untracked 
|  23|0x00000000a3b00000, 0x00000000a3b00000, 0x00000000a3c00000|  0%| F|  |TAMS 0x00000000a3b00000, 0x00000000a3b00000| Untracked 
|  24|0x00000000a3c00000, 0x00000000a3c00000, 0x00000000a3d00000|  0%| F|  |TAMS 0x00000000a3c00000, 0x00000000a3c00000| Untracked 
|  25|0x00000000a3d00000, 0x00000000a3d00000, 0x00000000a3e00000|  0%| F|  |TAMS 0x00000000a3d00000, 0x00000000a3d00000| Untracked 
|  26|0x00000000a3e00000, 0x00000000a3e00000, 0x00000000a3f00000|  0%| F|  |TAMS 0x00000000a3e00000, 0x00000000a3e00000| Untracked 
|  27|0x00000000a3f00000, 0x00000000a3f00000, 0x00000000a4000000|  0%| F|  |TAMS 0x00000000a3f00000, 0x00000000a3f00000| Untracked 
|  28|0x00000000a4000000, 0x00000000a4000000, 0x00000000a4100000|  0%| F|  |TAMS 0x00000000a4000000, 0x00000000a4000000| Untracked 
|  29|0x00000000a4100000, 0x00000000a4100000, 0x00000000a4200000|  0%| F|  |TAMS 0x00000000a4100000, 0x00000000a4100000| Untracked 
|  30|0x00000000a4200000, 0x00000000a4200000, 0x00000000a4300000|  0%| F|  |TAMS 0x00000000a4200000, 0x00000000a4200000| Untracked 
|  31|0x00000000a4300000, 0x00000000a4300000, 0x00000000a4400000|  0%| F|  |TAMS 0x00000000a4300000, 0x00000000a4300000| Untracked 
|  32|0x00000000a4400000, 0x00000000a4400000, 0x00000000a4500000|  0%| F|  |TAMS 0x00000000a4400000, 0x00000000a4400000| Untracked 
|  33|0x00000000a4500000, 0x00000000a4500000, 0x00000000a4600000|  0%| F|  |TAMS 0x00000000a4500000, 0x00000000a4500000| Untracked 
|  34|0x00000000a4600000, 0x00000000a4600000, 0x00000000a4700000|  0%| F|  |TAMS 0x00000000a4600000, 0x00000000a4600000| Untracked 
|  35|0x00000000a4700000, 0x00000000a4700000, 0x00000000a4800000|  0%| F|  |TAMS 0x00000000a4700000, 0x00000000a4700000| Untracked 
|  36|0x00000000a4800000, 0x00000000a4800000, 0x00000000a4900000|  0%| F|  |TAMS 0x00000000a4800000, 0x00000000a4800000| Untracked 
|  37|0x00000000a4900000, 0x00000000a4900000, 0x00000000a4a00000|  0%| F|  |TAMS 0x00000000a4900000, 0x00000000a4900000| Untracked 
|  38|0x00000000a4a00000, 0x00000000a4a00000, 0x00000000a4b00000|  0%| F|  |TAMS 0x00000000a4a00000, 0x00000000a4a00000| Untracked 
|  39|0x00000000a4b00000, 0x00000000a4b00000, 0x00000000a4c00000|  0%| F|  |TAMS 0x00000000a4b00000, 0x00000000a4b00000| Untracked 
|  40|0x00000000a4c00000, 0x00000000a4c00000, 0x00000000a4d00000|  0%| F|  |TAMS 0x00000000a4c00000, 0x00000000a4c00000| Untracked 
|  41|0x00000000a4d00000, 0x00000000a4d00000, 0x00000000a4e00000|  0%| F|  |TAMS 0x00000000a4d00000, 0x00000000a4d00000| Untracked 
|  42|0x00000000a4e00000, 0x00000000a4e00000, 0x00000000a4f00000|  0%| F|  |TAMS 0x00000000a4e00000, 0x00000000a4e00000| Untracked 
|  43|0x00000000a4f00000, 0x00000000a4f00000, 0x00000000a5000000|  0%| F|  |TAMS 0x00000000a4f00000, 0x00000000a4f00000| Untracked 
|  44|0x00000000a5000000, 0x00000000a5000000, 0x00000000a5100000|  0%| F|  |TAMS 0x00000000a5000000, 0x00000000a5000000| Untracked 
|  45|0x00000000a5100000, 0x00000000a5100000, 0x00000000a5200000|  0%| F|  |TAMS 0x00000000a5100000, 0x00000000a5100000| Untracked 
|  46|0x00000000a5200000, 0x00000000a5200000, 0x00000000a5300000|  0%| F|  |TAMS 0x00000000a5200000, 0x00000000a5200000| Untracked 
|  47|0x00000000a5300000, 0x00000000a5300000, 0x00000000a5400000|  0%| F|  |TAMS 0x00000000a5300000, 0x00000000a5300000| Untracked 
|  48|0x00000000a5400000, 0x00000000a5400000, 0x00000000a5500000|  0%| F|  |TAMS 0x00000000a5400000, 0x00000000a5400000| Untracked 
|  49|0x00000000a5500000, 0x00000000a5500000, 0x00000000a5600000|  0%| F|  |TAMS 0x00000000a5500000, 0x00000000a5500000| Untracked 
|  50|0x00000000a5600000, 0x00000000a5600000, 0x00000000a5700000|  0%| F|  |TAMS 0x00000000a5600000, 0x00000000a5600000| Untracked 
|  51|0x00000000a5700000, 0x00000000a5700000, 0x00000000a5800000|  0%| F|  |TAMS 0x00000000a5700000, 0x00000000a5700000| Untracked 
|  52|0x00000000a5800000, 0x00000000a5800000, 0x00000000a5900000|  0%| F|  |TAMS 0x00000000a5800000, 0x00000000a5800000| Untracked 
|  53|0x00000000a5900000, 0x00000000a5900000, 0x00000000a5a00000|  0%| F|  |TAMS 0x00000000a5900000, 0x00000000a5900000| Untracked 
|  54|0x00000000a5a00000, 0x00000000a5a00000, 0x00000000a5b00000|  0%| F|  |TAMS 0x00000000a5a00000, 0x00000000a5a00000| Untracked 
|  55|0x00000000a5b00000, 0x00000000a5b00000, 0x00000000a5c00000|  0%| F|  |TAMS 0x00000000a5b00000, 0x00000000a5b00000| Untracked 
|  56|0x00000000a5c00000, 0x00000000a5c00000, 0x00000000a5d00000|  0%| F|  |TAMS 0x00000000a5c00000, 0x00000000a5c00000| Untracked 
|  57|0x00000000a5d00000, 0x00000000a5d00000, 0x00000000a5e00000|  0%| F|  |TAMS 0x00000000a5d00000, 0x00000000a5d00000| Untracked 
|  58|0x00000000a5e00000, 0x00000000a5e00000, 0x00000000a5f00000|  0%| F|  |TAMS 0x00000000a5e00000, 0x00000000a5e00000| Untracked 
|  59|0x00000000a5f00000, 0x00000000a5f00000, 0x00000000a6000000|  0%| F|  |TAMS 0x00000000a5f00000, 0x00000000a5f00000| Untracked 
|  60|0x00000000a6000000, 0x00000000a6000000, 0x00000000a6100000|  0%| F|  |TAMS 0x00000000a6000000, 0x00000000a6000000| Untracked 
|  61|0x00000000a6100000, 0x00000000a6100000, 0x00000000a6200000|  0%| F|  |TAMS 0x00000000a6100000, 0x00000000a6100000| Untracked 
|  62|0x00000000a6200000, 0x00000000a6200000, 0x00000000a6300000|  0%| F|  |TAMS 0x00000000a6200000, 0x00000000a6200000| Untracked 
|  63|0x00000000a6300000, 0x00000000a6300000, 0x00000000a6400000|  0%| F|  |TAMS 0x00000000a6300000, 0x00000000a6300000| Untracked 
|  64|0x00000000a6400000, 0x00000000a6400000, 0x00000000a6500000|  0%| F|  |TAMS 0x00000000a6400000, 0x00000000a6400000| Untracked 
|  65|0x00000000a6500000, 0x00000000a6500000, 0x00000000a6600000|  0%| F|  |TAMS 0x00000000a6500000, 0x00000000a6500000| Untracked 
|  66|0x00000000a6600000, 0x00000000a6600000, 0x00000000a6700000|  0%| F|  |TAMS 0x00000000a6600000, 0x00000000a6600000| Untracked 
|  67|0x00000000a6700000, 0x00000000a6700000, 0x00000000a6800000|  0%| F|  |TAMS 0x00000000a6700000, 0x00000000a6700000| Untracked 
|  68|0x00000000a6800000, 0x00000000a6800000, 0x00000000a6900000|  0%| F|  |TAMS 0x00000000a6800000, 0x00000000a6800000| Untracked 
|  69|0x00000000a6900000, 0x00000000a6900000, 0x00000000a6a00000|  0%| F|  |TAMS 0x00000000a6900000, 0x00000000a6900000| Untracked 
|  70|0x00000000a6a00000, 0x00000000a6a00000, 0x00000000a6b00000|  0%| F|  |TAMS 0x00000000a6a00000, 0x00000000a6a00000| Untracked 
|  71|0x00000000a6b00000, 0x00000000a6b00000, 0x00000000a6c00000|  0%| F|  |TAMS 0x00000000a6b00000, 0x00000000a6b00000| Untracked 
|  72|0x00000000a6c00000, 0x00000000a6c00000, 0x00000000a6d00000|  0%| F|  |TAMS 0x00000000a6c00000, 0x00000000a6c00000| Untracked 
|  73|0x00000000a6d00000, 0x00000000a6d00000, 0x00000000a6e00000|  0%| F|  |TAMS 0x00000000a6d00000, 0x00000000a6d00000| Untracked 
|  74|0x00000000a6e00000, 0x00000000a6e00000, 0x00000000a6f00000|  0%| F|  |TAMS 0x00000000a6e00000, 0x00000000a6e00000| Untracked 
|  75|0x00000000a6f00000, 0x00000000a6f00000, 0x00000000a7000000|  0%| F|  |TAMS 0x00000000a6f00000, 0x00000000a6f00000| Untracked 
|  76|0x00000000a7000000, 0x00000000a7000000, 0x00000000a7100000|  0%| F|  |TAMS 0x00000000a7000000, 0x00000000a7000000| Untracked 
|  77|0x00000000a7100000, 0x00000000a7100000, 0x00000000a7200000|  0%| F|  |TAMS 0x00000000a7100000, 0x00000000a7100000| Untracked 
|  78|0x00000000a7200000, 0x00000000a7200000, 0x00000000a7300000|  0%| F|  |TAMS 0x00000000a7200000, 0x00000000a7200000| Untracked 
|  79|0x00000000a7300000, 0x00000000a7300000, 0x00000000a7400000|  0%| F|  |TAMS 0x00000000a7300000, 0x00000000a7300000| Untracked 
|  80|0x00000000a7400000, 0x00000000a7400000, 0x00000000a7500000|  0%| F|  |TAMS 0x00000000a7400000, 0x00000000a7400000| Untracked 
|  81|0x00000000a7500000, 0x00000000a7500000, 0x00000000a7600000|  0%| F|  |TAMS 0x00000000a7500000, 0x00000000a7500000| Untracked 
|  82|0x00000000a7600000, 0x00000000a76f6858, 0x00000000a7700000| 96%| E|  |TAMS 0x00000000a7600000, 0x00000000a7600000| Complete 
|  83|0x00000000a7700000, 0x00000000a7800000, 0x00000000a7800000|100%| E|CS|TAMS 0x00000000a7700000, 0x00000000a7700000| Complete 
|  84|0x00000000a7800000, 0x00000000a7900000, 0x00000000a7900000|100%| E|CS|TAMS 0x00000000a7800000, 0x00000000a7800000| Complete 
|  85|0x00000000a7900000, 0x00000000a7a00000, 0x00000000a7a00000|100%| E|CS|TAMS 0x00000000a7900000, 0x00000000a7900000| Complete 
|  86|0x00000000a7a00000, 0x00000000a7b00000, 0x00000000a7b00000|100%| E|CS|TAMS 0x00000000a7a00000, 0x00000000a7a00000| Complete 
|  87|0x00000000a7b00000, 0x00000000a7c00000, 0x00000000a7c00000|100%| E|CS|TAMS 0x00000000a7b00000, 0x00000000a7b00000| Complete 
|  88|0x00000000a7c00000, 0x00000000a7d00000, 0x00000000a7d00000|100%| E|CS|TAMS 0x00000000a7c00000, 0x00000000a7c00000| Complete 
|  89|0x00000000a7d00000, 0x00000000a7e00000, 0x00000000a7e00000|100%| E|CS|TAMS 0x00000000a7d00000, 0x00000000a7d00000| Complete 
|  90|0x00000000a7e00000, 0x00000000a7f00000, 0x00000000a7f00000|100%| E|  |TAMS 0x00000000a7e00000, 0x00000000a7e00000| Complete 
|  91|0x00000000a7f00000, 0x00000000a8000000, 0x00000000a8000000|100%| E|CS|TAMS 0x00000000a7f00000, 0x00000000a7f00000| Complete 
|  92|0x00000000a8000000, 0x00000000a8100000, 0x00000000a8100000|100%| E|CS|TAMS 0x00000000a8000000, 0x00000000a8000000| Complete 
|  93|0x00000000a8100000, 0x00000000a8200000, 0x00000000a8200000|100%| E|CS|TAMS 0x00000000a8100000, 0x00000000a8100000| Complete 

Card table byte_map: [0x0000020c40930000,0x0000020c40c20000] _byte_map_base: 0x0000020c4041e000

Marking Bits (Prev, Next): (CMBitMap*) 0x0000020c2868cf58, (CMBitMap*) 0x0000020c2868cf90
 Prev Bits: [0x0000020c40f10000, 0x0000020c42680000)
 Next Bits: [0x0000020c42680000, 0x0000020c43df0000)

Polling page: 0x0000020c28730000

Metaspace:

Usage:
  Non-class:      8.03 MB capacity,     7.84 MB ( 98%) used,   168.97 KB (  2%) free+waste,    20.13 KB ( <1%) overhead. 
      Class:    989.00 KB capacity,   886.23 KB ( 90%) used,    92.52 KB (  9%) free+waste,    10.25 KB (  1%) overhead. 
       Both:      8.99 MB capacity,     8.71 MB ( 97%) used,   261.48 KB (  3%) free+waste,    30.38 KB ( <1%) overhead. 

Virtual space:
  Non-class space:       10.00 MB reserved,       8.25 MB ( 83%) committed 
      Class space:        1.00 GB reserved,       1.00 MB ( <1%) committed 
             Both:        1.01 GB reserved,       9.25 MB ( <1%) committed 

Chunk freelists:
   Non-Class:  4.38 KB
       Class:  384 bytes
        Both:  4.75 KB

CodeHeap 'non-profiled nmethods': size=120000Kb used=233Kb max_used=233Kb free=119766Kb
 bounds [0x0000020c38490000, 0x0000020c38700000, 0x0000020c3f9c0000]
CodeHeap 'profiled nmethods': size=120000Kb used=1029Kb max_used=1029Kb free=118970Kb
 bounds [0x0000020c30f60000, 0x0000020c311d0000, 0x0000020c38490000]
CodeHeap 'non-nmethods': size=5760Kb used=1088Kb max_used=1110Kb free=4671Kb
 bounds [0x0000020c309c0000, 0x0000020c30c30000, 0x0000020c30f60000]
 total_blobs=1268 nmethods=693 adapters=304
 compilation: enabled
              stopped_count=0, restarted_count=0
 full_count=0

Compilation events (10 events):
Event: 0.298 Thread 0x0000020c46af3000  616       1       java.util.ImmutableCollections$ListN::size (6 bytes)
Event: 0.298 Thread 0x0000020c46af3000 nmethod 616 0x0000020c384c4e90 code [0x0000020c384c5040, 0x0000020c384c5158]
Event: 0.298 Thread 0x0000020c46af3000  607       3       java.lang.invoke.MemberName::getInvocationType (56 bytes)
Event: 0.298 Thread 0x0000020c46af3000 nmethod 607 0x0000020c31038710 code [0x0000020c31038940, 0x0000020c31039270]
Event: 0.298 Thread 0x0000020c46af3000  610       3       java.lang.invoke.MemberName$Factory::resolveOrFail (53 bytes)
Event: 0.298 Thread 0x0000020c478a3800 nmethod 613 0x0000020c384c5210 code [0x0000020c384c53c0, 0x0000020c384c5508]
Event: 0.299 Thread 0x0000020c46af3000 nmethod 610 0x0000020c31039510 code [0x0000020c31039740, 0x0000020c31039e60]
Event: 0.299 Thread 0x0000020c46af3000  618       3       java.lang.invoke.InvokerBytecodeGenerator::getInternalName (98 bytes)
Event: 0.299 Thread 0x0000020c46af3000 nmethod 618 0x0000020c3103a090 code [0x0000020c3103a2a0, 0x0000020c3103a820]
Event: 0.299 Thread 0x0000020c46af3000  619       3       jdk.internal.org.objectweb.asm.Frame::type (416 bytes)

GC Heap History (0 events):
No events

Deoptimization events (7 events):
Event: 0.126 Thread 0x0000020c28654000 Uncommon trap: reason=unstable_if action=reinterpret pc=0x0000020c3849a1a0 method=java.lang.CharacterDataLatin1.isJavaIdentifierPart(I)Z @ 11 c2
Event: 0.163 Thread 0x0000020c28654000 Uncommon trap: reason=unstable_if action=reinterpret pc=0x0000020c3849e214 method=java.lang.CharacterDataLatin1.isJavaIdentifierPart(I)Z @ 11 c2
Event: 0.186 Thread 0x0000020c28654000 Uncommon trap: reason=unstable_if action=reinterpret pc=0x0000020c384a75e8 method=java.util.ImmutableCollections$SetN.contains(Ljava/lang/Object;)Z @ 9 c2
Event: 0.193 Thread 0x0000020c28654000 Uncommon trap: reason=unstable_if action=reinterpret pc=0x0000020c384a8154 method=java.util.ImmutableCollections$SetN.probe(Ljava/lang/Object;)I @ 34 c2
Event: 0.235 Thread 0x0000020c28654000 Uncommon trap: reason=unstable_if action=reinterpret pc=0x0000020c384b4ab8 method=java.util.zip.ZipFile$Source.isMetaName([BII)Z @ 57 c2
Event: 0.235 Thread 0x0000020c28654000 Uncommon trap: reason=unstable_if action=reinterpret pc=0x0000020c384a2670 method=java.lang.String.substring(II)Ljava/lang/String; @ 22 c2
Event: 0.289 Thread 0x0000020c28654000 Uncommon trap: reason=unstable_if action=reinterpret pc=0x0000020c384a99bc method=java.lang.String.startsWith(Ljava/lang/String;I)Z @ 14 c2

Classes redefined (0 events):
No events

Internal exceptions (6 events):
Event: 0.135 Thread 0x0000020c28654000 Exception <a 'java/lang/NoSuchMethodError'{0x00000000a7e25e68}: java.lang.invoke.DirectMethodHandle$Holder.invokeSpecialIFC(Ljava/lang/Object;Ljava/lang/Object;I)I> (0x00000000a7e25e68) thrown at [t:/workspace/open/src/hotspot/share/interpreter/linkResolv
Event: 0.146 Thread 0x0000020c28654000 Exception <a 'java/lang/NoSuchMethodError'{0x00000000a7e91298}: java.lang.invoke.DirectMethodHandle$Holder.invokeSpecial(Ljava/lang/Object;Ljava/lang/Object;Ljava/lang/Object;Ljava/lang/Object;)I> (0x00000000a7e91298) thrown at [t:/workspace/open/src/hots
Event: 0.147 Thread 0x0000020c28654000 Exception <a 'java/lang/NoSuchMethodError'{0x00000000a7e99360}: java.lang.invoke.DirectMethodHandle$Holder.invokeVirtual(Ljava/lang/Object;Ljava/lang/Object;)V> (0x00000000a7e99360) thrown at [t:/workspace/open/src/hotspot/share/interpreter/linkResolver.c
Event: 0.185 Thread 0x0000020c28654000 Exception <a 'java/lang/NoSuchMethodError'{0x00000000a7bbee98}: java.lang.invoke.DirectMethodHandle$Holder.invokeSpecial(Ljava/lang/Object;Ljava/lang/Object;Ljava/lang/Object;Ljava/lang/Object;Ljava/lang/Object;)V> (0x00000000a7bbee98) thrown at [t:/works
Event: 0.191 Thread 0x0000020c28654000 Exception <a 'java/lang/IncompatibleClassChangeError'{0x00000000a7bd6588}: Found class java.lang.Object, but interface was expected> (0x00000000a7bd6588) thrown at [t:/workspace/open/src/hotspot/share/interpreter/linkResolver.cpp, line 856]
Event: 0.192 Thread 0x0000020c28654000 Exception <a 'java/lang/NoSuchMethodError'{0x00000000a7bd9268}: java.lang.invoke.DirectMethodHandle$Holder.invokeStatic(Ljava/lang/Object;Ljava/lang/Object;Ljava/lang/Object;Ljava/lang/Object;)V> (0x00000000a7bd9268) thrown at [t:/workspace/open/src/hotsp

Events (10 events):
Event: 0.294 loading class java/lang/invoke/BoundMethodHandle$Species_LLLLLLLLL
Event: 0.294 loading class java/lang/invoke/BoundMethodHandle$Species_LLLLLLLLL done
Event: 0.294 loading class java/lang/invoke/BoundMethodHandle$Species_LLLLLLLLLI
Event: 0.294 loading class java/lang/invoke/BoundMethodHandle$Species_LLLLLLLLLI done
Event: 0.295 loading class java/lang/invoke/BoundMethodHandle$Species_LLLLLLLLLII
Event: 0.295 loading class java/lang/invoke/BoundMethodHandle$Species_LLLLLLLLLII done
Event: 0.296 loading class java/lang/invoke/BoundMethodHandle$Species_LLLLLLLLLIIL
Event: 0.296 loading class java/lang/invoke/BoundMethodHandle$Species_LLLLLLLLLIIL done
Event: 0.297 loading class java/lang/invoke/BoundMethodHandle$Species_LLLLLLLLLIILL
Event: 0.297 loading class java/lang/invoke/BoundMethodHandle$Species_LLLLLLLLLIILL done


Dynamic libraries:
0x00007ff71b3f0000 - 0x00007ff71b435000 	C:\Program Files\Java\jdk-11\bin\java.exe
0x00007ffb79870000 - 0x00007ffb79a87000 	C:\WINDOWS\SYSTEM32\ntdll.dll
0x00007ffb78230000 - 0x00007ffb782f4000 	C:\WINDOWS\System32\KERNEL32.DLL
0x00007ffb77210000 - 0x00007ffb775b6000 	C:\WINDOWS\System32\KERNELBASE.dll
0x00007ffb79680000 - 0x00007ffb7982e000 	C:\WINDOWS\System32\USER32.dll
0x00007ffb77070000 - 0x00007ffb77096000 	C:\WINDOWS\System32\win32u.dll
0x00007ffb784c0000 - 0x00007ffb784e9000 	C:\WINDOWS\System32\GDI32.dll
0x00007ffb76eb0000 - 0x00007ffb76fc8000 	C:\WINDOWS\System32\gdi32full.dll
0x00007ffb76fd0000 - 0x00007ffb7706a000 	C:\WINDOWS\System32\msvcp_win.dll
0x00007ffb76d90000 - 0x00007ffb76ea1000 	C:\WINDOWS\System32\ucrtbase.dll
0x00007ffb65a60000 - 0x00007ffb65cf3000 	C:\WINDOWS\WinSxS\amd64_microsoft.windows.common-controls_6595b64144ccf1df_6.0.22621.2506_none_270c5ae97388e100\COMCTL32.dll
0x00007ffb78180000 - 0x00007ffb78227000 	C:\WINDOWS\System32\msvcrt.dll
0x00007ffb78ee0000 - 0x00007ffb78f11000 	C:\WINDOWS\System32\IMM32.DLL
0x00007ffb62190000 - 0x00007ffb621a6000 	C:\Program Files\Java\jdk-11\bin\vcruntime140.dll
0x00007ffb3e4e0000 - 0x00007ffb3e58a000 	C:\Program Files\Java\jdk-11\bin\msvcp140.dll
0x00007ffb3d810000 - 0x00007ffb3e351000 	C:\Program Files\Java\jdk-11\bin\server\jvm.dll
0x00007ffb78370000 - 0x00007ffb78421000 	C:\WINDOWS\System32\ADVAPI32.dll
0x00007ffb77740000 - 0x00007ffb777e5000 	C:\WINDOWS\System32\sechost.dll
0x00007ffb79560000 - 0x00007ffb79677000 	C:\WINDOWS\System32\RPCRT4.dll
0x00007ffb78a10000 - 0x00007ffb78a18000 	C:\WINDOWS\System32\PSAPI.DLL
0x00007ffb601b0000 - 0x00007ffb601b9000 	C:\WINDOWS\SYSTEM32\WSOCK32.dll
0x00007ffb6e270000 - 0x00007ffb6e2a4000 	C:\WINDOWS\SYSTEM32\WINMM.dll
0x00007ffb6d480000 - 0x00007ffb6d48a000 	C:\WINDOWS\SYSTEM32\VERSION.dll
0x00007ffb78a20000 - 0x00007ffb78a91000 	C:\WINDOWS\System32\WS2_32.dll
0x00007ffb75cd0000 - 0x00007ffb75ce8000 	C:\WINDOWS\SYSTEM32\kernel.appcore.dll
0x00007ffb61f50000 - 0x00007ffb61f61000 	C:\Program Files\Java\jdk-11\bin\verify.dll
0x00007ffb745c0000 - 0x00007ffb747f3000 	C:\WINDOWS\SYSTEM32\DBGHELP.DLL
0x00007ffb78b50000 - 0x00007ffb78ed9000 	C:\WINDOWS\System32\combase.dll
0x00007ffb79380000 - 0x00007ffb79457000 	C:\WINDOWS\System32\OLEAUT32.dll
0x00007ffb5fea0000 - 0x00007ffb5fed2000 	C:\WINDOWS\SYSTEM32\dbgcore.DLL
0x00007ffb76ca0000 - 0x00007ffb76d1a000 	C:\WINDOWS\System32\bcryptPrimitives.dll
0x00007ffb611b0000 - 0x00007ffb611d8000 	C:\Program Files\Java\jdk-11\bin\java.dll
0x00007ffb674e0000 - 0x00007ffb6750f000 	C:\Program Files\Java\jdk-11\bin\instrument.dll
0x00007ffb61190000 - 0x00007ffb611a6000 	C:\Program Files\Java\jdk-11\bin\zip.dll
0x00007ffb64ab0000 - 0x00007ffb64aba000 	C:\Program Files\Java\jdk-11\bin\jimage.dll
0x00007ffb778b0000 - 0x00007ffb7810a000 	C:\WINDOWS\System32\SHELL32.dll
0x00007ffb74b10000 - 0x00007ffb75406000 	C:\WINDOWS\SYSTEM32\windows.storage.dll
0x00007ffb749d0000 - 0x00007ffb74b0e000 	C:\WINDOWS\SYSTEM32\wintypes.dll
0x00007ffb79280000 - 0x00007ffb79373000 	C:\WINDOWS\System32\SHCORE.dll
0x00007ffb77850000 - 0x00007ffb778ae000 	C:\WINDOWS\System32\shlwapi.dll
0x00007ffb76b10000 - 0x00007ffb76b36000 	C:\WINDOWS\SYSTEM32\profapi.dll
0x00007ffb5eee0000 - 0x00007ffb5eef9000 	C:\Program Files\Java\jdk-11\bin\net.dll
0x00007ffb707b0000 - 0x00007ffb708e7000 	C:\WINDOWS\SYSTEM32\WINHTTP.dll
0x00007ffb76150000 - 0x00007ffb761b9000 	C:\WINDOWS\system32\mswsock.dll
0x00007ffb5eec0000 - 0x00007ffb5eed3000 	C:\Program Files\Java\jdk-11\bin\nio.dll
0x00007ffb655e0000 - 0x00007ffb655fa000 	C:\Program Files\JetBrains\IntelliJ IDEA Community Edition 2022.2.2\bin\breakgen64.dll
0x0000020c48220000 - 0x0000020c48223000 	C:\Users\dzang\.openjfx\cache\17.0.2-ea\api-ms-win-core-console-l1-1-0.dll
0x0000020c48230000 - 0x0000020c48233000 	C:\Users\dzang\.openjfx\cache\17.0.2-ea\api-ms-win-core-console-l1-2-0.dll

dbghelp: loaded successfully - version: 4.0.5 - missing functions: none
symbol engine: initialized successfully - sym options: 0x614 - pdb path: .;C:\Program Files\Java\jdk-11\bin;C:\WINDOWS\SYSTEM32;C:\WINDOWS\WinSxS\amd64_microsoft.windows.common-controls_6595b64144ccf1df_6.0.22621.2506_none_270c5ae97388e100;C:\Program Files\Java\jdk-11\bin\server;C:\Program Files\JetBrains\IntelliJ IDEA Community Edition 2022.2.2\bin;C:\Users\dzang\.openjfx\cache\17.0.2-ea

VM Arguments:
jvm_args: -javaagent:C:\Program Files\JetBrains\IntelliJ IDEA Community Edition 2022.2.2\lib\idea_rt.jar=52797:C:\Program Files\JetBrains\IntelliJ IDEA Community Edition 2022.2.2\bin -Dfile.encoding=UTF-8 --module-path=C:\Users\dzang\.m2\repository\org\openjfx\javafx-controls\17.0.2\javafx-controls-17.0.2-win.jar;C:\Users\dzang\.m2\repository\com\google\zxing\core\3.5.2\core-3.5.2.jar;C:\Users\dzang\IdeaProjects\FinalProjectSoftware\target\classes;C:\Users\dzang\.m2\repository\org\openjfx\javafx-base\17.0.2\javafx-base-17.0.2-win.jar;C:\Users\dzang\.m2\repository\org\openjfx\javafx-fxml\17.0.2\javafx-fxml-17.0.2-win.jar;C:\Users\dzang\.m2\repository\org\openjfx\javafx-graphics\17.0.2\javafx-graphics-17.0.2-win.jar -Djdk.module.main=com.example.finalprojectsoftware 
java_command: com.example.finalprojectsoftware/com.example.finalprojectsoftware.HelloApplication
java_class_path (initial): C:\Users\dzang\.m2\repository\org\openjfx\javafx-controls\17.0.2\javafx-controls-17.0.2.jar;C:\Users\dzang\.m2\repository\org\openjfx\javafx-graphics\17.0.2\javafx-graphics-17.0.2.jar;C:\Users\dzang\.m2\repository\org\openjfx\javafx-base\17.0.2\javafx-base-17.0.2.jar;C:\Users\dzang\.m2\repository\org\openjfx\javafx-fxml\17.0.2\javafx-fxml-17.0.2.jar;C:\Users\dzang\.m2\repository\org\postgresql\postgresql\42.6.0\postgresql-42.6.0.jar;C:\Users\dzang\.m2\repository\org\checkerframework\checker-qual\3.31.0\checker-qual-3.31.0.jar;C:\Users\dzang\.m2\repository\com\google\zxing\javase\3.5.2\javase-3.5.2.jar;C:\Users\dzang\.m2\repository\com\beust\jcommander\1.82\jcommander-1.82.jar;C:\Users\dzang\.m2\repository\com\github\jai-imageio\jai-imageio-core\1.4.0\jai-imageio-core-1.4.0.jar
Launcher Type: SUN_STANDARD

[Global flags]
     intx CICompilerCount                          = 4                                         {product} {ergonomic}
     uint ConcGCThreads                            = 3                                         {product} {ergonomic}
     uint G1ConcRefinementThreads                  = 10                                        {product} {ergonomic}
   size_t G1HeapRegionSize                         = 1048576                                   {product} {ergonomic}
    uintx GCDrainStackTargetSize                   = 64                                        {product} {ergonomic}
   size_t InitialHeapSize                          = 98566144                                  {product} {ergonomic}
   size_t MarkStackSize                            = 4194304                                   {product} {ergonomic}
   size_t MaxHeapSize                              = 1572864000                                {product} {ergonomic}
   size_t MaxNewSize                               = 943718400                                 {product} {ergonomic}
   size_t MinHeapDeltaBytes                        = 1048576                                   {product} {ergonomic}
    uintx NonNMethodCodeHeapSize                   = 5835340                                {pd product} {ergonomic}
    uintx NonProfiledCodeHeapSize                  = 122911450                              {pd product} {ergonomic}
    uintx ProfiledCodeHeapSize                     = 122911450                              {pd product} {ergonomic}
    uintx ReservedCodeCacheSize                    = 251658240                              {pd product} {ergonomic}
     bool SegmentedCodeCache                       = true                                      {product} {ergonomic}
     bool UseCompressedClassPointers               = true                                 {lp64_product} {ergonomic}
     bool UseCompressedOops                        = true                                 {lp64_product} {ergonomic}
     bool UseG1GC                                  = true                                      {product} {ergonomic}
     bool UseLargePagesIndividualAllocation        = false                                  {pd product} {ergonomic}

Logging:
Log output configuration:
 #0: stdout all=warning uptime,level,tags
 #1: stderr all=off uptime,level,tags

Environment Variables:
JAVA_HOME=C:\Program Files\Java\jdk-11
PATH=C:\Program Files\Common Files\Oracle\Java\javapath;C:\Program Files (x86)\Common Files\Oracle\Java\javapath;C:\WINDOWS\system32;C:\WINDOWS;C:\WINDOWS\System32\Wbem;C:\WINDOWS\System32\WindowsPowerShell\v1.0\;C:\WINDOWS\System32\OpenSSH\;C:\Program Files\nodejs\;C:\MinGW\bin;C:\Users\dzang\AppData\Local\Programs\Python\Python311\Scripts\;C:\Users\dzang\AppData\Local\Programs\Python\Python311\;C:\Program Files\MySQL\MySQL Shell 8.0\bin\;C:\Users\dzang\AppData\Local\Microsoft\WindowsApps;C:\Users\dzang\AppData\Roaming\npm;C:\Users\dzang\AppData\Local\Programs\Microsoft VS Code\bin
USERNAME=dzang
OS=Windows_NT
PROCESSOR_IDENTIFIER=AMD64 Family 25 Model 80 Stepping 0, AuthenticAMD



---------------  S Y S T E M  ---------------

OS: Windows 10 , 64 bit Build 22621 (10.0.22621.2506)

CPU:total 12 (initial active 12) (12 cores per cpu, 2 threads per core) family 25 model 80 stepping 0, cmov, cx8, fxsr, mmx, sse, sse2, sse3, ssse3, sse4.1, sse4.2, popcnt, avx, avx2, aes, clmul, erms, mmxext, 3dnowpref, lzcnt, sse4a, ht, tsc, tscinvbit, tscinv, bmi1, bmi2, adx, sha, fma

Memory: 4k page, system-wide physical 5996M (463M free)
TotalPageFile size 23284M (AvailPageFile size 0M)
current process WorkingSet (physical memory assigned to process): 54M, peak: 54M
current process commit charge ("private bytes"): 183M, peak: 183M

vm_info: OpenJDK 64-Bit Server VM (11+28) for windows-amd64 JRE (11+28), built on Aug 23 2018 03:04:58 by "mach5one" with MS VC++ 15.5 (VS2017)

END.
