#
# There is insufficient memory for the Java Runtime Environment to continue.
# Native memory allocation (malloc) failed to allocate 65552 bytes for Chunk::new
# Possible reasons:
#   The system is out of physical RAM or swap space
#   The process is running with CompressedOops enabled, and the Java Heap may be blocking the growth of the native heap
# Possible solutions:
#   Reduce memory load on the system
#   Increase physical memory or swap space
#   Check if swap backing store is full
#   Decrease Java heap size (-Xmx/-Xms)
#   Decrease number of Java threads
#   Decrease Java thread stack sizes (-Xss)
#   Set larger code cache with -XX:ReservedCodeCacheSize=
#   JVM is running with Unscaled Compressed Oops mode in which the Java heap is
#     placed in the first 4GB address space. The Java Heap base address is the
#     maximum limit for the native heap growth. Please use -XX:HeapBaseMinAddress
#     to set the Java Heap base and to place the Java Heap above 4GB virtual address.
# This output file may be truncated or incomplete.
#
#  Out of Memory Error (t:/workspace/open/src/hotspot/share/memory/arena.cpp:197), pid=22148, tid=25500
#
# JRE version: OpenJDK Runtime Environment (11.0+28) (build 11+28)
# Java VM: OpenJDK 64-Bit Server VM (11+28, mixed mode, tiered, compressed oops, g1 gc, windows-amd64)
# No core dump will be written. Minidumps are not enabled by default on client versions of Windows
#

---------------  S U M M A R Y ------------

Command Line: -javaagent:C:\Program Files\JetBrains\IntelliJ IDEA Community Edition 2022.2.2\lib\idea_rt.jar=51928:C:\Program Files\JetBrains\IntelliJ IDEA Community Edition 2022.2.2\bin -Dfile.encoding=UTF-8 --module-path=C:\Users\dzang\.m2\repository\org\openjfx\javafx-graphics\17.0.2\javafx-graphics-17.0.2-win.jar;C:\Users\dzang\.m2\repository\org\openjfx\javafx-controls\17.0.2\javafx-controls-17.0.2-win.jar;C:\Users\dzang\.m2\repository\org\openjfx\javafx-base\17.0.2\javafx-base-17.0.2-win.jar;C:\Users\dzang\IdeaProjects\FinalProjectSoftware\target\classes;C:\Users\dzang\.m2\repository\org\openjfx\javafx-fxml\17.0.2\javafx-fxml-17.0.2-win.jar -Djdk.module.main=com.example.finalprojectsoftware com.example.finalprojectsoftware/com.example.finalprojectsoftware.HelloApplication

Host: AMD Ryzen 5 5600H with Radeon Graphics         , 12 cores, 5G,  Windows 10 , 64 bit Build 22621 (10.0.22621.2506)
Time: Mon Dec 11 20:47:34 2023 Центральная Азия (зима) elapsed time: 0 seconds (0d 0h 0m 0s)

---------------  T H R E A D  ---------------

Current thread (0x0000022871b5c800):  JavaThread "C2 CompilerThread1" daemon [_thread_in_native, id=25500, stack(0x000000d789b00000,0x000000d789c00000)]


Current CompileTask:
C2:    262  264       4       java.util.stream.ReferencePipeline$3$1::accept (23 bytes)

Stack: [0x000000d789b00000,0x000000d789c00000]
Native frames: (J=compiled Java code, j=interpreted, Vv=VM code, C=native code)
V  [jvm.dll+0x63adaa]
V  [jvm.dll+0x77852f]
V  [jvm.dll+0x779b18]
V  [jvm.dll+0x77a1d3]
V  [jvm.dll+0x2624c8]
V  [jvm.dll+0xc5b61]
V  [jvm.dll+0xc60fc]
V  [jvm.dll+0xc5c50]
V  [jvm.dll+0x66857f]
V  [jvm.dll+0x36b176]
V  [jvm.dll+0x36c73a]
V  [jvm.dll+0x2eb8f3]
V  [jvm.dll+0x6026eb]
V  [jvm.dll+0x10f1cc]
V  [jvm.dll+0x34bcbd]
V  [jvm.dll+0x65cfd9]
V  [jvm.dll+0x65c33f]
V  [jvm.dll+0x6574bc]
V  [jvm.dll+0x6509eb]
V  [jvm.dll+0x650002]
V  [jvm.dll+0x64dc27]
V  [jvm.dll+0x19afbc]
V  [jvm.dll+0x2cfc96]
V  [jvm.dll+0x6593c8]
V  [jvm.dll+0x6509eb]
V  [jvm.dll+0x650002]
V  [jvm.dll+0x64dc27]
V  [jvm.dll+0x19afbc]
V  [jvm.dll+0x2cfc96]
V  [jvm.dll+0x6593c8]
V  [jvm.dll+0x6509eb]
V  [jvm.dll+0x650002]
V  [jvm.dll+0x64dc27]
V  [jvm.dll+0x19afbc]
V  [jvm.dll+0x2cfc96]
V  [jvm.dll+0x6593c8]
V  [jvm.dll+0x6509eb]
V  [jvm.dll+0x650002]
V  [jvm.dll+0x64dc27]
V  [jvm.dll+0x19afbc]
V  [jvm.dll+0x2cfc96]
V  [jvm.dll+0x6593c8]
V  [jvm.dll+0x6509eb]
V  [jvm.dll+0x650002]
V  [jvm.dll+0x64dc27]
V  [jvm.dll+0x19afbc]
V  [jvm.dll+0x19bb49]
V  [jvm.dll+0x19ba8e]
V  [jvm.dll+0x2cfc96]
V  [jvm.dll+0x6593c8]
V  [jvm.dll+0x6509eb]
V  [jvm.dll+0x650002]
V  [jvm.dll+0x64dc27]
V  [jvm.dll+0x19afbc]
V  [jvm.dll+0x19bb49]
V  [jvm.dll+0x2cfc96]
V  [jvm.dll+0x6593c8]
V  [jvm.dll+0x6509eb]
V  [jvm.dll+0x650002]
V  [jvm.dll+0x64dc27]
V  [jvm.dll+0x19afbc]
V  [jvm.dll+0x21b1ab]
V  [jvm.dll+0x198400]
V  [jvm.dll+0x22a4ff]
V  [jvm.dll+0x228b18]
V  [jvm.dll+0x73dc3d]
V  [jvm.dll+0x639e42]
C  [ucrtbase.dll+0x29363]
C  [KERNEL32.DLL+0x1257d]
C  [ntdll.dll+0x5aa58]


---------------  P R O C E S S  ---------------

Threads class SMR info:
_java_thread_list=0x0000022871ae83b0, length=11, elements={
0x0000022853332800, 0x0000022870fe9800, 0x0000022870ff4800, 0x000002287196f000,
0x0000022871970000, 0x0000022871972000, 0x0000022871973000, 0x0000022871976000,
0x0000022870f80000, 0x0000022871b5c800, 0x0000022871be3800
}

Java Threads: ( => current thread )
  0x0000022853332800 JavaThread "main" [_thread_in_vm, id=1468, stack(0x000000d788c00000,0x000000d788d00000)]
  0x0000022870fe9800 JavaThread "Reference Handler" daemon [_thread_blocked, id=26604, stack(0x000000d789300000,0x000000d789400000)]
  0x0000022870ff4800 JavaThread "Finalizer" daemon [_thread_blocked, id=29220, stack(0x000000d789400000,0x000000d789500000)]
  0x000002287196f000 JavaThread "Signal Dispatcher" daemon [_thread_blocked, id=5844, stack(0x000000d789500000,0x000000d789600000)]
  0x0000022871970000 JavaThread "Attach Listener" daemon [_thread_blocked, id=9584, stack(0x000000d789600000,0x000000d789700000)]
  0x0000022871972000 JavaThread "C2 CompilerThread0" daemon [_thread_blocked, id=16212, stack(0x000000d789700000,0x000000d789800000)]
  0x0000022871973000 JavaThread "C1 CompilerThread0" daemon [_thread_blocked, id=32628, stack(0x000000d789800000,0x000000d789900000)]
  0x0000022871976000 JavaThread "Sweeper thread" daemon [_thread_blocked, id=16208, stack(0x000000d789900000,0x000000d789a00000)]
  0x0000022870f80000 JavaThread "Common-Cleaner" daemon [_thread_blocked, id=38592, stack(0x000000d789a00000,0x000000d789b00000)]
=>0x0000022871b5c800 JavaThread "C2 CompilerThread1" daemon [_thread_in_native, id=25500, stack(0x000000d789b00000,0x000000d789c00000)]
  0x0000022871be3800 JavaThread "C2 CompilerThread2" daemon [_thread_in_native, id=23500, stack(0x000000d789c00000,0x000000d789d00000)]

Other Threads:
  0x0000022870fc2800 VMThread "VM Thread" [stack: 0x000000d789200000,0x000000d789300000] [id=21916]
  0x000002285334a800 GCTaskThread "GC Thread#0" [stack: 0x000000d788d00000,0x000000d788e00000] [id=32700]
  0x0000022853374000 ConcurrentGCThread "G1 Main Marker" [stack: 0x000000d788e00000,0x000000d788f00000] [id=6780]
  0x0000022853375800 ConcurrentGCThread "G1 Conc#0" [stack: 0x000000d788f00000,0x000000d789000000] [id=21608]
  0x0000022870e31800 ConcurrentGCThread "G1 Refine#0" [stack: 0x000000d789000000,0x000000d789100000] [id=39928]
  0x000002285340d000 ConcurrentGCThread "G1 Young RemSet Sampling" [stack: 0x000000d789100000,0x000000d789200000] [id=18508]

Threads with active compile tasks:
C2 CompilerThread1 264       4       java.util.stream.ReferencePipeline$3$1::accept (23 bytes)
C2 CompilerThread2 267       4       jdk.internal.module.Checks::isTypeName (49 bytes)

VM state:not at safepoint (normal execution)

VM Mutex/Monitor currently owned by a thread: None

Heap address: 0x00000000a2400000, size: 1500 MB, Compressed Oops mode: 32-bit
Narrow klass base: 0x0000000000000000, Narrow klass shift: 3
Compressed class space size: 1073741824 Address: 0x0000000100000000

Heap:
 garbage-first heap   total 96256K, used 4096K [0x00000000a2400000, 0x0000000100000000)
  region size 1024K, 6 young (6144K), 0 survivors (0K)
 Metaspace       used 5892K, capacity 5967K, committed 6272K, reserved 1060864K
  class space    used 516K, capacity 540K, committed 640K, reserved 1048576K
Heap Regions: E=young(eden), S=young(survivor), O=old, HS=humongous(starts), HC=humongous(continues), CS=collection set, F=free, A=archive, TAMS=top-at-mark-start (previous, next)
|   0|0x00000000a2400000, 0x00000000a2400000, 0x00000000a2500000|  0%| F|  |TAMS 0x00000000a2400000, 0x00000000a2400000| Untracked 
|   1|0x00000000a2500000, 0x00000000a2500000, 0x00000000a2600000|  0%| F|  |TAMS 0x00000000a2500000, 0x00000000a2500000| Untracked 
|   2|0x00000000a2600000, 0x00000000a2600000, 0x00000000a2700000|  0%| F|  |TAMS 0x00000000a2600000, 0x00000000a2600000| Untracked 
|   3|0x00000000a2700000, 0x00000000a2700000, 0x00000000a2800000|  0%| F|  |TAMS 0x00000000a2700000, 0x00000000a2700000| Untracked 
|   4|0x00000000a2800000, 0x00000000a2800000, 0x00000000a2900000|  0%| F|  |TAMS 0x00000000a2800000, 0x00000000a2800000| Untracked 
|   5|0x00000000a2900000, 0x00000000a2900000, 0x00000000a2a00000|  0%| F|  |TAMS 0x00000000a2900000, 0x00000000a2900000| Untracked 
|   6|0x00000000a2a00000, 0x00000000a2a00000, 0x00000000a2b00000|  0%| F|  |TAMS 0x00000000a2a00000, 0x00000000a2a00000| Untracked 
|   7|0x00000000a2b00000, 0x00000000a2b00000, 0x00000000a2c00000|  0%| F|  |TAMS 0x00000000a2b00000, 0x00000000a2b00000| Untracked 
|   8|0x00000000a2c00000, 0x00000000a2c00000, 0x00000000a2d00000|  0%| F|  |TAMS 0x00000000a2c00000, 0x00000000a2c00000| Untracked 
|   9|0x00000000a2d00000, 0x00000000a2d00000, 0x00000000a2e00000|  0%| F|  |TAMS 0x00000000a2d00000, 0x00000000a2d00000| Untracked 
|  10|0x00000000a2e00000, 0x00000000a2e00000, 0x00000000a2f00000|  0%| F|  |TAMS 0x00000000a2e00000, 0x00000000a2e00000| Untracked 
|  11|0x00000000a2f00000, 0x00000000a2f00000, 0x00000000a3000000|  0%| F|  |TAMS 0x00000000a2f00000, 0x00000000a2f00000| Untracked 
|  12|0x00000000a3000000, 0x00000000a3000000, 0x00000000a3100000|  0%| F|  |TAMS 0x00000000a3000000, 0x00000000a3000000| Untracked 
|  13|0x00000000a3100000, 0x00000000a3100000, 0x00000000a3200000|  0%| F|  |TAMS 0x00000000a3100000, 0x00000000a3100000| Untracked 
|  14|0x00000000a3200000, 0x00000000a3200000, 0x00000000a3300000|  0%| F|  |TAMS 0x00000000a3200000, 0x00000000a3200000| Untracked 
|  15|0x00000000a3300000, 0x00000000a3300000, 0x00000000a3400000|  0%| F|  |TAMS 0x00000000a3300000, 0x00000000a3300000| Untracked 
|  16|0x00000000a3400000, 0x00000000a3400000, 0x00000000a3500000|  0%| F|  |TAMS 0x00000000a3400000, 0x00000000a3400000| Untracked 
|  17|0x00000000a3500000, 0x00000000a3500000, 0x00000000a3600000|  0%| F|  |TAMS 0x00000000a3500000, 0x00000000a3500000| Untracked 
|  18|0x00000000a3600000, 0x00000000a3600000, 0x00000000a3700000|  0%| F|  |TAMS 0x00000000a3600000, 0x00000000a3600000| Untracked 
|  19|0x00000000a3700000, 0x00000000a3700000, 0x00000000a3800000|  0%| F|  |TAMS 0x00000000a3700000, 0x00000000a3700000| Untracked 
|  20|0x00000000a3800000, 0x00000000a3800000, 0x00000000a3900000|  0%| F|  |TAMS 0x00000000a3800000, 0x00000000a3800000| Untracked 
|  21|0x00000000a3900000, 0x00000000a3900000, 0x00000000a3a00000|  0%| F|  |TAMS 0x00000000a3900000, 0x00000000a3900000| Untracked 
|  22|0x00000000a3a00000, 0x00000000a3a00000, 0x00000000a3b00000|  0%| F|  |TAMS 0x00000000a3a00000, 0x00000000a3a00000| Untracked 
|  23|0x00000000a3b00000, 0x00000000a3b00000, 0x00000000a3c00000|  0%| F|  |TAMS 0x00000000a3b00000, 0x00000000a3b00000| Untracked 
|  24|0x00000000a3c00000, 0x00000000a3c00000, 0x00000000a3d00000|  0%| F|  |TAMS 0x00000000a3c00000, 0x00000000a3c00000| Untracked 
|  25|0x00000000a3d00000, 0x00000000a3d00000, 0x00000000a3e00000|  0%| F|  |TAMS 0x00000000a3d00000, 0x00000000a3d00000| Untracked 
|  26|0x00000000a3e00000, 0x00000000a3e00000, 0x00000000a3f00000|  0%| F|  |TAMS 0x00000000a3e00000, 0x00000000a3e00000| Untracked 
|  27|0x00000000a3f00000, 0x00000000a3f00000, 0x00000000a4000000|  0%| F|  |TAMS 0x00000000a3f00000, 0x00000000a3f00000| Untracked 
|  28|0x00000000a4000000, 0x00000000a4000000, 0x00000000a4100000|  0%| F|  |TAMS 0x00000000a4000000, 0x00000000a4000000| Untracked 
|  29|0x00000000a4100000, 0x00000000a4100000, 0x00000000a4200000|  0%| F|  |TAMS 0x00000000a4100000, 0x00000000a4100000| Untracked 
|  30|0x00000000a4200000, 0x00000000a4200000, 0x00000000a4300000|  0%| F|  |TAMS 0x00000000a4200000, 0x00000000a4200000| Untracked 
|  31|0x00000000a4300000, 0x00000000a4300000, 0x00000000a4400000|  0%| F|  |TAMS 0x00000000a4300000, 0x00000000a4300000| Untracked 
|  32|0x00000000a4400000, 0x00000000a4400000, 0x00000000a4500000|  0%| F|  |TAMS 0x00000000a4400000, 0x00000000a4400000| Untracked 
|  33|0x00000000a4500000, 0x00000000a4500000, 0x00000000a4600000|  0%| F|  |TAMS 0x00000000a4500000, 0x00000000a4500000| Untracked 
|  34|0x00000000a4600000, 0x00000000a4600000, 0x00000000a4700000|  0%| F|  |TAMS 0x00000000a4600000, 0x00000000a4600000| Untracked 
|  35|0x00000000a4700000, 0x00000000a4700000, 0x00000000a4800000|  0%| F|  |TAMS 0x00000000a4700000, 0x00000000a4700000| Untracked 
|  36|0x00000000a4800000, 0x00000000a4800000, 0x00000000a4900000|  0%| F|  |TAMS 0x00000000a4800000, 0x00000000a4800000| Untracked 
|  37|0x00000000a4900000, 0x00000000a4900000, 0x00000000a4a00000|  0%| F|  |TAMS 0x00000000a4900000, 0x00000000a4900000| Untracked 
|  38|0x00000000a4a00000, 0x00000000a4a00000, 0x00000000a4b00000|  0%| F|  |TAMS 0x00000000a4a00000, 0x00000000a4a00000| Untracked 
|  39|0x00000000a4b00000, 0x00000000a4b00000, 0x00000000a4c00000|  0%| F|  |TAMS 0x00000000a4b00000, 0x00000000a4b00000| Untracked 
|  40|0x00000000a4c00000, 0x00000000a4c00000, 0x00000000a4d00000|  0%| F|  |TAMS 0x00000000a4c00000, 0x00000000a4c00000| Untracked 
|  41|0x00000000a4d00000, 0x00000000a4d00000, 0x00000000a4e00000|  0%| F|  |TAMS 0x00000000a4d00000, 0x00000000a4d00000| Untracked 
|  42|0x00000000a4e00000, 0x00000000a4e00000, 0x00000000a4f00000|  0%| F|  |TAMS 0x00000000a4e00000, 0x00000000a4e00000| Untracked 
|  43|0x00000000a4f00000, 0x00000000a4f00000, 0x00000000a5000000|  0%| F|  |TAMS 0x00000000a4f00000, 0x00000000a4f00000| Untracked 
|  44|0x00000000a5000000, 0x00000000a5000000, 0x00000000a5100000|  0%| F|  |TAMS 0x00000000a5000000, 0x00000000a5000000| Untracked 
|  45|0x00000000a5100000, 0x00000000a5100000, 0x00000000a5200000|  0%| F|  |TAMS 0x00000000a5100000, 0x00000000a5100000| Untracked 
|  46|0x00000000a5200000, 0x00000000a5200000, 0x00000000a5300000|  0%| F|  |TAMS 0x00000000a5200000, 0x00000000a5200000| Untracked 
|  47|0x00000000a5300000, 0x00000000a5300000, 0x00000000a5400000|  0%| F|  |TAMS 0x00000000a5300000, 0x00000000a5300000| Untracked 
|  48|0x00000000a5400000, 0x00000000a5400000, 0x00000000a5500000|  0%| F|  |TAMS 0x00000000a5400000, 0x00000000a5400000| Untracked 
|  49|0x00000000a5500000, 0x00000000a5500000, 0x00000000a5600000|  0%| F|  |TAMS 0x00000000a5500000, 0x00000000a5500000| Untracked 
|  50|0x00000000a5600000, 0x00000000a5600000, 0x00000000a5700000|  0%| F|  |TAMS 0x00000000a5600000, 0x00000000a5600000| Untracked 
|  51|0x00000000a5700000, 0x00000000a5700000, 0x00000000a5800000|  0%| F|  |TAMS 0x00000000a5700000, 0x00000000a5700000| Untracked 
|  52|0x00000000a5800000, 0x00000000a5800000, 0x00000000a5900000|  0%| F|  |TAMS 0x00000000a5800000, 0x00000000a5800000| Untracked 
|  53|0x00000000a5900000, 0x00000000a5900000, 0x00000000a5a00000|  0%| F|  |TAMS 0x00000000a5900000, 0x00000000a5900000| Untracked 
|  54|0x00000000a5a00000, 0x00000000a5a00000, 0x00000000a5b00000|  0%| F|  |TAMS 0x00000000a5a00000, 0x00000000a5a00000| Untracked 
|  55|0x00000000a5b00000, 0x00000000a5b00000, 0x00000000a5c00000|  0%| F|  |TAMS 0x00000000a5b00000, 0x00000000a5b00000| Untracked 
|  56|0x00000000a5c00000, 0x00000000a5c00000, 0x00000000a5d00000|  0%| F|  |TAMS 0x00000000a5c00000, 0x00000000a5c00000| Untracked 
|  57|0x00000000a5d00000, 0x00000000a5d00000, 0x00000000a5e00000|  0%| F|  |TAMS 0x00000000a5d00000, 0x00000000a5d00000| Untracked 
|  58|0x00000000a5e00000, 0x00000000a5e00000, 0x00000000a5f00000|  0%| F|  |TAMS 0x00000000a5e00000, 0x00000000a5e00000| Untracked 
|  59|0x00000000a5f00000, 0x00000000a5f00000, 0x00000000a6000000|  0%| F|  |TAMS 0x00000000a5f00000, 0x00000000a5f00000| Untracked 
|  60|0x00000000a6000000, 0x00000000a6000000, 0x00000000a6100000|  0%| F|  |TAMS 0x00000000a6000000, 0x00000000a6000000| Untracked 
|  61|0x00000000a6100000, 0x00000000a6100000, 0x00000000a6200000|  0%| F|  |TAMS 0x00000000a6100000, 0x00000000a6100000| Untracked 
|  62|0x00000000a6200000, 0x00000000a6200000, 0x00000000a6300000|  0%| F|  |TAMS 0x00000000a6200000, 0x00000000a6200000| Untracked 
|  63|0x00000000a6300000, 0x00000000a6300000, 0x00000000a6400000|  0%| F|  |TAMS 0x00000000a6300000, 0x00000000a6300000| Untracked 
|  64|0x00000000a6400000, 0x00000000a6400000, 0x00000000a6500000|  0%| F|  |TAMS 0x00000000a6400000, 0x00000000a6400000| Untracked 
|  65|0x00000000a6500000, 0x00000000a6500000, 0x00000000a6600000|  0%| F|  |TAMS 0x00000000a6500000, 0x00000000a6500000| Untracked 
|  66|0x00000000a6600000, 0x00000000a6600000, 0x00000000a6700000|  0%| F|  |TAMS 0x00000000a6600000, 0x00000000a6600000| Untracked 
|  67|0x00000000a6700000, 0x00000000a6700000, 0x00000000a6800000|  0%| F|  |TAMS 0x00000000a6700000, 0x00000000a6700000| Untracked 
|  68|0x00000000a6800000, 0x00000000a6800000, 0x00000000a6900000|  0%| F|  |TAMS 0x00000000a6800000, 0x00000000a6800000| Untracked 
|  69|0x00000000a6900000, 0x00000000a6900000, 0x00000000a6a00000|  0%| F|  |TAMS 0x00000000a6900000, 0x00000000a6900000| Untracked 
|  70|0x00000000a6a00000, 0x00000000a6a00000, 0x00000000a6b00000|  0%| F|  |TAMS 0x00000000a6a00000, 0x00000000a6a00000| Untracked 
|  71|0x00000000a6b00000, 0x00000000a6b00000, 0x00000000a6c00000|  0%| F|  |TAMS 0x00000000a6b00000, 0x00000000a6b00000| Untracked 
|  72|0x00000000a6c00000, 0x00000000a6c00000, 0x00000000a6d00000|  0%| F|  |TAMS 0x00000000a6c00000, 0x00000000a6c00000| Untracked 
|  73|0x00000000a6d00000, 0x00000000a6d00000, 0x00000000a6e00000|  0%| F|  |TAMS 0x00000000a6d00000, 0x00000000a6d00000| Untracked 
|  74|0x00000000a6e00000, 0x00000000a6e00000, 0x00000000a6f00000|  0%| F|  |TAMS 0x00000000a6e00000, 0x00000000a6e00000| Untracked 
|  75|0x00000000a6f00000, 0x00000000a6f00000, 0x00000000a7000000|  0%| F|  |TAMS 0x00000000a6f00000, 0x00000000a6f00000| Untracked 
|  76|0x00000000a7000000, 0x00000000a7000000, 0x00000000a7100000|  0%| F|  |TAMS 0x00000000a7000000, 0x00000000a7000000| Untracked 
|  77|0x00000000a7100000, 0x00000000a7100000, 0x00000000a7200000|  0%| F|  |TAMS 0x00000000a7100000, 0x00000000a7100000| Untracked 
|  78|0x00000000a7200000, 0x00000000a7200000, 0x00000000a7300000|  0%| F|  |TAMS 0x00000000a7200000, 0x00000000a7200000| Untracked 
|  79|0x00000000a7300000, 0x00000000a7300000, 0x00000000a7400000|  0%| F|  |TAMS 0x00000000a7300000, 0x00000000a7300000| Untracked 
|  80|0x00000000a7400000, 0x00000000a7400000, 0x00000000a7500000|  0%| F|  |TAMS 0x00000000a7400000, 0x00000000a7400000| Untracked 
|  81|0x00000000a7500000, 0x00000000a7500000, 0x00000000a7600000|  0%| F|  |TAMS 0x00000000a7500000, 0x00000000a7500000| Untracked 
|  82|0x00000000a7600000, 0x00000000a7600000, 0x00000000a7700000|  0%| F|  |TAMS 0x00000000a7600000, 0x00000000a7600000| Untracked 
|  83|0x00000000a7700000, 0x00000000a7700000, 0x00000000a7800000|  0%| F|  |TAMS 0x00000000a7700000, 0x00000000a7700000| Untracked 
|  84|0x00000000a7800000, 0x00000000a7800000, 0x00000000a7900000|  0%| F|  |TAMS 0x00000000a7800000, 0x00000000a7800000| Untracked 
|  85|0x00000000a7900000, 0x00000000a7900000, 0x00000000a7a00000|  0%| F|  |TAMS 0x00000000a7900000, 0x00000000a7900000| Untracked 
|  86|0x00000000a7a00000, 0x00000000a7a00000, 0x00000000a7b00000|  0%| F|  |TAMS 0x00000000a7a00000, 0x00000000a7a00000| Untracked 
|  87|0x00000000a7b00000, 0x00000000a7b00000, 0x00000000a7c00000|  0%| F|  |TAMS 0x00000000a7b00000, 0x00000000a7b00000| Untracked 
|  88|0x00000000a7c00000, 0x00000000a7cf64a8, 0x00000000a7d00000| 96%| E|  |TAMS 0x00000000a7c00000, 0x00000000a7c00000| Complete 
|  89|0x00000000a7d00000, 0x00000000a7e00000, 0x00000000a7e00000|100%| E|CS|TAMS 0x00000000a7d00000, 0x00000000a7d00000| Complete 
|  90|0x00000000a7e00000, 0x00000000a7f00000, 0x00000000a7f00000|100%| E|CS|TAMS 0x00000000a7e00000, 0x00000000a7e00000| Complete 
|  91|0x00000000a7f00000, 0x00000000a8000000, 0x00000000a8000000|100%| E|CS|TAMS 0x00000000a7f00000, 0x00000000a7f00000| Complete 
|  92|0x00000000a8000000, 0x00000000a8100000, 0x00000000a8100000|100%| E|  |TAMS 0x00000000a8000000, 0x00000000a8000000| Complete 
|  93|0x00000000a8100000, 0x00000000a8200000, 0x00000000a8200000|100%| E|CS|TAMS 0x00000000a8100000, 0x00000000a8100000| Complete 

Card table byte_map: [0x000002286aeb0000,0x000002286b1a0000] _byte_map_base: 0x000002286a99e000

Marking Bits (Prev, Next): (CMBitMap*) 0x000002285336d528, (CMBitMap*) 0x000002285336d560
 Prev Bits: [0x000002286b490000, 0x000002286cc00000)
 Next Bits: [0x000002286cc00000, 0x000002286e370000)

Polling page: 0x0000022852af0000

Metaspace:

Usage:
  Non-class:      5.30 MB capacity,     5.25 MB (>99%) used,    47.34 KB ( <1%) free+waste,     3.75 KB ( <1%) overhead. 
      Class:    540.00 KB capacity,   516.52 KB ( 96%) used,    21.66 KB (  4%) free+waste,     1.81 KB ( <1%) overhead. 
       Both:      5.83 MB capacity,     5.75 MB ( 99%) used,    69.01 KB (  1%) free+waste,     5.56 KB ( <1%) overhead. 

Virtual space:
  Non-class space:       12.00 MB reserved,       5.50 MB ( 46%) committed 
      Class space:        1.00 GB reserved,     640.00 KB ( <1%) committed 
             Both:        1.01 GB reserved,       6.13 MB ( <1%) committed 

Chunk freelists:
   Non-Class:  1.63 KB
       Class:  512 bytes
        Both:  2.13 KB

CodeHeap 'non-profiled nmethods': size=120000Kb used=90Kb max_used=90Kb free=119910Kb
 bounds [0x0000022863110000, 0x0000022863380000, 0x000002286a640000]
CodeHeap 'profiled nmethods': size=120000Kb used=376Kb max_used=376Kb free=119624Kb
 bounds [0x000002285bbe0000, 0x000002285be50000, 0x0000022863110000]
CodeHeap 'non-nmethods': size=5760Kb used=1051Kb max_used=1067Kb free=4708Kb
 bounds [0x000002285b640000, 0x000002285b8b0000, 0x000002285bbe0000]
 total_blobs=736 nmethods=273 adapters=250
 compilation: enabled
              stopped_count=0, restarted_count=0
 full_count=0

Compilation events (10 events):
Event: 0.250 Thread 0x0000022871973000  269       3       java.lang.CharacterDataLatin1::isJavaIdentifierPart (20 bytes)
Event: 0.251 Thread 0x0000022871973000 nmethod 269 0x000002285bc3c490 code [0x000002285bc3c660, 0x000002285bc3c8b8]
Event: 0.253 Thread 0x0000022871973000  272       3       java.util.HashMap$KeyIterator::next (8 bytes)
Event: 0.253 Thread 0x0000022871973000 nmethod 272 0x000002285bc3ca10 code [0x000002285bc3cbc0, 0x000002285bc3cd50]
Event: 0.253 Thread 0x0000022871973000  273       3       java.util.HashMap$HashIterator::hasNext (13 bytes)
Event: 0.253 Thread 0x0000022871973000 nmethod 273 0x000002285bc3ce10 code [0x000002285bc3cfc0, 0x000002285bc3d178]
Event: 0.254 Thread 0x0000022871973000  274       3       java.lang.StringBuilder::append (8 bytes)
Event: 0.254 Thread 0x0000022871973000 nmethod 274 0x000002285bc3d210 code [0x000002285bc3d3c0, 0x000002285bc3d570]
Event: 0.254 Thread 0x0000022871973000  275       3       java.lang.AbstractStringBuilder::append (45 bytes)
Event: 0.255 Thread 0x0000022871973000 nmethod 275 0x000002285bc3d610 code [0x000002285bc3d840, 0x000002285bc3ddc0]

GC Heap History (0 events):
No events

Deoptimization events (3 events):
Event: 0.229 Thread 0x0000022853332800 Uncommon trap: reason=unstable_if action=reinterpret pc=0x000002286311b040 method=java.lang.StringLatin1.lastIndexOf([BI[BII)I @ 32 c2
Event: 0.239 Thread 0x0000022853332800 Uncommon trap: reason=unstable_if action=reinterpret pc=0x00000228631201dc method=java.lang.CharacterDataLatin1.isJavaIdentifierPart(I)Z @ 11 c2
Event: 0.247 Thread 0x0000022853332800 Uncommon trap: reason=unstable_if action=reinterpret pc=0x000002286311cf20 method=java.lang.CharacterDataLatin1.isJavaIdentifierPart(I)Z @ 11 c2

Classes redefined (0 events):
No events

Internal exceptions (0 events):
No events

Events (10 events):
Event: 0.257 loading class java/nio/channels/GatheringByteChannel
Event: 0.257 loading class java/nio/channels/GatheringByteChannel done
Event: 0.257 loading class java/nio/channels/ScatteringByteChannel
Event: 0.257 loading class java/nio/channels/ScatteringByteChannel done
Event: 0.257 loading class java/nio/channels/spi/AbstractInterruptibleChannel
Event: 0.257 loading class java/nio/channels/InterruptibleChannel
Event: 0.257 loading class java/nio/channels/InterruptibleChannel done
Event: 0.257 loading class java/nio/channels/spi/AbstractInterruptibleChannel done
Event: 0.257 loading class java/nio/channels/FileChannel done
Event: 0.257 loading class sun/nio/ch/FileChannelImpl done


Dynamic libraries:
0x00007ff75aee0000 - 0x00007ff75af25000 	C:\Program Files\Java\jdk-11\bin\java.exe
0x00007fffcdf30000 - 0x00007fffce147000 	C:\WINDOWS\SYSTEM32\ntdll.dll
0x00007fffcd4d0000 - 0x00007fffcd594000 	C:\WINDOWS\System32\KERNEL32.DLL
0x00007fffcb2d0000 - 0x00007fffcb675000 	C:\WINDOWS\System32\KERNELBASE.dll
0x00007fffcc200000 - 0x00007fffcc3ae000 	C:\WINDOWS\System32\USER32.dll
0x00007fffcb2a0000 - 0x00007fffcb2c6000 	C:\WINDOWS\System32\win32u.dll
0x00007fffcd5a0000 - 0x00007fffcd5c9000 	C:\WINDOWS\System32\GDI32.dll
0x00007fffcb7b0000 - 0x00007fffcb8c9000 	C:\WINDOWS\System32\gdi32full.dll
0x00007fffcbbe0000 - 0x00007fffcbc7a000 	C:\WINDOWS\System32\msvcp_win.dll
0x00007fffcba40000 - 0x00007fffcbb51000 	C:\WINDOWS\System32\ucrtbase.dll
0x00007fffac620000 - 0x00007fffac8b3000 	C:\WINDOWS\WinSxS\amd64_microsoft.windows.common-controls_6595b64144ccf1df_6.0.22621.2506_none_270c5ae97388e100\COMCTL32.dll
0x00007fffcd1f0000 - 0x00007fffcd297000 	C:\WINDOWS\System32\msvcrt.dll
0x00007fffcbda0000 - 0x00007fffcbdd1000 	C:\WINDOWS\System32\IMM32.DLL
0x00007fffbfae0000 - 0x00007fffbfaf6000 	C:\Program Files\Java\jdk-11\bin\vcruntime140.dll
0x00007fff8eb10000 - 0x00007fff8ebba000 	C:\Program Files\Java\jdk-11\bin\msvcp140.dll
0x00007fff192a0000 - 0x00007fff19de1000 	C:\Program Files\Java\jdk-11\bin\server\jvm.dll
0x00007fffcdd50000 - 0x00007fffcde01000 	C:\WINDOWS\System32\ADVAPI32.dll
0x00007fffcd5d0000 - 0x00007fffcd676000 	C:\WINDOWS\System32\sechost.dll
0x00007fffcdbb0000 - 0x00007fffcdcc7000 	C:\WINDOWS\System32\RPCRT4.dll
0x00007fffcbc80000 - 0x00007fffcbc88000 	C:\WINDOWS\System32\PSAPI.DLL
0x00007fffb8aa0000 - 0x00007fffb8aa9000 	C:\WINDOWS\SYSTEM32\WSOCK32.dll
0x00007fffc5c90000 - 0x00007fffc5cc4000 	C:\WINDOWS\SYSTEM32\WINMM.dll
0x00007fffc02a0000 - 0x00007fffc02aa000 	C:\WINDOWS\SYSTEM32\VERSION.dll
0x00007fffcdcd0000 - 0x00007fffcdd41000 	C:\WINDOWS\System32\WS2_32.dll
0x00007fffca310000 - 0x00007fffca328000 	C:\WINDOWS\SYSTEM32\kernel.appcore.dll
0x00007fff97f10000 - 0x00007fff97f21000 	C:\Program Files\Java\jdk-11\bin\verify.dll
0x00007fffc8c50000 - 0x00007fffc8e83000 	C:\WINDOWS\SYSTEM32\DBGHELP.DLL
0x00007fffccc20000 - 0x00007fffccfa9000 	C:\WINDOWS\System32\combase.dll
0x00007fffcde10000 - 0x00007fffcdee7000 	C:\WINDOWS\System32\OLEAUT32.dll
0x00007fffb5e30000 - 0x00007fffb5e62000 	C:\WINDOWS\SYSTEM32\dbgcore.DLL
0x00007fffcbb60000 - 0x00007fffcbbda000 	C:\WINDOWS\System32\bcryptPrimitives.dll
0x00007fff8eae0000 - 0x00007fff8eb08000 	C:\Program Files\Java\jdk-11\bin\java.dll
0x00007fffa7bd0000 - 0x00007fffa7bff000 	C:\Program Files\Java\jdk-11\bin\instrument.dll
0x00007fff8eac0000 - 0x00007fff8ead6000 	C:\Program Files\Java\jdk-11\bin\zip.dll
0x00007fffc5d10000 - 0x00007fffc5d1a000 	C:\Program Files\Java\jdk-11\bin\jimage.dll
0x00007fffcc3c0000 - 0x00007fffccc19000 	C:\WINDOWS\System32\SHELL32.dll
0x00007fffc91c0000 - 0x00007fffc9ab4000 	C:\WINDOWS\SYSTEM32\windows.storage.dll
0x00007fffc9080000 - 0x00007fffc91be000 	C:\WINDOWS\SYSTEM32\wintypes.dll
0x00007fffcc0a0000 - 0x00007fffcc193000 	C:\WINDOWS\System32\SHCORE.dll
0x00007fffcbde0000 - 0x00007fffcbe3e000 	C:\WINDOWS\System32\shlwapi.dll
0x00007fffcb1d0000 - 0x00007fffcb1f6000 	C:\WINDOWS\SYSTEM32\profapi.dll
0x00007fff24820000 - 0x00007fff24839000 	C:\Program Files\Java\jdk-11\bin\net.dll
0x00007fffc6ac0000 - 0x00007fffc6bf7000 	C:\WINDOWS\SYSTEM32\WINHTTP.dll
0x00007fffca810000 - 0x00007fffca879000 	C:\WINDOWS\system32\mswsock.dll
0x00007fff23d10000 - 0x00007fff23d23000 	C:\Program Files\Java\jdk-11\bin\nio.dll

dbghelp: loaded successfully - version: 4.0.5 - missing functions: none
symbol engine: initialized successfully - sym options: 0x614 - pdb path: .;C:\Program Files\Java\jdk-11\bin;C:\WINDOWS\SYSTEM32;C:\WINDOWS\WinSxS\amd64_microsoft.windows.common-controls_6595b64144ccf1df_6.0.22621.2506_none_270c5ae97388e100;C:\Program Files\Java\jdk-11\bin\server

VM Arguments:
jvm_args: -javaagent:C:\Program Files\JetBrains\IntelliJ IDEA Community Edition 2022.2.2\lib\idea_rt.jar=51928:C:\Program Files\JetBrains\IntelliJ IDEA Community Edition 2022.2.2\bin -Dfile.encoding=UTF-8 --module-path=C:\Users\dzang\.m2\repository\org\openjfx\javafx-graphics\17.0.2\javafx-graphics-17.0.2-win.jar;C:\Users\dzang\.m2\repository\org\openjfx\javafx-controls\17.0.2\javafx-controls-17.0.2-win.jar;C:\Users\dzang\.m2\repository\org\openjfx\javafx-base\17.0.2\javafx-base-17.0.2-win.jar;C:\Users\dzang\IdeaProjects\FinalProjectSoftware\target\classes;C:\Users\dzang\.m2\repository\org\openjfx\javafx-fxml\17.0.2\javafx-fxml-17.0.2-win.jar -Djdk.module.main=com.example.finalprojectsoftware 
java_command: com.example.finalprojectsoftware/com.example.finalprojectsoftware.HelloApplication
java_class_path (initial): C:\Users\dzang\.m2\repository\org\openjfx\javafx-controls\17.0.2\javafx-controls-17.0.2.jar;C:\Users\dzang\.m2\repository\org\openjfx\javafx-graphics\17.0.2\javafx-graphics-17.0.2.jar;C:\Users\dzang\.m2\repository\org\openjfx\javafx-base\17.0.2\javafx-base-17.0.2.jar;C:\Users\dzang\.m2\repository\org\openjfx\javafx-fxml\17.0.2\javafx-fxml-17.0.2.jar;C:\Users\dzang\.m2\repository\org\postgresql\postgresql\42.6.0\postgresql-42.6.0.jar;C:\Users\dzang\.m2\repository\org\checkerframework\checker-qual\3.31.0\checker-qual-3.31.0.jar
Launcher Type: SUN_STANDARD

[Global flags]
     intx CICompilerCount                          = 4                                         {product} {ergonomic}
     uint ConcGCThreads                            = 3                                         {product} {ergonomic}
     uint G1ConcRefinementThreads                  = 10                                        {product} {ergonomic}
   size_t G1HeapRegionSize                         = 1048576                                   {product} {ergonomic}
    uintx GCDrainStackTargetSize                   = 64                                        {product} {ergonomic}
   size_t InitialHeapSize                          = 98566144                                  {product} {ergonomic}
   size_t MarkStackSize                            = 4194304                                   {product} {ergonomic}
   size_t MaxHeapSize                              = 1572864000                                {product} {ergonomic}
   size_t MaxNewSize                               = 943718400                                 {product} {ergonomic}
   size_t MinHeapDeltaBytes                        = 1048576                                   {product} {ergonomic}
    uintx NonNMethodCodeHeapSize                   = 5835340                                {pd product} {ergonomic}
    uintx NonProfiledCodeHeapSize                  = 122911450                              {pd product} {ergonomic}
    uintx ProfiledCodeHeapSize                     = 122911450                              {pd product} {ergonomic}
    uintx ReservedCodeCacheSize                    = 251658240                              {pd product} {ergonomic}
     bool SegmentedCodeCache                       = true                                      {product} {ergonomic}
     bool UseCompressedClassPointers               = true                                 {lp64_product} {ergonomic}
     bool UseCompressedOops                        = true                                 {lp64_product} {ergonomic}
     bool UseG1GC                                  = true                                      {product} {ergonomic}
     bool UseLargePagesIndividualAllocation        = false                                  {pd product} {ergonomic}

Logging:
Log output configuration:
 #0: stdout all=warning uptime,level,tags
 #1: stderr all=off uptime,level,tags

Environment Variables:
JAVA_HOME=C:\Program Files\Java\jdk-11
PATH=C:\Program Files\Common Files\Oracle\Java\javapath;C:\Program Files (x86)\Common Files\Oracle\Java\javapath;C:\WINDOWS\system32;C:\WINDOWS;C:\WINDOWS\System32\Wbem;C:\WINDOWS\System32\WindowsPowerShell\v1.0\;C:\WINDOWS\System32\OpenSSH\;C:\Program Files\nodejs\;C:\MinGW\bin;C:\Users\dzang\AppData\Local\Programs\Python\Python311\Scripts\;C:\Users\dzang\AppData\Local\Programs\Python\Python311\;C:\Program Files\MySQL\MySQL Shell 8.0\bin\;C:\Users\dzang\AppData\Local\Microsoft\WindowsApps;C:\Users\dzang\AppData\Roaming\npm;C:\Users\dzang\AppData\Local\Programs\Microsoft VS Code\bin
USERNAME=dzang
OS=Windows_NT
PROCESSOR_IDENTIFIER=AMD64 Family 25 Model 80 Stepping 0, AuthenticAMD



---------------  S Y S T E M  ---------------

OS: Windows 10 , 64 bit Build 22621 (10.0.22621.2506)

CPU:total 12 (initial active 12) (12 cores per cpu, 2 threads per core) family 25 model 80 stepping 0, cmov, cx8, fxsr, mmx, sse, sse2, sse3, ssse3, sse4.1, sse4.2, popcnt, avx, avx2, aes, clmul, erms, mmxext, 3dnowpref, lzcnt, sse4a, ht, tsc, tscinvbit, tscinv, bmi1, bmi2, adx, sha, fma

Memory: 4k page, system-wide physical 5996M (447M free)
TotalPageFile size 24428M (AvailPageFile size 0M)
current process WorkingSet (physical memory assigned to process): 47M, peak: 47M
current process commit charge ("private bytes"): 184M, peak: 184M

vm_info: OpenJDK 64-Bit Server VM (11+28) for windows-amd64 JRE (11+28), built on Aug 23 2018 03:04:58 by "mach5one" with MS VC++ 15.5 (VS2017)

END.
