#
# There is insufficient memory for the Java Runtime Environment to continue.
# Native memory allocation (mmap) failed to map 41943040 bytes for Failed to commit area from 0x00000000aec00000 to 0x00000000b1400000 of length 41943040.
# Possible reasons:
#   The system is out of physical RAM or swap space
#   The process is running with CompressedOops enabled, and the Java Heap may be blocking the growth of the native heap
# Possible solutions:
#   Reduce memory load on the system
#   Increase physical memory or swap space
#   Check if swap backing store is full
#   Decrease Java heap size (-Xmx/-Xms)
#   Decrease number of Java threads
#   Decrease Java thread stack sizes (-Xss)
#   Set larger code cache with -XX:ReservedCodeCacheSize=
#   JVM is running with Unscaled Compressed Oops mode in which the Java heap is
#     placed in the first 4GB address space. The Java Heap base address is the
#     maximum limit for the native heap growth. Please use -XX:HeapBaseMinAddress
#     to set the Java Heap base and to place the Java Heap above 4GB virtual address.
# This output file may be truncated or incomplete.
#
#  Out of Memory Error (t:/workspace/open/src/hotspot/os/windows/os_windows.cpp:3269), pid=15184, tid=29372
#
# JRE version: OpenJDK Runtime Environment (11.0+28) (build 11+28)
# Java VM: OpenJDK 64-Bit Server VM (11+28, mixed mode, tiered, compressed oops, g1 gc, windows-amd64)
# No core dump will be written. Minidumps are not enabled by default on client versions of Windows
#

---------------  S U M M A R Y ------------

Command Line: -javaagent:C:\Program Files\JetBrains\IntelliJ IDEA Community Edition 2022.2.2\lib\idea_rt.jar=60110:C:\Program Files\JetBrains\IntelliJ IDEA Community Edition 2022.2.2\bin -Dfile.encoding=UTF-8 --module-path=C:\Users\dzang\.m2\repository\org\openjfx\javafx-base\17.0.2\javafx-base-17.0.2-win.jar;C:\Users\dzang\IdeaProjects\FinalProjectSoftware\target\classes;C:\Users\dzang\.m2\repository\com\google\zxing\core\3.5.2\core-3.5.2.jar;C:\Users\dzang\.m2\repository\org\openjfx\javafx-fxml\17.0.2\javafx-fxml-17.0.2-win.jar;C:\Users\dzang\.m2\repository\org\openjfx\javafx-controls\17.0.2\javafx-controls-17.0.2-win.jar;C:\Users\dzang\.m2\repository\org\openjfx\javafx-graphics\17.0.2\javafx-graphics-17.0.2-win.jar -Djdk.module.main=com.example.finalprojectsoftware com.example.finalprojectsoftware/com.example.finalprojectsoftware.HelloApplication

Host: AMD Ryzen 5 5600H with Radeon Graphics         , 12 cores, 5G,  Windows 10 , 64 bit Build 22621 (10.0.22621.2506)
Time: Sun Dec 17 14:32:30 2023 Центральная Азия (зима) elapsed time: 41 seconds (0d 0h 0m 41s)

---------------  T H R E A D  ---------------

Current thread (0x0000021cf5b6b000):  VMThread "VM Thread" [stack: 0x0000003480d00000,0x0000003480e00000] [id=29372]

Stack: [0x0000003480d00000,0x0000003480e00000]
[error occurred during error reporting (printing stack bounds), id 0xc0000005, EXCEPTION_ACCESS_VIOLATION (0xc0000005) at pc=0x0000021ce0220bad]

Native frames: (J=compiled Java code, j=interpreted, Vv=VM code, C=native code)
V  [jvm.dll+0x63adaa]
V  [jvm.dll+0x77852f]
V  [jvm.dll+0x779b18]
V  [jvm.dll+0x77a135]
V  [jvm.dll+0x77a0eb]
V  [jvm.dll+0x63a4a6]
V  [jvm.dll+0x63a878]
C  [ntdll.dll+0xa441f]
C  [ntdll.dll+0x1e466]
C  [ntdll.dll+0xa340e]
C  0x0000021ce0220bad

VM_Operation (0x0000003481ef9100): G1CollectForAllocation, mode: safepoint, requested by thread 0x0000021cf75a0800


---------------  P R O C E S S  ---------------

Threads class SMR info:
_java_thread_list=0x0000021c80587410, length=19, elements={
0x0000021cd7f14800, 0x0000021cf5b93800, 0x0000021cf5b9c800, 0x0000021cf6533000,
0x0000021cf5bb3000, 0x0000021cf5bb5000, 0x0000021cf5bb8800, 0x0000021cf5bc5800,
0x0000021cf5b29800, 0x0000021cf6d09000, 0x0000021cf6797800, 0x0000021cf67af800,
0x0000021cf7579000, 0x0000021cf75a0800, 0x0000021cf7542000, 0x0000021cf7842000,
0x0000021cf798d800, 0x0000021c80938800, 0x0000021cf75c5000
}

Java Threads: ( => current thread )
  0x0000021cd7f14800 JavaThread "main" [_thread_blocked, id=9392, stack(0x0000003480700000,0x0000003480800000)]
  0x0000021cf5b93800 JavaThread "Reference Handler" daemon [_thread_blocked, id=35892, stack(0x0000003480e00000,0x0000003480f00000)]
  0x0000021cf5b9c800 JavaThread "Finalizer" daemon [_thread_blocked, id=4024, stack(0x0000003480f00000,0x0000003481000000)]
  0x0000021cf6533000 JavaThread "Signal Dispatcher" daemon [_thread_blocked, id=5740, stack(0x0000003481000000,0x0000003481100000)]
  0x0000021cf5bb3000 JavaThread "Attach Listener" daemon [_thread_blocked, id=16104, stack(0x0000003481100000,0x0000003481200000)]
  0x0000021cf5bb5000 JavaThread "C2 CompilerThread0" daemon [_thread_blocked, id=23632, stack(0x0000003481200000,0x0000003481300000)]
  0x0000021cf5bb8800 JavaThread "C1 CompilerThread0" daemon [_thread_blocked, id=12252, stack(0x0000003481300000,0x0000003481400000)]
  0x0000021cf5bc5800 JavaThread "Sweeper thread" daemon [_thread_blocked, id=32792, stack(0x0000003481400000,0x0000003481500000)]
  0x0000021cf5b29800 JavaThread "Common-Cleaner" daemon [_thread_blocked, id=9552, stack(0x0000003481500000,0x0000003481600000)]
  0x0000021cf6d09000 JavaThread "Monitor Ctrl-Break" daemon [_thread_in_native, id=26156, stack(0x0000003481800000,0x0000003481900000)]
  0x0000021cf6797800 JavaThread "Service Thread" daemon [_thread_blocked, id=15740, stack(0x0000003481900000,0x0000003481a00000)]
  0x0000021cf67af800 JavaThread "QuantumRenderer-0" daemon [_thread_blocked, id=28728, stack(0x0000003481700000,0x0000003481800000)]
  0x0000021cf7579000 JavaThread "InvokeLaterDispatcher" daemon [_thread_blocked, id=27836, stack(0x0000003481d00000,0x0000003481e00000)]
  0x0000021cf75a0800 JavaThread "JavaFX Application Thread" [_thread_blocked, id=35884, stack(0x0000003481e00000,0x0000003481f00000)]
  0x0000021cf7542000 JavaThread "JavaFX-Launcher" [_thread_blocked, id=33396, stack(0x0000003482800000,0x0000003482900000)]
  0x0000021cf7842000 JavaThread "Thread-2" daemon [_thread_blocked, id=33188, stack(0x0000003482700000,0x0000003482800000)]
  0x0000021cf798d800 JavaThread "Prism Font Disposer" daemon [_thread_blocked, id=960, stack(0x0000003482e00000,0x0000003482f00000)]
  0x0000021c80938800 JavaThread "Cleaner-0" daemon [_thread_blocked, id=36368, stack(0x0000003483600000,0x0000003483700000)]
  0x0000021cf75c5000 JavaThread "PostgreSQL-JDBC-Cleaner" daemon [_thread_blocked, id=36296, stack(0x0000003483900000,0x0000003483a00000)]

Other Threads:
=>0x0000021cf5b6b000 VMThread "VM Thread" [stack: 0x0000003480d00000,0x0000003480e00000] [id=29372]
  0x0000021cf688e800 WatcherThread [stack: 0x0000003481a00000,0x0000003481b00000] [id=25912]
  0x0000021cd7f2c800 GCTaskThread "GC Thread#0" [stack: 0x0000003480800000,0x0000003480900000] [id=35848]
  0x0000021cf7701800 GCTaskThread "GC Thread#1" [stack: 0x0000003482900000,0x0000003482a00000] [id=36460]
  0x0000021cf7702800 GCTaskThread "GC Thread#2" [stack: 0x0000003482a00000,0x0000003482b00000] [id=16488]
  0x0000021cf7703000 GCTaskThread "GC Thread#3" [stack: 0x0000003482b00000,0x0000003482c00000] [id=10132]
  0x0000021cf7703800 GCTaskThread "GC Thread#4" [stack: 0x0000003482c00000,0x0000003482d00000] [id=28208]
  0x0000021cf77f7800 GCTaskThread "GC Thread#5" [stack: 0x0000003482d00000,0x0000003482e00000] [id=20532]
  0x0000021cd7f53800 ConcurrentGCThread "G1 Main Marker" [stack: 0x0000003480900000,0x0000003480a00000] [id=30788]
  0x0000021cd7f55000 ConcurrentGCThread "G1 Conc#0" [stack: 0x0000003480a00000,0x0000003480b00000] [id=36840]
  0x0000021c802dc000 ConcurrentGCThread "G1 Conc#1" [stack: 0x0000003483000000,0x0000003483100000] [id=18600]
  0x0000021c802de800 ConcurrentGCThread "G1 Conc#2" [stack: 0x0000003483100000,0x0000003483200000] [id=1992]
  0x0000021cd7fe6800 ConcurrentGCThread "G1 Refine#0" [stack: 0x0000003480b00000,0x0000003480c00000] [id=23704]
  0x0000021cd7fe8800 ConcurrentGCThread "G1 Young RemSet Sampling" [stack: 0x0000003480c00000,0x0000003480d00000] [id=10272]

Threads with active compile tasks:

VM state:at safepoint (normal execution)

VM Mutex/Monitor currently owned by a thread:  ([mutex/lock_event])
[0x0000021cd7f11700] Threads_lock - owner thread: 0x0000021cf5b6b000
[0x0000021cd7f10e00] Heap_lock - owner thread: 0x0000021cf75a0800

Heap address: 0x00000000a2400000, size: 1500 MB, Compressed Oops mode: 32-bit
Narrow klass base: 0x0000000000000000, Narrow klass shift: 3
Compressed class space size: 1073741824 Address: 0x0000000100000000

Heap:
 garbage-first heap   total 245760K, used 123857K [0x00000000a2400000, 0x0000000100000000)
  region size 1024K, 1 young (1024K), 1 survivors (1024K)
 Metaspace       used 30262K, capacity 31355K, committed 31616K, reserved 1077248K
  class space    used 3726K, capacity 4183K, committed 4224K, reserved 1048576K
Heap Regions: E=young(eden), S=young(survivor), O=old, HS=humongous(starts), HC=humongous(continues), CS=collection set, F=free, A=archive, TAMS=top-at-mark-start (previous, next)
|   0|0x00000000a2400000, 0x00000000a2500000, 0x00000000a2500000|100%| O|  |TAMS 0x00000000a2500000, 0x00000000a2500000| Untracked 
|   1|0x00000000a2500000, 0x00000000a2600000, 0x00000000a2600000|100%| O|  |TAMS 0x00000000a2600000, 0x00000000a2600000| Untracked 
|   2|0x00000000a2600000, 0x00000000a2700000, 0x00000000a2700000|100%| O|  |TAMS 0x00000000a2700000, 0x00000000a2700000| Untracked 
|   3|0x00000000a2700000, 0x00000000a2800000, 0x00000000a2800000|100%| O|  |TAMS 0x00000000a2800000, 0x00000000a2800000| Untracked 
|   4|0x00000000a2800000, 0x00000000a2900000, 0x00000000a2900000|100%|HS|  |TAMS 0x00000000a2900000, 0x00000000a2900000| Complete 
|   5|0x00000000a2900000, 0x00000000a2a00000, 0x00000000a2a00000|100%|HC|  |TAMS 0x00000000a2a00000, 0x00000000a2a00000| Complete 
|   6|0x00000000a2a00000, 0x00000000a2b00000, 0x00000000a2b00000|100%|HS|  |TAMS 0x00000000a2b00000, 0x00000000a2b00000| Complete 
|   7|0x00000000a2b00000, 0x00000000a2c00000, 0x00000000a2c00000|100%|HC|  |TAMS 0x00000000a2c00000, 0x00000000a2c00000| Complete 
|   8|0x00000000a2c00000, 0x00000000a2d00000, 0x00000000a2d00000|100%|HS|  |TAMS 0x00000000a2d00000, 0x00000000a2d00000| Complete 
|   9|0x00000000a2d00000, 0x00000000a2e00000, 0x00000000a2e00000|100%|HC|  |TAMS 0x00000000a2e00000, 0x00000000a2e00000| Complete 
|  10|0x00000000a2e00000, 0x00000000a2f00000, 0x00000000a2f00000|100%|HS|  |TAMS 0x00000000a2f00000, 0x00000000a2f00000| Complete 
|  11|0x00000000a2f00000, 0x00000000a3000000, 0x00000000a3000000|100%|HC|  |TAMS 0x00000000a3000000, 0x00000000a3000000| Complete 
|  12|0x00000000a3000000, 0x00000000a3100000, 0x00000000a3100000|100%|HS|  |TAMS 0x00000000a3100000, 0x00000000a3100000| Complete 
|  13|0x00000000a3100000, 0x00000000a3200000, 0x00000000a3200000|100%|HS|  |TAMS 0x00000000a3200000, 0x00000000a3200000| Complete 
|  14|0x00000000a3200000, 0x00000000a3300000, 0x00000000a3300000|100%|HC|  |TAMS 0x00000000a3300000, 0x00000000a3300000| Complete 
|  15|0x00000000a3300000, 0x00000000a3400000, 0x00000000a3400000|100%|HS|  |TAMS 0x00000000a3400000, 0x00000000a3400000| Complete 
|  16|0x00000000a3400000, 0x00000000a3500000, 0x00000000a3500000|100%|HC|  |TAMS 0x00000000a3500000, 0x00000000a3500000| Complete 
|  17|0x00000000a3500000, 0x00000000a3600000, 0x00000000a3600000|100%|HC|  |TAMS 0x00000000a3600000, 0x00000000a3600000| Complete 
|  18|0x00000000a3600000, 0x00000000a3700000, 0x00000000a3700000|100%|HC|  |TAMS 0x00000000a3700000, 0x00000000a3700000| Complete 
|  19|0x00000000a3700000, 0x00000000a3800000, 0x00000000a3800000|100%|HC|  |TAMS 0x00000000a3800000, 0x00000000a3800000| Complete 
|  20|0x00000000a3800000, 0x00000000a3900000, 0x00000000a3900000|100%|HC|  |TAMS 0x00000000a3900000, 0x00000000a3900000| Complete 
|  21|0x00000000a3900000, 0x00000000a3a00000, 0x00000000a3a00000|100%|HC|  |TAMS 0x00000000a3a00000, 0x00000000a3a00000| Complete 
|  22|0x00000000a3a00000, 0x00000000a3b00000, 0x00000000a3b00000|100%|HC|  |TAMS 0x00000000a3b00000, 0x00000000a3b00000| Complete 
|  23|0x00000000a3b00000, 0x00000000a3c00000, 0x00000000a3c00000|100%|HC|  |TAMS 0x00000000a3c00000, 0x00000000a3c00000| Complete 
|  24|0x00000000a3c00000, 0x00000000a3d00000, 0x00000000a3d00000|100%|HC|  |TAMS 0x00000000a3d00000, 0x00000000a3d00000| Complete 
|  25|0x00000000a3d00000, 0x00000000a3e00000, 0x00000000a3e00000|100%|HC|  |TAMS 0x00000000a3e00000, 0x00000000a3e00000| Complete 
|  26|0x00000000a3e00000, 0x00000000a3f00000, 0x00000000a3f00000|100%|HC|  |TAMS 0x00000000a3f00000, 0x00000000a3f00000| Complete 
|  27|0x00000000a3f00000, 0x00000000a4000000, 0x00000000a4000000|100%|HC|  |TAMS 0x00000000a4000000, 0x00000000a4000000| Complete 
|  28|0x00000000a4000000, 0x00000000a4100000, 0x00000000a4100000|100%|HC|  |TAMS 0x00000000a4100000, 0x00000000a4100000| Complete 
|  29|0x00000000a4100000, 0x00000000a4200000, 0x00000000a4200000|100%|HC|  |TAMS 0x00000000a4200000, 0x00000000a4200000| Complete 
|  30|0x00000000a4200000, 0x00000000a4300000, 0x00000000a4300000|100%|HC|  |TAMS 0x00000000a4300000, 0x00000000a4300000| Complete 
|  31|0x00000000a4300000, 0x00000000a4400000, 0x00000000a4400000|100%|HC|  |TAMS 0x00000000a4400000, 0x00000000a4400000| Complete 
|  32|0x00000000a4400000, 0x00000000a4500000, 0x00000000a4500000|100%|HS|  |TAMS 0x00000000a4500000, 0x00000000a4500000| Complete 
|  33|0x00000000a4500000, 0x00000000a4600000, 0x00000000a4600000|100%|HC|  |TAMS 0x00000000a4600000, 0x00000000a4600000| Complete 
|  34|0x00000000a4600000, 0x00000000a4700000, 0x00000000a4700000|100%|HS|  |TAMS 0x00000000a4700000, 0x00000000a4700000| Complete 
|  35|0x00000000a4700000, 0x00000000a4800000, 0x00000000a4800000|100%|HC|  |TAMS 0x00000000a4800000, 0x00000000a4800000| Complete 
|  36|0x00000000a4800000, 0x00000000a4900000, 0x00000000a4900000|100%|HS|  |TAMS 0x00000000a4900000, 0x00000000a4900000| Complete 
|  37|0x00000000a4900000, 0x00000000a4a00000, 0x00000000a4a00000|100%|HC|  |TAMS 0x00000000a4a00000, 0x00000000a4a00000| Complete 
|  38|0x00000000a4a00000, 0x00000000a4b00000, 0x00000000a4b00000|100%| O|  |TAMS 0x00000000a4b00000, 0x00000000a4b00000| Untracked 
|  39|0x00000000a4b00000, 0x00000000a4c00000, 0x00000000a4c00000|100%| O|  |TAMS 0x00000000a4c00000, 0x00000000a4c00000| Untracked 
|  40|0x00000000a4c00000, 0x00000000a4d00000, 0x00000000a4d00000|100%| O|  |TAMS 0x00000000a4d00000, 0x00000000a4d00000| Untracked 
|  41|0x00000000a4d00000, 0x00000000a4e00000, 0x00000000a4e00000|100%| O|  |TAMS 0x00000000a4e00000, 0x00000000a4e00000| Untracked 
|  42|0x00000000a4e00000, 0x00000000a4f00000, 0x00000000a4f00000|100%| O|  |TAMS 0x00000000a4f00000, 0x00000000a4f00000| Untracked 
|  43|0x00000000a4f00000, 0x00000000a5000000, 0x00000000a5000000|100%| O|  |TAMS 0x00000000a5000000, 0x00000000a5000000| Untracked 
|  44|0x00000000a5000000, 0x00000000a5100000, 0x00000000a5100000|100%| O|  |TAMS 0x00000000a5100000, 0x00000000a5100000| Untracked 
|  45|0x00000000a5100000, 0x00000000a5200000, 0x00000000a5200000|100%|HS|  |TAMS 0x00000000a5200000, 0x00000000a5200000| Complete 
|  46|0x00000000a5200000, 0x00000000a5300000, 0x00000000a5300000|100%|HC|  |TAMS 0x00000000a5300000, 0x00000000a5300000| Complete 
|  47|0x00000000a5300000, 0x00000000a5400000, 0x00000000a5400000|100%|HC|  |TAMS 0x00000000a5400000, 0x00000000a5400000| Complete 
|  48|0x00000000a5400000, 0x00000000a5500000, 0x00000000a5500000|100%|HC|  |TAMS 0x00000000a5500000, 0x00000000a5500000| Complete 
|  49|0x00000000a5500000, 0x00000000a5600000, 0x00000000a5600000|100%|HC|  |TAMS 0x00000000a5600000, 0x00000000a5600000| Complete 
|  50|0x00000000a5600000, 0x00000000a5700000, 0x00000000a5700000|100%|HC|  |TAMS 0x00000000a5700000, 0x00000000a5700000| Complete 
|  51|0x00000000a5700000, 0x00000000a5800000, 0x00000000a5800000|100%|HC|  |TAMS 0x00000000a5800000, 0x00000000a5800000| Complete 
|  52|0x00000000a5800000, 0x00000000a5900000, 0x00000000a5900000|100%|HC|  |TAMS 0x00000000a5900000, 0x00000000a5900000| Complete 
|  53|0x00000000a5900000, 0x00000000a5a00000, 0x00000000a5a00000|100%|HC|  |TAMS 0x00000000a5a00000, 0x00000000a5a00000| Complete 
|  54|0x00000000a5a00000, 0x00000000a5b00000, 0x00000000a5b00000|100%|HC|  |TAMS 0x00000000a5b00000, 0x00000000a5b00000| Complete 
|  55|0x00000000a5b00000, 0x00000000a5c00000, 0x00000000a5c00000|100%|HC|  |TAMS 0x00000000a5c00000, 0x00000000a5c00000| Complete 
|  56|0x00000000a5c00000, 0x00000000a5d00000, 0x00000000a5d00000|100%|HC|  |TAMS 0x00000000a5d00000, 0x00000000a5d00000| Complete 
|  57|0x00000000a5d00000, 0x00000000a5e00000, 0x00000000a5e00000|100%|HC|  |TAMS 0x00000000a5e00000, 0x00000000a5e00000| Complete 
|  58|0x00000000a5e00000, 0x00000000a5f00000, 0x00000000a5f00000|100%|HC|  |TAMS 0x00000000a5f00000, 0x00000000a5f00000| Complete 
|  59|0x00000000a5f00000, 0x00000000a6000000, 0x00000000a6000000|100%|HC|  |TAMS 0x00000000a6000000, 0x00000000a6000000| Complete 
|  60|0x00000000a6000000, 0x00000000a6100000, 0x00000000a6100000|100%|HC|  |TAMS 0x00000000a6100000, 0x00000000a6100000| Complete 
|  61|0x00000000a6100000, 0x00000000a6200000, 0x00000000a6200000|100%|HC|  |TAMS 0x00000000a6200000, 0x00000000a6200000| Complete 
|  62|0x00000000a6200000, 0x00000000a62c2a00, 0x00000000a6300000| 76%| O|  |TAMS 0x00000000a62c0000, 0x00000000a62c2a00| Untracked 
|  63|0x00000000a6300000, 0x00000000a6400000, 0x00000000a6400000|100%|HS|  |TAMS 0x00000000a6400000, 0x00000000a6400000| Complete 
|  64|0x00000000a6400000, 0x00000000a6500000, 0x00000000a6500000|100%|HC|  |TAMS 0x00000000a6500000, 0x00000000a6500000| Complete 
|  65|0x00000000a6500000, 0x00000000a6600000, 0x00000000a6600000|100%|HS|  |TAMS 0x00000000a6600000, 0x00000000a6600000| Complete 
|  66|0x00000000a6600000, 0x00000000a6700000, 0x00000000a6700000|100%|HC|  |TAMS 0x00000000a6700000, 0x00000000a6700000| Complete 
|  67|0x00000000a6700000, 0x00000000a6800000, 0x00000000a6800000|100%|HS|  |TAMS 0x00000000a6800000, 0x00000000a6800000| Complete 
|  68|0x00000000a6800000, 0x00000000a6900000, 0x00000000a6900000|100%|HC|  |TAMS 0x00000000a6900000, 0x00000000a6900000| Complete 
|  69|0x00000000a6900000, 0x00000000a6a00000, 0x00000000a6a00000|100%|HS|  |TAMS 0x00000000a6a00000, 0x00000000a6a00000| Complete 
|  70|0x00000000a6a00000, 0x00000000a6b00000, 0x00000000a6b00000|100%|HC|  |TAMS 0x00000000a6b00000, 0x00000000a6b00000| Complete 
|  71|0x00000000a6b00000, 0x00000000a6c00000, 0x00000000a6c00000|100%|HS|  |TAMS 0x00000000a6c00000, 0x00000000a6c00000| Complete 
|  72|0x00000000a6c00000, 0x00000000a6d00000, 0x00000000a6d00000|100%|HC|  |TAMS 0x00000000a6d00000, 0x00000000a6d00000| Complete 
|  73|0x00000000a6d00000, 0x00000000a6e00000, 0x00000000a6e00000|100%|HS|  |TAMS 0x00000000a6e00000, 0x00000000a6e00000| Complete 
|  74|0x00000000a6e00000, 0x00000000a6f00000, 0x00000000a6f00000|100%|HC|  |TAMS 0x00000000a6f00000, 0x00000000a6f00000| Complete 
|  75|0x00000000a6f00000, 0x00000000a7000000, 0x00000000a7000000|100%|HS|  |TAMS 0x00000000a7000000, 0x00000000a7000000| Complete 
|  76|0x00000000a7000000, 0x00000000a7100000, 0x00000000a7100000|100%|HC|  |TAMS 0x00000000a7100000, 0x00000000a7100000| Complete 
|  77|0x00000000a7100000, 0x00000000a7200000, 0x00000000a7200000|100%|HS|  |TAMS 0x00000000a7200000, 0x00000000a7200000| Complete 
|  78|0x00000000a7200000, 0x00000000a7300000, 0x00000000a7300000|100%|HC|  |TAMS 0x00000000a7300000, 0x00000000a7300000| Complete 
|  79|0x00000000a7300000, 0x00000000a7400000, 0x00000000a7400000|100%|HS|  |TAMS 0x00000000a7400000, 0x00000000a7400000| Complete 
|  80|0x00000000a7400000, 0x00000000a7500000, 0x00000000a7500000|100%|HC|  |TAMS 0x00000000a7500000, 0x00000000a7500000| Complete 
|  81|0x00000000a7500000, 0x00000000a7600000, 0x00000000a7600000|100%|HS|  |TAMS 0x00000000a7600000, 0x00000000a7600000| Complete 
|  82|0x00000000a7600000, 0x00000000a7700000, 0x00000000a7700000|100%|HC|  |TAMS 0x00000000a7700000, 0x00000000a7700000| Complete 
|  83|0x00000000a7700000, 0x00000000a7800000, 0x00000000a7800000|100%|HS|  |TAMS 0x00000000a7800000, 0x00000000a7800000| Complete 
|  84|0x00000000a7800000, 0x00000000a7900000, 0x00000000a7900000|100%|HC|  |TAMS 0x00000000a7900000, 0x00000000a7900000| Complete 
|  85|0x00000000a7900000, 0x00000000a7a00000, 0x00000000a7a00000|100%|HS|  |TAMS 0x00000000a7a00000, 0x00000000a7a00000| Complete 
|  86|0x00000000a7a00000, 0x00000000a7b00000, 0x00000000a7b00000|100%|HC|  |TAMS 0x00000000a7b00000, 0x00000000a7b00000| Complete 
|  87|0x00000000a7b00000, 0x00000000a7c00000, 0x00000000a7c00000|100%|HS|  |TAMS 0x00000000a7c00000, 0x00000000a7c00000| Complete 
|  88|0x00000000a7c00000, 0x00000000a7d00000, 0x00000000a7d00000|100%|HC|  |TAMS 0x00000000a7d00000, 0x00000000a7d00000| Complete 
|  89|0x00000000a7d00000, 0x00000000a7e00000, 0x00000000a7e00000|100%|HS|  |TAMS 0x00000000a7e00000, 0x00000000a7e00000| Complete 
|  90|0x00000000a7e00000, 0x00000000a7f00000, 0x00000000a7f00000|100%|HC|  |TAMS 0x00000000a7f00000, 0x00000000a7f00000| Complete 
|  91|0x00000000a7f00000, 0x00000000a8000000, 0x00000000a8000000|100%|HS|  |TAMS 0x00000000a8000000, 0x00000000a8000000| Complete 
|  92|0x00000000a8000000, 0x00000000a8100000, 0x00000000a8100000|100%|HC|  |TAMS 0x00000000a8100000, 0x00000000a8100000| Complete 
|  93|0x00000000a8100000, 0x00000000a8200000, 0x00000000a8200000|100%|HS|  |TAMS 0x00000000a8200000, 0x00000000a8200000| Complete 
|  94|0x00000000a8200000, 0x00000000a8300000, 0x00000000a8300000|100%|HC|  |TAMS 0x00000000a8300000, 0x00000000a8300000| Complete 
|  95|0x00000000a8300000, 0x00000000a8400000, 0x00000000a8400000|100%|HS|  |TAMS 0x00000000a8400000, 0x00000000a8400000| Complete 
|  96|0x00000000a8400000, 0x00000000a8500000, 0x00000000a8500000|100%|HC|  |TAMS 0x00000000a8500000, 0x00000000a8500000| Complete 
|  97|0x00000000a8500000, 0x00000000a8600000, 0x00000000a8600000|100%|HS|  |TAMS 0x00000000a8600000, 0x00000000a8600000| Complete 
|  98|0x00000000a8600000, 0x00000000a8700000, 0x00000000a8700000|100%|HC|  |TAMS 0x00000000a8700000, 0x00000000a8700000| Complete 
|  99|0x00000000a8700000, 0x00000000a8800000, 0x00000000a8800000|100%|HS|  |TAMS 0x00000000a8800000, 0x00000000a8800000| Complete 
| 100|0x00000000a8800000, 0x00000000a8900000, 0x00000000a8900000|100%|HC|  |TAMS 0x00000000a8900000, 0x00000000a8900000| Complete 
| 101|0x00000000a8900000, 0x00000000a8a00000, 0x00000000a8a00000|100%|HS|  |TAMS 0x00000000a8a00000, 0x00000000a8a00000| Complete 
| 102|0x00000000a8a00000, 0x00000000a8b00000, 0x00000000a8b00000|100%|HC|  |TAMS 0x00000000a8b00000, 0x00000000a8b00000| Complete 
| 103|0x00000000a8b00000, 0x00000000a8c00000, 0x00000000a8c00000|100%|HS|  |TAMS 0x00000000a8c00000, 0x00000000a8c00000| Complete 
| 104|0x00000000a8c00000, 0x00000000a8d00000, 0x00000000a8d00000|100%|HC|  |TAMS 0x00000000a8d00000, 0x00000000a8d00000| Complete 
| 105|0x00000000a8d00000, 0x00000000a8e00000, 0x00000000a8e00000|100%|HS|  |TAMS 0x00000000a8e00000, 0x00000000a8e00000| Complete 
| 106|0x00000000a8e00000, 0x00000000a8f00000, 0x00000000a8f00000|100%|HC|  |TAMS 0x00000000a8f00000, 0x00000000a8f00000| Complete 
| 107|0x00000000a8f00000, 0x00000000a9000000, 0x00000000a9000000|100%|HS|  |TAMS 0x00000000a9000000, 0x00000000a9000000| Complete 
| 108|0x00000000a9000000, 0x00000000a9100000, 0x00000000a9100000|100%|HC|  |TAMS 0x00000000a9100000, 0x00000000a9100000| Complete 
| 109|0x00000000a9100000, 0x00000000a9200000, 0x00000000a9200000|100%|HS|  |TAMS 0x00000000a9200000, 0x00000000a9200000| Complete 
| 110|0x00000000a9200000, 0x00000000a9300000, 0x00000000a9300000|100%|HC|  |TAMS 0x00000000a9300000, 0x00000000a9300000| Complete 
| 111|0x00000000a9300000, 0x00000000a9400000, 0x00000000a9400000|100%|HS|  |TAMS 0x00000000a9400000, 0x00000000a9400000| Complete 
| 112|0x00000000a9400000, 0x00000000a9500000, 0x00000000a9500000|100%|HC|  |TAMS 0x00000000a9500000, 0x00000000a9500000| Complete 
| 113|0x00000000a9500000, 0x00000000a9600000, 0x00000000a9600000|100%|HS|  |TAMS 0x00000000a9600000, 0x00000000a9600000| Complete 
| 114|0x00000000a9600000, 0x00000000a9700000, 0x00000000a9700000|100%|HC|  |TAMS 0x00000000a9700000, 0x00000000a9700000| Complete 
| 115|0x00000000a9700000, 0x00000000a9800000, 0x00000000a9800000|100%|HS|  |TAMS 0x00000000a9800000, 0x00000000a9800000| Complete 
| 116|0x00000000a9800000, 0x00000000a9900000, 0x00000000a9900000|100%|HC|  |TAMS 0x00000000a9900000, 0x00000000a9900000| Complete 
| 117|0x00000000a9900000, 0x00000000a9900000, 0x00000000a9a00000|  0%| F|  |TAMS 0x00000000a9900000, 0x00000000a9900000| Untracked 
| 118|0x00000000a9a00000, 0x00000000a9a00000, 0x00000000a9b00000|  0%| F|  |TAMS 0x00000000a9a00000, 0x00000000a9a00000| Untracked 
| 119|0x00000000a9b00000, 0x00000000a9c00000, 0x00000000a9c00000|100%|HS|  |TAMS 0x00000000a9b00000, 0x00000000a9c00000| Complete 
| 120|0x00000000a9c00000, 0x00000000a9d00000, 0x00000000a9d00000|100%|HC|  |TAMS 0x00000000a9c00000, 0x00000000a9d00000| Complete 
| 121|0x00000000a9d00000, 0x00000000a9e00000, 0x00000000a9e00000|100%|HS|  |TAMS 0x00000000a9d00000, 0x00000000a9e00000| Complete 
| 122|0x00000000a9e00000, 0x00000000a9f00000, 0x00000000a9f00000|100%|HC|  |TAMS 0x00000000a9e00000, 0x00000000a9f00000| Complete 
| 123|0x00000000a9f00000, 0x00000000a9f00000, 0x00000000aa000000|  0%| F|  |TAMS 0x00000000a9f00000, 0x00000000a9f00000| Untracked 
| 124|0x00000000aa000000, 0x00000000aa000000, 0x00000000aa100000|  0%| F|  |TAMS 0x00000000aa000000, 0x00000000aa000000| Untracked 
| 125|0x00000000aa100000, 0x00000000aa100000, 0x00000000aa200000|  0%| F|  |TAMS 0x00000000aa100000, 0x00000000aa100000| Untracked 
| 126|0x00000000aa200000, 0x00000000aa200000, 0x00000000aa300000|  0%| F|  |TAMS 0x00000000aa200000, 0x00000000aa200000| Untracked 
| 127|0x00000000aa300000, 0x00000000aa300000, 0x00000000aa400000|  0%| F|  |TAMS 0x00000000aa300000, 0x00000000aa300000| Untracked 
| 128|0x00000000aa400000, 0x00000000aa400000, 0x00000000aa500000|  0%| F|  |TAMS 0x00000000aa400000, 0x00000000aa400000| Untracked 
| 129|0x00000000aa500000, 0x00000000aa500000, 0x00000000aa600000|  0%| F|  |TAMS 0x00000000aa500000, 0x00000000aa500000| Untracked 
| 130|0x00000000aa600000, 0x00000000aa600000, 0x00000000aa700000|  0%| F|  |TAMS 0x00000000aa600000, 0x00000000aa600000| Untracked 
| 131|0x00000000aa700000, 0x00000000aa700000, 0x00000000aa800000|  0%| F|  |TAMS 0x00000000aa700000, 0x00000000aa700000| Untracked 
| 132|0x00000000aa800000, 0x00000000aa800000, 0x00000000aa900000|  0%| F|  |TAMS 0x00000000aa800000, 0x00000000aa800000| Untracked 
| 133|0x00000000aa900000, 0x00000000aa900000, 0x00000000aaa00000|  0%| F|  |TAMS 0x00000000aa900000, 0x00000000aa900000| Untracked 
| 134|0x00000000aaa00000, 0x00000000aaa00000, 0x00000000aab00000|  0%| F|  |TAMS 0x00000000aaa00000, 0x00000000aaa00000| Untracked 
| 135|0x00000000aab00000, 0x00000000aab00000, 0x00000000aac00000|  0%| F|  |TAMS 0x00000000aab00000, 0x00000000aab00000| Untracked 
| 136|0x00000000aac00000, 0x00000000aac00000, 0x00000000aad00000|  0%| F|  |TAMS 0x00000000aac00000, 0x00000000aac00000| Untracked 
| 137|0x00000000aad00000, 0x00000000aad00000, 0x00000000aae00000|  0%| F|  |TAMS 0x00000000aad00000, 0x00000000aad00000| Untracked 
| 138|0x00000000aae00000, 0x00000000aae00000, 0x00000000aaf00000|  0%| F|  |TAMS 0x00000000aae00000, 0x00000000aae00000| Untracked 
| 139|0x00000000aaf00000, 0x00000000aaf00000, 0x00000000ab000000|  0%| F|  |TAMS 0x00000000aaf00000, 0x00000000aaf00000| Untracked 
| 140|0x00000000ab000000, 0x00000000ab000000, 0x00000000ab100000|  0%| F|  |TAMS 0x00000000ab000000, 0x00000000ab000000| Untracked 
| 141|0x00000000ab100000, 0x00000000ab100000, 0x00000000ab200000|  0%| F|  |TAMS 0x00000000ab100000, 0x00000000ab100000| Untracked 
| 142|0x00000000ab200000, 0x00000000ab200000, 0x00000000ab300000|  0%| F|  |TAMS 0x00000000ab200000, 0x00000000ab200000| Untracked 
| 143|0x00000000ab300000, 0x00000000ab300000, 0x00000000ab400000|  0%| F|  |TAMS 0x00000000ab300000, 0x00000000ab300000| Untracked 
| 144|0x00000000ab400000, 0x00000000ab400000, 0x00000000ab500000|  0%| F|  |TAMS 0x00000000ab400000, 0x00000000ab400000| Untracked 
| 145|0x00000000ab500000, 0x00000000ab500000, 0x00000000ab600000|  0%| F|  |TAMS 0x00000000ab500000, 0x00000000ab500000| Untracked 
| 146|0x00000000ab600000, 0x00000000ab600000, 0x00000000ab700000|  0%| F|  |TAMS 0x00000000ab600000, 0x00000000ab600000| Untracked 
| 147|0x00000000ab700000, 0x00000000ab700000, 0x00000000ab800000|  0%| F|  |TAMS 0x00000000ab700000, 0x00000000ab700000| Untracked 
| 148|0x00000000ab800000, 0x00000000ab800000, 0x00000000ab900000|  0%| F|  |TAMS 0x00000000ab800000, 0x00000000ab800000| Untracked 
| 149|0x00000000ab900000, 0x00000000ab900000, 0x00000000aba00000|  0%| F|  |TAMS 0x00000000ab900000, 0x00000000ab900000| Untracked 
| 150|0x00000000aba00000, 0x00000000aba00000, 0x00000000abb00000|  0%| F|  |TAMS 0x00000000aba00000, 0x00000000aba00000| Untracked 
| 151|0x00000000abb00000, 0x00000000abb00000, 0x00000000abc00000|  0%| F|  |TAMS 0x00000000abb00000, 0x00000000abb00000| Untracked 
| 152|0x00000000abc00000, 0x00000000abc00000, 0x00000000abd00000|  0%| F|  |TAMS 0x00000000abc00000, 0x00000000abc00000| Untracked 
| 153|0x00000000abd00000, 0x00000000abd00000, 0x00000000abe00000|  0%| F|  |TAMS 0x00000000abd00000, 0x00000000abd00000| Untracked 
| 154|0x00000000abe00000, 0x00000000abe00000, 0x00000000abf00000|  0%| F|  |TAMS 0x00000000abe00000, 0x00000000abe00000| Untracked 
| 155|0x00000000abf00000, 0x00000000abf00000, 0x00000000ac000000|  0%| F|  |TAMS 0x00000000abf00000, 0x00000000abf00000| Untracked 
| 156|0x00000000ac000000, 0x00000000ac000000, 0x00000000ac100000|  0%| F|  |TAMS 0x00000000ac000000, 0x00000000ac000000| Untracked 
| 157|0x00000000ac100000, 0x00000000ac100000, 0x00000000ac200000|  0%| F|  |TAMS 0x00000000ac100000, 0x00000000ac100000| Untracked 
| 158|0x00000000ac200000, 0x00000000ac200000, 0x00000000ac300000|  0%| F|  |TAMS 0x00000000ac200000, 0x00000000ac200000| Untracked 
| 159|0x00000000ac300000, 0x00000000ac300000, 0x00000000ac400000|  0%| F|  |TAMS 0x00000000ac300000, 0x00000000ac300000| Untracked 
| 160|0x00000000ac400000, 0x00000000ac400000, 0x00000000ac500000|  0%| F|  |TAMS 0x00000000ac400000, 0x00000000ac400000| Untracked 
| 161|0x00000000ac500000, 0x00000000ac500000, 0x00000000ac600000|  0%| F|  |TAMS 0x00000000ac500000, 0x00000000ac500000| Untracked 
| 162|0x00000000ac600000, 0x00000000ac600000, 0x00000000ac700000|  0%| F|  |TAMS 0x00000000ac600000, 0x00000000ac600000| Untracked 
| 163|0x00000000ac700000, 0x00000000ac700000, 0x00000000ac800000|  0%| F|  |TAMS 0x00000000ac700000, 0x00000000ac700000| Untracked 
| 164|0x00000000ac800000, 0x00000000ac800000, 0x00000000ac900000|  0%| F|  |TAMS 0x00000000ac800000, 0x00000000ac800000| Untracked 
| 165|0x00000000ac900000, 0x00000000ac900000, 0x00000000aca00000|  0%| F|  |TAMS 0x00000000ac900000, 0x00000000ac900000| Untracked 
| 166|0x00000000aca00000, 0x00000000aca00000, 0x00000000acb00000|  0%| F|  |TAMS 0x00000000aca00000, 0x00000000aca00000| Untracked 
| 167|0x00000000acb00000, 0x00000000acb00000, 0x00000000acc00000|  0%| F|  |TAMS 0x00000000acb00000, 0x00000000acb00000| Untracked 
| 168|0x00000000acc00000, 0x00000000acc00000, 0x00000000acd00000|  0%| F|  |TAMS 0x00000000acc00000, 0x00000000acc00000| Untracked 
| 169|0x00000000acd00000, 0x00000000acd00000, 0x00000000ace00000|  0%| F|  |TAMS 0x00000000acd00000, 0x00000000acd00000| Untracked 
| 170|0x00000000ace00000, 0x00000000ace00000, 0x00000000acf00000|  0%| F|  |TAMS 0x00000000ace00000, 0x00000000ace00000| Untracked 
| 171|0x00000000acf00000, 0x00000000acf00000, 0x00000000ad000000|  0%| F|  |TAMS 0x00000000acf00000, 0x00000000acf00000| Untracked 
| 172|0x00000000ad000000, 0x00000000ad000000, 0x00000000ad100000|  0%| F|  |TAMS 0x00000000ad000000, 0x00000000ad000000| Untracked 
| 173|0x00000000ad100000, 0x00000000ad100000, 0x00000000ad200000|  0%| F|  |TAMS 0x00000000ad100000, 0x00000000ad100000| Untracked 
| 174|0x00000000ad200000, 0x00000000ad200000, 0x00000000ad300000|  0%| F|  |TAMS 0x00000000ad200000, 0x00000000ad200000| Untracked 
| 175|0x00000000ad300000, 0x00000000ad300000, 0x00000000ad400000|  0%| F|  |TAMS 0x00000000ad300000, 0x00000000ad300000| Untracked 
| 176|0x00000000ad400000, 0x00000000ad400000, 0x00000000ad500000|  0%| F|  |TAMS 0x00000000ad400000, 0x00000000ad400000| Untracked 
| 177|0x00000000ad500000, 0x00000000ad500000, 0x00000000ad600000|  0%| F|  |TAMS 0x00000000ad500000, 0x00000000ad500000| Untracked 
| 178|0x00000000ad600000, 0x00000000ad600000, 0x00000000ad700000|  0%| F|  |TAMS 0x00000000ad600000, 0x00000000ad600000| Untracked 
| 179|0x00000000ad700000, 0x00000000ad700000, 0x00000000ad800000|  0%| F|  |TAMS 0x00000000ad700000, 0x00000000ad700000| Untracked 
| 180|0x00000000ad800000, 0x00000000ad800000, 0x00000000ad900000|  0%| F|  |TAMS 0x00000000ad800000, 0x00000000ad800000| Untracked 
| 181|0x00000000ad900000, 0x00000000ad900000, 0x00000000ada00000|  0%| F|  |TAMS 0x00000000ad900000, 0x00000000ad900000| Untracked 
| 182|0x00000000ada00000, 0x00000000ada00000, 0x00000000adb00000|  0%| F|  |TAMS 0x00000000ada00000, 0x00000000ada00000| Untracked 
| 183|0x00000000adb00000, 0x00000000adb00000, 0x00000000adc00000|  0%| F|  |TAMS 0x00000000adb00000, 0x00000000adb00000| Untracked 
| 184|0x00000000adc00000, 0x00000000adc00000, 0x00000000add00000|  0%| F|  |TAMS 0x00000000adc00000, 0x00000000adc00000| Untracked 
| 185|0x00000000add00000, 0x00000000add00000, 0x00000000ade00000|  0%| F|  |TAMS 0x00000000add00000, 0x00000000add00000| Untracked 
| 186|0x00000000ade00000, 0x00000000ade00000, 0x00000000adf00000|  0%| F|  |TAMS 0x00000000ade00000, 0x00000000ade00000| Untracked 
| 187|0x00000000adf00000, 0x00000000adf00000, 0x00000000ae000000|  0%| F|  |TAMS 0x00000000adf00000, 0x00000000adf00000| Untracked 
| 188|0x00000000ae000000, 0x00000000ae000000, 0x00000000ae100000|  0%| F|  |TAMS 0x00000000ae000000, 0x00000000ae000000| Untracked 
| 189|0x00000000ae100000, 0x00000000ae100000, 0x00000000ae200000|  0%| F|  |TAMS 0x00000000ae100000, 0x00000000ae100000| Untracked 
| 190|0x00000000ae200000, 0x00000000ae200000, 0x00000000ae300000|  0%| F|  |TAMS 0x00000000ae200000, 0x00000000ae200000| Untracked 
| 191|0x00000000ae300000, 0x00000000ae300000, 0x00000000ae400000|  0%| F|  |TAMS 0x00000000ae300000, 0x00000000ae300000| Untracked 
| 192|0x00000000ae400000, 0x00000000ae400000, 0x00000000ae500000|  0%| F|  |TAMS 0x00000000ae400000, 0x00000000ae400000| Untracked 
| 193|0x00000000ae500000, 0x00000000ae500000, 0x00000000ae600000|  0%| F|  |TAMS 0x00000000ae500000, 0x00000000ae500000| Untracked 
| 194|0x00000000ae600000, 0x00000000ae600000, 0x00000000ae700000|  0%| F|  |TAMS 0x00000000ae600000, 0x00000000ae600000| Untracked 
| 195|0x00000000ae700000, 0x00000000ae700000, 0x00000000ae800000|  0%| F|  |TAMS 0x00000000ae700000, 0x00000000ae700000| Untracked 
| 196|0x00000000ae800000, 0x00000000ae800000, 0x00000000ae900000|  0%| F|  |TAMS 0x00000000ae800000, 0x00000000ae800000| Untracked 
| 197|0x00000000ae900000, 0x00000000ae931a30, 0x00000000aea00000| 19%| S|CS|TAMS 0x00000000ae900000, 0x00000000ae900000| Complete 
| 198|0x00000000aea00000, 0x00000000aea00000, 0x00000000aeb00000|  0%| F|  |TAMS 0x00000000aea00000, 0x00000000aea00000| Untracked 
| 199|0x00000000aeb00000, 0x00000000aeb00000, 0x00000000aec00000|  0%| F|  |TAMS 0x00000000aeb00000, 0x00000000aeb00000| Untracked 

Card table byte_map: [0x0000021cefa80000,0x0000021cefd70000] _byte_map_base: 0x0000021cef56e000

Marking Bits (Prev, Next): (CMBitMap*) 0x0000021cd7f4d100, (CMBitMap*) 0x0000021cd7f4d0c8
 Prev Bits: [0x0000021cf17d0000, 0x0000021cf2f40000)
 Next Bits: [0x0000021cf0060000, 0x0000021cf17d0000)

Polling page: 0x0000021cd7680000

Metaspace:

Usage:
  Non-class:     26.54 MB capacity,    25.91 MB ( 98%) used,   512.70 KB (  2%) free+waste,   123.44 KB ( <1%) overhead. 
      Class:      4.08 MB capacity,     3.64 MB ( 89%) used,   394.02 KB (  9%) free+waste,    62.31 KB (  1%) overhead. 
       Both:     30.62 MB capacity,    29.55 MB ( 97%) used,   906.73 KB (  3%) free+waste,   185.75 KB ( <1%) overhead. 

Virtual space:
  Non-class space:       28.00 MB reserved,      26.75 MB ( 96%) committed 
      Class space:        1.00 GB reserved,       4.13 MB ( <1%) committed 
             Both:        1.03 GB reserved,      30.88 MB (  3%) committed 

Chunk freelists:
   Non-Class:  3.50 KB
       Class:  0 bytes
        Both:  3.50 KB

CodeHeap 'non-profiled nmethods': size=120000Kb used=1578Kb max_used=1737Kb free=118421Kb
 bounds [0x0000021ce7cf0000, 0x0000021ce7f60000, 0x0000021cef220000]
CodeHeap 'profiled nmethods': size=120000Kb used=7373Kb max_used=8130Kb free=112626Kb
 bounds [0x0000021ce07c0000, 0x0000021ce0fc0000, 0x0000021ce7cf0000]
CodeHeap 'non-nmethods': size=5760Kb used=1374Kb max_used=1422Kb free=4385Kb
 bounds [0x0000021ce0220000, 0x0000021ce0490000, 0x0000021ce07c0000]
 total_blobs=5629 nmethods=3548 adapters=729
 compilation: enabled
              stopped_count=0, restarted_count=0
 full_count=0

Compilation events (10 events):
Event: 41.657 Thread 0x0000021cf5bb8800 3984       1       java.net.InetAddress::holder (5 bytes)
Event: 41.657 Thread 0x0000021cf5bb8800 nmethod 3984 0x0000021ce7d2ce90 code [0x0000021ce7d2d040, 0x0000021ce7d2d158]
Event: 41.657 Thread 0x0000021cf5bb8800 3986       3       java.lang.management.ManagementFactory$PlatformMBeanFinder$$Lambda$476/0x0000000100381840::test (12 bytes)
Event: 41.657 Thread 0x0000021cf5bb8800 nmethod 3986 0x0000021ce081b790 code [0x0000021ce081b980, 0x0000021ce081bde0]
Event: 41.657 Thread 0x0000021cf5bb8800 3987       3       java.lang.management.ManagementFactory$PlatformMBeanFinder::lambda$findSingleton$5 (13 bytes)
Event: 41.657 Thread 0x0000021cf5bb8800 nmethod 3987 0x0000021ce0822610 code [0x0000021ce08227e0, 0x0000021ce0822ac0]
Event: 41.689 Thread 0x0000021cf5bb5000 3988       4       sun.security.provider.HashDrbg::addBytes (130 bytes)
Event: 41.693 Thread 0x0000021cf5bb5000 nmethod 3988 0x0000021ce7d37d10 code [0x0000021ce7d37ea0, 0x0000021ce7d38218]
Event: 41.696 Thread 0x0000021cf5bb5000 3989       4       java.io.InputStream::<init> (5 bytes)
Event: 41.697 Thread 0x0000021cf5bb5000 nmethod 3989 0x0000021ce7cf6790 code [0x0000021ce7cf6920, 0x0000021ce7cf6978]

GC Heap History (10 events):
Event: 41.575 GC heap after
{Heap after GC invocations=67 (full 0):
 garbage-first heap   total 204800K, used 113538K [0x00000000a2400000, 0x0000000100000000)
  region size 1024K, 1 young (1024K), 1 survivors (1024K)
 Metaspace       used 30254K, capacity 31354K, committed 31616K, reserved 1077248K
  class space    used 3726K, capacity 4183K, committed 4224K, reserved 1048576K
}
Event: 41.588 GC heap before
{Heap before GC invocations=68 (full 0):
 garbage-first heap   total 204800K, used 117634K [0x00000000a2400000, 0x0000000100000000)
  region size 1024K, 2 young (2048K), 1 survivors (1024K)
 Metaspace       used 30254K, capacity 31354K, committed 31616K, reserved 1077248K
  class space    used 3726K, capacity 4183K, committed 4224K, reserved 1048576K
}
Event: 41.589 GC heap after
{Heap after GC invocations=69 (full 0):
 garbage-first heap   total 204800K, used 115604K [0x00000000a2400000, 0x0000000100000000)
  region size 1024K, 1 young (1024K), 1 survivors (1024K)
 Metaspace       used 30254K, capacity 31354K, committed 31616K, reserved 1077248K
  class space    used 3726K, capacity 4183K, committed 4224K, reserved 1048576K
}
Event: 41.637 GC heap before
{Heap before GC invocations=70 (full 0):
 garbage-first heap   total 204800K, used 117652K [0x00000000a2400000, 0x0000000100000000)
  region size 1024K, 2 young (2048K), 1 survivors (1024K)
 Metaspace       used 30257K, capacity 31354K, committed 31616K, reserved 1077248K
  class space    used 3726K, capacity 4183K, committed 4224K, reserved 1048576K
}
Event: 41.637 GC heap after
{Heap after GC invocations=71 (full 0):
 garbage-first heap   total 204800K, used 117650K [0x00000000a2400000, 0x0000000100000000)
  region size 1024K, 1 young (1024K), 1 survivors (1024K)
 Metaspace       used 30257K, capacity 31354K, committed 31616K, reserved 1077248K
  class space    used 3726K, capacity 4183K, committed 4224K, reserved 1048576K
}
Event: 41.650 GC heap before
{Heap before GC invocations=72 (full 0):
 garbage-first heap   total 204800K, used 121746K [0x00000000a2400000, 0x0000000100000000)
  region size 1024K, 2 young (2048K), 1 survivors (1024K)
 Metaspace       used 30259K, capacity 31354K, committed 31616K, reserved 1077248K
  class space    used 3726K, capacity 4183K, committed 4224K, reserved 1048576K
}
Event: 41.651 GC heap after
{Heap after GC invocations=73 (full 0):
 garbage-first heap   total 204800K, used 119724K [0x00000000a2400000, 0x0000000100000000)
  region size 1024K, 1 young (1024K), 1 survivors (1024K)
 Metaspace       used 30259K, capacity 31354K, committed 31616K, reserved 1077248K
  class space    used 3726K, capacity 4183K, committed 4224K, reserved 1048576K
}
Event: 41.697 GC heap before
{Heap before GC invocations=74 (full 0):
 garbage-first heap   total 204800K, used 121772K [0x00000000a2400000, 0x0000000100000000)
  region size 1024K, 2 young (2048K), 1 survivors (1024K)
 Metaspace       used 30262K, capacity 31355K, committed 31616K, reserved 1077248K
  class space    used 3726K, capacity 4183K, committed 4224K, reserved 1048576K
}
Event: 41.698 GC heap after
{Heap after GC invocations=75 (full 0):
 garbage-first heap   total 204800K, used 121786K [0x00000000a2400000, 0x0000000100000000)
  region size 1024K, 1 young (1024K), 1 survivors (1024K)
 Metaspace       used 30262K, capacity 31355K, committed 31616K, reserved 1077248K
  class space    used 3726K, capacity 4183K, committed 4224K, reserved 1048576K
}
Event: 41.711 GC heap before
{Heap before GC invocations=76 (full 0):
 garbage-first heap   total 204800K, used 125882K [0x00000000a2400000, 0x0000000100000000)
  region size 1024K, 2 young (2048K), 1 survivors (1024K)
 Metaspace       used 30262K, capacity 31355K, committed 31616K, reserved 1077248K
  class space    used 3726K, capacity 4183K, committed 4224K, reserved 1048576K
}

Deoptimization events (10 events):
Event: 8.521 Thread 0x0000021cf67af800 Uncommon trap: reason=unstable_if action=reinterpret pc=0x0000021ce7e79b38 method=com.sun.marlin.MaskMarlinAlphaConsumer.setAndClearRelativeAlphas([I[IIII)V @ 548 c2
Event: 9.066 Thread 0x0000021cf75a0800 Uncommon trap: reason=unstable_if action=reinterpret pc=0x0000021ce7d98b20 method=java.util.WeakHashMap.expungeStaleEntries()V @ 66 c2
Event: 9.068 Thread 0x0000021cf75a0800 Uncommon trap: reason=array_check action=maybe_recompile pc=0x0000021ce7e8b404 method=javafx.css.SimpleSelector.applies(Ljavafx/css/Styleable;[Ljava/util/Set;I)Z @ 37 c2
Event: 9.069 Thread 0x0000021cf75a0800 Uncommon trap: reason=array_check action=maybe_recompile pc=0x0000021ce7e8b404 method=javafx.css.SimpleSelector.applies(Ljavafx/css/Styleable;[Ljava/util/Set;I)Z @ 37 c2
Event: 9.069 Thread 0x0000021cf75a0800 Uncommon trap: reason=array_check action=maybe_recompile pc=0x0000021ce7e8b404 method=javafx.css.SimpleSelector.applies(Ljavafx/css/Styleable;[Ljava/util/Set;I)Z @ 37 c2
Event: 9.069 Thread 0x0000021cf75a0800 Uncommon trap: reason=array_check action=maybe_recompile pc=0x0000021ce7e8b404 method=javafx.css.SimpleSelector.applies(Ljavafx/css/Styleable;[Ljava/util/Set;I)Z @ 37 c2
Event: 41.689 Thread 0x0000021cf75a0800 Uncommon trap: reason=profile_predicate action=maybe_recompile pc=0x0000021ce7d13b78 method=sun.security.provider.HashDrbg.addBytes([BI[[B)V @ 36 c2
Event: 41.689 Thread 0x0000021cf75a0800 Uncommon trap: reason=profile_predicate action=maybe_recompile pc=0x0000021ce7d13b78 method=sun.security.provider.HashDrbg.addBytes([BI[[B)V @ 36 c2
Event: 41.689 Thread 0x0000021cf75a0800 Uncommon trap: reason=profile_predicate action=maybe_recompile pc=0x0000021ce7d13b78 method=sun.security.provider.HashDrbg.addBytes([BI[[B)V @ 36 c2
Event: 41.689 Thread 0x0000021cf75a0800 Uncommon trap: reason=profile_predicate action=maybe_recompile pc=0x0000021ce7d13b78 method=sun.security.provider.HashDrbg.addBytes([BI[[B)V @ 36 c2

Classes redefined (0 events):
No events

Internal exceptions (10 events):
Event: 41.529 Thread 0x0000021cf75a0800 Exception <a 'java/lang/ClassNotFoundException'{0x00000000aeb0fc40}: sun/net/www/protocol/c/Handler> (0x00000000aeb0fc40) thrown at [t:/workspace/open/src/hotspot/share/classfile/systemDictionary.cpp, line 231]
Event: 41.574 Thread 0x0000021cf75a0800 Exception <a 'java/lang/ClassNotFoundException'{0x00000000aeb502b8}: sun/net/www/protocol/c/Handler> (0x00000000aeb502b8) thrown at [t:/workspace/open/src/hotspot/share/classfile/systemDictionary.cpp, line 231]
Event: 41.583 Thread 0x0000021cf75a0800 Exception <a 'java/lang/ClassNotFoundException'{0x00000000aeb09598}: sun/net/www/protocol/c/Handler> (0x00000000aeb09598) thrown at [t:/workspace/open/src/hotspot/share/classfile/systemDictionary.cpp, line 231]
Event: 41.588 Thread 0x0000021cf75a0800 Exception <a 'java/lang/ClassNotFoundException'{0x00000000aeb0fc18}: sun/net/www/protocol/c/Handler> (0x00000000aeb0fc18) thrown at [t:/workspace/open/src/hotspot/share/classfile/systemDictionary.cpp, line 231]
Event: 41.636 Thread 0x0000021cf75a0800 Exception <a 'java/lang/ClassNotFoundException'{0x00000000aeb502b8}: sun/net/www/protocol/c/Handler> (0x00000000aeb502b8) thrown at [t:/workspace/open/src/hotspot/share/classfile/systemDictionary.cpp, line 231]
Event: 41.644 Thread 0x0000021cf75a0800 Exception <a 'java/lang/ClassNotFoundException'{0x00000000aeb095a8}: sun/net/www/protocol/c/Handler> (0x00000000aeb095a8) thrown at [t:/workspace/open/src/hotspot/share/classfile/systemDictionary.cpp, line 231]
Event: 41.649 Thread 0x0000021cf75a0800 Exception <a 'java/lang/ClassNotFoundException'{0x00000000aeb0fc28}: sun/net/www/protocol/c/Handler> (0x00000000aeb0fc28) thrown at [t:/workspace/open/src/hotspot/share/classfile/systemDictionary.cpp, line 231]
Event: 41.696 Thread 0x0000021cf75a0800 Exception <a 'java/lang/ClassNotFoundException'{0x00000000aeb50320}: sun/net/www/protocol/c/Handler> (0x00000000aeb50320) thrown at [t:/workspace/open/src/hotspot/share/classfile/systemDictionary.cpp, line 231]
Event: 41.703 Thread 0x0000021cf75a0800 Exception <a 'java/lang/ClassNotFoundException'{0x00000000aeb095a8}: sun/net/www/protocol/c/Handler> (0x00000000aeb095a8) thrown at [t:/workspace/open/src/hotspot/share/classfile/systemDictionary.cpp, line 231]
Event: 41.710 Thread 0x0000021cf75a0800 Exception <a 'java/lang/ClassNotFoundException'{0x00000000aeb0fc28}: sun/net/www/protocol/c/Handler> (0x00000000aeb0fc28) thrown at [t:/workspace/open/src/hotspot/share/classfile/systemDictionary.cpp, line 231]

Events (10 events):
Event: 41.698 Executing VM operation: G1CollectForAllocation done
Event: 41.703 loading class sun/net/www/protocol/c/Handler
Event: 41.703 loading class sun/net/www/protocol/c/Handler done
Event: 41.704 Executing VM operation: CGC_Operation
Event: 41.705 Executing VM operation: CGC_Operation done
Event: 41.707 Executing VM operation: CGC_Operation
Event: 41.708 Executing VM operation: CGC_Operation done
Event: 41.710 loading class sun/net/www/protocol/c/Handler
Event: 41.710 loading class sun/net/www/protocol/c/Handler done
Event: 41.711 Executing VM operation: G1CollectForAllocation


Dynamic libraries:
0x00007ff706610000 - 0x00007ff706655000 	C:\Program Files\Java\jdk-11\bin\java.exe
0x00007ff9692b0000 - 0x00007ff9694c7000 	C:\WINDOWS\SYSTEM32\ntdll.dll
0x00007ff967b80000 - 0x00007ff967c44000 	C:\WINDOWS\System32\KERNEL32.DLL
0x00007ff9668d0000 - 0x00007ff966c76000 	C:\WINDOWS\System32\KERNELBASE.dll
0x00007ff9678a0000 - 0x00007ff967a4e000 	C:\WINDOWS\System32\USER32.dll
0x00007ff966fd0000 - 0x00007ff966ff6000 	C:\WINDOWS\System32\win32u.dll
0x00007ff9670e0000 - 0x00007ff967109000 	C:\WINDOWS\System32\GDI32.dll
0x00007ff966eb0000 - 0x00007ff966fc8000 	C:\WINDOWS\System32\gdi32full.dll
0x00007ff9667b0000 - 0x00007ff96684a000 	C:\WINDOWS\System32\msvcp_win.dll
0x00007ff966620000 - 0x00007ff966731000 	C:\WINDOWS\System32\ucrtbase.dll
0x00007ff94a370000 - 0x00007ff94a603000 	C:\WINDOWS\WinSxS\amd64_microsoft.windows.common-controls_6595b64144ccf1df_6.0.22621.2506_none_270c5ae97388e100\COMCTL32.dll
0x00007ff969020000 - 0x00007ff9690c7000 	C:\WINDOWS\System32\msvcrt.dll
0x00007ff968ee0000 - 0x00007ff968f11000 	C:\WINDOWS\System32\IMM32.DLL
0x00007ff957630000 - 0x00007ff957646000 	C:\Program Files\Java\jdk-11\bin\vcruntime140.dll
0x00007ff9486e0000 - 0x00007ff94878a000 	C:\Program Files\Java\jdk-11\bin\msvcp140.dll
0x00007ff91b380000 - 0x00007ff91bec1000 	C:\Program Files\Java\jdk-11\bin\server\jvm.dll
0x00007ff9691b0000 - 0x00007ff969261000 	C:\WINDOWS\System32\ADVAPI32.dll
0x00007ff967020000 - 0x00007ff9670c5000 	C:\WINDOWS\System32\sechost.dll
0x00007ff968a30000 - 0x00007ff968b47000 	C:\WINDOWS\System32\RPCRT4.dll
0x00007ff9670d0000 - 0x00007ff9670d8000 	C:\WINDOWS\System32\PSAPI.DLL
0x00007ff94ac00000 - 0x00007ff94ac09000 	C:\WINDOWS\SYSTEM32\WSOCK32.dll
0x00007ff95f390000 - 0x00007ff95f3c4000 	C:\WINDOWS\SYSTEM32\WINMM.dll
0x00007ff95df50000 - 0x00007ff95df5a000 	C:\WINDOWS\SYSTEM32\VERSION.dll
0x00007ff967180000 - 0x00007ff9671f1000 	C:\WINDOWS\System32\WS2_32.dll
0x00007ff965710000 - 0x00007ff965728000 	C:\WINDOWS\SYSTEM32\kernel.appcore.dll
0x00007ff956b20000 - 0x00007ff956b31000 	C:\Program Files\Java\jdk-11\bin\verify.dll
0x00007ff963fe0000 - 0x00007ff964213000 	C:\WINDOWS\SYSTEM32\DBGHELP.DLL
0x00007ff968b50000 - 0x00007ff968ed9000 	C:\WINDOWS\System32\combase.dll
0x00007ff9690d0000 - 0x00007ff9691a7000 	C:\WINDOWS\System32\OLEAUT32.dll
0x00007ff94eab0000 - 0x00007ff94eae2000 	C:\WINDOWS\SYSTEM32\dbgcore.DLL
0x00007ff966850000 - 0x00007ff9668ca000 	C:\WINDOWS\System32\bcryptPrimitives.dll
0x00007ff9562b0000 - 0x00007ff9562d8000 	C:\Program Files\Java\jdk-11\bin\java.dll
0x00007ff959690000 - 0x00007ff9596bf000 	C:\Program Files\Java\jdk-11\bin\instrument.dll
0x00007ff94cb30000 - 0x00007ff94cb46000 	C:\Program Files\Java\jdk-11\bin\zip.dll
0x00007ff956b10000 - 0x00007ff956b1a000 	C:\Program Files\Java\jdk-11\bin\jimage.dll
0x00007ff967e80000 - 0x00007ff9686da000 	C:\WINDOWS\System32\SHELL32.dll
0x00007ff964550000 - 0x00007ff964e46000 	C:\WINDOWS\SYSTEM32\windows.storage.dll
0x00007ff964410000 - 0x00007ff96454e000 	C:\WINDOWS\SYSTEM32\wintypes.dll
0x00007ff968f20000 - 0x00007ff969013000 	C:\WINDOWS\System32\SHCORE.dll
0x00007ff967840000 - 0x00007ff96789e000 	C:\WINDOWS\System32\shlwapi.dll
0x00007ff966550000 - 0x00007ff966576000 	C:\WINDOWS\SYSTEM32\profapi.dll
0x00007ff94cb10000 - 0x00007ff94cb29000 	C:\Program Files\Java\jdk-11\bin\net.dll
0x00007ff960b10000 - 0x00007ff960c47000 	C:\WINDOWS\SYSTEM32\WINHTTP.dll
0x00007ff965b90000 - 0x00007ff965bf9000 	C:\WINDOWS\system32\mswsock.dll
0x00007ff94caf0000 - 0x00007ff94cb03000 	C:\Program Files\Java\jdk-11\bin\nio.dll
0x00007ff95ddf0000 - 0x00007ff95de0a000 	C:\Program Files\JetBrains\IntelliJ IDEA Community Edition 2022.2.2\bin\breakgen64.dll
0x0000021cd76d0000 - 0x0000021cd76d3000 	C:\Users\dzang\.openjfx\cache\17.0.2-ea\api-ms-win-core-console-l1-1-0.dll
0x0000021cd7e90000 - 0x0000021cd7e93000 	C:\Users\dzang\.openjfx\cache\17.0.2-ea\api-ms-win-core-console-l1-2-0.dll
0x0000021cd7ea0000 - 0x0000021cd7ea3000 	C:\Users\dzang\.openjfx\cache\17.0.2-ea\api-ms-win-core-datetime-l1-1-0.dll
0x0000021cd7eb0000 - 0x0000021cd7eb3000 	C:\Users\dzang\.openjfx\cache\17.0.2-ea\api-ms-win-core-debug-l1-1-0.dll
0x0000021cd7ec0000 - 0x0000021cd7ec3000 	C:\Users\dzang\.openjfx\cache\17.0.2-ea\api-ms-win-core-errorhandling-l1-1-0.dll
0x0000021cd7ed0000 - 0x0000021cd7ed4000 	C:\Users\dzang\.openjfx\cache\17.0.2-ea\api-ms-win-core-file-l1-1-0.dll
0x0000021cd7ee0000 - 0x0000021cd7ee3000 	C:\Users\dzang\.openjfx\cache\17.0.2-ea\api-ms-win-core-file-l1-2-0.dll
0x0000021cf72f0000 - 0x0000021cf72f3000 	C:\Users\dzang\.openjfx\cache\17.0.2-ea\api-ms-win-core-file-l2-1-0.dll
0x0000021cf7300000 - 0x0000021cf7303000 	C:\Users\dzang\.openjfx\cache\17.0.2-ea\api-ms-win-core-handle-l1-1-0.dll
0x0000021cf7310000 - 0x0000021cf7313000 	C:\Users\dzang\.openjfx\cache\17.0.2-ea\api-ms-win-core-heap-l1-1-0.dll
0x0000021cf7320000 - 0x0000021cf7323000 	C:\Users\dzang\.openjfx\cache\17.0.2-ea\api-ms-win-core-interlocked-l1-1-0.dll
0x0000021cf7330000 - 0x0000021cf7333000 	C:\Users\dzang\.openjfx\cache\17.0.2-ea\api-ms-win-core-libraryloader-l1-1-0.dll
0x0000021cf7340000 - 0x0000021cf7343000 	C:\Users\dzang\.openjfx\cache\17.0.2-ea\api-ms-win-core-localization-l1-2-0.dll
0x0000021cf7350000 - 0x0000021cf7353000 	C:\Users\dzang\.openjfx\cache\17.0.2-ea\api-ms-win-core-memory-l1-1-0.dll
0x0000021cf7360000 - 0x0000021cf7363000 	C:\Users\dzang\.openjfx\cache\17.0.2-ea\api-ms-win-core-namedpipe-l1-1-0.dll
0x0000021cf7370000 - 0x0000021cf7373000 	C:\Users\dzang\.openjfx\cache\17.0.2-ea\api-ms-win-core-processenvironment-l1-1-0.dll
0x0000021cf7380000 - 0x0000021cf7383000 	C:\Users\dzang\.openjfx\cache\17.0.2-ea\api-ms-win-core-processthreads-l1-1-0.dll
0x0000021cf7390000 - 0x0000021cf7393000 	C:\Users\dzang\.openjfx\cache\17.0.2-ea\api-ms-win-core-processthreads-l1-1-1.dll
0x0000021cf73a0000 - 0x0000021cf73a3000 	C:\Users\dzang\.openjfx\cache\17.0.2-ea\api-ms-win-core-profile-l1-1-0.dll
0x0000021cf73b0000 - 0x0000021cf73b3000 	C:\Users\dzang\.openjfx\cache\17.0.2-ea\api-ms-win-core-rtlsupport-l1-1-0.dll
0x0000021cf73c0000 - 0x0000021cf73c3000 	C:\Users\dzang\.openjfx\cache\17.0.2-ea\api-ms-win-core-string-l1-1-0.dll
0x0000021cf73d0000 - 0x0000021cf73d3000 	C:\Users\dzang\.openjfx\cache\17.0.2-ea\api-ms-win-core-synch-l1-1-0.dll
0x0000021cf73e0000 - 0x0000021cf73e3000 	C:\Users\dzang\.openjfx\cache\17.0.2-ea\api-ms-win-core-synch-l1-2-0.dll
0x0000021cf73f0000 - 0x0000021cf73f3000 	C:\Users\dzang\.openjfx\cache\17.0.2-ea\api-ms-win-core-sysinfo-l1-1-0.dll
0x0000021cf7400000 - 0x0000021cf7403000 	C:\Users\dzang\.openjfx\cache\17.0.2-ea\api-ms-win-core-timezone-l1-1-0.dll
0x0000021cf7410000 - 0x0000021cf7413000 	C:\Users\dzang\.openjfx\cache\17.0.2-ea\api-ms-win-core-util-l1-1-0.dll
0x0000021cf7420000 - 0x0000021cf7423000 	C:\Users\dzang\.openjfx\cache\17.0.2-ea\api-ms-win-crt-conio-l1-1-0.dll
0x0000021cf7430000 - 0x0000021cf7434000 	C:\Users\dzang\.openjfx\cache\17.0.2-ea\api-ms-win-crt-convert-l1-1-0.dll
0x0000021cf7440000 - 0x0000021cf7443000 	C:\Users\dzang\.openjfx\cache\17.0.2-ea\api-ms-win-crt-environment-l1-1-0.dll
0x0000021cf7450000 - 0x0000021cf7453000 	C:\Users\dzang\.openjfx\cache\17.0.2-ea\api-ms-win-crt-filesystem-l1-1-0.dll
0x0000021cf7460000 - 0x0000021cf7463000 	C:\Users\dzang\.openjfx\cache\17.0.2-ea\api-ms-win-crt-heap-l1-1-0.dll
0x0000021cf7470000 - 0x0000021cf7473000 	C:\Users\dzang\.openjfx\cache\17.0.2-ea\api-ms-win-crt-locale-l1-1-0.dll
0x0000021cf7480000 - 0x0000021cf7485000 	C:\Users\dzang\.openjfx\cache\17.0.2-ea\api-ms-win-crt-math-l1-1-0.dll
0x0000021cf7490000 - 0x0000021cf7495000 	C:\Users\dzang\.openjfx\cache\17.0.2-ea\api-ms-win-crt-multibyte-l1-1-0.dll
0x0000021cf74a0000 - 0x0000021cf74b0000 	C:\Users\dzang\.openjfx\cache\17.0.2-ea\api-ms-win-crt-private-l1-1-0.dll
0x0000021cf74b0000 - 0x0000021cf74b3000 	C:\Users\dzang\.openjfx\cache\17.0.2-ea\api-ms-win-crt-process-l1-1-0.dll
0x0000021cf74c0000 - 0x0000021cf74c4000 	C:\Users\dzang\.openjfx\cache\17.0.2-ea\api-ms-win-crt-runtime-l1-1-0.dll
0x0000021cf74d0000 - 0x0000021cf74d4000 	C:\Users\dzang\.openjfx\cache\17.0.2-ea\api-ms-win-crt-stdio-l1-1-0.dll
0x0000021cf74e0000 - 0x0000021cf74e4000 	C:\Users\dzang\.openjfx\cache\17.0.2-ea\api-ms-win-crt-string-l1-1-0.dll
0x0000021cf74f0000 - 0x0000021cf74f3000 	C:\Users\dzang\.openjfx\cache\17.0.2-ea\api-ms-win-crt-time-l1-1-0.dll
0x0000021cf7500000 - 0x0000021cf7503000 	C:\Users\dzang\.openjfx\cache\17.0.2-ea\api-ms-win-crt-utility-l1-1-0.dll
0x00007ff952890000 - 0x00007ff95298c000 	C:\Users\dzang\.openjfx\cache\17.0.2-ea\ucrtbase.dll
0x00007ff959030000 - 0x00007ff95904a000 	C:\Users\dzang\.openjfx\cache\17.0.2-ea\vcruntime140.dll
0x00007ff960cc0000 - 0x00007ff960ccc000 	C:\Users\dzang\.openjfx\cache\17.0.2-ea\vcruntime140_1.dll
0x00007ff93d990000 - 0x00007ff93da1d000 	C:\Users\dzang\.openjfx\cache\17.0.2-ea\msvcp140.dll
0x00007ff957600000 - 0x00007ff95762a000 	C:\Users\dzang\.openjfx\cache\17.0.2-ea\prism_d3d.dll
0x00007ff91f220000 - 0x00007ff91f3c9000 	C:\WINDOWS\system32\d3d9.dll
0x00007ff963520000 - 0x00007ff96354b000 	C:\WINDOWS\SYSTEM32\dwmapi.dll
0x00007ff963a50000 - 0x00007ff963a86000 	C:\WINDOWS\SYSTEM32\dxcore.dll
0x00007ff9632e0000 - 0x00007ff96338b000 	C:\WINDOWS\system32\uxtheme.dll
0x00007ff95db50000 - 0x00007ff95dd0b000 	C:\WINDOWS\System32\DriverStore\FileRepository\u0387352.inf_amd64_ce4ceb13d73334be\B385477\aticfx64.dll
0x00007ff8e02d0000 - 0x00007ff8e0304000 	C:\WINDOWS\System32\DriverStore\FileRepository\u0387352.inf_amd64_ce4ceb13d73334be\B385477\atiu9p64.dll
0x00007ff8dc420000 - 0x00007ff8dd175000 	C:\WINDOWS\System32\DriverStore\FileRepository\u0387352.inf_amd64_ce4ceb13d73334be\B385477\atiumd64.dll
0x00007ff968890000 - 0x00007ff968a30000 	C:\WINDOWS\System32\ole32.dll
0x000000005a430000 - 0x000000005b357000 	C:\WINDOWS\System32\DriverStore\FileRepository\u0387352.inf_amd64_ce4ceb13d73334be\B385477\atiumd6a.dll
0x00007ff965470000 - 0x00007ff9654bd000 	C:\WINDOWS\SYSTEM32\POWRPROF.dll
0x00007ff9673c0000 - 0x00007ff967834000 	C:\WINDOWS\System32\SETUPAPI.dll
0x00007ff965450000 - 0x00007ff965463000 	C:\WINDOWS\SYSTEM32\UMPDC.dll
0x00007ff95d910000 - 0x00007ff95d945000 	C:\WINDOWS\SYSTEM32\amdihk64.dll
0x00007ff95f1a0000 - 0x00007ff95f1ea000 	C:\WINDOWS\SYSTEM32\directxdatabasehelper.dll
0x00007ff9474c0000 - 0x00007ff947502000 	C:\Users\dzang\.openjfx\cache\17.0.2-ea\glass.dll
0x00007ff968700000 - 0x00007ff9687f9000 	C:\WINDOWS\System32\COMDLG32.dll
0x00007ff967c70000 - 0x00007ff967dc0000 	C:\WINDOWS\System32\MSCTF.dll
0x00007ff9575e0000 - 0x00007ff9575f4000 	C:\Users\dzang\.openjfx\cache\17.0.2-ea\javafx_font.dll
0x00007ff962360000 - 0x00007ff9625d3000 	C:\WINDOWS\SYSTEM32\dwrite.dll
0x00007ff967dc0000 - 0x00007ff967e70000 	C:\WINDOWS\System32\clbcatq.dll
0x00007ff961bc0000 - 0x00007ff961d70000 	C:\WINDOWS\SYSTEM32\WindowsCodecs.dll
0x00007ff943d80000 - 0x00007ff943dde000 	C:\WINDOWS\system32\dataexchange.dll
0x00007ff95c960000 - 0x00007ff95cbe5000 	C:\WINDOWS\system32\twinapi.appcore.dll
0x00007ff93d2e0000 - 0x00007ff93d312000 	C:\Program Files\Common Files\Microsoft Shared\Ink\rtscom.dll
0x00007ff93c270000 - 0x00007ff93c3ba000 	C:\WINDOWS\SYSTEM32\textinputframework.dll
0x00007ff962eb0000 - 0x00007ff962fe3000 	C:\WINDOWS\SYSTEM32\CoreMessaging.dll
0x00007ff95ea00000 - 0x00007ff95ed6c000 	C:\WINDOWS\SYSTEM32\CoreUIComponents.dll
0x00007ff965de0000 - 0x00007ff965dec000 	C:\WINDOWS\SYSTEM32\CRYPTBASE.DLL
0x00007ff92d8f0000 - 0x00007ff92dd35000 	C:\WINDOWS\SYSTEM32\UIAutomationCore.DLL
0x00007ff943fd0000 - 0x00007ff94407b000 	C:\Windows\System32\OneCoreCommonProxyStub.dll
0x00007ff961d70000 - 0x00007ff96235e000 	C:\WINDOWS\SYSTEM32\d2d1.dll
0x00007ff9625e0000 - 0x00007ff962837000 	C:\WINDOWS\SYSTEM32\d3d11.dll
0x00007ff963410000 - 0x00007ff963508000 	C:\WINDOWS\SYSTEM32\dxgi.dll
0x00007ff95e010000 - 0x00007ff95e721000 	C:\WINDOWS\SYSTEM32\D3D10Warp.dll
0x00007ff965190000 - 0x00007ff965289000 	C:\WINDOWS\SYSTEM32\DNSAPI.dll
0x00007ff965120000 - 0x00007ff96514d000 	C:\WINDOWS\SYSTEM32\IPHLPAPI.DLL

dbghelp: loaded successfully - version: 4.0.5 - missing functions: none
symbol engine: initialized successfully - sym options: 0x614 - pdb path: .;C:\Program Files\Java\jdk-11\bin;C:\WINDOWS\SYSTEM32;C:\WINDOWS\WinSxS\amd64_microsoft.windows.common-controls_6595b64144ccf1df_6.0.22621.2506_none_270c5ae97388e100;C:\Program Files\Java\jdk-11\bin\server;C:\Program Files\JetBrains\IntelliJ IDEA Community Edition 2022.2.2\bin;C:\Users\dzang\.openjfx\cache\17.0.2-ea;C:\WINDOWS\System32\DriverStore\FileRepository\u0387352.inf_amd64_ce4ceb13d73334be\B385477;C:\Program Files\Common Files\Microsoft Shared\Ink;C:\Program Files\Bonjour

VM Arguments:
jvm_args: -javaagent:C:\Program Files\JetBrains\IntelliJ IDEA Community Edition 2022.2.2\lib\idea_rt.jar=60110:C:\Program Files\JetBrains\IntelliJ IDEA Community Edition 2022.2.2\bin -Dfile.encoding=UTF-8 --module-path=C:\Users\dzang\.m2\repository\org\openjfx\javafx-base\17.0.2\javafx-base-17.0.2-win.jar;C:\Users\dzang\IdeaProjects\FinalProjectSoftware\target\classes;C:\Users\dzang\.m2\repository\com\google\zxing\core\3.5.2\core-3.5.2.jar;C:\Users\dzang\.m2\repository\org\openjfx\javafx-fxml\17.0.2\javafx-fxml-17.0.2-win.jar;C:\Users\dzang\.m2\repository\org\openjfx\javafx-controls\17.0.2\javafx-controls-17.0.2-win.jar;C:\Users\dzang\.m2\repository\org\openjfx\javafx-graphics\17.0.2\javafx-graphics-17.0.2-win.jar -Djdk.module.main=com.example.finalprojectsoftware 
java_command: com.example.finalprojectsoftware/com.example.finalprojectsoftware.HelloApplication
java_class_path (initial): C:\Users\dzang\.m2\repository\org\openjfx\javafx-controls\17.0.2\javafx-controls-17.0.2.jar;C:\Users\dzang\.m2\repository\org\openjfx\javafx-graphics\17.0.2\javafx-graphics-17.0.2.jar;C:\Users\dzang\.m2\repository\org\openjfx\javafx-base\17.0.2\javafx-base-17.0.2.jar;C:\Users\dzang\.m2\repository\org\openjfx\javafx-fxml\17.0.2\javafx-fxml-17.0.2.jar;C:\Users\dzang\.m2\repository\org\postgresql\postgresql\42.6.0\postgresql-42.6.0.jar;C:\Users\dzang\.m2\repository\org\checkerframework\checker-qual\3.31.0\checker-qual-3.31.0.jar;C:\Users\dzang\.m2\repository\com\google\zxing\javase\3.5.2\javase-3.5.2.jar;C:\Users\dzang\.m2\repository\com\beust\jcommander\1.82\jcommander-1.82.jar;C:\Users\dzang\.m2\repository\com\github\jai-imageio\jai-imageio-core\1.4.0\jai-imageio-core-1.4.0.jar
Launcher Type: SUN_STANDARD

[Global flags]
     intx CICompilerCount                          = 4                                         {product} {ergonomic}
     uint ConcGCThreads                            = 3                                         {product} {ergonomic}
     uint G1ConcRefinementThreads                  = 10                                        {product} {ergonomic}
   size_t G1HeapRegionSize                         = 1048576                                   {product} {ergonomic}
    uintx GCDrainStackTargetSize                   = 64                                        {product} {ergonomic}
   size_t InitialHeapSize                          = 98566144                                  {product} {ergonomic}
   size_t MarkStackSize                            = 4194304                                   {product} {ergonomic}
   size_t MaxHeapSize                              = 1572864000                                {product} {ergonomic}
   size_t MaxNewSize                               = 943718400                                 {product} {ergonomic}
   size_t MinHeapDeltaBytes                        = 1048576                                   {product} {ergonomic}
    uintx NonNMethodCodeHeapSize                   = 5835340                                {pd product} {ergonomic}
    uintx NonProfiledCodeHeapSize                  = 122911450                              {pd product} {ergonomic}
    uintx ProfiledCodeHeapSize                     = 122911450                              {pd product} {ergonomic}
    uintx ReservedCodeCacheSize                    = 251658240                              {pd product} {ergonomic}
     bool SegmentedCodeCache                       = true                                      {product} {ergonomic}
     bool UseCompressedClassPointers               = true                                 {lp64_product} {ergonomic}
     bool UseCompressedOops                        = true                                 {lp64_product} {ergonomic}
     bool UseG1GC                                  = true                                      {product} {ergonomic}
     bool UseLargePagesIndividualAllocation        = false                                  {pd product} {ergonomic}

Logging:
Log output configuration:
 #0: stdout all=warning uptime,level,tags
 #1: stderr all=off uptime,level,tags

Environment Variables:
JAVA_HOME=C:\Program Files\Java\jdk-11
PATH=C:\Program Files\Common Files\Oracle\Java\javapath;C:\Program Files (x86)\Common Files\Oracle\Java\javapath;C:\WINDOWS\system32;C:\WINDOWS;C:\WINDOWS\System32\Wbem;C:\WINDOWS\System32\WindowsPowerShell\v1.0\;C:\WINDOWS\System32\OpenSSH\;C:\Program Files\nodejs\;C:\MinGW\bin;C:\Users\dzang\AppData\Local\Programs\Python\Python311\Scripts\;C:\Users\dzang\AppData\Local\Programs\Python\Python311\;C:\Program Files\MySQL\MySQL Shell 8.0\bin\;C:\Users\dzang\AppData\Local\Microsoft\WindowsApps;C:\Users\dzang\AppData\Roaming\npm;C:\Users\dzang\AppData\Local\Programs\Microsoft VS Code\bin
USERNAME=dzang
OS=Windows_NT
PROCESSOR_IDENTIFIER=AMD64 Family 25 Model 80 Stepping 0, AuthenticAMD



---------------  S Y S T E M  ---------------

OS: Windows 10 , 64 bit Build 22621 (10.0.22621.2506)

CPU:total 12 (initial active 12) (12 cores per cpu, 2 threads per core) family 25 model 80 stepping 0, cmov, cx8, fxsr, mmx, sse, sse2, sse3, ssse3, sse4.1, sse4.2, popcnt, avx, avx2, aes, clmul, erms, mmxext, 3dnowpref, lzcnt, sse4a, ht, tsc, tscinvbit, tscinv, bmi1, bmi2, adx, sha, fma

Memory: 4k page, system-wide physical 5996M (299M free)
TotalPageFile size 22503M (AvailPageFile size 22M)
current process WorkingSet (physical memory assigned to process): 238M, peak: 238M
current process commit charge ("private bytes"): 453M, peak: 493M

vm_info: OpenJDK 64-Bit Server VM (11+28) for windows-amd64 JRE (11+28), built on Aug 23 2018 03:04:58 by "mach5one" with MS VC++ 15.5 (VS2017)

END.
