#
# There is insufficient memory for the Java Runtime Environment to continue.
# Native memory allocation (malloc) failed to allocate 561856 bytes for Chunk::new
# Possible reasons:
#   The system is out of physical RAM or swap space
#   The process is running with CompressedOops enabled, and the Java Heap may be blocking the growth of the native heap
# Possible solutions:
#   Reduce memory load on the system
#   Increase physical memory or swap space
#   Check if swap backing store is full
#   Decrease Java heap size (-Xmx/-Xms)
#   Decrease number of Java threads
#   Decrease Java thread stack sizes (-Xss)
#   Set larger code cache with -XX:ReservedCodeCacheSize=
#   JVM is running with Unscaled Compressed Oops mode in which the Java heap is
#     placed in the first 4GB address space. The Java Heap base address is the
#     maximum limit for the native heap growth. Please use -XX:HeapBaseMinAddress
#     to set the Java Heap base and to place the Java Heap above 4GB virtual address.
# This output file may be truncated or incomplete.
#
#  Out of Memory Error (t:/workspace/open/src/hotspot/share/memory/arena.cpp:197), pid=27812, tid=13524
#
# JRE version: OpenJDK Runtime Environment (11.0+28) (build 11+28)
# Java VM: OpenJDK 64-Bit Server VM (11+28, mixed mode, tiered, compressed oops, g1 gc, windows-amd64)
# No core dump will be written. Minidumps are not enabled by default on client versions of Windows
#

---------------  S U M M A R Y ------------

Command Line: -javaagent:C:\Program Files\JetBrains\IntelliJ IDEA Community Edition 2022.2.2\lib\idea_rt.jar=56493:C:\Program Files\JetBrains\IntelliJ IDEA Community Edition 2022.2.2\bin -Dfile.encoding=UTF-8 --module-path=C:\Users\dzang\.m2\repository\org\openjfx\javafx-graphics\17.0.2\javafx-graphics-17.0.2-win.jar;C:\Users\dzang\IdeaProjects\FinalProjectSoftware\target\classes;C:\Users\dzang\.m2\repository\org\openjfx\javafx-fxml\17.0.2\javafx-fxml-17.0.2-win.jar;C:\Users\dzang\.m2\repository\com\google\zxing\core\3.5.2\core-3.5.2.jar;C:\Users\dzang\.m2\repository\org\openjfx\javafx-controls\17.0.2\javafx-controls-17.0.2-win.jar;C:\Users\dzang\.m2\repository\org\openjfx\javafx-base\17.0.2\javafx-base-17.0.2-win.jar -Djdk.module.main=com.example.finalprojectsoftware com.example.finalprojectsoftware/com.example.finalprojectsoftware.HelloApplication

Host: AMD Ryzen 5 5600H with Radeon Graphics         , 12 cores, 5G,  Windows 10 , 64 bit Build 22621 (10.0.22621.2506)
Time: Wed Dec 20 10:56:23 2023 Центральная Азия (зима) elapsed time: 0 seconds (0d 0h 0m 0s)

---------------  T H R E A D  ---------------

Current thread (0x000001da5eea3800):  JavaThread "C2 CompilerThread0" daemon [_thread_in_native, id=13524, stack(0x0000000b9a000000,0x0000000b9a100000)]


Current CompileTask:
C2:    845 1036       4       jdk.internal.org.objectweb.asm.Frame::execute (2264 bytes)

Stack: [0x0000000b9a000000,0x0000000b9a100000]
Native frames: (J=compiled Java code, j=interpreted, Vv=VM code, C=native code)
V  [jvm.dll+0x63adaa]
V  [jvm.dll+0x77852f]
V  [jvm.dll+0x779b18]
V  [jvm.dll+0x77a1d3]
V  [jvm.dll+0x2624c8]
V  [jvm.dll+0xc5b61]
V  [jvm.dll+0xc60fc]
V  [jvm.dll+0x2d0c84]
V  [jvm.dll+0x552d0f]
V  [jvm.dll+0x21e4af]
V  [jvm.dll+0x21b3e6]
V  [jvm.dll+0x198400]
V  [jvm.dll+0x22a4ff]
V  [jvm.dll+0x228b18]
V  [jvm.dll+0x73dc3d]
V  [jvm.dll+0x639e42]
C  [ucrtbase.dll+0x29363]
C  [KERNEL32.DLL+0x1257d]
C  [ntdll.dll+0x5aa58]


---------------  P R O C E S S  ---------------

Threads class SMR info:
_java_thread_list=0x000001da6086f3f0, length=17, elements={
0x000001da40a34000, 0x000001da5ee84800, 0x000001da5ee8e800, 0x000001da5f833000,
0x000001da5eea3000, 0x000001da5eea3800, 0x000001da5eea8000, 0x000001da5eeb7000,
0x000001da5f99b000, 0x000001da5ff25800, 0x000001da60550000, 0x000001da60630800,
0x000001da6083f800, 0x000001da6081a800, 0x000001da6088e000, 0x000001da6086e800,
0x000001da60a63000
}

Java Threads: ( => current thread )
  0x000001da40a34000 JavaThread "main" [_thread_blocked, id=18312, stack(0x0000000b99500000,0x0000000b99600000)]
  0x000001da5ee84800 JavaThread "Reference Handler" daemon [_thread_blocked, id=23276, stack(0x0000000b99c00000,0x0000000b99d00000)]
  0x000001da5ee8e800 JavaThread "Finalizer" daemon [_thread_blocked, id=24864, stack(0x0000000b99d00000,0x0000000b99e00000)]
  0x000001da5f833000 JavaThread "Signal Dispatcher" daemon [_thread_blocked, id=41700, stack(0x0000000b99e00000,0x0000000b99f00000)]
  0x000001da5eea3000 JavaThread "Attach Listener" daemon [_thread_blocked, id=13756, stack(0x0000000b99f00000,0x0000000b9a000000)]
=>0x000001da5eea3800 JavaThread "C2 CompilerThread0" daemon [_thread_in_native, id=13524, stack(0x0000000b9a000000,0x0000000b9a100000)]
  0x000001da5eea8000 JavaThread "C1 CompilerThread0" daemon [_thread_blocked, id=8380, stack(0x0000000b9a100000,0x0000000b9a200000)]
  0x000001da5eeb7000 JavaThread "Sweeper thread" daemon [_thread_blocked, id=1896, stack(0x0000000b9a200000,0x0000000b9a300000)]
  0x000001da5f99b000 JavaThread "Common-Cleaner" daemon [_thread_blocked, id=748, stack(0x0000000b9a300000,0x0000000b9a400000)]
  0x000001da5ff25800 JavaThread "Monitor Ctrl-Break" daemon [_thread_in_native, id=12404, stack(0x0000000b9a600000,0x0000000b9a700000)]
  0x000001da60550000 JavaThread "Service Thread" daemon [_thread_blocked, id=13824, stack(0x0000000b9a700000,0x0000000b9a800000)]
  0x000001da60630800 JavaThread "QuantumRenderer-0" daemon [_thread_blocked, id=32272, stack(0x0000000b9a400000,0x0000000b9a500000)]
  0x000001da6083f800 JavaThread "InvokeLaterDispatcher" daemon [_thread_blocked, id=24112, stack(0x0000000b9aa00000,0x0000000b9ab00000)]
  0x000001da6081a800 JavaThread "JavaFX Application Thread" [_thread_in_vm, id=15728, stack(0x0000000b9ab00000,0x0000000b9ac00000)]
  0x000001da6088e000 JavaThread "JavaFX-Launcher" [_thread_blocked, id=11568, stack(0x0000000b9ad00000,0x0000000b9ae00000)]
  0x000001da6086e800 JavaThread "Thread-2" daemon [_thread_in_native, id=23520, stack(0x0000000b9ac00000,0x0000000b9ad00000)]
  0x000001da60a63000 JavaThread "C2 CompilerThread1" daemon [_thread_in_native, id=15152, stack(0x0000000b9b400000,0x0000000b9b500000)]

Other Threads:
  0x000001da5ee5b000 VMThread "VM Thread" [stack: 0x0000000b99b00000,0x0000000b99c00000] [id=13628]
  0x000001da5ff8d000 WatcherThread [stack: 0x0000000b9a800000,0x0000000b9a900000] [id=26044]
  0x000001da40a4c000 GCTaskThread "GC Thread#0" [stack: 0x0000000b99600000,0x0000000b99700000] [id=17392]
  0x000001da608b1800 GCTaskThread "GC Thread#1" [stack: 0x0000000b9ae00000,0x0000000b9af00000] [id=2080]
  0x000001da606a6000 GCTaskThread "GC Thread#2" [stack: 0x0000000b9af00000,0x0000000b9b000000] [id=39788]
  0x000001da606a7000 GCTaskThread "GC Thread#3" [stack: 0x0000000b9b000000,0x0000000b9b100000] [id=17868]
  0x000001da60696800 GCTaskThread "GC Thread#4" [stack: 0x0000000b9b100000,0x0000000b9b200000] [id=11180]
  0x000001da60697800 GCTaskThread "GC Thread#5" [stack: 0x0000000b9b200000,0x0000000b9b300000] [id=8572]
  0x000001da40a74000 ConcurrentGCThread "G1 Main Marker" [stack: 0x0000000b99700000,0x0000000b99800000] [id=10576]
  0x000001da40a75800 ConcurrentGCThread "G1 Conc#0" [stack: 0x0000000b99800000,0x0000000b99900000] [id=41872]
  0x000001da40b05000 ConcurrentGCThread "G1 Refine#0" [stack: 0x0000000b99900000,0x0000000b99a00000] [id=388]
  0x000001da40b07800 ConcurrentGCThread "G1 Young RemSet Sampling" [stack: 0x0000000b99a00000,0x0000000b99b00000] [id=35772]

Threads with active compile tasks:
C2 CompilerThread01036       4       jdk.internal.org.objectweb.asm.Frame::execute (2264 bytes)
C2 CompilerThread11074       4       jdk.internal.org.objectweb.asm.Frame::push (110 bytes)

VM state:not at safepoint (normal execution)

VM Mutex/Monitor currently owned by a thread:  ([mutex/lock_event])
[0x000001da40a33890] Compile_lock - owner thread: 0x0000000000000000

Heap address: 0x00000000a2400000, size: 1500 MB, Compressed Oops mode: 32-bit
Narrow klass base: 0x0000000000000000, Narrow klass shift: 3
Compressed class space size: 1073741824 Address: 0x0000000100000000

Heap:
 garbage-first heap   total 96256K, used 5084K [0x00000000a2400000, 0x0000000100000000)
  region size 1024K, 6 young (6144K), 3 survivors (3072K)
 Metaspace       used 13390K, capacity 13762K, committed 13952K, reserved 1062912K
  class space    used 1495K, capacity 1636K, committed 1664K, reserved 1048576K
Heap Regions: E=young(eden), S=young(survivor), O=old, HS=humongous(starts), HC=humongous(continues), CS=collection set, F=free, A=archive, TAMS=top-at-mark-start (previous, next)
|   0|0x00000000a2400000, 0x00000000a2400000, 0x00000000a2500000|  0%| F|  |TAMS 0x00000000a2400000, 0x00000000a2400000| Untracked 
|   1|0x00000000a2500000, 0x00000000a2500000, 0x00000000a2600000|  0%| F|  |TAMS 0x00000000a2500000, 0x00000000a2500000| Untracked 
|   2|0x00000000a2600000, 0x00000000a2600000, 0x00000000a2700000|  0%| F|  |TAMS 0x00000000a2600000, 0x00000000a2600000| Untracked 
|   3|0x00000000a2700000, 0x00000000a2700000, 0x00000000a2800000|  0%| F|  |TAMS 0x00000000a2700000, 0x00000000a2700000| Untracked 
|   4|0x00000000a2800000, 0x00000000a2800000, 0x00000000a2900000|  0%| F|  |TAMS 0x00000000a2800000, 0x00000000a2800000| Untracked 
|   5|0x00000000a2900000, 0x00000000a2900000, 0x00000000a2a00000|  0%| F|  |TAMS 0x00000000a2900000, 0x00000000a2900000| Untracked 
|   6|0x00000000a2a00000, 0x00000000a2a00000, 0x00000000a2b00000|  0%| F|  |TAMS 0x00000000a2a00000, 0x00000000a2a00000| Untracked 
|   7|0x00000000a2b00000, 0x00000000a2b00000, 0x00000000a2c00000|  0%| F|  |TAMS 0x00000000a2b00000, 0x00000000a2b00000| Untracked 
|   8|0x00000000a2c00000, 0x00000000a2c00000, 0x00000000a2d00000|  0%| F|  |TAMS 0x00000000a2c00000, 0x00000000a2c00000| Untracked 
|   9|0x00000000a2d00000, 0x00000000a2d00000, 0x00000000a2e00000|  0%| F|  |TAMS 0x00000000a2d00000, 0x00000000a2d00000| Untracked 
|  10|0x00000000a2e00000, 0x00000000a2e00000, 0x00000000a2f00000|  0%| F|  |TAMS 0x00000000a2e00000, 0x00000000a2e00000| Untracked 
|  11|0x00000000a2f00000, 0x00000000a2f00000, 0x00000000a3000000|  0%| F|  |TAMS 0x00000000a2f00000, 0x00000000a2f00000| Untracked 
|  12|0x00000000a3000000, 0x00000000a3000000, 0x00000000a3100000|  0%| F|  |TAMS 0x00000000a3000000, 0x00000000a3000000| Untracked 
|  13|0x00000000a3100000, 0x00000000a3100000, 0x00000000a3200000|  0%| F|  |TAMS 0x00000000a3100000, 0x00000000a3100000| Untracked 
|  14|0x00000000a3200000, 0x00000000a3200000, 0x00000000a3300000|  0%| F|  |TAMS 0x00000000a3200000, 0x00000000a3200000| Untracked 
|  15|0x00000000a3300000, 0x00000000a3300000, 0x00000000a3400000|  0%| F|  |TAMS 0x00000000a3300000, 0x00000000a3300000| Untracked 
|  16|0x00000000a3400000, 0x00000000a3400000, 0x00000000a3500000|  0%| F|  |TAMS 0x00000000a3400000, 0x00000000a3400000| Untracked 
|  17|0x00000000a3500000, 0x00000000a3500000, 0x00000000a3600000|  0%| F|  |TAMS 0x00000000a3500000, 0x00000000a3500000| Untracked 
|  18|0x00000000a3600000, 0x00000000a3600000, 0x00000000a3700000|  0%| F|  |TAMS 0x00000000a3600000, 0x00000000a3600000| Untracked 
|  19|0x00000000a3700000, 0x00000000a3700000, 0x00000000a3800000|  0%| F|  |TAMS 0x00000000a3700000, 0x00000000a3700000| Untracked 
|  20|0x00000000a3800000, 0x00000000a3800000, 0x00000000a3900000|  0%| F|  |TAMS 0x00000000a3800000, 0x00000000a3800000| Untracked 
|  21|0x00000000a3900000, 0x00000000a3900000, 0x00000000a3a00000|  0%| F|  |TAMS 0x00000000a3900000, 0x00000000a3900000| Untracked 
|  22|0x00000000a3a00000, 0x00000000a3a00000, 0x00000000a3b00000|  0%| F|  |TAMS 0x00000000a3a00000, 0x00000000a3a00000| Untracked 
|  23|0x00000000a3b00000, 0x00000000a3b00000, 0x00000000a3c00000|  0%| F|  |TAMS 0x00000000a3b00000, 0x00000000a3b00000| Untracked 
|  24|0x00000000a3c00000, 0x00000000a3c00000, 0x00000000a3d00000|  0%| F|  |TAMS 0x00000000a3c00000, 0x00000000a3c00000| Untracked 
|  25|0x00000000a3d00000, 0x00000000a3d00000, 0x00000000a3e00000|  0%| F|  |TAMS 0x00000000a3d00000, 0x00000000a3d00000| Untracked 
|  26|0x00000000a3e00000, 0x00000000a3e00000, 0x00000000a3f00000|  0%| F|  |TAMS 0x00000000a3e00000, 0x00000000a3e00000| Untracked 
|  27|0x00000000a3f00000, 0x00000000a3f00000, 0x00000000a4000000|  0%| F|  |TAMS 0x00000000a3f00000, 0x00000000a3f00000| Untracked 
|  28|0x00000000a4000000, 0x00000000a4000000, 0x00000000a4100000|  0%| F|  |TAMS 0x00000000a4000000, 0x00000000a4000000| Untracked 
|  29|0x00000000a4100000, 0x00000000a4100000, 0x00000000a4200000|  0%| F|  |TAMS 0x00000000a4100000, 0x00000000a4100000| Untracked 
|  30|0x00000000a4200000, 0x00000000a4200000, 0x00000000a4300000|  0%| F|  |TAMS 0x00000000a4200000, 0x00000000a4200000| Untracked 
|  31|0x00000000a4300000, 0x00000000a4300000, 0x00000000a4400000|  0%| F|  |TAMS 0x00000000a4300000, 0x00000000a4300000| Untracked 
|  32|0x00000000a4400000, 0x00000000a4400000, 0x00000000a4500000|  0%| F|  |TAMS 0x00000000a4400000, 0x00000000a4400000| Untracked 
|  33|0x00000000a4500000, 0x00000000a4500000, 0x00000000a4600000|  0%| F|  |TAMS 0x00000000a4500000, 0x00000000a4500000| Untracked 
|  34|0x00000000a4600000, 0x00000000a4600000, 0x00000000a4700000|  0%| F|  |TAMS 0x00000000a4600000, 0x00000000a4600000| Untracked 
|  35|0x00000000a4700000, 0x00000000a4700000, 0x00000000a4800000|  0%| F|  |TAMS 0x00000000a4700000, 0x00000000a4700000| Untracked 
|  36|0x00000000a4800000, 0x00000000a4800000, 0x00000000a4900000|  0%| F|  |TAMS 0x00000000a4800000, 0x00000000a4800000| Untracked 
|  37|0x00000000a4900000, 0x00000000a4900000, 0x00000000a4a00000|  0%| F|  |TAMS 0x00000000a4900000, 0x00000000a4900000| Untracked 
|  38|0x00000000a4a00000, 0x00000000a4a00000, 0x00000000a4b00000|  0%| F|  |TAMS 0x00000000a4a00000, 0x00000000a4a00000| Untracked 
|  39|0x00000000a4b00000, 0x00000000a4b00000, 0x00000000a4c00000|  0%| F|  |TAMS 0x00000000a4b00000, 0x00000000a4b00000| Untracked 
|  40|0x00000000a4c00000, 0x00000000a4c00000, 0x00000000a4d00000|  0%| F|  |TAMS 0x00000000a4c00000, 0x00000000a4c00000| Untracked 
|  41|0x00000000a4d00000, 0x00000000a4d00000, 0x00000000a4e00000|  0%| F|  |TAMS 0x00000000a4d00000, 0x00000000a4d00000| Untracked 
|  42|0x00000000a4e00000, 0x00000000a4e00000, 0x00000000a4f00000|  0%| F|  |TAMS 0x00000000a4e00000, 0x00000000a4e00000| Untracked 
|  43|0x00000000a4f00000, 0x00000000a4f00000, 0x00000000a5000000|  0%| F|  |TAMS 0x00000000a4f00000, 0x00000000a4f00000| Untracked 
|  44|0x00000000a5000000, 0x00000000a5000000, 0x00000000a5100000|  0%| F|  |TAMS 0x00000000a5000000, 0x00000000a5000000| Untracked 
|  45|0x00000000a5100000, 0x00000000a5100000, 0x00000000a5200000|  0%| F|  |TAMS 0x00000000a5100000, 0x00000000a5100000| Untracked 
|  46|0x00000000a5200000, 0x00000000a5200000, 0x00000000a5300000|  0%| F|  |TAMS 0x00000000a5200000, 0x00000000a5200000| Untracked 
|  47|0x00000000a5300000, 0x00000000a5300000, 0x00000000a5400000|  0%| F|  |TAMS 0x00000000a5300000, 0x00000000a5300000| Untracked 
|  48|0x00000000a5400000, 0x00000000a5400000, 0x00000000a5500000|  0%| F|  |TAMS 0x00000000a5400000, 0x00000000a5400000| Untracked 
|  49|0x00000000a5500000, 0x00000000a5500000, 0x00000000a5600000|  0%| F|  |TAMS 0x00000000a5500000, 0x00000000a5500000| Untracked 
|  50|0x00000000a5600000, 0x00000000a5600000, 0x00000000a5700000|  0%| F|  |TAMS 0x00000000a5600000, 0x00000000a5600000| Untracked 
|  51|0x00000000a5700000, 0x00000000a5700000, 0x00000000a5800000|  0%| F|  |TAMS 0x00000000a5700000, 0x00000000a5700000| Untracked 
|  52|0x00000000a5800000, 0x00000000a5800000, 0x00000000a5900000|  0%| F|  |TAMS 0x00000000a5800000, 0x00000000a5800000| Untracked 
|  53|0x00000000a5900000, 0x00000000a5900000, 0x00000000a5a00000|  0%| F|  |TAMS 0x00000000a5900000, 0x00000000a5900000| Untracked 
|  54|0x00000000a5a00000, 0x00000000a5a00000, 0x00000000a5b00000|  0%| F|  |TAMS 0x00000000a5a00000, 0x00000000a5a00000| Untracked 
|  55|0x00000000a5b00000, 0x00000000a5b00000, 0x00000000a5c00000|  0%| F|  |TAMS 0x00000000a5b00000, 0x00000000a5b00000| Untracked 
|  56|0x00000000a5c00000, 0x00000000a5c00000, 0x00000000a5d00000|  0%| F|  |TAMS 0x00000000a5c00000, 0x00000000a5c00000| Untracked 
|  57|0x00000000a5d00000, 0x00000000a5d00000, 0x00000000a5e00000|  0%| F|  |TAMS 0x00000000a5d00000, 0x00000000a5d00000| Untracked 
|  58|0x00000000a5e00000, 0x00000000a5e00000, 0x00000000a5f00000|  0%| F|  |TAMS 0x00000000a5e00000, 0x00000000a5e00000| Untracked 
|  59|0x00000000a5f00000, 0x00000000a5f00000, 0x00000000a6000000|  0%| F|  |TAMS 0x00000000a5f00000, 0x00000000a5f00000| Untracked 
|  60|0x00000000a6000000, 0x00000000a6000000, 0x00000000a6100000|  0%| F|  |TAMS 0x00000000a6000000, 0x00000000a6000000| Untracked 
|  61|0x00000000a6100000, 0x00000000a6100000, 0x00000000a6200000|  0%| F|  |TAMS 0x00000000a6100000, 0x00000000a6100000| Untracked 
|  62|0x00000000a6200000, 0x00000000a6200000, 0x00000000a6300000|  0%| F|  |TAMS 0x00000000a6200000, 0x00000000a6200000| Untracked 
|  63|0x00000000a6300000, 0x00000000a6300000, 0x00000000a6400000|  0%| F|  |TAMS 0x00000000a6300000, 0x00000000a6300000| Untracked 
|  64|0x00000000a6400000, 0x00000000a6400000, 0x00000000a6500000|  0%| F|  |TAMS 0x00000000a6400000, 0x00000000a6400000| Untracked 
|  65|0x00000000a6500000, 0x00000000a6500000, 0x00000000a6600000|  0%| F|  |TAMS 0x00000000a6500000, 0x00000000a6500000| Untracked 
|  66|0x00000000a6600000, 0x00000000a6600000, 0x00000000a6700000|  0%| F|  |TAMS 0x00000000a6600000, 0x00000000a6600000| Untracked 
|  67|0x00000000a6700000, 0x00000000a67f7100, 0x00000000a6800000| 96%| S|CS|TAMS 0x00000000a6700000, 0x00000000a6700000| Complete 
|  68|0x00000000a6800000, 0x00000000a6900000, 0x00000000a6900000|100%| S|CS|TAMS 0x00000000a6800000, 0x00000000a6800000| Complete 
|  69|0x00000000a6900000, 0x00000000a6a00000, 0x00000000a6a00000|100%| S|CS|TAMS 0x00000000a6900000, 0x00000000a6900000| Complete 
|  70|0x00000000a6a00000, 0x00000000a6a00000, 0x00000000a6b00000|  0%| F|  |TAMS 0x00000000a6a00000, 0x00000000a6a00000| Untracked 
|  71|0x00000000a6b00000, 0x00000000a6b00000, 0x00000000a6c00000|  0%| F|  |TAMS 0x00000000a6b00000, 0x00000000a6b00000| Untracked 
|  72|0x00000000a6c00000, 0x00000000a6c00000, 0x00000000a6d00000|  0%| F|  |TAMS 0x00000000a6c00000, 0x00000000a6c00000| Untracked 
|  73|0x00000000a6d00000, 0x00000000a6d00000, 0x00000000a6e00000|  0%| F|  |TAMS 0x00000000a6d00000, 0x00000000a6d00000| Untracked 
|  74|0x00000000a6e00000, 0x00000000a6e00000, 0x00000000a6f00000|  0%| F|  |TAMS 0x00000000a6e00000, 0x00000000a6e00000| Untracked 
|  75|0x00000000a6f00000, 0x00000000a6f00000, 0x00000000a7000000|  0%| F|  |TAMS 0x00000000a6f00000, 0x00000000a6f00000| Untracked 
|  76|0x00000000a7000000, 0x00000000a7000000, 0x00000000a7100000|  0%| F|  |TAMS 0x00000000a7000000, 0x00000000a7000000| Untracked 
|  77|0x00000000a7100000, 0x00000000a7100000, 0x00000000a7200000|  0%| F|  |TAMS 0x00000000a7100000, 0x00000000a7100000| Untracked 
|  78|0x00000000a7200000, 0x00000000a7200000, 0x00000000a7300000|  0%| F|  |TAMS 0x00000000a7200000, 0x00000000a7200000| Untracked 
|  79|0x00000000a7300000, 0x00000000a7300000, 0x00000000a7400000|  0%| F|  |TAMS 0x00000000a7300000, 0x00000000a7300000| Untracked 
|  80|0x00000000a7400000, 0x00000000a7400000, 0x00000000a7500000|  0%| F|  |TAMS 0x00000000a7400000, 0x00000000a7400000| Untracked 
|  81|0x00000000a7500000, 0x00000000a7500000, 0x00000000a7600000|  0%| F|  |TAMS 0x00000000a7500000, 0x00000000a7500000| Untracked 
|  82|0x00000000a7600000, 0x00000000a7600000, 0x00000000a7700000|  0%| F|  |TAMS 0x00000000a7600000, 0x00000000a7600000| Untracked 
|  83|0x00000000a7700000, 0x00000000a7700000, 0x00000000a7800000|  0%| F|  |TAMS 0x00000000a7700000, 0x00000000a7700000| Untracked 
|  84|0x00000000a7800000, 0x00000000a7800000, 0x00000000a7900000|  0%| F|  |TAMS 0x00000000a7800000, 0x00000000a7800000| Untracked 
|  85|0x00000000a7900000, 0x00000000a7900000, 0x00000000a7a00000|  0%| F|  |TAMS 0x00000000a7900000, 0x00000000a7900000| Untracked 
|  86|0x00000000a7a00000, 0x00000000a7a00000, 0x00000000a7b00000|  0%| F|  |TAMS 0x00000000a7a00000, 0x00000000a7a00000| Untracked 
|  87|0x00000000a7b00000, 0x00000000a7b00000, 0x00000000a7c00000|  0%| F|  |TAMS 0x00000000a7b00000, 0x00000000a7b00000| Untracked 
|  88|0x00000000a7c00000, 0x00000000a7c00000, 0x00000000a7d00000|  0%| F|  |TAMS 0x00000000a7c00000, 0x00000000a7c00000| Untracked 
|  89|0x00000000a7d00000, 0x00000000a7d00000, 0x00000000a7e00000|  0%| F|  |TAMS 0x00000000a7d00000, 0x00000000a7d00000| Untracked 
|  90|0x00000000a7e00000, 0x00000000a7e00000, 0x00000000a7f00000|  0%| F|  |TAMS 0x00000000a7e00000, 0x00000000a7e00000| Untracked 
|  91|0x00000000a7f00000, 0x00000000a7f82010, 0x00000000a8000000| 50%| E|  |TAMS 0x00000000a7f00000, 0x00000000a7f00000| Complete 
|  92|0x00000000a8000000, 0x00000000a8100000, 0x00000000a8100000|100%| E|CS|TAMS 0x00000000a8000000, 0x00000000a8000000| Complete 
|  93|0x00000000a8100000, 0x00000000a8200000, 0x00000000a8200000|100%| E|CS|TAMS 0x00000000a8100000, 0x00000000a8100000| Complete 

Card table byte_map: [0x000001da58d00000,0x000001da58ff0000] _byte_map_base: 0x000001da587ee000

Marking Bits (Prev, Next): (CMBitMap*) 0x000001da40a6d838, (CMBitMap*) 0x000001da40a6d870
 Prev Bits: [0x000001da592e0000, 0x000001da5aa50000)
 Next Bits: [0x000001da5aa50000, 0x000001da5c1c0000)

Polling page: 0x000001da40b10000

Metaspace:

Usage:
  Non-class:     11.90 MB capacity,    11.70 MB ( 98%) used,   166.29 KB (  1%) free+waste,    39.06 KB ( <1%) overhead. 
      Class:      1.63 MB capacity,     1.47 MB ( 90%) used,   144.29 KB (  9%) free+waste,    19.69 KB (  1%) overhead. 
       Both:     13.53 MB capacity,    13.17 MB ( 97%) used,   310.58 KB (  2%) free+waste,    58.75 KB ( <1%) overhead. 

Virtual space:
  Non-class space:       14.00 MB reserved,      12.00 MB ( 86%) committed 
      Class space:        1.00 GB reserved,       1.75 MB ( <1%) committed 
             Both:        1.01 GB reserved,      13.75 MB (  1%) committed 

Chunk freelists:
   Non-Class:  4.25 KB
       Class:  3.50 KB
        Both:  7.75 KB

CodeHeap 'non-profiled nmethods': size=120000Kb used=380Kb max_used=380Kb free=119619Kb
 bounds [0x000001da50840000, 0x000001da50ab0000, 0x000001da57d70000]
CodeHeap 'profiled nmethods': size=120000Kb used=1896Kb max_used=1896Kb free=118103Kb
 bounds [0x000001da49310000, 0x000001da49580000, 0x000001da50840000]
CodeHeap 'non-nmethods': size=5760Kb used=1123Kb max_used=1135Kb free=4636Kb
 bounds [0x000001da48d70000, 0x000001da48fe0000, 0x000001da49310000]
 total_blobs=1785 nmethods=1105 adapters=359
 compilation: enabled
              stopped_count=0, restarted_count=0
 full_count=0

Compilation events (10 events):
Event: 0.838 Thread 0x000001da5eea8000 1090       3       sun.invoke.util.VerifyAccess::isMemberAccessible (313 bytes)
Event: 0.839 Thread 0x000001da5eea8000 nmethod 1090 0x000001da494dca90 code [0x000001da494dcf60, 0x000001da494df170]
Event: 0.839 Thread 0x000001da5eea8000 1092       3       java.lang.Enum::<init> (15 bytes)
Event: 0.839 Thread 0x000001da5eea8000 nmethod 1092 0x000001da494dfb90 code [0x000001da494dfd40, 0x000001da494dff58]
Event: 0.839 Thread 0x000001da5eea8000 1091       3       java.lang.invoke.AbstractValidatingLambdaMetafactory::isAdaptableTo (126 bytes)
Event: 0.839 Thread 0x000001da5eea8000 nmethod 1091 0x000001da494e0010 code [0x000001da494e02a0, 0x000001da494e0cb0]
Event: 0.839 Thread 0x000001da5eea8000 1093       3       java.lang.invoke.InnerClassLambdaMetafactory::getLoadOpcode (25 bytes)
Event: 0.840 Thread 0x000001da5eea8000 nmethod 1093 0x000001da494e1090 code [0x000001da494e1260, 0x000001da494e14e0]
Event: 0.840 Thread 0x000001da5eea8000 1094       3       java.lang.invoke.InnerClassLambdaMetafactory::getParameterSize (27 bytes)
Event: 0.840 Thread 0x000001da5eea8000 nmethod 1094 0x000001da494e1610 code [0x000001da494e17c0, 0x000001da494e19f8]

GC Heap History (0 events):
No events

Deoptimization events (10 events):
Event: 0.326 Thread 0x000001da40a34000 Uncommon trap: reason=unstable_if action=reinterpret pc=0x000001da5085ae44 method=java.lang.String.startsWith(Ljava/lang/String;I)Z @ 14 c2
Event: 0.352 Thread 0x000001da40a34000 Uncommon trap: reason=unstable_if action=reinterpret pc=0x000001da508661e0 method=jdk.internal.module.Checks.isJavaIdentifier(Ljava/lang/CharSequence;)Z @ 6 c2
Event: 0.361 Thread 0x000001da40a34000 Uncommon trap: reason=unstable_if action=reinterpret pc=0x000001da5087c128 method=java.lang.String.startsWith(Ljava/lang/String;I)Z @ 1 c2
Event: 0.368 Thread 0x000001da40a34000 Uncommon trap: reason=unstable_if action=reinterpret pc=0x000001da5085beac method=jdk.internal.module.Checks.isJavaIdentifier(Ljava/lang/CharSequence;)Z @ 6 c2
Event: 0.688 Thread 0x000001da40a34000 Uncommon trap: reason=unstable_if action=reinterpret pc=0x000001da5088e284 method=jdk.internal.org.objectweb.asm.Item.isEqualTo(Ljdk/internal/org/objectweb/asm/Item;)Z @ 317 c2
Event: 0.777 Thread 0x000001da6081a800 Uncommon trap: reason=class_check action=maybe_recompile pc=0x000001da5086206c method=java.util.HashMap.putVal(ILjava/lang/Object;Ljava/lang/Object;ZZ)Ljava/lang/Object; @ 91 c2
Event: 0.777 Thread 0x000001da6081a800 Uncommon trap: reason=class_check action=maybe_recompile pc=0x000001da5086206c method=java.util.HashMap.putVal(ILjava/lang/Object;Ljava/lang/Object;ZZ)Ljava/lang/Object; @ 91 c2
Event: 0.777 Thread 0x000001da6081a800 Uncommon trap: reason=class_check action=maybe_recompile pc=0x000001da5086206c method=java.util.HashMap.putVal(ILjava/lang/Object;Ljava/lang/Object;ZZ)Ljava/lang/Object; @ 91 c2
Event: 0.777 Thread 0x000001da6081a800 Uncommon trap: reason=class_check action=maybe_recompile pc=0x000001da5086206c method=java.util.HashMap.putVal(ILjava/lang/Object;Ljava/lang/Object;ZZ)Ljava/lang/Object; @ 91 c2
Event: 0.782 Thread 0x000001da40a34000 Uncommon trap: reason=unstable_if action=reinterpret pc=0x000001da508904b4 method=jdk.internal.org.objectweb.asm.Type.getArgumentsAndReturnSizes(Ljava/lang/String;)I @ 88 c2

Classes redefined (0 events):
No events

Internal exceptions (10 events):
Event: 0.716 Thread 0x000001da40a34000 Exception <a 'java/lang/NoSuchMethodError'{0x00000000a70b4b28}: java.lang.invoke.DirectMethodHandle$Holder.invokeStatic(Ljava/lang/Object;Ljava/lang/Object;ILjava/lang/Object;)Ljava/lang/Object;> (0x00000000a70b4b28) thrown at [t:/workspace/open/src/hotsp
Event: 0.716 Thread 0x000001da40a34000 Exception <a 'java/lang/NoSuchMethodError'{0x00000000a70bb5f8}: java.lang.invoke.Invokers$Holder.linkToTargetMethod(Ljava/lang/Object;ILjava/lang/Object;Ljava/lang/Object;)Ljava/lang/Object;> (0x00000000a70bb5f8) thrown at [t:/workspace/open/src/hotspot/s
Event: 0.767 Thread 0x000001da6081a800 Exception <a 'java/lang/NoSuchMethodError'{0x00000000a6f9c838}: java.lang.invoke.DirectMethodHandle$Holder.invokeStaticInit(Ljava/lang/Object;)V> (0x00000000a6f9c838) thrown at [t:/workspace/open/src/hotspot/share/interpreter/linkResolver.cpp, line 772]
Event: 0.769 Thread 0x000001da40a34000 Exception <a 'java/lang/NoSuchMethodError'{0x00000000a70cb3a8}: java.lang.invoke.Invokers$Holder.linkToTargetMethod(Ljava/lang/Object;Ljava/lang/Object;Ljava/lang/Object;Ljava/lang/Object;Ljava/lang/Object;Ljava/lang/Object;)Ljava/lang/Object;> (0x0000000
Event: 0.826 Thread 0x000001da6081a800 Exception <a 'java/lang/NoSuchMethodError'{0x00000000a6a08980}: java.lang.invoke.DirectMethodHandle$Holder.invokeStatic(Ljava/lang/Object;Ljava/lang/Object;Ljava/lang/Object;Ljava/lang/Object;Ljava/lang/Object;Ljava/lang/Object;Ljava/lang/Object;Ljava/lan
Event: 0.827 Thread 0x000001da6081a800 Exception <a 'java/lang/NoSuchMethodError'{0x00000000a6a16530}: java.lang.invoke.DirectMethodHandle$Holder.invokeStatic(Ljava/lang/Object;Ljava/lang/Object;Ljava/lang/Object;Ljava/lang/Object;Ljava/lang/Object;Ljava/lang/Object;Ljava/lang/Object;Ljava/lan
Event: 0.828 Thread 0x000001da6081a800 Exception <a 'java/lang/NoSuchMethodError'{0x00000000a6a24198}: java.lang.invoke.DirectMethodHandle$Holder.invokeSpecial(Ljava/lang/Object;Ljava/lang/Object;IILjava/lang/Object;Ljava/lang/Object;Ljava/lang/Object;)Ljava/lang/Object;> (0x00000000a6a24198) 
Event: 0.828 Thread 0x000001da6081a800 Exception <a 'java/lang/NoSuchMethodError'{0x00000000a6a27720}: java.lang.invoke.DelegatingMethodHandle$Holder.reinvoke_L(Ljava/lang/Object;IILjava/lang/Object;Ljava/lang/Object;Ljava/lang/Object;)Ljava/lang/Object;> (0x00000000a6a27720) thrown at [t:/wor
Event: 0.828 Thread 0x000001da6081a800 Exception <a 'java/lang/NoSuchMethodError'{0x00000000a6a2b850}: java.lang.invoke.DirectMethodHandle$Holder.invokeStatic(Ljava/lang/Object;Ljava/lang/Object;Ljava/lang/Object;Ljava/lang/Object;I)Ljava/lang/Object;> (0x00000000a6a2b850) thrown at [t:/worksp
Event: 0.837 Thread 0x000001da6081a800 Exception <a 'sun/nio/fs/WindowsException'{0x00000000a6ad3a90}> (0x00000000a6ad3a90) thrown at [t:/workspace/open/src/hotspot/share/prims/jni.cpp, line 615]

Events (10 events):
Event: 0.842 loading class com/sun/xml/internal/stream/XMLBufferListener
Event: 0.843 loading class com/sun/xml/internal/stream/XMLBufferListener done
Event: 0.843 loading class com/sun/org/apache/xerces/internal/impl/XMLScanner
Event: 0.843 loading class com/sun/org/apache/xerces/internal/impl/XMLScanner done
Event: 0.843 loading class com/sun/org/apache/xerces/internal/impl/XMLDocumentFragmentScannerImpl done
Event: 0.843 loading class com/sun/org/apache/xerces/internal/impl/XMLDocumentScannerImpl done
Event: 0.843 loading class com/sun/org/apache/xerces/internal/impl/XMLNSDocumentScannerImpl done
Event: 0.843 loading class com/sun/org/apache/xerces/internal/xni/XMLString
Event: 0.843 loading class com/sun/org/apache/xerces/internal/xni/XMLString done
Event: 0.843 loading class com/sun/org/apache/xerces/internal/util/XMLStringBuffer


Dynamic libraries:
0x00007ff7b8480000 - 0x00007ff7b84c5000 	C:\Program Files\Java\jdk-11\bin\java.exe
0x00007ff9afe30000 - 0x00007ff9b0047000 	C:\WINDOWS\SYSTEM32\ntdll.dll
0x00007ff9af9c0000 - 0x00007ff9afa84000 	C:\WINDOWS\System32\KERNEL32.DLL
0x00007ff9ad7d0000 - 0x00007ff9adb76000 	C:\WINDOWS\System32\KERNELBASE.dll
0x00007ff9ae6d0000 - 0x00007ff9ae87e000 	C:\WINDOWS\System32\USER32.dll
0x00007ff9ad4d0000 - 0x00007ff9ad4f6000 	C:\WINDOWS\System32\win32u.dll
0x00007ff9aec40000 - 0x00007ff9aec69000 	C:\WINDOWS\System32\GDI32.dll
0x00007ff9ad330000 - 0x00007ff9ad448000 	C:\WINDOWS\System32\gdi32full.dll
0x00007ff9ad730000 - 0x00007ff9ad7ca000 	C:\WINDOWS\System32\msvcp_win.dll
0x00007ff9ad1a0000 - 0x00007ff9ad2b1000 	C:\WINDOWS\System32\ucrtbase.dll
0x00007ff992a00000 - 0x00007ff992c93000 	C:\WINDOWS\WinSxS\amd64_microsoft.windows.common-controls_6595b64144ccf1df_6.0.22621.2506_none_270c5ae97388e100\COMCTL32.dll
0x00007ff9ae880000 - 0x00007ff9ae927000 	C:\WINDOWS\System32\msvcrt.dll
0x00007ff9adb80000 - 0x00007ff9adbb1000 	C:\WINDOWS\System32\IMM32.DLL
0x00007ff97d4e0000 - 0x00007ff97d4f6000 	C:\Program Files\Java\jdk-11\bin\vcruntime140.dll
0x00007ff9130d0000 - 0x00007ff91317a000 	C:\Program Files\Java\jdk-11\bin\msvcp140.dll
0x00007ff900b80000 - 0x00007ff9016c1000 	C:\Program Files\Java\jdk-11\bin\server\jvm.dll
0x00007ff9af870000 - 0x00007ff9af921000 	C:\WINDOWS\System32\ADVAPI32.dll
0x00007ff9aeb20000 - 0x00007ff9aebc5000 	C:\WINDOWS\System32\sechost.dll
0x00007ff9add50000 - 0x00007ff9ade67000 	C:\WINDOWS\System32\RPCRT4.dll
0x00007ff9aed30000 - 0x00007ff9aed38000 	C:\WINDOWS\System32\PSAPI.DLL
0x00007ff992160000 - 0x00007ff992169000 	C:\WINDOWS\SYSTEM32\WSOCK32.dll
0x00007ff9a5e80000 - 0x00007ff9a5eb4000 	C:\WINDOWS\SYSTEM32\WINMM.dll
0x00007ff9a4960000 - 0x00007ff9a496a000 	C:\WINDOWS\SYSTEM32\VERSION.dll
0x00007ff9afc50000 - 0x00007ff9afcc1000 	C:\WINDOWS\System32\WS2_32.dll
0x00007ff9ac290000 - 0x00007ff9ac2a8000 	C:\WINDOWS\SYSTEM32\kernel.appcore.dll
0x00007ff97cbe0000 - 0x00007ff97cbf1000 	C:\Program Files\Java\jdk-11\bin\verify.dll
0x00007ff9aa700000 - 0x00007ff9aa933000 	C:\WINDOWS\SYSTEM32\DBGHELP.DLL
0x00007ff9af2e0000 - 0x00007ff9af669000 	C:\WINDOWS\System32\combase.dll
0x00007ff9adc10000 - 0x00007ff9adce7000 	C:\WINDOWS\System32\OLEAUT32.dll
0x00007ff9981c0000 - 0x00007ff9981f2000 	C:\WINDOWS\SYSTEM32\dbgcore.DLL
0x00007ff9ad450000 - 0x00007ff9ad4ca000 	C:\WINDOWS\System32\bcryptPrimitives.dll
0x00007ff97cb70000 - 0x00007ff97cb98000 	C:\Program Files\Java\jdk-11\bin\java.dll
0x00007ff9a69c0000 - 0x00007ff9a69ef000 	C:\Program Files\Java\jdk-11\bin\instrument.dll
0x00007ff97cbc0000 - 0x00007ff97cbd6000 	C:\Program Files\Java\jdk-11\bin\zip.dll
0x00007ff988810000 - 0x00007ff98881a000 	C:\Program Files\Java\jdk-11\bin\jimage.dll
0x00007ff9ade70000 - 0x00007ff9ae6ca000 	C:\WINDOWS\System32\SHELL32.dll
0x00007ff9ab0d0000 - 0x00007ff9ab9c6000 	C:\WINDOWS\SYSTEM32\windows.storage.dll
0x00007ff9aaf90000 - 0x00007ff9ab0ce000 	C:\WINDOWS\SYSTEM32\wintypes.dll
0x00007ff9aed60000 - 0x00007ff9aee53000 	C:\WINDOWS\System32\SHCORE.dll
0x00007ff9af810000 - 0x00007ff9af86e000 	C:\WINDOWS\System32\shlwapi.dll
0x00007ff9ad0d0000 - 0x00007ff9ad0f6000 	C:\WINDOWS\SYSTEM32\profapi.dll
0x00007ff97c9f0000 - 0x00007ff97ca09000 	C:\Program Files\Java\jdk-11\bin\net.dll
0x00007ff9a77f0000 - 0x00007ff9a7927000 	C:\WINDOWS\SYSTEM32\WINHTTP.dll
0x00007ff9ac710000 - 0x00007ff9ac779000 	C:\WINDOWS\system32\mswsock.dll
0x00007ff97c9d0000 - 0x00007ff97c9e3000 	C:\Program Files\Java\jdk-11\bin\nio.dll
0x00007ff9a4b40000 - 0x00007ff9a4b5a000 	C:\Program Files\JetBrains\IntelliJ IDEA Community Edition 2022.2.2\bin\breakgen64.dll
0x000001da615d0000 - 0x000001da615d3000 	C:\Users\dzang\.openjfx\cache\17.0.2-ea\api-ms-win-core-console-l1-1-0.dll
0x000001da615e0000 - 0x000001da615e3000 	C:\Users\dzang\.openjfx\cache\17.0.2-ea\api-ms-win-core-console-l1-2-0.dll
0x000001da615f0000 - 0x000001da615f3000 	C:\Users\dzang\.openjfx\cache\17.0.2-ea\api-ms-win-core-datetime-l1-1-0.dll
0x000001da61600000 - 0x000001da61603000 	C:\Users\dzang\.openjfx\cache\17.0.2-ea\api-ms-win-core-debug-l1-1-0.dll
0x000001da61610000 - 0x000001da61613000 	C:\Users\dzang\.openjfx\cache\17.0.2-ea\api-ms-win-core-errorhandling-l1-1-0.dll
0x000001da61620000 - 0x000001da61624000 	C:\Users\dzang\.openjfx\cache\17.0.2-ea\api-ms-win-core-file-l1-1-0.dll
0x000001da61630000 - 0x000001da61633000 	C:\Users\dzang\.openjfx\cache\17.0.2-ea\api-ms-win-core-file-l1-2-0.dll
0x000001da61640000 - 0x000001da61643000 	C:\Users\dzang\.openjfx\cache\17.0.2-ea\api-ms-win-core-file-l2-1-0.dll
0x000001da61650000 - 0x000001da61653000 	C:\Users\dzang\.openjfx\cache\17.0.2-ea\api-ms-win-core-handle-l1-1-0.dll
0x000001da61660000 - 0x000001da61663000 	C:\Users\dzang\.openjfx\cache\17.0.2-ea\api-ms-win-core-heap-l1-1-0.dll
0x000001da61670000 - 0x000001da61673000 	C:\Users\dzang\.openjfx\cache\17.0.2-ea\api-ms-win-core-interlocked-l1-1-0.dll
0x000001da61680000 - 0x000001da61683000 	C:\Users\dzang\.openjfx\cache\17.0.2-ea\api-ms-win-core-libraryloader-l1-1-0.dll
0x000001da61690000 - 0x000001da61693000 	C:\Users\dzang\.openjfx\cache\17.0.2-ea\api-ms-win-core-localization-l1-2-0.dll
0x000001da616a0000 - 0x000001da616a3000 	C:\Users\dzang\.openjfx\cache\17.0.2-ea\api-ms-win-core-memory-l1-1-0.dll
0x000001da616b0000 - 0x000001da616b3000 	C:\Users\dzang\.openjfx\cache\17.0.2-ea\api-ms-win-core-namedpipe-l1-1-0.dll
0x000001da616c0000 - 0x000001da616c3000 	C:\Users\dzang\.openjfx\cache\17.0.2-ea\api-ms-win-core-processenvironment-l1-1-0.dll
0x000001da616d0000 - 0x000001da616d3000 	C:\Users\dzang\.openjfx\cache\17.0.2-ea\api-ms-win-core-processthreads-l1-1-0.dll
0x000001da616e0000 - 0x000001da616e3000 	C:\Users\dzang\.openjfx\cache\17.0.2-ea\api-ms-win-core-processthreads-l1-1-1.dll
0x000001da616f0000 - 0x000001da616f3000 	C:\Users\dzang\.openjfx\cache\17.0.2-ea\api-ms-win-core-profile-l1-1-0.dll
0x000001da61700000 - 0x000001da61703000 	C:\Users\dzang\.openjfx\cache\17.0.2-ea\api-ms-win-core-rtlsupport-l1-1-0.dll
0x000001da61710000 - 0x000001da61713000 	C:\Users\dzang\.openjfx\cache\17.0.2-ea\api-ms-win-core-string-l1-1-0.dll
0x000001da61720000 - 0x000001da61723000 	C:\Users\dzang\.openjfx\cache\17.0.2-ea\api-ms-win-core-synch-l1-1-0.dll
0x000001da61730000 - 0x000001da61733000 	C:\Users\dzang\.openjfx\cache\17.0.2-ea\api-ms-win-core-synch-l1-2-0.dll
0x000001da61740000 - 0x000001da61743000 	C:\Users\dzang\.openjfx\cache\17.0.2-ea\api-ms-win-core-sysinfo-l1-1-0.dll
0x000001da61750000 - 0x000001da61753000 	C:\Users\dzang\.openjfx\cache\17.0.2-ea\api-ms-win-core-timezone-l1-1-0.dll
0x000001da61760000 - 0x000001da61763000 	C:\Users\dzang\.openjfx\cache\17.0.2-ea\api-ms-win-core-util-l1-1-0.dll
0x000001da61770000 - 0x000001da61773000 	C:\Users\dzang\.openjfx\cache\17.0.2-ea\api-ms-win-crt-conio-l1-1-0.dll
0x000001da61780000 - 0x000001da61784000 	C:\Users\dzang\.openjfx\cache\17.0.2-ea\api-ms-win-crt-convert-l1-1-0.dll
0x000001da61790000 - 0x000001da61793000 	C:\Users\dzang\.openjfx\cache\17.0.2-ea\api-ms-win-crt-environment-l1-1-0.dll
0x000001da617a0000 - 0x000001da617a3000 	C:\Users\dzang\.openjfx\cache\17.0.2-ea\api-ms-win-crt-filesystem-l1-1-0.dll
0x000001da617b0000 - 0x000001da617b3000 	C:\Users\dzang\.openjfx\cache\17.0.2-ea\api-ms-win-crt-heap-l1-1-0.dll
0x000001da617c0000 - 0x000001da617c3000 	C:\Users\dzang\.openjfx\cache\17.0.2-ea\api-ms-win-crt-locale-l1-1-0.dll
0x000001da617d0000 - 0x000001da617d5000 	C:\Users\dzang\.openjfx\cache\17.0.2-ea\api-ms-win-crt-math-l1-1-0.dll
0x000001da617e0000 - 0x000001da617e5000 	C:\Users\dzang\.openjfx\cache\17.0.2-ea\api-ms-win-crt-multibyte-l1-1-0.dll
0x000001da617f0000 - 0x000001da61800000 	C:\Users\dzang\.openjfx\cache\17.0.2-ea\api-ms-win-crt-private-l1-1-0.dll
0x000001da61800000 - 0x000001da61803000 	C:\Users\dzang\.openjfx\cache\17.0.2-ea\api-ms-win-crt-process-l1-1-0.dll
0x000001da61810000 - 0x000001da61814000 	C:\Users\dzang\.openjfx\cache\17.0.2-ea\api-ms-win-crt-runtime-l1-1-0.dll
0x000001da61820000 - 0x000001da61824000 	C:\Users\dzang\.openjfx\cache\17.0.2-ea\api-ms-win-crt-stdio-l1-1-0.dll
0x000001da61830000 - 0x000001da61834000 	C:\Users\dzang\.openjfx\cache\17.0.2-ea\api-ms-win-crt-string-l1-1-0.dll
0x000001da61840000 - 0x000001da61843000 	C:\Users\dzang\.openjfx\cache\17.0.2-ea\api-ms-win-crt-time-l1-1-0.dll
0x000001da61850000 - 0x000001da61853000 	C:\Users\dzang\.openjfx\cache\17.0.2-ea\api-ms-win-crt-utility-l1-1-0.dll
0x00007ff953e70000 - 0x00007ff953f6c000 	C:\Users\dzang\.openjfx\cache\17.0.2-ea\ucrtbase.dll
0x00007ff984b70000 - 0x00007ff984b8a000 	C:\Users\dzang\.openjfx\cache\17.0.2-ea\vcruntime140.dll
0x00007ff98a250000 - 0x00007ff98a25c000 	C:\Users\dzang\.openjfx\cache\17.0.2-ea\vcruntime140_1.dll
0x00007ff9826b0000 - 0x00007ff98273d000 	C:\Users\dzang\.openjfx\cache\17.0.2-ea\msvcp140.dll
0x00007ff984ac0000 - 0x00007ff984aea000 	C:\Users\dzang\.openjfx\cache\17.0.2-ea\prism_d3d.dll
0x00007ff958fb0000 - 0x00007ff959159000 	C:\WINDOWS\system32\d3d9.dll
0x00007ff9aa0a0000 - 0x00007ff9aa0cb000 	C:\WINDOWS\SYSTEM32\dwmapi.dll
0x00007ff9aa5d0000 - 0x00007ff9aa606000 	C:\WINDOWS\SYSTEM32\dxcore.dll
0x00007ff9a9e60000 - 0x00007ff9a9f0b000 	C:\WINDOWS\system32\uxtheme.dll
0x00007ff9a3a30000 - 0x00007ff9a3beb000 	C:\WINDOWS\System32\DriverStore\FileRepository\u0387352.inf_amd64_ce4ceb13d73334be\B385477\aticfx64.dll
0x00007ff940dd0000 - 0x00007ff940e04000 	C:\WINDOWS\System32\DriverStore\FileRepository\u0387352.inf_amd64_ce4ceb13d73334be\B385477\atiu9p64.dll
0x00007ff9296f0000 - 0x00007ff92a445000 	C:\WINDOWS\System32\DriverStore\FileRepository\u0387352.inf_amd64_ce4ceb13d73334be\B385477\atiumd64.dll
0x00007ff9af670000 - 0x00007ff9af810000 	C:\WINDOWS\System32\ole32.dll
0x0000000066100000 - 0x0000000067027000 	C:\WINDOWS\System32\DriverStore\FileRepository\u0387352.inf_amd64_ce4ceb13d73334be\B385477\atiumd6a.dll
0x00007ff9aee60000 - 0x00007ff9af2d4000 	C:\WINDOWS\System32\SETUPAPI.dll
0x00007ff9abff0000 - 0x00007ff9ac03d000 	C:\WINDOWS\SYSTEM32\POWRPROF.dll
0x00007ff9abfd0000 - 0x00007ff9abfe3000 	C:\WINDOWS\SYSTEM32\UMPDC.dll
0x00007ff9a3240000 - 0x00007ff9a3275000 	C:\WINDOWS\SYSTEM32\amdihk64.dll
0x00007ff9a5e00000 - 0x00007ff9a5e4a000 	C:\WINDOWS\SYSTEM32\directxdatabasehelper.dll
0x00007ff983280000 - 0x00007ff9832c2000 	C:\Users\dzang\.openjfx\cache\17.0.2-ea\glass.dll
0x00007ff9afcd0000 - 0x00007ff9afdc9000 	C:\WINDOWS\System32\COMDLG32.dll
0x00007ff9ae940000 - 0x00007ff9aea90000 	C:\WINDOWS\System32\MSCTF.dll

dbghelp: loaded successfully - version: 4.0.5 - missing functions: none
symbol engine: initialized successfully - sym options: 0x614 - pdb path: .;C:\Program Files\Java\jdk-11\bin;C:\WINDOWS\SYSTEM32;C:\WINDOWS\WinSxS\amd64_microsoft.windows.common-controls_6595b64144ccf1df_6.0.22621.2506_none_270c5ae97388e100;C:\Program Files\Java\jdk-11\bin\server;C:\Program Files\JetBrains\IntelliJ IDEA Community Edition 2022.2.2\bin;C:\Users\dzang\.openjfx\cache\17.0.2-ea;C:\WINDOWS\System32\DriverStore\FileRepository\u0387352.inf_amd64_ce4ceb13d73334be\B385477

VM Arguments:
jvm_args: -javaagent:C:\Program Files\JetBrains\IntelliJ IDEA Community Edition 2022.2.2\lib\idea_rt.jar=56493:C:\Program Files\JetBrains\IntelliJ IDEA Community Edition 2022.2.2\bin -Dfile.encoding=UTF-8 --module-path=C:\Users\dzang\.m2\repository\org\openjfx\javafx-graphics\17.0.2\javafx-graphics-17.0.2-win.jar;C:\Users\dzang\IdeaProjects\FinalProjectSoftware\target\classes;C:\Users\dzang\.m2\repository\org\openjfx\javafx-fxml\17.0.2\javafx-fxml-17.0.2-win.jar;C:\Users\dzang\.m2\repository\com\google\zxing\core\3.5.2\core-3.5.2.jar;C:\Users\dzang\.m2\repository\org\openjfx\javafx-controls\17.0.2\javafx-controls-17.0.2-win.jar;C:\Users\dzang\.m2\repository\org\openjfx\javafx-base\17.0.2\javafx-base-17.0.2-win.jar -Djdk.module.main=com.example.finalprojectsoftware 
java_command: com.example.finalprojectsoftware/com.example.finalprojectsoftware.HelloApplication
java_class_path (initial): C:\Users\dzang\.m2\repository\org\openjfx\javafx-controls\17.0.2\javafx-controls-17.0.2.jar;C:\Users\dzang\.m2\repository\org\openjfx\javafx-graphics\17.0.2\javafx-graphics-17.0.2.jar;C:\Users\dzang\.m2\repository\org\openjfx\javafx-base\17.0.2\javafx-base-17.0.2.jar;C:\Users\dzang\.m2\repository\org\openjfx\javafx-fxml\17.0.2\javafx-fxml-17.0.2.jar;C:\Users\dzang\.m2\repository\org\postgresql\postgresql\42.6.0\postgresql-42.6.0.jar;C:\Users\dzang\.m2\repository\org\checkerframework\checker-qual\3.31.0\checker-qual-3.31.0.jar;C:\Users\dzang\.m2\repository\com\google\zxing\javase\3.5.2\javase-3.5.2.jar;C:\Users\dzang\.m2\repository\com\beust\jcommander\1.82\jcommander-1.82.jar;C:\Users\dzang\.m2\repository\com\github\jai-imageio\jai-imageio-core\1.4.0\jai-imageio-core-1.4.0.jar
Launcher Type: SUN_STANDARD

[Global flags]
     intx CICompilerCount                          = 4                                         {product} {ergonomic}
     uint ConcGCThreads                            = 3                                         {product} {ergonomic}
     uint G1ConcRefinementThreads                  = 10                                        {product} {ergonomic}
   size_t G1HeapRegionSize                         = 1048576                                   {product} {ergonomic}
    uintx GCDrainStackTargetSize                   = 64                                        {product} {ergonomic}
   size_t InitialHeapSize                          = 98566144                                  {product} {ergonomic}
   size_t MarkStackSize                            = 4194304                                   {product} {ergonomic}
   size_t MaxHeapSize                              = 1572864000                                {product} {ergonomic}
   size_t MaxNewSize                               = 943718400                                 {product} {ergonomic}
   size_t MinHeapDeltaBytes                        = 1048576                                   {product} {ergonomic}
    uintx NonNMethodCodeHeapSize                   = 5835340                                {pd product} {ergonomic}
    uintx NonProfiledCodeHeapSize                  = 122911450                              {pd product} {ergonomic}
    uintx ProfiledCodeHeapSize                     = 122911450                              {pd product} {ergonomic}
    uintx ReservedCodeCacheSize                    = 251658240                              {pd product} {ergonomic}
     bool SegmentedCodeCache                       = true                                      {product} {ergonomic}
     bool UseCompressedClassPointers               = true                                 {lp64_product} {ergonomic}
     bool UseCompressedOops                        = true                                 {lp64_product} {ergonomic}
     bool UseG1GC                                  = true                                      {product} {ergonomic}
     bool UseLargePagesIndividualAllocation        = false                                  {pd product} {ergonomic}

Logging:
Log output configuration:
 #0: stdout all=warning uptime,level,tags
 #1: stderr all=off uptime,level,tags

Environment Variables:
JAVA_HOME=C:\Program Files\Java\jdk-11
PATH=C:\Program Files\Common Files\Oracle\Java\javapath;C:\Program Files (x86)\Common Files\Oracle\Java\javapath;C:\WINDOWS\system32;C:\WINDOWS;C:\WINDOWS\System32\Wbem;C:\WINDOWS\System32\WindowsPowerShell\v1.0\;C:\WINDOWS\System32\OpenSSH\;C:\Program Files\nodejs\;C:\MinGW\bin;C:\Users\dzang\AppData\Local\Programs\Python\Python311\Scripts\;C:\Users\dzang\AppData\Local\Programs\Python\Python311\;C:\Program Files\MySQL\MySQL Shell 8.0\bin\;C:\Users\dzang\AppData\Local\Microsoft\WindowsApps;C:\Users\dzang\AppData\Roaming\npm;C:\Users\dzang\AppData\Local\Programs\Microsoft VS Code\bin
USERNAME=dzang
OS=Windows_NT
PROCESSOR_IDENTIFIER=AMD64 Family 25 Model 80 Stepping 0, AuthenticAMD



---------------  S Y S T E M  ---------------

OS: Windows 10 , 64 bit Build 22621 (10.0.22621.2506)

CPU:total 12 (initial active 12) (12 cores per cpu, 2 threads per core) family 25 model 80 stepping 0, cmov, cx8, fxsr, mmx, sse, sse2, sse3, ssse3, sse4.1, sse4.2, popcnt, avx, avx2, aes, clmul, erms, mmxext, 3dnowpref, lzcnt, sse4a, ht, tsc, tscinvbit, tscinv, bmi1, bmi2, adx, sha, fma

Memory: 4k page, system-wide physical 5996M (317M free)
TotalPageFile size 24428M (AvailPageFile size 8M)
current process WorkingSet (physical memory assigned to process): 94M, peak: 94M
current process commit charge ("private bytes"): 209M, peak: 222M

vm_info: OpenJDK 64-Bit Server VM (11+28) for windows-amd64 JRE (11+28), built on Aug 23 2018 03:04:58 by "mach5one" with MS VC++ 15.5 (VS2017)

END.
