#
# There is insufficient memory for the Java Runtime Environment to continue.
# Native memory allocation (malloc) failed to allocate 718336 bytes for Chunk::new
# Possible reasons:
#   The system is out of physical RAM or swap space
#   The process is running with CompressedOops enabled, and the Java Heap may be blocking the growth of the native heap
# Possible solutions:
#   Reduce memory load on the system
#   Increase physical memory or swap space
#   Check if swap backing store is full
#   Decrease Java heap size (-Xmx/-Xms)
#   Decrease number of Java threads
#   Decrease Java thread stack sizes (-Xss)
#   Set larger code cache with -XX:ReservedCodeCacheSize=
#   JVM is running with Unscaled Compressed Oops mode in which the Java heap is
#     placed in the first 4GB address space. The Java Heap base address is the
#     maximum limit for the native heap growth. Please use -XX:HeapBaseMinAddress
#     to set the Java Heap base and to place the Java Heap above 4GB virtual address.
# This output file may be truncated or incomplete.
#
#  Out of Memory Error (t:/workspace/open/src/hotspot/share/memory/arena.cpp:197), pid=13208, tid=34168
#
# JRE version: OpenJDK Runtime Environment (11.0+28) (build 11+28)
# Java VM: OpenJDK 64-Bit Server VM (11+28, mixed mode, tiered, compressed oops, g1 gc, windows-amd64)
# No core dump will be written. Minidumps are not enabled by default on client versions of Windows
#

---------------  S U M M A R Y ------------

Command Line: -javaagent:C:\Program Files\JetBrains\IntelliJ IDEA Community Edition 2022.2.2\lib\idea_rt.jar=56128:C:\Program Files\JetBrains\IntelliJ IDEA Community Edition 2022.2.2\bin -Dfile.encoding=UTF-8 --module-path=C:\Users\dzang\.m2\repository\com\google\zxing\core\3.5.2\core-3.5.2.jar;C:\Users\dzang\.m2\repository\org\openjfx\javafx-base\17.0.2\javafx-base-17.0.2-win.jar;C:\Users\dzang\.m2\repository\org\openjfx\javafx-controls\17.0.2\javafx-controls-17.0.2-win.jar;C:\Users\dzang\.m2\repository\org\openjfx\javafx-graphics\17.0.2\javafx-graphics-17.0.2-win.jar;C:\Users\dzang\IdeaProjects\FinalProjectSoftware\target\classes;C:\Users\dzang\.m2\repository\org\openjfx\javafx-fxml\17.0.2\javafx-fxml-17.0.2-win.jar -Djdk.module.main=com.example.finalprojectsoftware com.example.finalprojectsoftware/com.example.finalprojectsoftware.HelloApplication

Host: AMD Ryzen 5 5600H with Radeon Graphics         , 12 cores, 5G,  Windows 10 , 64 bit Build 22621 (10.0.22621.2506)
Time: Wed Dec 20 10:51:19 2023 Центральная Азия (зима) elapsed time: 1 seconds (0d 0h 0m 1s)

---------------  T H R E A D  ---------------

Current thread (0x00000217107a3000):  JavaThread "C2 CompilerThread1" daemon [_thread_in_native, id=34168, stack(0x0000001979a00000,0x0000001979b00000)]


Current CompileTask:
C2:   1132 1377   !   4       com.sun.javafx.css.ParsedValueImpl::readBinary (688 bytes)

Stack: [0x0000001979a00000,0x0000001979b00000]
Native frames: (J=compiled Java code, j=interpreted, Vv=VM code, C=native code)
V  [jvm.dll+0x63adaa]
V  [jvm.dll+0x77852f]
V  [jvm.dll+0x779b18]
V  [jvm.dll+0x77a1d3]
V  [jvm.dll+0x2624c8]
V  [jvm.dll+0xc5b61]
V  [jvm.dll+0xc60fc]
V  [jvm.dll+0x2d0c84]
V  [jvm.dll+0x552d0f]
V  [jvm.dll+0x21dd3b]
V  [jvm.dll+0x21b3e6]
V  [jvm.dll+0x198400]
V  [jvm.dll+0x22a4ff]
V  [jvm.dll+0x228b18]
V  [jvm.dll+0x73dc3d]
V  [jvm.dll+0x639e42]
C  [ucrtbase.dll+0x29363]
C  [KERNEL32.DLL+0x1257d]
C  [ntdll.dll+0x5aa58]


---------------  P R O C E S S  ---------------

Threads class SMR info:
_java_thread_list=0x0000021710a62060, length=18, elements={
0x0000021770504000, 0x000002177f9a5800, 0x000002177f9af000, 0x000002177fb43000,
0x000002177f9c4800, 0x000002177f9c5800, 0x000002177f9d1800, 0x000002177f9de800,
0x000002177f93a000, 0x000002170ff7b000, 0x000002170fe7b000, 0x000002177fdfd000,
0x00000217103db000, 0x00000217103eb000, 0x00000217104ff000, 0x000002170fd85800,
0x00000217107a3000, 0x00000217106d8000
}

Java Threads: ( => current thread )
  0x0000021770504000 JavaThread "main" [_thread_blocked, id=21664, stack(0x0000001977400000,0x0000001977500000)]
  0x000002177f9a5800 JavaThread "Reference Handler" daemon [_thread_blocked, id=8712, stack(0x0000001977b00000,0x0000001977c00000)]
  0x000002177f9af000 JavaThread "Finalizer" daemon [_thread_blocked, id=28652, stack(0x0000001977c00000,0x0000001977d00000)]
  0x000002177fb43000 JavaThread "Signal Dispatcher" daemon [_thread_blocked, id=32500, stack(0x0000001977d00000,0x0000001977e00000)]
  0x000002177f9c4800 JavaThread "Attach Listener" daemon [_thread_blocked, id=16064, stack(0x0000001977e00000,0x0000001977f00000)]
  0x000002177f9c5800 JavaThread "C2 CompilerThread0" daemon [_thread_blocked, id=16828, stack(0x0000001977f00000,0x0000001978000000)]
  0x000002177f9d1800 JavaThread "C1 CompilerThread0" daemon [_thread_blocked, id=13924, stack(0x0000001978000000,0x0000001978100000)]
  0x000002177f9de800 JavaThread "Sweeper thread" daemon [_thread_blocked, id=18088, stack(0x0000001978100000,0x0000001978200000)]
  0x000002177f93a000 JavaThread "Common-Cleaner" daemon [_thread_blocked, id=36088, stack(0x0000001978200000,0x0000001978300000)]
  0x000002170ff7b000 JavaThread "Monitor Ctrl-Break" daemon [_thread_in_native, id=39700, stack(0x0000001978500000,0x0000001978600000)]
  0x000002170fe7b000 JavaThread "Service Thread" daemon [_thread_blocked, id=27644, stack(0x0000001978600000,0x0000001978700000)]
  0x000002177fdfd000 JavaThread "QuantumRenderer-0" daemon [_thread_blocked, id=37776, stack(0x0000001978300000,0x0000001978400000)]
  0x00000217103db000 JavaThread "InvokeLaterDispatcher" daemon [_thread_blocked, id=30136, stack(0x0000001978a00000,0x0000001978b00000)]
  0x00000217103eb000 JavaThread "JavaFX Application Thread" [_thread_in_Java, id=28108, stack(0x0000001978b00000,0x0000001978c00000)]
  0x00000217104ff000 JavaThread "JavaFX-Launcher" [_thread_blocked, id=15352, stack(0x0000001979400000,0x0000001979500000)]
  0x000002170fd85800 JavaThread "Thread-2" daemon [_thread_in_native, id=33816, stack(0x0000001979300000,0x0000001979400000)]
=>0x00000217107a3000 JavaThread "C2 CompilerThread1" daemon [_thread_in_native, id=34168, stack(0x0000001979a00000,0x0000001979b00000)]
  0x00000217106d8000 JavaThread "Prism Font Disposer" daemon [_thread_blocked, id=7904, stack(0x0000001979b00000,0x0000001979c00000)]

Other Threads:
  0x000002177f97c000 VMThread "VM Thread" [stack: 0x0000001977a00000,0x0000001977b00000] [id=5520]
  0x000002177fdf5800 WatcherThread [stack: 0x0000001978700000,0x0000001978800000] [id=30676]
  0x000002177051c000 GCTaskThread "GC Thread#0" [stack: 0x0000001977500000,0x0000001977600000] [id=41076]
  0x0000021710573000 GCTaskThread "GC Thread#1" [stack: 0x0000001979500000,0x0000001979600000] [id=24300]
  0x00000217104e2000 GCTaskThread "GC Thread#2" [stack: 0x0000001979600000,0x0000001979700000] [id=30652]
  0x00000217104e3000 GCTaskThread "GC Thread#3" [stack: 0x0000001979700000,0x0000001979800000] [id=13760]
  0x000002171055f000 GCTaskThread "GC Thread#4" [stack: 0x0000001979800000,0x0000001979900000] [id=14992]
  0x0000021710560000 GCTaskThread "GC Thread#5" [stack: 0x0000001979900000,0x0000001979a00000] [id=11780]
  0x0000021770543800 ConcurrentGCThread "G1 Main Marker" [stack: 0x0000001977600000,0x0000001977700000] [id=16988]
  0x0000021770545000 ConcurrentGCThread "G1 Conc#0" [stack: 0x0000001977700000,0x0000001977800000] [id=18248]
  0x00000217705d6800 ConcurrentGCThread "G1 Refine#0" [stack: 0x0000001977800000,0x0000001977900000] [id=1100]
  0x00000217705d9000 ConcurrentGCThread "G1 Young RemSet Sampling" [stack: 0x0000001977900000,0x0000001977a00000] [id=15420]

Threads with active compile tasks:
C2 CompilerThread01450       4       java.util.Arrays::copyOf (40 bytes)
C2 CompilerThread11377   !   4       com.sun.javafx.css.ParsedValueImpl::readBinary (688 bytes)

VM state:not at safepoint (normal execution)

VM Mutex/Monitor currently owned by a thread: None

Heap address: 0x00000000a2400000, size: 1500 MB, Compressed Oops mode: 32-bit
Narrow klass base: 0x0000000000000000, Narrow klass shift: 3
Compressed class space size: 1073741824 Address: 0x0000000100000000

Heap:
 garbage-first heap   total 96256K, used 21401K [0x00000000a2400000, 0x0000000100000000)
  region size 1024K, 22 young (22528K), 3 survivors (3072K)
 Metaspace       used 18643K, capacity 19213K, committed 19328K, reserved 1067008K
  class space    used 2181K, capacity 2392K, committed 2432K, reserved 1048576K
Heap Regions: E=young(eden), S=young(survivor), O=old, HS=humongous(starts), HC=humongous(continues), CS=collection set, F=free, A=archive, TAMS=top-at-mark-start (previous, next)
|   0|0x00000000a2400000, 0x00000000a2400000, 0x00000000a2500000|  0%| F|  |TAMS 0x00000000a2400000, 0x00000000a2400000| Untracked 
|   1|0x00000000a2500000, 0x00000000a2500000, 0x00000000a2600000|  0%| F|  |TAMS 0x00000000a2500000, 0x00000000a2500000| Untracked 
|   2|0x00000000a2600000, 0x00000000a2600000, 0x00000000a2700000|  0%| F|  |TAMS 0x00000000a2600000, 0x00000000a2600000| Untracked 
|   3|0x00000000a2700000, 0x00000000a2700000, 0x00000000a2800000|  0%| F|  |TAMS 0x00000000a2700000, 0x00000000a2700000| Untracked 
|   4|0x00000000a2800000, 0x00000000a2800000, 0x00000000a2900000|  0%| F|  |TAMS 0x00000000a2800000, 0x00000000a2800000| Untracked 
|   5|0x00000000a2900000, 0x00000000a2900000, 0x00000000a2a00000|  0%| F|  |TAMS 0x00000000a2900000, 0x00000000a2900000| Untracked 
|   6|0x00000000a2a00000, 0x00000000a2a00000, 0x00000000a2b00000|  0%| F|  |TAMS 0x00000000a2a00000, 0x00000000a2a00000| Untracked 
|   7|0x00000000a2b00000, 0x00000000a2b00000, 0x00000000a2c00000|  0%| F|  |TAMS 0x00000000a2b00000, 0x00000000a2b00000| Untracked 
|   8|0x00000000a2c00000, 0x00000000a2c00000, 0x00000000a2d00000|  0%| F|  |TAMS 0x00000000a2c00000, 0x00000000a2c00000| Untracked 
|   9|0x00000000a2d00000, 0x00000000a2d00000, 0x00000000a2e00000|  0%| F|  |TAMS 0x00000000a2d00000, 0x00000000a2d00000| Untracked 
|  10|0x00000000a2e00000, 0x00000000a2e00000, 0x00000000a2f00000|  0%| F|  |TAMS 0x00000000a2e00000, 0x00000000a2e00000| Untracked 
|  11|0x00000000a2f00000, 0x00000000a2f00000, 0x00000000a3000000|  0%| F|  |TAMS 0x00000000a2f00000, 0x00000000a2f00000| Untracked 
|  12|0x00000000a3000000, 0x00000000a3000000, 0x00000000a3100000|  0%| F|  |TAMS 0x00000000a3000000, 0x00000000a3000000| Untracked 
|  13|0x00000000a3100000, 0x00000000a3100000, 0x00000000a3200000|  0%| F|  |TAMS 0x00000000a3100000, 0x00000000a3100000| Untracked 
|  14|0x00000000a3200000, 0x00000000a3200000, 0x00000000a3300000|  0%| F|  |TAMS 0x00000000a3200000, 0x00000000a3200000| Untracked 
|  15|0x00000000a3300000, 0x00000000a3300000, 0x00000000a3400000|  0%| F|  |TAMS 0x00000000a3300000, 0x00000000a3300000| Untracked 
|  16|0x00000000a3400000, 0x00000000a3400000, 0x00000000a3500000|  0%| F|  |TAMS 0x00000000a3400000, 0x00000000a3400000| Untracked 
|  17|0x00000000a3500000, 0x00000000a3500000, 0x00000000a3600000|  0%| F|  |TAMS 0x00000000a3500000, 0x00000000a3500000| Untracked 
|  18|0x00000000a3600000, 0x00000000a3600000, 0x00000000a3700000|  0%| F|  |TAMS 0x00000000a3600000, 0x00000000a3600000| Untracked 
|  19|0x00000000a3700000, 0x00000000a3700000, 0x00000000a3800000|  0%| F|  |TAMS 0x00000000a3700000, 0x00000000a3700000| Untracked 
|  20|0x00000000a3800000, 0x00000000a3800000, 0x00000000a3900000|  0%| F|  |TAMS 0x00000000a3800000, 0x00000000a3800000| Untracked 
|  21|0x00000000a3900000, 0x00000000a3900000, 0x00000000a3a00000|  0%| F|  |TAMS 0x00000000a3900000, 0x00000000a3900000| Untracked 
|  22|0x00000000a3a00000, 0x00000000a3a00000, 0x00000000a3b00000|  0%| F|  |TAMS 0x00000000a3a00000, 0x00000000a3a00000| Untracked 
|  23|0x00000000a3b00000, 0x00000000a3b00000, 0x00000000a3c00000|  0%| F|  |TAMS 0x00000000a3b00000, 0x00000000a3b00000| Untracked 
|  24|0x00000000a3c00000, 0x00000000a3c00000, 0x00000000a3d00000|  0%| F|  |TAMS 0x00000000a3c00000, 0x00000000a3c00000| Untracked 
|  25|0x00000000a3d00000, 0x00000000a3d00000, 0x00000000a3e00000|  0%| F|  |TAMS 0x00000000a3d00000, 0x00000000a3d00000| Untracked 
|  26|0x00000000a3e00000, 0x00000000a3e00000, 0x00000000a3f00000|  0%| F|  |TAMS 0x00000000a3e00000, 0x00000000a3e00000| Untracked 
|  27|0x00000000a3f00000, 0x00000000a3f00000, 0x00000000a4000000|  0%| F|  |TAMS 0x00000000a3f00000, 0x00000000a3f00000| Untracked 
|  28|0x00000000a4000000, 0x00000000a4000000, 0x00000000a4100000|  0%| F|  |TAMS 0x00000000a4000000, 0x00000000a4000000| Untracked 
|  29|0x00000000a4100000, 0x00000000a4100000, 0x00000000a4200000|  0%| F|  |TAMS 0x00000000a4100000, 0x00000000a4100000| Untracked 
|  30|0x00000000a4200000, 0x00000000a4200000, 0x00000000a4300000|  0%| F|  |TAMS 0x00000000a4200000, 0x00000000a4200000| Untracked 
|  31|0x00000000a4300000, 0x00000000a4300000, 0x00000000a4400000|  0%| F|  |TAMS 0x00000000a4300000, 0x00000000a4300000| Untracked 
|  32|0x00000000a4400000, 0x00000000a4400000, 0x00000000a4500000|  0%| F|  |TAMS 0x00000000a4400000, 0x00000000a4400000| Untracked 
|  33|0x00000000a4500000, 0x00000000a4500000, 0x00000000a4600000|  0%| F|  |TAMS 0x00000000a4500000, 0x00000000a4500000| Untracked 
|  34|0x00000000a4600000, 0x00000000a4600000, 0x00000000a4700000|  0%| F|  |TAMS 0x00000000a4600000, 0x00000000a4600000| Untracked 
|  35|0x00000000a4700000, 0x00000000a4700000, 0x00000000a4800000|  0%| F|  |TAMS 0x00000000a4700000, 0x00000000a4700000| Untracked 
|  36|0x00000000a4800000, 0x00000000a4800000, 0x00000000a4900000|  0%| F|  |TAMS 0x00000000a4800000, 0x00000000a4800000| Untracked 
|  37|0x00000000a4900000, 0x00000000a4900000, 0x00000000a4a00000|  0%| F|  |TAMS 0x00000000a4900000, 0x00000000a4900000| Untracked 
|  38|0x00000000a4a00000, 0x00000000a4a00000, 0x00000000a4b00000|  0%| F|  |TAMS 0x00000000a4a00000, 0x00000000a4a00000| Untracked 
|  39|0x00000000a4b00000, 0x00000000a4b00000, 0x00000000a4c00000|  0%| F|  |TAMS 0x00000000a4b00000, 0x00000000a4b00000| Untracked 
|  40|0x00000000a4c00000, 0x00000000a4c00000, 0x00000000a4d00000|  0%| F|  |TAMS 0x00000000a4c00000, 0x00000000a4c00000| Untracked 
|  41|0x00000000a4d00000, 0x00000000a4d00000, 0x00000000a4e00000|  0%| F|  |TAMS 0x00000000a4d00000, 0x00000000a4d00000| Untracked 
|  42|0x00000000a4e00000, 0x00000000a4e00000, 0x00000000a4f00000|  0%| F|  |TAMS 0x00000000a4e00000, 0x00000000a4e00000| Untracked 
|  43|0x00000000a4f00000, 0x00000000a4f00000, 0x00000000a5000000|  0%| F|  |TAMS 0x00000000a4f00000, 0x00000000a4f00000| Untracked 
|  44|0x00000000a5000000, 0x00000000a5000000, 0x00000000a5100000|  0%| F|  |TAMS 0x00000000a5000000, 0x00000000a5000000| Untracked 
|  45|0x00000000a5100000, 0x00000000a5100000, 0x00000000a5200000|  0%| F|  |TAMS 0x00000000a5100000, 0x00000000a5100000| Untracked 
|  46|0x00000000a5200000, 0x00000000a5200000, 0x00000000a5300000|  0%| F|  |TAMS 0x00000000a5200000, 0x00000000a5200000| Untracked 
|  47|0x00000000a5300000, 0x00000000a5300000, 0x00000000a5400000|  0%| F|  |TAMS 0x00000000a5300000, 0x00000000a5300000| Untracked 
|  48|0x00000000a5400000, 0x00000000a5400000, 0x00000000a5500000|  0%| F|  |TAMS 0x00000000a5400000, 0x00000000a5400000| Untracked 
|  49|0x00000000a5500000, 0x00000000a5500000, 0x00000000a5600000|  0%| F|  |TAMS 0x00000000a5500000, 0x00000000a5500000| Untracked 
|  50|0x00000000a5600000, 0x00000000a5600000, 0x00000000a5700000|  0%| F|  |TAMS 0x00000000a5600000, 0x00000000a5600000| Untracked 
|  51|0x00000000a5700000, 0x00000000a5700000, 0x00000000a5800000|  0%| F|  |TAMS 0x00000000a5700000, 0x00000000a5700000| Untracked 
|  52|0x00000000a5800000, 0x00000000a5800000, 0x00000000a5900000|  0%| F|  |TAMS 0x00000000a5800000, 0x00000000a5800000| Untracked 
|  53|0x00000000a5900000, 0x00000000a5900000, 0x00000000a5a00000|  0%| F|  |TAMS 0x00000000a5900000, 0x00000000a5900000| Untracked 
|  54|0x00000000a5a00000, 0x00000000a5a00000, 0x00000000a5b00000|  0%| F|  |TAMS 0x00000000a5a00000, 0x00000000a5a00000| Untracked 
|  55|0x00000000a5b00000, 0x00000000a5b00000, 0x00000000a5c00000|  0%| F|  |TAMS 0x00000000a5b00000, 0x00000000a5b00000| Untracked 
|  56|0x00000000a5c00000, 0x00000000a5c00000, 0x00000000a5d00000|  0%| F|  |TAMS 0x00000000a5c00000, 0x00000000a5c00000| Untracked 
|  57|0x00000000a5d00000, 0x00000000a5d00000, 0x00000000a5e00000|  0%| F|  |TAMS 0x00000000a5d00000, 0x00000000a5d00000| Untracked 
|  58|0x00000000a5e00000, 0x00000000a5e00000, 0x00000000a5f00000|  0%| F|  |TAMS 0x00000000a5e00000, 0x00000000a5e00000| Untracked 
|  59|0x00000000a5f00000, 0x00000000a5f00000, 0x00000000a6000000|  0%| F|  |TAMS 0x00000000a5f00000, 0x00000000a5f00000| Untracked 
|  60|0x00000000a6000000, 0x00000000a6000000, 0x00000000a6100000|  0%| F|  |TAMS 0x00000000a6000000, 0x00000000a6000000| Untracked 
|  61|0x00000000a6100000, 0x00000000a6100000, 0x00000000a6200000|  0%| F|  |TAMS 0x00000000a6100000, 0x00000000a6100000| Untracked 
|  62|0x00000000a6200000, 0x00000000a6200000, 0x00000000a6300000|  0%| F|  |TAMS 0x00000000a6200000, 0x00000000a6200000| Untracked 
|  63|0x00000000a6300000, 0x00000000a6300000, 0x00000000a6400000|  0%| F|  |TAMS 0x00000000a6300000, 0x00000000a6300000| Untracked 
|  64|0x00000000a6400000, 0x00000000a6400000, 0x00000000a6500000|  0%| F|  |TAMS 0x00000000a6400000, 0x00000000a6400000| Untracked 
|  65|0x00000000a6500000, 0x00000000a6500000, 0x00000000a6600000|  0%| F|  |TAMS 0x00000000a6500000, 0x00000000a6500000| Untracked 
|  66|0x00000000a6600000, 0x00000000a6600000, 0x00000000a6700000|  0%| F|  |TAMS 0x00000000a6600000, 0x00000000a6600000| Untracked 
|  67|0x00000000a6700000, 0x00000000a67e66c8, 0x00000000a6800000| 90%| S|CS|TAMS 0x00000000a6700000, 0x00000000a6700000| Complete 
|  68|0x00000000a6800000, 0x00000000a6900000, 0x00000000a6900000|100%| S|CS|TAMS 0x00000000a6800000, 0x00000000a6800000| Complete 
|  69|0x00000000a6900000, 0x00000000a6a00000, 0x00000000a6a00000|100%| S|CS|TAMS 0x00000000a6900000, 0x00000000a6900000| Complete 
|  70|0x00000000a6a00000, 0x00000000a6a00000, 0x00000000a6b00000|  0%| F|  |TAMS 0x00000000a6a00000, 0x00000000a6a00000| Untracked 
|  71|0x00000000a6b00000, 0x00000000a6b00000, 0x00000000a6c00000|  0%| F|  |TAMS 0x00000000a6b00000, 0x00000000a6b00000| Untracked 
|  72|0x00000000a6c00000, 0x00000000a6c00000, 0x00000000a6d00000|  0%| F|  |TAMS 0x00000000a6c00000, 0x00000000a6c00000| Untracked 
|  73|0x00000000a6d00000, 0x00000000a6d00000, 0x00000000a6e00000|  0%| F|  |TAMS 0x00000000a6d00000, 0x00000000a6d00000| Untracked 
|  74|0x00000000a6e00000, 0x00000000a6e00000, 0x00000000a6f00000|  0%| F|  |TAMS 0x00000000a6e00000, 0x00000000a6e00000| Untracked 
|  75|0x00000000a6f00000, 0x00000000a6f87f30, 0x00000000a7000000| 53%| E|  |TAMS 0x00000000a6f00000, 0x00000000a6f00000| Complete 
|  76|0x00000000a7000000, 0x00000000a7100000, 0x00000000a7100000|100%| E|CS|TAMS 0x00000000a7000000, 0x00000000a7000000| Complete 
|  77|0x00000000a7100000, 0x00000000a7200000, 0x00000000a7200000|100%| E|CS|TAMS 0x00000000a7100000, 0x00000000a7100000| Complete 
|  78|0x00000000a7200000, 0x00000000a7300000, 0x00000000a7300000|100%| E|CS|TAMS 0x00000000a7200000, 0x00000000a7200000| Complete 
|  79|0x00000000a7300000, 0x00000000a7400000, 0x00000000a7400000|100%| E|CS|TAMS 0x00000000a7300000, 0x00000000a7300000| Complete 
|  80|0x00000000a7400000, 0x00000000a7500000, 0x00000000a7500000|100%| E|CS|TAMS 0x00000000a7400000, 0x00000000a7400000| Complete 
|  81|0x00000000a7500000, 0x00000000a7600000, 0x00000000a7600000|100%| E|CS|TAMS 0x00000000a7500000, 0x00000000a7500000| Complete 
|  82|0x00000000a7600000, 0x00000000a7700000, 0x00000000a7700000|100%| E|CS|TAMS 0x00000000a7600000, 0x00000000a7600000| Complete 
|  83|0x00000000a7700000, 0x00000000a7800000, 0x00000000a7800000|100%| E|CS|TAMS 0x00000000a7700000, 0x00000000a7700000| Complete 
|  84|0x00000000a7800000, 0x00000000a7900000, 0x00000000a7900000|100%| E|CS|TAMS 0x00000000a7800000, 0x00000000a7800000| Complete 
|  85|0x00000000a7900000, 0x00000000a7a00000, 0x00000000a7a00000|100%| E|CS|TAMS 0x00000000a7900000, 0x00000000a7900000| Complete 
|  86|0x00000000a7a00000, 0x00000000a7b00000, 0x00000000a7b00000|100%| E|CS|TAMS 0x00000000a7a00000, 0x00000000a7a00000| Complete 
|  87|0x00000000a7b00000, 0x00000000a7c00000, 0x00000000a7c00000|100%| E|CS|TAMS 0x00000000a7b00000, 0x00000000a7b00000| Complete 
|  88|0x00000000a7c00000, 0x00000000a7d00000, 0x00000000a7d00000|100%| E|CS|TAMS 0x00000000a7c00000, 0x00000000a7c00000| Complete 
|  89|0x00000000a7d00000, 0x00000000a7e00000, 0x00000000a7e00000|100%| E|CS|TAMS 0x00000000a7d00000, 0x00000000a7d00000| Complete 
|  90|0x00000000a7e00000, 0x00000000a7f00000, 0x00000000a7f00000|100%| E|CS|TAMS 0x00000000a7e00000, 0x00000000a7e00000| Complete 
|  91|0x00000000a7f00000, 0x00000000a8000000, 0x00000000a8000000|100%| E|CS|TAMS 0x00000000a7f00000, 0x00000000a7f00000| Complete 
|  92|0x00000000a8000000, 0x00000000a8100000, 0x00000000a8100000|100%| E|CS|TAMS 0x00000000a8000000, 0x00000000a8000000| Complete 
|  93|0x00000000a8100000, 0x00000000a8200000, 0x00000000a8200000|100%| E|CS|TAMS 0x00000000a8100000, 0x00000000a8100000| Complete 

Card table byte_map: [0x0000021779810000,0x0000021779b00000] _byte_map_base: 0x00000217792fe000

Marking Bits (Prev, Next): (CMBitMap*) 0x000002177053d048, (CMBitMap*) 0x000002177053d080
 Prev Bits: [0x0000021779df0000, 0x000002177b560000)
 Next Bits: [0x000002177b560000, 0x000002177ccd0000)

Polling page: 0x000002176ebc0000

Metaspace:

Usage:
  Non-class:     16.43 MB capacity,    16.11 MB ( 98%) used,   272.30 KB (  2%) free+waste,    56.56 KB ( <1%) overhead. 
      Class:      2.37 MB capacity,     2.14 MB ( 90%) used,   207.91 KB (  9%) free+waste,    28.13 KB (  1%) overhead. 
       Both:     18.80 MB capacity,    18.25 MB ( 97%) used,   480.20 KB (  2%) free+waste,    84.69 KB ( <1%) overhead. 

Virtual space:
  Non-class space:       18.00 MB reserved,      16.50 MB ( 92%) committed 
      Class space:        1.00 GB reserved,       2.38 MB ( <1%) committed 
             Both:        1.02 GB reserved,      18.88 MB (  2%) committed 

Chunk freelists:
   Non-Class:  1.13 KB
       Class:  896 bytes
        Both:  2.00 KB

CodeHeap 'non-profiled nmethods': size=120000Kb used=566Kb max_used=566Kb free=119433Kb
 bounds [0x0000021707ad0000, 0x0000021707d40000, 0x000002170f000000]
CodeHeap 'profiled nmethods': size=120000Kb used=2620Kb max_used=2620Kb free=117379Kb
 bounds [0x00000217005a0000, 0x0000021700830000, 0x0000021707ad0000]
CodeHeap 'non-nmethods': size=5760Kb used=1226Kb max_used=1237Kb free=4534Kb
 bounds [0x0000021700000000, 0x0000021700270000, 0x00000217005a0000]
 total_blobs=2374 nmethods=1453 adapters=505
 compilation: enabled
              stopped_count=0, restarted_count=0
 full_count=0

Compilation events (10 events):
Event: 1.129 Thread 0x000002177f9d1800 1404       3       com.sun.javafx.fxml.BeanAdapter$MethodCache::getMethod (99 bytes)
Event: 1.129 Thread 0x000002177f9d1800 nmethod 1404 0x0000021700818e10 code [0x0000021700819080, 0x0000021700819af0]
Event: 1.129 Thread 0x000002177f9d1800 1405       3       jdk.internal.reflect.ByteVectorImpl::getLength (7 bytes)
Event: 1.129 Thread 0x000002177f9d1800 nmethod 1405 0x0000021700819e10 code [0x0000021700819fc0, 0x000002170081a118]
Event: 1.129 Thread 0x000002177f9d1800 1406       3       jdk.internal.reflect.ByteVectorImpl::get (26 bytes)
Event: 1.129 Thread 0x000002177f9d1800 nmethod 1406 0x000002170081a190 code [0x000002170081a360, 0x000002170081a590]
Event: 1.129 Thread 0x000002177f9d1800 1407       3       com.sun.org.apache.xerces.internal.impl.XMLEntityScanner::checkEntityLimit (50 bytes)
Event: 1.130 Thread 0x000002177f9d1800 nmethod 1407 0x000002170081a690 code [0x000002170081a880, 0x000002170081ad00]
Event: 1.130 Thread 0x000002177f9d1800 1408       3       com.sun.org.apache.xerces.internal.util.XMLChar::isSpace (22 bytes)
Event: 1.130 Thread 0x000002177f9d1800 nmethod 1408 0x000002170081ae10 code [0x000002170081afc0, 0x000002170081b1d8]

GC Heap History (2 events):
Event: 0.883 GC heap before
{Heap before GC invocations=0 (full 0):
 garbage-first heap   total 96256K, used 23552K [0x00000000a2400000, 0x0000000100000000)
  region size 1024K, 24 young (24576K), 0 survivors (0K)
 Metaspace       used 12425K, capacity 12780K, committed 13056K, reserved 1060864K
  class space    used 1352K, capacity 1501K, committed 1536K, reserved 1048576K
}
Event: 0.885 GC heap after
{Heap after GC invocations=1 (full 0):
 garbage-first heap   total 96256K, used 2969K [0x00000000a2400000, 0x0000000100000000)
  region size 1024K, 3 young (3072K), 3 survivors (3072K)
 Metaspace       used 12425K, capacity 12780K, committed 13056K, reserved 1060864K
  class space    used 1352K, capacity 1501K, committed 1536K, reserved 1048576K
}

Deoptimization events (10 events):
Event: 1.010 Thread 0x00000217103eb000 Uncommon trap: reason=unstable_if action=reinterpret pc=0x0000021707adb078 method=java.lang.String.isLatin1()Z @ 10 c2
Event: 1.038 Thread 0x00000217103eb000 Uncommon trap: reason=unstable_if action=reinterpret pc=0x0000021707add3d4 method=java.lang.StringLatin1.canEncode(I)Z @ 4 c2
Event: 1.072 Thread 0x00000217103eb000 Uncommon trap: reason=unstable_if action=reinterpret pc=0x0000021707b40ca8 method=java.io.DataInputStream.readUTF(Ljava/io/DataInput;)Ljava/lang/String; @ 31 c2
Event: 1.085 Thread 0x00000217103eb000 Uncommon trap: reason=class_check action=maybe_recompile pc=0x0000021707b4d378 method=java.io.DataInputStream.readShort()S @ 4 c2
Event: 1.085 Thread 0x00000217103eb000 Uncommon trap: reason=class_check action=maybe_recompile pc=0x0000021707b4d378 method=java.io.DataInputStream.readShort()S @ 4 c2
Event: 1.091 Thread 0x00000217103eb000 Uncommon trap: reason=class_check action=maybe_recompile pc=0x0000021707b4d378 method=java.io.DataInputStream.readShort()S @ 4 c2
Event: 1.091 Thread 0x00000217103eb000 Uncommon trap: reason=class_check action=maybe_recompile pc=0x0000021707b4d378 method=java.io.DataInputStream.readShort()S @ 4 c2
Event: 1.095 Thread 0x00000217103eb000 Uncommon trap: reason=unstable_if action=reinterpret pc=0x0000021707b2741c method=java.util.HashMap.putVal(ILjava/lang/Object;Ljava/lang/Object;ZZ)Ljava/lang/Object; @ 162 c2
Event: 1.095 Thread 0x00000217103eb000 Uncommon trap: reason=unstable_if action=reinterpret pc=0x0000021707b4c47c method=java.util.HashMap.getNode(ILjava/lang/Object;)Ljava/util/HashMap$Node; @ 84 c2
Event: 1.096 Thread 0x00000217103eb000 Uncommon trap: reason=unstable_if action=reinterpret pc=0x0000021707b48084 method=java.util.HashMap.resize()[Ljava/util/HashMap$Node; @ 203 c2

Classes redefined (0 events):
No events

Internal exceptions (10 events):
Event: 0.992 Thread 0x00000217103eb000 Exception <a 'sun/nio/fs/WindowsException'{0x00000000a7b152c8}> (0x00000000a7b152c8) thrown at [t:/workspace/open/src/hotspot/share/prims/jni.cpp, line 615]
Event: 0.999 Thread 0x00000217103eb000 Exception <a 'java/lang/ClassNotFoundException'{0x00000000a7b2f658}: sun/util/logging/resources/spi/loggingProvider> (0x00000000a7b2f658) thrown at [t:/workspace/open/src/hotspot/share/classfile/systemDictionary.cpp, line 231]
Event: 1.040 Thread 0x00000217103eb000 Exception <a 'java/lang/ClassNotFoundException'{0x00000000a7982410}: com/sun/glass/ui/win/themes> (0x00000000a7982410) thrown at [t:/workspace/open/src/hotspot/share/prims/jni.cpp, line 636]
Event: 1.040 Thread 0x00000217103eb000 Exception <a 'java/lang/ClassNotFoundException'{0x00000000a798af78}: com/sun/glass/ui/win/themes_ru> (0x00000000a798af78) thrown at [t:/workspace/open/src/hotspot/share/prims/jni.cpp, line 636]
Event: 1.041 Thread 0x00000217103eb000 Exception <a 'java/lang/ClassNotFoundException'{0x00000000a798c530}: com/sun/glass/ui/win/themes_ru_RU> (0x00000000a798c530) thrown at [t:/workspace/open/src/hotspot/share/prims/jni.cpp, line 636]
Event: 1.046 Thread 0x00000217103eb000 Exception <a 'java/lang/NoSuchMethodError'{0x00000000a79ed750}: java.lang.invoke.DirectMethodHandle$Holder.invokeStatic(Ljava/lang/Object;Ljava/lang/Object;Ljava/lang/Object;Ljava/lang/Object;Ljava/lang/Object;Ljava/lang/Object;Ljava/lang/Object;Ljava/lan
Event: 1.047 Thread 0x00000217103eb000 Exception <a 'java/lang/NoSuchMethodError'{0x00000000a780bf60}: java.lang.invoke.DirectMethodHandle$Holder.invokeStatic(Ljava/lang/Object;Ljava/lang/Object;Ljava/lang/Object;Ljava/lang/Object;Ljava/lang/Object;Ljava/lang/Object;Ljava/lang/Object;Ljava/lan
Event: 1.048 Thread 0x00000217103eb000 Exception <a 'java/lang/NoSuchMethodError'{0x00000000a782dfe0}: java.lang.invoke.DirectMethodHandle$Holder.invokeStatic(Ljava/lang/Object;Ljava/lang/Object;Ljava/lang/Object;Ljava/lang/Object;Ljava/lang/Object;Ljava/lang/Object;Ljava/lang/Object;Ljava/lan
Event: 1.049 Thread 0x00000217103eb000 Exception <a 'java/lang/NoSuchMethodError'{0x00000000a784e3f0}: java.lang.invoke.DirectMethodHandle$Holder.invokeStatic(Ljava/lang/Object;Ljava/lang/Object;Ljava/lang/Object;Ljava/lang/Object;Ljava/lang/Object;Ljava/lang/Object;Ljava/lang/Object;Ljava/lan
Event: 1.107 Thread 0x00000217103eb000 Exception <a 'java/lang/NoSuchMethodError'{0x00000000a732f158}: java.lang.invoke.DirectMethodHandle$Holder.invokeStaticInit(Ljava/lang/Object;Ljava/lang/Object;)V> (0x00000000a732f158) thrown at [t:/workspace/open/src/hotspot/share/interpreter/linkResolve

Events (10 events):
Event: 1.127 loading class java/lang/reflect/ParameterizedType done
Event: 1.127 loading class sun/reflect/generics/reflectiveObjects/ParameterizedTypeImpl done
Event: 1.127 loading class sun/reflect/generics/tree/ClassSignature
Event: 1.127 loading class sun/reflect/generics/tree/ClassSignature done
Event: 1.127 loading class sun/reflect/generics/tree/TypeVariableSignature
Event: 1.127 loading class sun/reflect/generics/tree/TypeVariableSignature done
Event: 1.127 loading class sun/reflect/generics/reflectiveObjects/TypeVariableImpl
Event: 1.128 loading class sun/reflect/generics/reflectiveObjects/LazyReflectiveObjectGenerator
Event: 1.128 loading class sun/reflect/generics/reflectiveObjects/LazyReflectiveObjectGenerator done
Event: 1.128 loading class sun/reflect/generics/reflectiveObjects/TypeVariableImpl done


Dynamic libraries:
0x00007ff7b8480000 - 0x00007ff7b84c5000 	C:\Program Files\Java\jdk-11\bin\java.exe
0x00007ff9afe30000 - 0x00007ff9b0047000 	C:\WINDOWS\SYSTEM32\ntdll.dll
0x00007ff9af9c0000 - 0x00007ff9afa84000 	C:\WINDOWS\System32\KERNEL32.DLL
0x00007ff9ad7d0000 - 0x00007ff9adb76000 	C:\WINDOWS\System32\KERNELBASE.dll
0x00007ff9ae6d0000 - 0x00007ff9ae87e000 	C:\WINDOWS\System32\USER32.dll
0x00007ff9ad4d0000 - 0x00007ff9ad4f6000 	C:\WINDOWS\System32\win32u.dll
0x00007ff9aec40000 - 0x00007ff9aec69000 	C:\WINDOWS\System32\GDI32.dll
0x00007ff9ad330000 - 0x00007ff9ad448000 	C:\WINDOWS\System32\gdi32full.dll
0x00007ff9ad730000 - 0x00007ff9ad7ca000 	C:\WINDOWS\System32\msvcp_win.dll
0x00007ff9ad1a0000 - 0x00007ff9ad2b1000 	C:\WINDOWS\System32\ucrtbase.dll
0x00007ff992a00000 - 0x00007ff992c93000 	C:\WINDOWS\WinSxS\amd64_microsoft.windows.common-controls_6595b64144ccf1df_6.0.22621.2506_none_270c5ae97388e100\COMCTL32.dll
0x00007ff9ae880000 - 0x00007ff9ae927000 	C:\WINDOWS\System32\msvcrt.dll
0x00007ff9adb80000 - 0x00007ff9adbb1000 	C:\WINDOWS\System32\IMM32.DLL
0x00007ff97d4e0000 - 0x00007ff97d4f6000 	C:\Program Files\Java\jdk-11\bin\vcruntime140.dll
0x00007ff9130d0000 - 0x00007ff91317a000 	C:\Program Files\Java\jdk-11\bin\msvcp140.dll
0x00007ff900b80000 - 0x00007ff9016c1000 	C:\Program Files\Java\jdk-11\bin\server\jvm.dll
0x00007ff9af870000 - 0x00007ff9af921000 	C:\WINDOWS\System32\ADVAPI32.dll
0x00007ff9aeb20000 - 0x00007ff9aebc5000 	C:\WINDOWS\System32\sechost.dll
0x00007ff9add50000 - 0x00007ff9ade67000 	C:\WINDOWS\System32\RPCRT4.dll
0x00007ff9aed30000 - 0x00007ff9aed38000 	C:\WINDOWS\System32\PSAPI.DLL
0x00007ff992160000 - 0x00007ff992169000 	C:\WINDOWS\SYSTEM32\WSOCK32.dll
0x00007ff9a5e80000 - 0x00007ff9a5eb4000 	C:\WINDOWS\SYSTEM32\WINMM.dll
0x00007ff9a4960000 - 0x00007ff9a496a000 	C:\WINDOWS\SYSTEM32\VERSION.dll
0x00007ff9afc50000 - 0x00007ff9afcc1000 	C:\WINDOWS\System32\WS2_32.dll
0x00007ff9ac290000 - 0x00007ff9ac2a8000 	C:\WINDOWS\SYSTEM32\kernel.appcore.dll
0x00007ff97cbe0000 - 0x00007ff97cbf1000 	C:\Program Files\Java\jdk-11\bin\verify.dll
0x00007ff9aa700000 - 0x00007ff9aa933000 	C:\WINDOWS\SYSTEM32\DBGHELP.DLL
0x00007ff9af2e0000 - 0x00007ff9af669000 	C:\WINDOWS\System32\combase.dll
0x00007ff9adc10000 - 0x00007ff9adce7000 	C:\WINDOWS\System32\OLEAUT32.dll
0x00007ff9981c0000 - 0x00007ff9981f2000 	C:\WINDOWS\SYSTEM32\dbgcore.DLL
0x00007ff9ad450000 - 0x00007ff9ad4ca000 	C:\WINDOWS\System32\bcryptPrimitives.dll
0x00007ff97cb70000 - 0x00007ff97cb98000 	C:\Program Files\Java\jdk-11\bin\java.dll
0x00007ff9a69c0000 - 0x00007ff9a69ef000 	C:\Program Files\Java\jdk-11\bin\instrument.dll
0x00007ff97cbc0000 - 0x00007ff97cbd6000 	C:\Program Files\Java\jdk-11\bin\zip.dll
0x00007ff988810000 - 0x00007ff98881a000 	C:\Program Files\Java\jdk-11\bin\jimage.dll
0x00007ff9ade70000 - 0x00007ff9ae6ca000 	C:\WINDOWS\System32\SHELL32.dll
0x00007ff9ab0d0000 - 0x00007ff9ab9c6000 	C:\WINDOWS\SYSTEM32\windows.storage.dll
0x00007ff9aaf90000 - 0x00007ff9ab0ce000 	C:\WINDOWS\SYSTEM32\wintypes.dll
0x00007ff9aed60000 - 0x00007ff9aee53000 	C:\WINDOWS\System32\SHCORE.dll
0x00007ff9af810000 - 0x00007ff9af86e000 	C:\WINDOWS\System32\shlwapi.dll
0x00007ff9ad0d0000 - 0x00007ff9ad0f6000 	C:\WINDOWS\SYSTEM32\profapi.dll
0x00007ff97c9f0000 - 0x00007ff97ca09000 	C:\Program Files\Java\jdk-11\bin\net.dll
0x00007ff9a77f0000 - 0x00007ff9a7927000 	C:\WINDOWS\SYSTEM32\WINHTTP.dll
0x00007ff9ac710000 - 0x00007ff9ac779000 	C:\WINDOWS\system32\mswsock.dll
0x00007ff97c9d0000 - 0x00007ff97c9e3000 	C:\Program Files\Java\jdk-11\bin\nio.dll
0x00007ff9a4b40000 - 0x00007ff9a4b5a000 	C:\Program Files\JetBrains\IntelliJ IDEA Community Edition 2022.2.2\bin\breakgen64.dll
0x0000021770620000 - 0x0000021770623000 	C:\Users\dzang\.openjfx\cache\17.0.2-ea\api-ms-win-core-console-l1-1-0.dll
0x0000021770630000 - 0x0000021770633000 	C:\Users\dzang\.openjfx\cache\17.0.2-ea\api-ms-win-core-console-l1-2-0.dll
0x0000021770640000 - 0x0000021770643000 	C:\Users\dzang\.openjfx\cache\17.0.2-ea\api-ms-win-core-datetime-l1-1-0.dll
0x000002177ff00000 - 0x000002177ff03000 	C:\Users\dzang\.openjfx\cache\17.0.2-ea\api-ms-win-core-debug-l1-1-0.dll
0x000002177ff10000 - 0x000002177ff13000 	C:\Users\dzang\.openjfx\cache\17.0.2-ea\api-ms-win-core-errorhandling-l1-1-0.dll
0x000002177ff20000 - 0x000002177ff24000 	C:\Users\dzang\.openjfx\cache\17.0.2-ea\api-ms-win-core-file-l1-1-0.dll
0x000002177ff30000 - 0x000002177ff33000 	C:\Users\dzang\.openjfx\cache\17.0.2-ea\api-ms-win-core-file-l1-2-0.dll
0x000002177ff40000 - 0x000002177ff43000 	C:\Users\dzang\.openjfx\cache\17.0.2-ea\api-ms-win-core-file-l2-1-0.dll
0x000002177ff50000 - 0x000002177ff53000 	C:\Users\dzang\.openjfx\cache\17.0.2-ea\api-ms-win-core-handle-l1-1-0.dll
0x000002177ff60000 - 0x000002177ff63000 	C:\Users\dzang\.openjfx\cache\17.0.2-ea\api-ms-win-core-heap-l1-1-0.dll
0x000002177ff70000 - 0x000002177ff73000 	C:\Users\dzang\.openjfx\cache\17.0.2-ea\api-ms-win-core-interlocked-l1-1-0.dll
0x000002177ff80000 - 0x000002177ff83000 	C:\Users\dzang\.openjfx\cache\17.0.2-ea\api-ms-win-core-libraryloader-l1-1-0.dll
0x000002177ff90000 - 0x000002177ff93000 	C:\Users\dzang\.openjfx\cache\17.0.2-ea\api-ms-win-core-localization-l1-2-0.dll
0x000002177ffa0000 - 0x000002177ffa3000 	C:\Users\dzang\.openjfx\cache\17.0.2-ea\api-ms-win-core-memory-l1-1-0.dll
0x000002177ffb0000 - 0x000002177ffb3000 	C:\Users\dzang\.openjfx\cache\17.0.2-ea\api-ms-win-core-namedpipe-l1-1-0.dll
0x000002177ffc0000 - 0x000002177ffc3000 	C:\Users\dzang\.openjfx\cache\17.0.2-ea\api-ms-win-core-processenvironment-l1-1-0.dll
0x000002177ffd0000 - 0x000002177ffd3000 	C:\Users\dzang\.openjfx\cache\17.0.2-ea\api-ms-win-core-processthreads-l1-1-0.dll
0x000002177ffe0000 - 0x000002177ffe3000 	C:\Users\dzang\.openjfx\cache\17.0.2-ea\api-ms-win-core-processthreads-l1-1-1.dll
0x000002177fff0000 - 0x000002177fff3000 	C:\Users\dzang\.openjfx\cache\17.0.2-ea\api-ms-win-core-profile-l1-1-0.dll
0x00000217111d0000 - 0x00000217111d3000 	C:\Users\dzang\.openjfx\cache\17.0.2-ea\api-ms-win-core-rtlsupport-l1-1-0.dll
0x00000217111e0000 - 0x00000217111e3000 	C:\Users\dzang\.openjfx\cache\17.0.2-ea\api-ms-win-core-string-l1-1-0.dll
0x00000217111f0000 - 0x00000217111f3000 	C:\Users\dzang\.openjfx\cache\17.0.2-ea\api-ms-win-core-synch-l1-1-0.dll
0x0000021711200000 - 0x0000021711203000 	C:\Users\dzang\.openjfx\cache\17.0.2-ea\api-ms-win-core-synch-l1-2-0.dll
0x0000021711210000 - 0x0000021711213000 	C:\Users\dzang\.openjfx\cache\17.0.2-ea\api-ms-win-core-sysinfo-l1-1-0.dll
0x0000021711220000 - 0x0000021711223000 	C:\Users\dzang\.openjfx\cache\17.0.2-ea\api-ms-win-core-timezone-l1-1-0.dll
0x0000021711230000 - 0x0000021711233000 	C:\Users\dzang\.openjfx\cache\17.0.2-ea\api-ms-win-core-util-l1-1-0.dll
0x0000021711240000 - 0x0000021711243000 	C:\Users\dzang\.openjfx\cache\17.0.2-ea\api-ms-win-crt-conio-l1-1-0.dll
0x0000021711250000 - 0x0000021711254000 	C:\Users\dzang\.openjfx\cache\17.0.2-ea\api-ms-win-crt-convert-l1-1-0.dll
0x0000021711260000 - 0x0000021711263000 	C:\Users\dzang\.openjfx\cache\17.0.2-ea\api-ms-win-crt-environment-l1-1-0.dll
0x0000021711270000 - 0x0000021711273000 	C:\Users\dzang\.openjfx\cache\17.0.2-ea\api-ms-win-crt-filesystem-l1-1-0.dll
0x0000021711280000 - 0x0000021711283000 	C:\Users\dzang\.openjfx\cache\17.0.2-ea\api-ms-win-crt-heap-l1-1-0.dll
0x0000021711290000 - 0x0000021711293000 	C:\Users\dzang\.openjfx\cache\17.0.2-ea\api-ms-win-crt-locale-l1-1-0.dll
0x00000217112a0000 - 0x00000217112a5000 	C:\Users\dzang\.openjfx\cache\17.0.2-ea\api-ms-win-crt-math-l1-1-0.dll
0x00000217112b0000 - 0x00000217112b5000 	C:\Users\dzang\.openjfx\cache\17.0.2-ea\api-ms-win-crt-multibyte-l1-1-0.dll
0x00000217112c0000 - 0x00000217112d0000 	C:\Users\dzang\.openjfx\cache\17.0.2-ea\api-ms-win-crt-private-l1-1-0.dll
0x00000217112d0000 - 0x00000217112d3000 	C:\Users\dzang\.openjfx\cache\17.0.2-ea\api-ms-win-crt-process-l1-1-0.dll
0x00000217112e0000 - 0x00000217112e4000 	C:\Users\dzang\.openjfx\cache\17.0.2-ea\api-ms-win-crt-runtime-l1-1-0.dll
0x00000217112f0000 - 0x00000217112f4000 	C:\Users\dzang\.openjfx\cache\17.0.2-ea\api-ms-win-crt-stdio-l1-1-0.dll
0x0000021711300000 - 0x0000021711304000 	C:\Users\dzang\.openjfx\cache\17.0.2-ea\api-ms-win-crt-string-l1-1-0.dll
0x0000021711310000 - 0x0000021711313000 	C:\Users\dzang\.openjfx\cache\17.0.2-ea\api-ms-win-crt-time-l1-1-0.dll
0x0000021711320000 - 0x0000021711323000 	C:\Users\dzang\.openjfx\cache\17.0.2-ea\api-ms-win-crt-utility-l1-1-0.dll
0x00007ff953e70000 - 0x00007ff953f6c000 	C:\Users\dzang\.openjfx\cache\17.0.2-ea\ucrtbase.dll
0x00007ff984b70000 - 0x00007ff984b8a000 	C:\Users\dzang\.openjfx\cache\17.0.2-ea\vcruntime140.dll
0x00007ff98a250000 - 0x00007ff98a25c000 	C:\Users\dzang\.openjfx\cache\17.0.2-ea\vcruntime140_1.dll
0x00007ff9826b0000 - 0x00007ff98273d000 	C:\Users\dzang\.openjfx\cache\17.0.2-ea\msvcp140.dll
0x00007ff984ac0000 - 0x00007ff984aea000 	C:\Users\dzang\.openjfx\cache\17.0.2-ea\prism_d3d.dll
0x00007ff958fb0000 - 0x00007ff959159000 	C:\WINDOWS\system32\d3d9.dll
0x00007ff9aa0a0000 - 0x00007ff9aa0cb000 	C:\WINDOWS\SYSTEM32\dwmapi.dll
0x00007ff9aa5d0000 - 0x00007ff9aa606000 	C:\WINDOWS\SYSTEM32\dxcore.dll
0x00007ff9a9e60000 - 0x00007ff9a9f0b000 	C:\WINDOWS\system32\uxtheme.dll
0x00007ff9a3a30000 - 0x00007ff9a3beb000 	C:\WINDOWS\System32\DriverStore\FileRepository\u0387352.inf_amd64_ce4ceb13d73334be\B385477\aticfx64.dll
0x00007ff940dd0000 - 0x00007ff940e04000 	C:\WINDOWS\System32\DriverStore\FileRepository\u0387352.inf_amd64_ce4ceb13d73334be\B385477\atiu9p64.dll
0x00007ff9296f0000 - 0x00007ff92a445000 	C:\WINDOWS\System32\DriverStore\FileRepository\u0387352.inf_amd64_ce4ceb13d73334be\B385477\atiumd64.dll
0x00007ff9af670000 - 0x00007ff9af810000 	C:\WINDOWS\System32\ole32.dll
0x0000000066100000 - 0x0000000067027000 	C:\WINDOWS\System32\DriverStore\FileRepository\u0387352.inf_amd64_ce4ceb13d73334be\B385477\atiumd6a.dll
0x00007ff9aee60000 - 0x00007ff9af2d4000 	C:\WINDOWS\System32\SETUPAPI.dll
0x00007ff9abff0000 - 0x00007ff9ac03d000 	C:\WINDOWS\SYSTEM32\POWRPROF.dll
0x00007ff9abfd0000 - 0x00007ff9abfe3000 	C:\WINDOWS\SYSTEM32\UMPDC.dll
0x00007ff9a3240000 - 0x00007ff9a3275000 	C:\WINDOWS\SYSTEM32\amdihk64.dll
0x00007ff9a5e00000 - 0x00007ff9a5e4a000 	C:\WINDOWS\SYSTEM32\directxdatabasehelper.dll
0x00007ff983280000 - 0x00007ff9832c2000 	C:\Users\dzang\.openjfx\cache\17.0.2-ea\glass.dll
0x00007ff9afcd0000 - 0x00007ff9afdc9000 	C:\WINDOWS\System32\COMDLG32.dll
0x00007ff9ae940000 - 0x00007ff9aea90000 	C:\WINDOWS\System32\MSCTF.dll
0x00007ff984aa0000 - 0x00007ff984ab4000 	C:\Users\dzang\.openjfx\cache\17.0.2-ea\javafx_font.dll
0x00007ff9a88f0000 - 0x00007ff9a8b63000 	C:\WINDOWS\SYSTEM32\dwrite.dll

dbghelp: loaded successfully - version: 4.0.5 - missing functions: none
symbol engine: initialized successfully - sym options: 0x614 - pdb path: .;C:\Program Files\Java\jdk-11\bin;C:\WINDOWS\SYSTEM32;C:\WINDOWS\WinSxS\amd64_microsoft.windows.common-controls_6595b64144ccf1df_6.0.22621.2506_none_270c5ae97388e100;C:\Program Files\Java\jdk-11\bin\server;C:\Program Files\JetBrains\IntelliJ IDEA Community Edition 2022.2.2\bin;C:\Users\dzang\.openjfx\cache\17.0.2-ea;C:\WINDOWS\System32\DriverStore\FileRepository\u0387352.inf_amd64_ce4ceb13d73334be\B385477

VM Arguments:
jvm_args: -javaagent:C:\Program Files\JetBrains\IntelliJ IDEA Community Edition 2022.2.2\lib\idea_rt.jar=56128:C:\Program Files\JetBrains\IntelliJ IDEA Community Edition 2022.2.2\bin -Dfile.encoding=UTF-8 --module-path=C:\Users\dzang\.m2\repository\com\google\zxing\core\3.5.2\core-3.5.2.jar;C:\Users\dzang\.m2\repository\org\openjfx\javafx-base\17.0.2\javafx-base-17.0.2-win.jar;C:\Users\dzang\.m2\repository\org\openjfx\javafx-controls\17.0.2\javafx-controls-17.0.2-win.jar;C:\Users\dzang\.m2\repository\org\openjfx\javafx-graphics\17.0.2\javafx-graphics-17.0.2-win.jar;C:\Users\dzang\IdeaProjects\FinalProjectSoftware\target\classes;C:\Users\dzang\.m2\repository\org\openjfx\javafx-fxml\17.0.2\javafx-fxml-17.0.2-win.jar -Djdk.module.main=com.example.finalprojectsoftware 
java_command: com.example.finalprojectsoftware/com.example.finalprojectsoftware.HelloApplication
java_class_path (initial): C:\Users\dzang\.m2\repository\org\openjfx\javafx-controls\17.0.2\javafx-controls-17.0.2.jar;C:\Users\dzang\.m2\repository\org\openjfx\javafx-graphics\17.0.2\javafx-graphics-17.0.2.jar;C:\Users\dzang\.m2\repository\org\openjfx\javafx-base\17.0.2\javafx-base-17.0.2.jar;C:\Users\dzang\.m2\repository\org\openjfx\javafx-fxml\17.0.2\javafx-fxml-17.0.2.jar;C:\Users\dzang\.m2\repository\org\postgresql\postgresql\42.6.0\postgresql-42.6.0.jar;C:\Users\dzang\.m2\repository\org\checkerframework\checker-qual\3.31.0\checker-qual-3.31.0.jar;C:\Users\dzang\.m2\repository\com\google\zxing\javase\3.5.2\javase-3.5.2.jar;C:\Users\dzang\.m2\repository\com\beust\jcommander\1.82\jcommander-1.82.jar;C:\Users\dzang\.m2\repository\com\github\jai-imageio\jai-imageio-core\1.4.0\jai-imageio-core-1.4.0.jar
Launcher Type: SUN_STANDARD

[Global flags]
     intx CICompilerCount                          = 4                                         {product} {ergonomic}
     uint ConcGCThreads                            = 3                                         {product} {ergonomic}
     uint G1ConcRefinementThreads                  = 10                                        {product} {ergonomic}
   size_t G1HeapRegionSize                         = 1048576                                   {product} {ergonomic}
    uintx GCDrainStackTargetSize                   = 64                                        {product} {ergonomic}
   size_t InitialHeapSize                          = 98566144                                  {product} {ergonomic}
   size_t MarkStackSize                            = 4194304                                   {product} {ergonomic}
   size_t MaxHeapSize                              = 1572864000                                {product} {ergonomic}
   size_t MaxNewSize                               = 943718400                                 {product} {ergonomic}
   size_t MinHeapDeltaBytes                        = 1048576                                   {product} {ergonomic}
    uintx NonNMethodCodeHeapSize                   = 5835340                                {pd product} {ergonomic}
    uintx NonProfiledCodeHeapSize                  = 122911450                              {pd product} {ergonomic}
    uintx ProfiledCodeHeapSize                     = 122911450                              {pd product} {ergonomic}
    uintx ReservedCodeCacheSize                    = 251658240                              {pd product} {ergonomic}
     bool SegmentedCodeCache                       = true                                      {product} {ergonomic}
     bool UseCompressedClassPointers               = true                                 {lp64_product} {ergonomic}
     bool UseCompressedOops                        = true                                 {lp64_product} {ergonomic}
     bool UseG1GC                                  = true                                      {product} {ergonomic}
     bool UseLargePagesIndividualAllocation        = false                                  {pd product} {ergonomic}

Logging:
Log output configuration:
 #0: stdout all=warning uptime,level,tags
 #1: stderr all=off uptime,level,tags

Environment Variables:
JAVA_HOME=C:\Program Files\Java\jdk-11
PATH=C:\Program Files\Common Files\Oracle\Java\javapath;C:\Program Files (x86)\Common Files\Oracle\Java\javapath;C:\WINDOWS\system32;C:\WINDOWS;C:\WINDOWS\System32\Wbem;C:\WINDOWS\System32\WindowsPowerShell\v1.0\;C:\WINDOWS\System32\OpenSSH\;C:\Program Files\nodejs\;C:\MinGW\bin;C:\Users\dzang\AppData\Local\Programs\Python\Python311\Scripts\;C:\Users\dzang\AppData\Local\Programs\Python\Python311\;C:\Program Files\MySQL\MySQL Shell 8.0\bin\;C:\Users\dzang\AppData\Local\Microsoft\WindowsApps;C:\Users\dzang\AppData\Roaming\npm;C:\Users\dzang\AppData\Local\Programs\Microsoft VS Code\bin
USERNAME=dzang
OS=Windows_NT
PROCESSOR_IDENTIFIER=AMD64 Family 25 Model 80 Stepping 0, AuthenticAMD



---------------  S Y S T E M  ---------------

OS: Windows 10 , 64 bit Build 22621 (10.0.22621.2506)

CPU:total 12 (initial active 12) (12 cores per cpu, 2 threads per core) family 25 model 80 stepping 0, cmov, cx8, fxsr, mmx, sse, sse2, sse3, ssse3, sse4.1, sse4.2, popcnt, avx, avx2, aes, clmul, erms, mmxext, 3dnowpref, lzcnt, sse4a, ht, tsc, tscinvbit, tscinv, bmi1, bmi2, adx, sha, fma

Memory: 4k page, system-wide physical 5996M (406M free)
TotalPageFile size 24428M (AvailPageFile size 0M)
current process WorkingSet (physical memory assigned to process): 107M, peak: 107M
current process commit charge ("private bytes"): 237M, peak: 237M

vm_info: OpenJDK 64-Bit Server VM (11+28) for windows-amd64 JRE (11+28), built on Aug 23 2018 03:04:58 by "mach5one" with MS VC++ 15.5 (VS2017)

END.
