#
# There is insufficient memory for the Java Runtime Environment to continue.
# Native memory allocation (malloc) failed to allocate 958416 bytes for Chunk::new
# Possible reasons:
#   The system is out of physical RAM or swap space
#   The process is running with CompressedOops enabled, and the Java Heap may be blocking the growth of the native heap
# Possible solutions:
#   Reduce memory load on the system
#   Increase physical memory or swap space
#   Check if swap backing store is full
#   Decrease Java heap size (-Xmx/-Xms)
#   Decrease number of Java threads
#   Decrease Java thread stack sizes (-Xss)
#   Set larger code cache with -XX:ReservedCodeCacheSize=
#   JVM is running with Unscaled Compressed Oops mode in which the Java heap is
#     placed in the first 4GB address space. The Java Heap base address is the
#     maximum limit for the native heap growth. Please use -XX:HeapBaseMinAddress
#     to set the Java Heap base and to place the Java Heap above 4GB virtual address.
# This output file may be truncated or incomplete.
#
#  Out of Memory Error (t:/workspace/open/src/hotspot/share/memory/arena.cpp:197), pid=28688, tid=16360
#
# JRE version: OpenJDK Runtime Environment (11.0+28) (build 11+28)
# Java VM: OpenJDK 64-Bit Server VM (11+28, mixed mode, tiered, compressed oops, g1 gc, windows-amd64)
# No core dump will be written. Minidumps are not enabled by default on client versions of Windows
#

---------------  S U M M A R Y ------------

Command Line: -javaagent:C:\Program Files\JetBrains\IntelliJ IDEA Community Edition 2022.2.2\lib\idea_rt.jar=55356:C:\Program Files\JetBrains\IntelliJ IDEA Community Edition 2022.2.2\bin -Dfile.encoding=UTF-8 --module-path=C:\Users\dzang\.m2\repository\com\google\zxing\core\3.5.2\core-3.5.2.jar;C:\Users\dzang\IdeaProjects\FinalProjectSoftware\target\classes;C:\Users\dzang\.m2\repository\org\openjfx\javafx-base\17.0.2\javafx-base-17.0.2-win.jar;C:\Users\dzang\.m2\repository\org\openjfx\javafx-graphics\17.0.2\javafx-graphics-17.0.2-win.jar;C:\Users\dzang\.m2\repository\org\openjfx\javafx-fxml\17.0.2\javafx-fxml-17.0.2-win.jar;C:\Users\dzang\.m2\repository\org\openjfx\javafx-controls\17.0.2\javafx-controls-17.0.2-win.jar -Djdk.module.main=com.example.finalprojectsoftware com.example.finalprojectsoftware/com.example.finalprojectsoftware.HelloApplication

Host: AMD Ryzen 5 5600H with Radeon Graphics         , 12 cores, 5G,  Windows 10 , 64 bit Build 22621 (10.0.22621.2506)
Time: Wed Dec 20 10:45:10 2023 Центральная Азия (зима) elapsed time: 10 seconds (0d 0h 0m 10s)

---------------  T H R E A D  ---------------

Current thread (0x000002442a8e9000):  JavaThread "C2 CompilerThread1" daemon [_thread_in_native, id=16360, stack(0x000000ed81400000,0x000000ed81500000)]


Current CompileTask:
C2:  10778 3600       4       javafx.scene.CssStyleHelper::createStyleHelper (304 bytes)

Stack: [0x000000ed81400000,0x000000ed81500000]
Native frames: (J=compiled Java code, j=interpreted, Vv=VM code, C=native code)
V  [jvm.dll+0x63adaa]
V  [jvm.dll+0x77852f]
V  [jvm.dll+0x779b18]
V  [jvm.dll+0x77a1d3]
V  [jvm.dll+0x2624c8]
V  [jvm.dll+0xc5b61]
V  [jvm.dll+0xc60fc]
V  [jvm.dll+0x36e692]
V  [jvm.dll+0x33b433]
V  [jvm.dll+0x33a80a]
V  [jvm.dll+0x21c365]
V  [jvm.dll+0x21b50a]
V  [jvm.dll+0x198400]
V  [jvm.dll+0x22a4ff]
V  [jvm.dll+0x228b18]
V  [jvm.dll+0x73dc3d]
V  [jvm.dll+0x639e42]
C  [ucrtbase.dll+0x29363]
C  [KERNEL32.DLL+0x1257d]
C  [ntdll.dll+0x5aa58]


---------------  P R O C E S S  ---------------

Threads class SMR info:
_java_thread_list=0x000002442a443aa0, length=22, elements={
0x000002440ba14800, 0x0000024429688000, 0x0000024429691800, 0x000002442a023000,
0x00000244296a4800, 0x00000244296a6800, 0x00000244296a9800, 0x00000244296b6800,
0x000002442961c000, 0x000002442a925000, 0x000002442a8fa000, 0x000002442abda000,
0x000002442ae7e800, 0x000002442ae93800, 0x000002442b1ca800, 0x000002442b10f800,
0x000002442b322800, 0x000002442b30b800, 0x0000024434054800, 0x000002442a062000,
0x000002442a8e9000, 0x00000244333c3800
}

Java Threads: ( => current thread )
  0x000002440ba14800 JavaThread "main" [_thread_blocked, id=22636, stack(0x000000edfde00000,0x000000edfdf00000)]
  0x0000024429688000 JavaThread "Reference Handler" daemon [_thread_blocked, id=37672, stack(0x000000edfe500000,0x000000edfe600000)]
  0x0000024429691800 JavaThread "Finalizer" daemon [_thread_blocked, id=26524, stack(0x000000edfe600000,0x000000edfe700000)]
  0x000002442a023000 JavaThread "Signal Dispatcher" daemon [_thread_blocked, id=4092, stack(0x000000edfe700000,0x000000edfe800000)]
  0x00000244296a4800 JavaThread "Attach Listener" daemon [_thread_blocked, id=15196, stack(0x000000edfe800000,0x000000edfe900000)]
  0x00000244296a6800 JavaThread "C2 CompilerThread0" daemon [_thread_in_native, id=23404, stack(0x000000edfe900000,0x000000edfea00000)]
  0x00000244296a9800 JavaThread "C1 CompilerThread0" daemon [_thread_in_native, id=29544, stack(0x000000edfea00000,0x000000edfeb00000)]
  0x00000244296b6800 JavaThread "Sweeper thread" daemon [_thread_blocked, id=31348, stack(0x000000edfeb00000,0x000000edfec00000)]
  0x000002442961c000 JavaThread "Common-Cleaner" daemon [_thread_blocked, id=3624, stack(0x000000edfec00000,0x000000edfed00000)]
  0x000002442a925000 JavaThread "Monitor Ctrl-Break" daemon [_thread_in_native, id=39264, stack(0x000000edfef00000,0x000000edff000000)]
  0x000002442a8fa000 JavaThread "Service Thread" daemon [_thread_blocked, id=28760, stack(0x000000edff000000,0x000000edff100000)]
  0x000002442abda000 JavaThread "QuantumRenderer-0" daemon [_thread_blocked, id=5092, stack(0x000000edfee00000,0x000000edfef00000)]
  0x000002442ae7e800 JavaThread "InvokeLaterDispatcher" daemon [_thread_blocked, id=31612, stack(0x000000edff400000,0x000000edff500000)]
  0x000002442ae93800 JavaThread "JavaFX Application Thread" [_thread_in_vm, id=36420, stack(0x000000edff500000,0x000000edff600000)]
  0x000002442b1ca800 JavaThread "JavaFX-Launcher" [_thread_blocked, id=28304, stack(0x000000edfff00000,0x000000ee00000000)]
  0x000002442b10f800 JavaThread "Thread-2" daemon [_thread_in_native, id=14900, stack(0x000000edffe00000,0x000000edfff00000)]
  0x000002442b322800 JavaThread "Prism Font Disposer" daemon [_thread_blocked, id=17724, stack(0x000000ed80500000,0x000000ed80600000)]
  0x000002442b30b800 JavaThread "Cleaner-0" daemon [_thread_blocked, id=31792, stack(0x000000ed80d00000,0x000000ed80e00000)]
  0x0000024434054800 JavaThread "PostgreSQL-JDBC-Cleaner" daemon [_thread_blocked, id=38524, stack(0x000000ed81000000,0x000000ed81100000)]
  0x000002442a062000 JavaThread "Thread-3" [_thread_in_native, id=15856, stack(0x000000ed81300000,0x000000ed81400000)]
=>0x000002442a8e9000 JavaThread "C2 CompilerThread1" daemon [_thread_in_native, id=16360, stack(0x000000ed81400000,0x000000ed81500000)]
  0x00000244333c3800 JavaThread "C2 CompilerThread2" daemon [_thread_in_native, id=7912, stack(0x000000ed81600000,0x000000ed81700000)]

Other Threads:
  0x0000024429661000 VMThread "VM Thread" [stack: 0x000000edfe400000,0x000000edfe500000] [id=36184]
  0x000002442a429000 WatcherThread [stack: 0x000000edff100000,0x000000edff200000] [id=10276]
  0x000002440ba2d800 GCTaskThread "GC Thread#0" [stack: 0x000000edfdf00000,0x000000edfe000000] [id=6628]
  0x000002442b208000 GCTaskThread "GC Thread#1" [stack: 0x000000ed80000000,0x000000ed80100000] [id=37120]
  0x000002442b1c3000 GCTaskThread "GC Thread#2" [stack: 0x000000ed80100000,0x000000ed80200000] [id=1900]
  0x000002442b1b7000 GCTaskThread "GC Thread#3" [stack: 0x000000ed80200000,0x000000ed80300000] [id=3516]
  0x000002442b1b8000 GCTaskThread "GC Thread#4" [stack: 0x000000ed80300000,0x000000ed80400000] [id=5816]
  0x000002442b24b000 GCTaskThread "GC Thread#5" [stack: 0x000000ed80400000,0x000000ed80500000] [id=39232]
  0x000002442a5e1800 GCTaskThread "GC Thread#6" [stack: 0x000000ed80f00000,0x000000ed81000000] [id=29436]
  0x000002443394a000 GCTaskThread "GC Thread#7" [stack: 0x000000ed81500000,0x000000ed81600000] [id=7940]
  0x000002440ba53000 ConcurrentGCThread "G1 Main Marker" [stack: 0x000000edfe000000,0x000000edfe100000] [id=31592]
  0x000002440ba54800 ConcurrentGCThread "G1 Conc#0" [stack: 0x000000edfe100000,0x000000edfe200000] [id=40644]
  0x000002442b2fc800 ConcurrentGCThread "G1 Conc#1" [stack: 0x000000ed80700000,0x000000ed80800000] [id=12868]
  0x000002442b5e2000 ConcurrentGCThread "G1 Conc#2" [stack: 0x000000ed80800000,0x000000ed80900000] [id=13112]
  0x000002440bae6000 ConcurrentGCThread "G1 Refine#0" [stack: 0x000000edfe200000,0x000000edfe300000] [id=35416]
  0x000002440bae8000 ConcurrentGCThread "G1 Young RemSet Sampling" [stack: 0x000000edfe300000,0x000000edfe400000] [id=26388]

Threads with active compile tasks:
C2 CompilerThread03679       4       javafx.css.SimpleSelector::applies (221 bytes)
C1 CompilerThread03809       3       com.sun.javafx.font.PrismFontFile::getGlyphBoundingBox (165 bytes)
C2 CompilerThread13600       4       javafx.scene.CssStyleHelper::createStyleHelper (304 bytes)
C2 CompilerThread23682       4       com.sun.javafx.css.StyleMap::getCascadingStyles (384 bytes)

VM state:not at safepoint (normal execution)

VM Mutex/Monitor currently owned by a thread: None

Heap address: 0x00000000a2400000, size: 1500 MB, Compressed Oops mode: 32-bit
Narrow klass base: 0x0000000000000000, Narrow klass shift: 3
Compressed class space size: 1073741824 Address: 0x0000000100000000

Heap:
 garbage-first heap   total 336896K, used 333589K [0x00000000a2400000, 0x0000000100000000)
  region size 1024K, 5 young (5120K), 1 survivors (1024K)
 Metaspace       used 29592K, capacity 30628K, committed 30848K, reserved 1075200K
  class space    used 3674K, capacity 4129K, committed 4224K, reserved 1048576K
Heap Regions: E=young(eden), S=young(survivor), O=old, HS=humongous(starts), HC=humongous(continues), CS=collection set, F=free, A=archive, TAMS=top-at-mark-start (previous, next)
|   0|0x00000000a2400000, 0x00000000a2500000, 0x00000000a2500000|100%|HS|  |TAMS 0x00000000a2500000, 0x00000000a2400000| Complete 
|   1|0x00000000a2500000, 0x00000000a2600000, 0x00000000a2600000|100%|HC|  |TAMS 0x00000000a2600000, 0x00000000a2500000| Complete 
|   2|0x00000000a2600000, 0x00000000a2700000, 0x00000000a2700000|100%|HS|  |TAMS 0x00000000a2700000, 0x00000000a2600000| Complete 
|   3|0x00000000a2700000, 0x00000000a2800000, 0x00000000a2800000|100%|HC|  |TAMS 0x00000000a2800000, 0x00000000a2700000| Complete 
|   4|0x00000000a2800000, 0x00000000a2900000, 0x00000000a2900000|100%|HS|  |TAMS 0x00000000a2900000, 0x00000000a2800000| Complete 
|   5|0x00000000a2900000, 0x00000000a2a00000, 0x00000000a2a00000|100%|HC|  |TAMS 0x00000000a2a00000, 0x00000000a2900000| Complete 
|   6|0x00000000a2a00000, 0x00000000a2b00000, 0x00000000a2b00000|100%|HS|  |TAMS 0x00000000a2b00000, 0x00000000a2a00000| Complete 
|   7|0x00000000a2b00000, 0x00000000a2c00000, 0x00000000a2c00000|100%|HC|  |TAMS 0x00000000a2c00000, 0x00000000a2b00000| Complete 
|   8|0x00000000a2c00000, 0x00000000a2d00000, 0x00000000a2d00000|100%|HS|  |TAMS 0x00000000a2d00000, 0x00000000a2c00000| Complete 
|   9|0x00000000a2d00000, 0x00000000a2e00000, 0x00000000a2e00000|100%|HC|  |TAMS 0x00000000a2e00000, 0x00000000a2d00000| Complete 
|  10|0x00000000a2e00000, 0x00000000a2f00000, 0x00000000a2f00000|100%|HS|  |TAMS 0x00000000a2f00000, 0x00000000a2e00000| Complete 
|  11|0x00000000a2f00000, 0x00000000a3000000, 0x00000000a3000000|100%|HC|  |TAMS 0x00000000a3000000, 0x00000000a2f00000| Complete 
|  12|0x00000000a3000000, 0x00000000a3100000, 0x00000000a3100000|100%|HS|  |TAMS 0x00000000a3100000, 0x00000000a3000000| Complete 
|  13|0x00000000a3100000, 0x00000000a3200000, 0x00000000a3200000|100%|HC|  |TAMS 0x00000000a3200000, 0x00000000a3100000| Complete 
|  14|0x00000000a3200000, 0x00000000a3300000, 0x00000000a3300000|100%|HS|  |TAMS 0x00000000a3300000, 0x00000000a3200000| Complete 
|  15|0x00000000a3300000, 0x00000000a3400000, 0x00000000a3400000|100%|HC|  |TAMS 0x00000000a3400000, 0x00000000a3300000| Complete 
|  16|0x00000000a3400000, 0x00000000a3500000, 0x00000000a3500000|100%|HS|  |TAMS 0x00000000a3500000, 0x00000000a3400000| Complete 
|  17|0x00000000a3500000, 0x00000000a3600000, 0x00000000a3600000|100%|HC|  |TAMS 0x00000000a3600000, 0x00000000a3500000| Complete 
|  18|0x00000000a3600000, 0x00000000a3700000, 0x00000000a3700000|100%|HS|  |TAMS 0x00000000a3700000, 0x00000000a3600000| Complete 
|  19|0x00000000a3700000, 0x00000000a3800000, 0x00000000a3800000|100%|HC|  |TAMS 0x00000000a3800000, 0x00000000a3700000| Complete 
|  20|0x00000000a3800000, 0x00000000a3900000, 0x00000000a3900000|100%|HS|  |TAMS 0x00000000a3900000, 0x00000000a3800000| Complete 
|  21|0x00000000a3900000, 0x00000000a3a00000, 0x00000000a3a00000|100%|HC|  |TAMS 0x00000000a3a00000, 0x00000000a3900000| Complete 
|  22|0x00000000a3a00000, 0x00000000a3b00000, 0x00000000a3b00000|100%|HS|  |TAMS 0x00000000a3b00000, 0x00000000a3a00000| Complete 
|  23|0x00000000a3b00000, 0x00000000a3c00000, 0x00000000a3c00000|100%|HC|  |TAMS 0x00000000a3c00000, 0x00000000a3b00000| Complete 
|  24|0x00000000a3c00000, 0x00000000a3d00000, 0x00000000a3d00000|100%| O|  |TAMS 0x00000000a3d00000, 0x00000000a3c00000| Untracked 
|  25|0x00000000a3d00000, 0x00000000a3e00000, 0x00000000a3e00000|100%| O|  |TAMS 0x00000000a3e00000, 0x00000000a3d00000| Untracked 
|  26|0x00000000a3e00000, 0x00000000a3f00000, 0x00000000a3f00000|100%|HS|  |TAMS 0x00000000a3f00000, 0x00000000a3e00000| Complete 
|  27|0x00000000a3f00000, 0x00000000a4000000, 0x00000000a4000000|100%|HC|  |TAMS 0x00000000a4000000, 0x00000000a3f00000| Complete 
|  28|0x00000000a4000000, 0x00000000a4100000, 0x00000000a4100000|100%|HS|  |TAMS 0x00000000a4100000, 0x00000000a4000000| Complete 
|  29|0x00000000a4100000, 0x00000000a4200000, 0x00000000a4200000|100%|HC|  |TAMS 0x00000000a4200000, 0x00000000a4100000| Complete 
|  30|0x00000000a4200000, 0x00000000a4300000, 0x00000000a4300000|100%| O|  |TAMS 0x00000000a4300000, 0x00000000a4200000| Untracked 
|  31|0x00000000a4300000, 0x00000000a4400000, 0x00000000a4400000|100%| O|  |TAMS 0x00000000a4400000, 0x00000000a4300000| Untracked 
|  32|0x00000000a4400000, 0x00000000a4500000, 0x00000000a4500000|100%|HS|  |TAMS 0x00000000a4500000, 0x00000000a4400000| Complete 
|  33|0x00000000a4500000, 0x00000000a4600000, 0x00000000a4600000|100%|HC|  |TAMS 0x00000000a4600000, 0x00000000a4500000| Complete 
|  34|0x00000000a4600000, 0x00000000a4700000, 0x00000000a4700000|100%|HS|  |TAMS 0x00000000a4700000, 0x00000000a4600000| Complete 
|  35|0x00000000a4700000, 0x00000000a4800000, 0x00000000a4800000|100%|HC|  |TAMS 0x00000000a4800000, 0x00000000a4700000| Complete 
|  36|0x00000000a4800000, 0x00000000a4900000, 0x00000000a4900000|100%|HS|  |TAMS 0x00000000a4900000, 0x00000000a4800000| Complete 
|  37|0x00000000a4900000, 0x00000000a4a00000, 0x00000000a4a00000|100%|HC|  |TAMS 0x00000000a4a00000, 0x00000000a4900000| Complete 
|  38|0x00000000a4a00000, 0x00000000a4b00000, 0x00000000a4b00000|100%|HS|  |TAMS 0x00000000a4b00000, 0x00000000a4a00000| Complete 
|  39|0x00000000a4b00000, 0x00000000a4c00000, 0x00000000a4c00000|100%|HC|  |TAMS 0x00000000a4c00000, 0x00000000a4b00000| Complete 
|  40|0x00000000a4c00000, 0x00000000a4d00000, 0x00000000a4d00000|100%|HS|  |TAMS 0x00000000a4d00000, 0x00000000a4c00000| Complete 
|  41|0x00000000a4d00000, 0x00000000a4e00000, 0x00000000a4e00000|100%|HC|  |TAMS 0x00000000a4e00000, 0x00000000a4d00000| Complete 
|  42|0x00000000a4e00000, 0x00000000a4f00000, 0x00000000a4f00000|100%| O|  |TAMS 0x00000000a4f00000, 0x00000000a4e00000| Untracked 
|  43|0x00000000a4f00000, 0x00000000a5000000, 0x00000000a5000000|100%| O|  |TAMS 0x00000000a5000000, 0x00000000a4f00000| Untracked 
|  44|0x00000000a5000000, 0x00000000a5100000, 0x00000000a5100000|100%| O|  |TAMS 0x00000000a5100000, 0x00000000a5000000| Untracked 
|  45|0x00000000a5100000, 0x00000000a5200000, 0x00000000a5200000|100%| O|  |TAMS 0x00000000a5200000, 0x00000000a5100000| Untracked 
|  46|0x00000000a5200000, 0x00000000a5300000, 0x00000000a5300000|100%| O|  |TAMS 0x00000000a5300000, 0x00000000a5200000| Untracked 
|  47|0x00000000a5300000, 0x00000000a5400000, 0x00000000a5400000|100%| O|  |TAMS 0x00000000a5400000, 0x00000000a5300000| Untracked 
|  48|0x00000000a5400000, 0x00000000a5500000, 0x00000000a5500000|100%| O|  |TAMS 0x00000000a5500000, 0x00000000a5400000| Untracked 
|  49|0x00000000a5500000, 0x00000000a5600000, 0x00000000a5600000|100%|HS|  |TAMS 0x00000000a5600000, 0x00000000a5500000| Complete 
|  50|0x00000000a5600000, 0x00000000a5700000, 0x00000000a5700000|100%|HC|  |TAMS 0x00000000a5700000, 0x00000000a5600000| Complete 
|  51|0x00000000a5700000, 0x00000000a5800000, 0x00000000a5800000|100%|HS|  |TAMS 0x00000000a5800000, 0x00000000a5700000| Complete 
|  52|0x00000000a5800000, 0x00000000a5900000, 0x00000000a5900000|100%|HC|  |TAMS 0x00000000a5900000, 0x00000000a5800000| Complete 
|  53|0x00000000a5900000, 0x00000000a5a00000, 0x00000000a5a00000|100%|HS|  |TAMS 0x00000000a5a00000, 0x00000000a5900000| Complete 
|  54|0x00000000a5a00000, 0x00000000a5b00000, 0x00000000a5b00000|100%|HC|  |TAMS 0x00000000a5b00000, 0x00000000a5a00000| Complete 
|  55|0x00000000a5b00000, 0x00000000a5c00000, 0x00000000a5c00000|100%|HS|  |TAMS 0x00000000a5c00000, 0x00000000a5b00000| Complete 
|  56|0x00000000a5c00000, 0x00000000a5d00000, 0x00000000a5d00000|100%|HC|  |TAMS 0x00000000a5d00000, 0x00000000a5c00000| Complete 
|  57|0x00000000a5d00000, 0x00000000a5e00000, 0x00000000a5e00000|100%|HS|  |TAMS 0x00000000a5e00000, 0x00000000a5d00000| Complete 
|  58|0x00000000a5e00000, 0x00000000a5f00000, 0x00000000a5f00000|100%|HC|  |TAMS 0x00000000a5f00000, 0x00000000a5e00000| Complete 
|  59|0x00000000a5f00000, 0x00000000a6000000, 0x00000000a6000000|100%|HS|  |TAMS 0x00000000a6000000, 0x00000000a5f00000| Complete 
|  60|0x00000000a6000000, 0x00000000a6100000, 0x00000000a6100000|100%|HC|  |TAMS 0x00000000a6100000, 0x00000000a6000000| Complete 
|  61|0x00000000a6100000, 0x00000000a6200000, 0x00000000a6200000|100%|HS|  |TAMS 0x00000000a6200000, 0x00000000a6100000| Complete 
|  62|0x00000000a6200000, 0x00000000a6300000, 0x00000000a6300000|100%|HC|  |TAMS 0x00000000a6300000, 0x00000000a6200000| Complete 
|  63|0x00000000a6300000, 0x00000000a6400000, 0x00000000a6400000|100%|HS|  |TAMS 0x00000000a6400000, 0x00000000a6300000| Complete 
|  64|0x00000000a6400000, 0x00000000a6500000, 0x00000000a6500000|100%|HC|  |TAMS 0x00000000a6500000, 0x00000000a6400000| Complete 
|  65|0x00000000a6500000, 0x00000000a6600000, 0x00000000a6600000|100%|HS|  |TAMS 0x00000000a6600000, 0x00000000a6500000| Complete 
|  66|0x00000000a6600000, 0x00000000a6700000, 0x00000000a6700000|100%|HC|  |TAMS 0x00000000a6700000, 0x00000000a6600000| Complete 
|  67|0x00000000a6700000, 0x00000000a6800000, 0x00000000a6800000|100%|HS|  |TAMS 0x00000000a6800000, 0x00000000a6700000| Complete 
|  68|0x00000000a6800000, 0x00000000a6900000, 0x00000000a6900000|100%|HC|  |TAMS 0x00000000a6900000, 0x00000000a6800000| Complete 
|  69|0x00000000a6900000, 0x00000000a6a00000, 0x00000000a6a00000|100%|HS|  |TAMS 0x00000000a6a00000, 0x00000000a6900000| Complete 
|  70|0x00000000a6a00000, 0x00000000a6b00000, 0x00000000a6b00000|100%|HC|  |TAMS 0x00000000a6b00000, 0x00000000a6a00000| Complete 
|  71|0x00000000a6b00000, 0x00000000a6c00000, 0x00000000a6c00000|100%|HS|  |TAMS 0x00000000a6c00000, 0x00000000a6b00000| Complete 
|  72|0x00000000a6c00000, 0x00000000a6d00000, 0x00000000a6d00000|100%|HC|  |TAMS 0x00000000a6d00000, 0x00000000a6c00000| Complete 
|  73|0x00000000a6d00000, 0x00000000a6e00000, 0x00000000a6e00000|100%|HS|  |TAMS 0x00000000a6e00000, 0x00000000a6d00000| Complete 
|  74|0x00000000a6e00000, 0x00000000a6f00000, 0x00000000a6f00000|100%|HC|  |TAMS 0x00000000a6f00000, 0x00000000a6e00000| Complete 
|  75|0x00000000a6f00000, 0x00000000a7000000, 0x00000000a7000000|100%|HS|  |TAMS 0x00000000a7000000, 0x00000000a6f00000| Complete 
|  76|0x00000000a7000000, 0x00000000a7100000, 0x00000000a7100000|100%|HC|  |TAMS 0x00000000a7100000, 0x00000000a7000000| Complete 
|  77|0x00000000a7100000, 0x00000000a7200000, 0x00000000a7200000|100%|HS|  |TAMS 0x00000000a7200000, 0x00000000a7100000| Complete 
|  78|0x00000000a7200000, 0x00000000a7300000, 0x00000000a7300000|100%|HC|  |TAMS 0x00000000a7300000, 0x00000000a7200000| Complete 
|  79|0x00000000a7300000, 0x00000000a7400000, 0x00000000a7400000|100%|HS|  |TAMS 0x00000000a7400000, 0x00000000a7300000| Complete 
|  80|0x00000000a7400000, 0x00000000a7500000, 0x00000000a7500000|100%|HC|  |TAMS 0x00000000a7500000, 0x00000000a7400000| Complete 
|  81|0x00000000a7500000, 0x00000000a7600000, 0x00000000a7600000|100%|HS|  |TAMS 0x00000000a7600000, 0x00000000a7500000| Complete 
|  82|0x00000000a7600000, 0x00000000a7700000, 0x00000000a7700000|100%|HC|  |TAMS 0x00000000a7700000, 0x00000000a7600000| Complete 
|  83|0x00000000a7700000, 0x00000000a7800000, 0x00000000a7800000|100%|HS|  |TAMS 0x00000000a7800000, 0x00000000a7700000| Complete 
|  84|0x00000000a7800000, 0x00000000a7900000, 0x00000000a7900000|100%|HC|  |TAMS 0x00000000a7900000, 0x00000000a7800000| Complete 
|  85|0x00000000a7900000, 0x00000000a7a00000, 0x00000000a7a00000|100%|HS|  |TAMS 0x00000000a7a00000, 0x00000000a7900000| Complete 
|  86|0x00000000a7a00000, 0x00000000a7b00000, 0x00000000a7b00000|100%|HC|  |TAMS 0x00000000a7b00000, 0x00000000a7a00000| Complete 
|  87|0x00000000a7b00000, 0x00000000a7c00000, 0x00000000a7c00000|100%|HS|  |TAMS 0x00000000a7c00000, 0x00000000a7b00000| Complete 
|  88|0x00000000a7c00000, 0x00000000a7d00000, 0x00000000a7d00000|100%|HC|  |TAMS 0x00000000a7d00000, 0x00000000a7c00000| Complete 
|  89|0x00000000a7d00000, 0x00000000a7e00000, 0x00000000a7e00000|100%|HS|  |TAMS 0x00000000a7e00000, 0x00000000a7d00000| Complete 
|  90|0x00000000a7e00000, 0x00000000a7f00000, 0x00000000a7f00000|100%|HC|  |TAMS 0x00000000a7f00000, 0x00000000a7e00000| Complete 
|  91|0x00000000a7f00000, 0x00000000a8000000, 0x00000000a8000000|100%|HS|  |TAMS 0x00000000a8000000, 0x00000000a7f00000| Complete 
|  92|0x00000000a8000000, 0x00000000a8100000, 0x00000000a8100000|100%|HC|  |TAMS 0x00000000a8100000, 0x00000000a8000000| Complete 
|  93|0x00000000a8100000, 0x00000000a8200000, 0x00000000a8200000|100%|HS|  |TAMS 0x00000000a8200000, 0x00000000a8100000| Complete 
|  94|0x00000000a8200000, 0x00000000a8300000, 0x00000000a8300000|100%|HC|  |TAMS 0x00000000a8300000, 0x00000000a8200000| Complete 
|  95|0x00000000a8300000, 0x00000000a8400000, 0x00000000a8400000|100%|HS|  |TAMS 0x00000000a8400000, 0x00000000a8300000| Complete 
|  96|0x00000000a8400000, 0x00000000a8500000, 0x00000000a8500000|100%|HC|  |TAMS 0x00000000a8500000, 0x00000000a8400000| Complete 
|  97|0x00000000a8500000, 0x00000000a8600000, 0x00000000a8600000|100%|HS|  |TAMS 0x00000000a8600000, 0x00000000a8500000| Complete 
|  98|0x00000000a8600000, 0x00000000a8700000, 0x00000000a8700000|100%|HC|  |TAMS 0x00000000a8700000, 0x00000000a8600000| Complete 
|  99|0x00000000a8700000, 0x00000000a8800000, 0x00000000a8800000|100%|HS|  |TAMS 0x00000000a8800000, 0x00000000a8700000| Complete 
| 100|0x00000000a8800000, 0x00000000a8900000, 0x00000000a8900000|100%|HC|  |TAMS 0x00000000a8900000, 0x00000000a8800000| Complete 
| 101|0x00000000a8900000, 0x00000000a8a00000, 0x00000000a8a00000|100%|HS|  |TAMS 0x00000000a8a00000, 0x00000000a8900000| Complete 
| 102|0x00000000a8a00000, 0x00000000a8b00000, 0x00000000a8b00000|100%|HC|  |TAMS 0x00000000a8b00000, 0x00000000a8a00000| Complete 
| 103|0x00000000a8b00000, 0x00000000a8c00000, 0x00000000a8c00000|100%|HS|  |TAMS 0x00000000a8c00000, 0x00000000a8b00000| Complete 
| 104|0x00000000a8c00000, 0x00000000a8d00000, 0x00000000a8d00000|100%|HC|  |TAMS 0x00000000a8d00000, 0x00000000a8c00000| Complete 
| 105|0x00000000a8d00000, 0x00000000a8e00000, 0x00000000a8e00000|100%|HS|  |TAMS 0x00000000a8e00000, 0x00000000a8d00000| Complete 
| 106|0x00000000a8e00000, 0x00000000a8f00000, 0x00000000a8f00000|100%|HC|  |TAMS 0x00000000a8f00000, 0x00000000a8e00000| Complete 
| 107|0x00000000a8f00000, 0x00000000a9000000, 0x00000000a9000000|100%|HS|  |TAMS 0x00000000a9000000, 0x00000000a8f00000| Complete 
| 108|0x00000000a9000000, 0x00000000a9100000, 0x00000000a9100000|100%|HC|  |TAMS 0x00000000a9100000, 0x00000000a9000000| Complete 
| 109|0x00000000a9100000, 0x00000000a9200000, 0x00000000a9200000|100%|HS|  |TAMS 0x00000000a9200000, 0x00000000a9100000| Complete 
| 110|0x00000000a9200000, 0x00000000a9300000, 0x00000000a9300000|100%|HC|  |TAMS 0x00000000a9300000, 0x00000000a9200000| Complete 
| 111|0x00000000a9300000, 0x00000000a9400000, 0x00000000a9400000|100%|HS|  |TAMS 0x00000000a9400000, 0x00000000a9300000| Complete 
| 112|0x00000000a9400000, 0x00000000a9500000, 0x00000000a9500000|100%|HC|  |TAMS 0x00000000a9500000, 0x00000000a9400000| Complete 
| 113|0x00000000a9500000, 0x00000000a9600000, 0x00000000a9600000|100%|HS|  |TAMS 0x00000000a9600000, 0x00000000a9500000| Complete 
| 114|0x00000000a9600000, 0x00000000a9700000, 0x00000000a9700000|100%|HC|  |TAMS 0x00000000a9700000, 0x00000000a9600000| Complete 
| 115|0x00000000a9700000, 0x00000000a9800000, 0x00000000a9800000|100%|HS|  |TAMS 0x00000000a9800000, 0x00000000a9700000| Complete 
| 116|0x00000000a9800000, 0x00000000a9900000, 0x00000000a9900000|100%|HC|  |TAMS 0x00000000a9900000, 0x00000000a9800000| Complete 
| 117|0x00000000a9900000, 0x00000000a9a00000, 0x00000000a9a00000|100%|HS|  |TAMS 0x00000000a9a00000, 0x00000000a9900000| Complete 
| 118|0x00000000a9a00000, 0x00000000a9b00000, 0x00000000a9b00000|100%|HC|  |TAMS 0x00000000a9b00000, 0x00000000a9a00000| Complete 
| 119|0x00000000a9b00000, 0x00000000a9c00000, 0x00000000a9c00000|100%|HS|  |TAMS 0x00000000a9c00000, 0x00000000a9b00000| Complete 
| 120|0x00000000a9c00000, 0x00000000a9d00000, 0x00000000a9d00000|100%|HC|  |TAMS 0x00000000a9d00000, 0x00000000a9c00000| Complete 
| 121|0x00000000a9d00000, 0x00000000a9e00000, 0x00000000a9e00000|100%|HS|  |TAMS 0x00000000a9e00000, 0x00000000a9d00000| Complete 
| 122|0x00000000a9e00000, 0x00000000a9f00000, 0x00000000a9f00000|100%|HC|  |TAMS 0x00000000a9f00000, 0x00000000a9e00000| Complete 
| 123|0x00000000a9f00000, 0x00000000aa000000, 0x00000000aa000000|100%|HS|  |TAMS 0x00000000aa000000, 0x00000000a9f00000| Complete 
| 124|0x00000000aa000000, 0x00000000aa100000, 0x00000000aa100000|100%|HC|  |TAMS 0x00000000aa100000, 0x00000000aa000000| Complete 
| 125|0x00000000aa100000, 0x00000000aa200000, 0x00000000aa200000|100%|HS|  |TAMS 0x00000000aa200000, 0x00000000aa100000| Complete 
| 126|0x00000000aa200000, 0x00000000aa300000, 0x00000000aa300000|100%|HC|  |TAMS 0x00000000aa300000, 0x00000000aa200000| Complete 
| 127|0x00000000aa300000, 0x00000000aa400000, 0x00000000aa400000|100%|HS|  |TAMS 0x00000000aa400000, 0x00000000aa300000| Complete 
| 128|0x00000000aa400000, 0x00000000aa500000, 0x00000000aa500000|100%|HC|  |TAMS 0x00000000aa500000, 0x00000000aa400000| Complete 
| 129|0x00000000aa500000, 0x00000000aa600000, 0x00000000aa600000|100%|HS|  |TAMS 0x00000000aa600000, 0x00000000aa500000| Complete 
| 130|0x00000000aa600000, 0x00000000aa700000, 0x00000000aa700000|100%|HC|  |TAMS 0x00000000aa700000, 0x00000000aa600000| Complete 
| 131|0x00000000aa700000, 0x00000000aa800000, 0x00000000aa800000|100%|HS|  |TAMS 0x00000000aa800000, 0x00000000aa700000| Complete 
| 132|0x00000000aa800000, 0x00000000aa900000, 0x00000000aa900000|100%|HC|  |TAMS 0x00000000aa900000, 0x00000000aa800000| Complete 
| 133|0x00000000aa900000, 0x00000000aaa00000, 0x00000000aaa00000|100%|HS|  |TAMS 0x00000000aaa00000, 0x00000000aa900000| Complete 
| 134|0x00000000aaa00000, 0x00000000aab00000, 0x00000000aab00000|100%|HC|  |TAMS 0x00000000aab00000, 0x00000000aaa00000| Complete 
| 135|0x00000000aab00000, 0x00000000aac00000, 0x00000000aac00000|100%|HS|  |TAMS 0x00000000aac00000, 0x00000000aab00000| Complete 
| 136|0x00000000aac00000, 0x00000000aad00000, 0x00000000aad00000|100%|HC|  |TAMS 0x00000000aad00000, 0x00000000aac00000| Complete 
| 137|0x00000000aad00000, 0x00000000aae00000, 0x00000000aae00000|100%|HS|  |TAMS 0x00000000aae00000, 0x00000000aad00000| Complete 
| 138|0x00000000aae00000, 0x00000000aaf00000, 0x00000000aaf00000|100%|HC|  |TAMS 0x00000000aaf00000, 0x00000000aae00000| Complete 
| 139|0x00000000aaf00000, 0x00000000ab000000, 0x00000000ab000000|100%|HS|  |TAMS 0x00000000ab000000, 0x00000000aaf00000| Complete 
| 140|0x00000000ab000000, 0x00000000ab100000, 0x00000000ab100000|100%|HC|  |TAMS 0x00000000ab100000, 0x00000000ab000000| Complete 
| 141|0x00000000ab100000, 0x00000000ab200000, 0x00000000ab200000|100%|HS|  |TAMS 0x00000000ab200000, 0x00000000ab100000| Complete 
| 142|0x00000000ab200000, 0x00000000ab300000, 0x00000000ab300000|100%|HC|  |TAMS 0x00000000ab300000, 0x00000000ab200000| Complete 
| 143|0x00000000ab300000, 0x00000000ab400000, 0x00000000ab400000|100%|HS|  |TAMS 0x00000000ab400000, 0x00000000ab300000| Complete 
| 144|0x00000000ab400000, 0x00000000ab500000, 0x00000000ab500000|100%|HC|  |TAMS 0x00000000ab500000, 0x00000000ab400000| Complete 
| 145|0x00000000ab500000, 0x00000000ab600000, 0x00000000ab600000|100%|HS|  |TAMS 0x00000000ab600000, 0x00000000ab500000| Complete 
| 146|0x00000000ab600000, 0x00000000ab700000, 0x00000000ab700000|100%|HC|  |TAMS 0x00000000ab700000, 0x00000000ab600000| Complete 
| 147|0x00000000ab700000, 0x00000000ab800000, 0x00000000ab800000|100%|HS|  |TAMS 0x00000000ab800000, 0x00000000ab700000| Complete 
| 148|0x00000000ab800000, 0x00000000ab900000, 0x00000000ab900000|100%|HC|  |TAMS 0x00000000ab900000, 0x00000000ab800000| Complete 
| 149|0x00000000ab900000, 0x00000000aba00000, 0x00000000aba00000|100%|HS|  |TAMS 0x00000000aba00000, 0x00000000ab900000| Complete 
| 150|0x00000000aba00000, 0x00000000abb00000, 0x00000000abb00000|100%|HC|  |TAMS 0x00000000abb00000, 0x00000000aba00000| Complete 
| 151|0x00000000abb00000, 0x00000000abc00000, 0x00000000abc00000|100%|HS|  |TAMS 0x00000000abc00000, 0x00000000abb00000| Complete 
| 152|0x00000000abc00000, 0x00000000abd00000, 0x00000000abd00000|100%|HC|  |TAMS 0x00000000abd00000, 0x00000000abc00000| Complete 
| 153|0x00000000abd00000, 0x00000000abe00000, 0x00000000abe00000|100%|HS|  |TAMS 0x00000000abe00000, 0x00000000abd00000| Complete 
| 154|0x00000000abe00000, 0x00000000abf00000, 0x00000000abf00000|100%|HC|  |TAMS 0x00000000abf00000, 0x00000000abe00000| Complete 
| 155|0x00000000abf00000, 0x00000000ac000000, 0x00000000ac000000|100%|HS|  |TAMS 0x00000000ac000000, 0x00000000abf00000| Complete 
| 156|0x00000000ac000000, 0x00000000ac100000, 0x00000000ac100000|100%|HC|  |TAMS 0x00000000ac100000, 0x00000000ac000000| Complete 
| 157|0x00000000ac100000, 0x00000000ac200000, 0x00000000ac200000|100%|HS|  |TAMS 0x00000000ac200000, 0x00000000ac100000| Complete 
| 158|0x00000000ac200000, 0x00000000ac300000, 0x00000000ac300000|100%|HC|  |TAMS 0x00000000ac300000, 0x00000000ac200000| Complete 
| 159|0x00000000ac300000, 0x00000000ac400000, 0x00000000ac400000|100%|HS|  |TAMS 0x00000000ac400000, 0x00000000ac300000| Complete 
| 160|0x00000000ac400000, 0x00000000ac500000, 0x00000000ac500000|100%|HC|  |TAMS 0x00000000ac500000, 0x00000000ac400000| Complete 
| 161|0x00000000ac500000, 0x00000000ac600000, 0x00000000ac600000|100%| O|  |TAMS 0x00000000ac600000, 0x00000000ac500000| Untracked 
| 162|0x00000000ac600000, 0x00000000ac700000, 0x00000000ac700000|100%|HS|  |TAMS 0x00000000ac700000, 0x00000000ac600000| Complete 
| 163|0x00000000ac700000, 0x00000000ac800000, 0x00000000ac800000|100%|HC|  |TAMS 0x00000000ac800000, 0x00000000ac700000| Complete 
| 164|0x00000000ac800000, 0x00000000ac900000, 0x00000000ac900000|100%|HS|  |TAMS 0x00000000ac900000, 0x00000000ac800000| Complete 
| 165|0x00000000ac900000, 0x00000000aca00000, 0x00000000aca00000|100%|HC|  |TAMS 0x00000000aca00000, 0x00000000ac900000| Complete 
| 166|0x00000000aca00000, 0x00000000acb00000, 0x00000000acb00000|100%|HS|  |TAMS 0x00000000acb00000, 0x00000000aca00000| Complete 
| 167|0x00000000acb00000, 0x00000000acc00000, 0x00000000acc00000|100%|HC|  |TAMS 0x00000000acc00000, 0x00000000acb00000| Complete 
| 168|0x00000000acc00000, 0x00000000acd00000, 0x00000000acd00000|100%|HS|  |TAMS 0x00000000acd00000, 0x00000000acc00000| Complete 
| 169|0x00000000acd00000, 0x00000000ace00000, 0x00000000ace00000|100%|HC|  |TAMS 0x00000000ace00000, 0x00000000acd00000| Complete 
| 170|0x00000000ace00000, 0x00000000acf00000, 0x00000000acf00000|100%|HS|  |TAMS 0x00000000acf00000, 0x00000000ace00000| Complete 
| 171|0x00000000acf00000, 0x00000000ad000000, 0x00000000ad000000|100%|HC|  |TAMS 0x00000000ad000000, 0x00000000acf00000| Complete 
| 172|0x00000000ad000000, 0x00000000ad100000, 0x00000000ad100000|100%|HS|  |TAMS 0x00000000ad100000, 0x00000000ad000000| Complete 
| 173|0x00000000ad100000, 0x00000000ad200000, 0x00000000ad200000|100%|HC|  |TAMS 0x00000000ad200000, 0x00000000ad100000| Complete 
| 174|0x00000000ad200000, 0x00000000ad300000, 0x00000000ad300000|100%|HS|  |TAMS 0x00000000ad300000, 0x00000000ad200000| Complete 
| 175|0x00000000ad300000, 0x00000000ad400000, 0x00000000ad400000|100%|HC|  |TAMS 0x00000000ad400000, 0x00000000ad300000| Complete 
| 176|0x00000000ad400000, 0x00000000ad500000, 0x00000000ad500000|100%|HS|  |TAMS 0x00000000ad500000, 0x00000000ad400000| Complete 
| 177|0x00000000ad500000, 0x00000000ad600000, 0x00000000ad600000|100%|HC|  |TAMS 0x00000000ad600000, 0x00000000ad500000| Complete 
| 178|0x00000000ad600000, 0x00000000ad700000, 0x00000000ad700000|100%|HS|  |TAMS 0x00000000ad700000, 0x00000000ad600000| Complete 
| 179|0x00000000ad700000, 0x00000000ad800000, 0x00000000ad800000|100%|HC|  |TAMS 0x00000000ad800000, 0x00000000ad700000| Complete 
| 180|0x00000000ad800000, 0x00000000ad900000, 0x00000000ad900000|100%|HS|  |TAMS 0x00000000ad900000, 0x00000000ad800000| Complete 
| 181|0x00000000ad900000, 0x00000000ada00000, 0x00000000ada00000|100%|HC|  |TAMS 0x00000000ada00000, 0x00000000ad900000| Complete 
| 182|0x00000000ada00000, 0x00000000adb00000, 0x00000000adb00000|100%|HS|  |TAMS 0x00000000adb00000, 0x00000000ada00000| Complete 
| 183|0x00000000adb00000, 0x00000000adc00000, 0x00000000adc00000|100%|HC|  |TAMS 0x00000000adc00000, 0x00000000adb00000| Complete 
| 184|0x00000000adc00000, 0x00000000add00000, 0x00000000add00000|100%|HS|  |TAMS 0x00000000add00000, 0x00000000adc00000| Complete 
| 185|0x00000000add00000, 0x00000000ade00000, 0x00000000ade00000|100%|HC|  |TAMS 0x00000000ade00000, 0x00000000add00000| Complete 
| 186|0x00000000ade00000, 0x00000000adf00000, 0x00000000adf00000|100%|HS|  |TAMS 0x00000000adf00000, 0x00000000ade00000| Complete 
| 187|0x00000000adf00000, 0x00000000ae000000, 0x00000000ae000000|100%|HC|  |TAMS 0x00000000ae000000, 0x00000000adf00000| Complete 
| 188|0x00000000ae000000, 0x00000000ae100000, 0x00000000ae100000|100%|HS|  |TAMS 0x00000000ae100000, 0x00000000ae000000| Complete 
| 189|0x00000000ae100000, 0x00000000ae200000, 0x00000000ae200000|100%|HC|  |TAMS 0x00000000ae200000, 0x00000000ae100000| Complete 
| 190|0x00000000ae200000, 0x00000000ae300000, 0x00000000ae300000|100%|HS|  |TAMS 0x00000000ae300000, 0x00000000ae200000| Complete 
| 191|0x00000000ae300000, 0x00000000ae400000, 0x00000000ae400000|100%|HC|  |TAMS 0x00000000ae400000, 0x00000000ae300000| Complete 
| 192|0x00000000ae400000, 0x00000000ae500000, 0x00000000ae500000|100%|HS|  |TAMS 0x00000000ae500000, 0x00000000ae400000| Complete 
| 193|0x00000000ae500000, 0x00000000ae600000, 0x00000000ae600000|100%|HC|  |TAMS 0x00000000ae600000, 0x00000000ae500000| Complete 
| 194|0x00000000ae600000, 0x00000000ae700000, 0x00000000ae700000|100%|HS|  |TAMS 0x00000000ae700000, 0x00000000ae600000| Complete 
| 195|0x00000000ae700000, 0x00000000ae800000, 0x00000000ae800000|100%|HC|  |TAMS 0x00000000ae800000, 0x00000000ae700000| Complete 
| 196|0x00000000ae800000, 0x00000000ae900000, 0x00000000ae900000|100%|HS|  |TAMS 0x00000000ae900000, 0x00000000ae800000| Complete 
| 197|0x00000000ae900000, 0x00000000aea00000, 0x00000000aea00000|100%|HC|  |TAMS 0x00000000aea00000, 0x00000000ae900000| Complete 
| 198|0x00000000aea00000, 0x00000000aeb00000, 0x00000000aeb00000|100%|HS|  |TAMS 0x00000000aeb00000, 0x00000000aea00000| Complete 
| 199|0x00000000aeb00000, 0x00000000aec00000, 0x00000000aec00000|100%|HC|  |TAMS 0x00000000aec00000, 0x00000000aeb00000| Complete 
| 200|0x00000000aec00000, 0x00000000aed00000, 0x00000000aed00000|100%|HS|  |TAMS 0x00000000aed00000, 0x00000000aec00000| Complete 
| 201|0x00000000aed00000, 0x00000000aee00000, 0x00000000aee00000|100%|HC|  |TAMS 0x00000000aee00000, 0x00000000aed00000| Complete 
| 202|0x00000000aee00000, 0x00000000aef00000, 0x00000000aef00000|100%|HS|  |TAMS 0x00000000aef00000, 0x00000000aee00000| Complete 
| 203|0x00000000aef00000, 0x00000000af000000, 0x00000000af000000|100%|HC|  |TAMS 0x00000000af000000, 0x00000000aef00000| Complete 
| 204|0x00000000af000000, 0x00000000af100000, 0x00000000af100000|100%|HS|  |TAMS 0x00000000af100000, 0x00000000af000000| Complete 
| 205|0x00000000af100000, 0x00000000af200000, 0x00000000af200000|100%|HC|  |TAMS 0x00000000af200000, 0x00000000af100000| Complete 
| 206|0x00000000af200000, 0x00000000af300000, 0x00000000af300000|100%|HS|  |TAMS 0x00000000af300000, 0x00000000af200000| Complete 
| 207|0x00000000af300000, 0x00000000af400000, 0x00000000af400000|100%|HC|  |TAMS 0x00000000af400000, 0x00000000af300000| Complete 
| 208|0x00000000af400000, 0x00000000af500000, 0x00000000af500000|100%|HS|  |TAMS 0x00000000af500000, 0x00000000af400000| Complete 
| 209|0x00000000af500000, 0x00000000af600000, 0x00000000af600000|100%|HC|  |TAMS 0x00000000af600000, 0x00000000af500000| Complete 
| 210|0x00000000af600000, 0x00000000af700000, 0x00000000af700000|100%|HS|  |TAMS 0x00000000af700000, 0x00000000af600000| Complete 
| 211|0x00000000af700000, 0x00000000af800000, 0x00000000af800000|100%|HC|  |TAMS 0x00000000af800000, 0x00000000af700000| Complete 
| 212|0x00000000af800000, 0x00000000af900000, 0x00000000af900000|100%|HS|  |TAMS 0x00000000af900000, 0x00000000af800000| Complete 
| 213|0x00000000af900000, 0x00000000afa00000, 0x00000000afa00000|100%|HC|  |TAMS 0x00000000afa00000, 0x00000000af900000| Complete 
| 214|0x00000000afa00000, 0x00000000afb00000, 0x00000000afb00000|100%|HS|  |TAMS 0x00000000afb00000, 0x00000000afa00000| Complete 
| 215|0x00000000afb00000, 0x00000000afc00000, 0x00000000afc00000|100%|HC|  |TAMS 0x00000000afc00000, 0x00000000afb00000| Complete 
| 216|0x00000000afc00000, 0x00000000afd00000, 0x00000000afd00000|100%|HS|  |TAMS 0x00000000afd00000, 0x00000000afc00000| Complete 
| 217|0x00000000afd00000, 0x00000000afe00000, 0x00000000afe00000|100%|HC|  |TAMS 0x00000000afe00000, 0x00000000afd00000| Complete 
| 218|0x00000000afe00000, 0x00000000aff00000, 0x00000000aff00000|100%|HS|  |TAMS 0x00000000aff00000, 0x00000000afe00000| Complete 
| 219|0x00000000aff00000, 0x00000000b0000000, 0x00000000b0000000|100%|HC|  |TAMS 0x00000000b0000000, 0x00000000aff00000| Complete 
| 220|0x00000000b0000000, 0x00000000b0100000, 0x00000000b0100000|100%|HS|  |TAMS 0x00000000b0100000, 0x00000000b0000000| Complete 
| 221|0x00000000b0100000, 0x00000000b0200000, 0x00000000b0200000|100%|HC|  |TAMS 0x00000000b0200000, 0x00000000b0100000| Complete 
| 222|0x00000000b0200000, 0x00000000b0300000, 0x00000000b0300000|100%|HS|  |TAMS 0x00000000b0300000, 0x00000000b0200000| Complete 
| 223|0x00000000b0300000, 0x00000000b0400000, 0x00000000b0400000|100%|HC|  |TAMS 0x00000000b0400000, 0x00000000b0300000| Complete 
| 224|0x00000000b0400000, 0x00000000b0500000, 0x00000000b0500000|100%|HS|  |TAMS 0x00000000b0500000, 0x00000000b0400000| Complete 
| 225|0x00000000b0500000, 0x00000000b0600000, 0x00000000b0600000|100%|HC|  |TAMS 0x00000000b0600000, 0x00000000b0500000| Complete 
| 226|0x00000000b0600000, 0x00000000b0700000, 0x00000000b0700000|100%|HS|  |TAMS 0x00000000b0700000, 0x00000000b0600000| Complete 
| 227|0x00000000b0700000, 0x00000000b0800000, 0x00000000b0800000|100%|HC|  |TAMS 0x00000000b0800000, 0x00000000b0700000| Complete 
| 228|0x00000000b0800000, 0x00000000b0900000, 0x00000000b0900000|100%|HS|  |TAMS 0x00000000b0900000, 0x00000000b0800000| Complete 
| 229|0x00000000b0900000, 0x00000000b0a00000, 0x00000000b0a00000|100%|HC|  |TAMS 0x00000000b0a00000, 0x00000000b0900000| Complete 
| 230|0x00000000b0a00000, 0x00000000b0b00000, 0x00000000b0b00000|100%|HS|  |TAMS 0x00000000b0b00000, 0x00000000b0a00000| Complete 
| 231|0x00000000b0b00000, 0x00000000b0c00000, 0x00000000b0c00000|100%|HC|  |TAMS 0x00000000b0c00000, 0x00000000b0b00000| Complete 
| 232|0x00000000b0c00000, 0x00000000b0d00000, 0x00000000b0d00000|100%|HS|  |TAMS 0x00000000b0d00000, 0x00000000b0c00000| Complete 
| 233|0x00000000b0d00000, 0x00000000b0e00000, 0x00000000b0e00000|100%|HC|  |TAMS 0x00000000b0e00000, 0x00000000b0d00000| Complete 
| 234|0x00000000b0e00000, 0x00000000b0f00000, 0x00000000b0f00000|100%|HS|  |TAMS 0x00000000b0f00000, 0x00000000b0e00000| Complete 
| 235|0x00000000b0f00000, 0x00000000b1000000, 0x00000000b1000000|100%|HC|  |TAMS 0x00000000b1000000, 0x00000000b0f00000| Complete 
| 236|0x00000000b1000000, 0x00000000b1100000, 0x00000000b1100000|100%|HS|  |TAMS 0x00000000b1100000, 0x00000000b1000000| Complete 
| 237|0x00000000b1100000, 0x00000000b1200000, 0x00000000b1200000|100%|HC|  |TAMS 0x00000000b1200000, 0x00000000b1100000| Complete 
| 238|0x00000000b1200000, 0x00000000b1300000, 0x00000000b1300000|100%|HS|  |TAMS 0x00000000b1300000, 0x00000000b1200000| Complete 
| 239|0x00000000b1300000, 0x00000000b1400000, 0x00000000b1400000|100%|HC|  |TAMS 0x00000000b1400000, 0x00000000b1300000| Complete 
| 240|0x00000000b1400000, 0x00000000b1500000, 0x00000000b1500000|100%|HS|  |TAMS 0x00000000b1500000, 0x00000000b1400000| Complete 
| 241|0x00000000b1500000, 0x00000000b1600000, 0x00000000b1600000|100%|HC|  |TAMS 0x00000000b1600000, 0x00000000b1500000| Complete 
| 242|0x00000000b1600000, 0x00000000b1700000, 0x00000000b1700000|100%|HS|  |TAMS 0x00000000b1700000, 0x00000000b1600000| Complete 
| 243|0x00000000b1700000, 0x00000000b1800000, 0x00000000b1800000|100%|HC|  |TAMS 0x00000000b1800000, 0x00000000b1700000| Complete 
| 244|0x00000000b1800000, 0x00000000b1900000, 0x00000000b1900000|100%|HS|  |TAMS 0x00000000b1900000, 0x00000000b1800000| Complete 
| 245|0x00000000b1900000, 0x00000000b1a00000, 0x00000000b1a00000|100%|HC|  |TAMS 0x00000000b1a00000, 0x00000000b1900000| Complete 
| 246|0x00000000b1a00000, 0x00000000b1b00000, 0x00000000b1b00000|100%|HS|  |TAMS 0x00000000b1b00000, 0x00000000b1a00000| Complete 
| 247|0x00000000b1b00000, 0x00000000b1c00000, 0x00000000b1c00000|100%|HC|  |TAMS 0x00000000b1c00000, 0x00000000b1b00000| Complete 
| 248|0x00000000b1c00000, 0x00000000b1d00000, 0x00000000b1d00000|100%|HS|  |TAMS 0x00000000b1d00000, 0x00000000b1c00000| Complete 
| 249|0x00000000b1d00000, 0x00000000b1e00000, 0x00000000b1e00000|100%|HC|  |TAMS 0x00000000b1e00000, 0x00000000b1d00000| Complete 
| 250|0x00000000b1e00000, 0x00000000b1f00000, 0x00000000b1f00000|100%|HS|  |TAMS 0x00000000b1f00000, 0x00000000b1e00000| Complete 
| 251|0x00000000b1f00000, 0x00000000b2000000, 0x00000000b2000000|100%|HC|  |TAMS 0x00000000b2000000, 0x00000000b1f00000| Complete 
| 252|0x00000000b2000000, 0x00000000b2100000, 0x00000000b2100000|100%|HS|  |TAMS 0x00000000b2100000, 0x00000000b2000000| Complete 
| 253|0x00000000b2100000, 0x00000000b2200000, 0x00000000b2200000|100%|HC|  |TAMS 0x00000000b2200000, 0x00000000b2100000| Complete 
| 254|0x00000000b2200000, 0x00000000b2300000, 0x00000000b2300000|100%|HS|  |TAMS 0x00000000b2300000, 0x00000000b2200000| Complete 
| 255|0x00000000b2300000, 0x00000000b2400000, 0x00000000b2400000|100%|HC|  |TAMS 0x00000000b2400000, 0x00000000b2300000| Complete 
| 256|0x00000000b2400000, 0x00000000b2500000, 0x00000000b2500000|100%|HS|  |TAMS 0x00000000b2500000, 0x00000000b2400000| Complete 
| 257|0x00000000b2500000, 0x00000000b2600000, 0x00000000b2600000|100%|HC|  |TAMS 0x00000000b2600000, 0x00000000b2500000| Complete 
| 258|0x00000000b2600000, 0x00000000b2700000, 0x00000000b2700000|100%|HS|  |TAMS 0x00000000b2700000, 0x00000000b2600000| Complete 
| 259|0x00000000b2700000, 0x00000000b2800000, 0x00000000b2800000|100%|HC|  |TAMS 0x00000000b2800000, 0x00000000b2700000| Complete 
| 260|0x00000000b2800000, 0x00000000b2900000, 0x00000000b2900000|100%|HS|  |TAMS 0x00000000b2900000, 0x00000000b2800000| Complete 
| 261|0x00000000b2900000, 0x00000000b2a00000, 0x00000000b2a00000|100%|HC|  |TAMS 0x00000000b2a00000, 0x00000000b2900000| Complete 
| 262|0x00000000b2a00000, 0x00000000b2b00000, 0x00000000b2b00000|100%|HS|  |TAMS 0x00000000b2b00000, 0x00000000b2a00000| Complete 
| 263|0x00000000b2b00000, 0x00000000b2c00000, 0x00000000b2c00000|100%|HC|  |TAMS 0x00000000b2c00000, 0x00000000b2b00000| Complete 
| 264|0x00000000b2c00000, 0x00000000b2d00000, 0x00000000b2d00000|100%|HS|  |TAMS 0x00000000b2d00000, 0x00000000b2c00000| Complete 
| 265|0x00000000b2d00000, 0x00000000b2e00000, 0x00000000b2e00000|100%|HC|  |TAMS 0x00000000b2e00000, 0x00000000b2d00000| Complete 
| 266|0x00000000b2e00000, 0x00000000b2f00000, 0x00000000b2f00000|100%|HS|  |TAMS 0x00000000b2f00000, 0x00000000b2e00000| Complete 
| 267|0x00000000b2f00000, 0x00000000b3000000, 0x00000000b3000000|100%|HC|  |TAMS 0x00000000b3000000, 0x00000000b2f00000| Complete 
| 268|0x00000000b3000000, 0x00000000b3100000, 0x00000000b3100000|100%|HS|  |TAMS 0x00000000b3100000, 0x00000000b3000000| Complete 
| 269|0x00000000b3100000, 0x00000000b3200000, 0x00000000b3200000|100%|HC|  |TAMS 0x00000000b3200000, 0x00000000b3100000| Complete 
| 270|0x00000000b3200000, 0x00000000b3300000, 0x00000000b3300000|100%|HS|  |TAMS 0x00000000b3300000, 0x00000000b3200000| Complete 
| 271|0x00000000b3300000, 0x00000000b3400000, 0x00000000b3400000|100%|HC|  |TAMS 0x00000000b3400000, 0x00000000b3300000| Complete 
| 272|0x00000000b3400000, 0x00000000b3500000, 0x00000000b3500000|100%|HS|  |TAMS 0x00000000b3500000, 0x00000000b3400000| Complete 
| 273|0x00000000b3500000, 0x00000000b3600000, 0x00000000b3600000|100%|HC|  |TAMS 0x00000000b3600000, 0x00000000b3500000| Complete 
| 274|0x00000000b3600000, 0x00000000b3700000, 0x00000000b3700000|100%|HS|  |TAMS 0x00000000b3700000, 0x00000000b3600000| Complete 
| 275|0x00000000b3700000, 0x00000000b3800000, 0x00000000b3800000|100%|HC|  |TAMS 0x00000000b3800000, 0x00000000b3700000| Complete 
| 276|0x00000000b3800000, 0x00000000b3900000, 0x00000000b3900000|100%|HS|  |TAMS 0x00000000b3900000, 0x00000000b3800000| Complete 
| 277|0x00000000b3900000, 0x00000000b3a00000, 0x00000000b3a00000|100%|HC|  |TAMS 0x00000000b3a00000, 0x00000000b3900000| Complete 
| 278|0x00000000b3a00000, 0x00000000b3b00000, 0x00000000b3b00000|100%|HS|  |TAMS 0x00000000b3b00000, 0x00000000b3a00000| Complete 
| 279|0x00000000b3b00000, 0x00000000b3c00000, 0x00000000b3c00000|100%|HC|  |TAMS 0x00000000b3c00000, 0x00000000b3b00000| Complete 
| 280|0x00000000b3c00000, 0x00000000b3d00000, 0x00000000b3d00000|100%|HS|  |TAMS 0x00000000b3d00000, 0x00000000b3c00000| Complete 
| 281|0x00000000b3d00000, 0x00000000b3e00000, 0x00000000b3e00000|100%|HC|  |TAMS 0x00000000b3e00000, 0x00000000b3d00000| Complete 
| 282|0x00000000b3e00000, 0x00000000b3e00000, 0x00000000b3f00000|  0%| F|  |TAMS 0x00000000b3e00000, 0x00000000b3e00000| Untracked 
| 283|0x00000000b3f00000, 0x00000000b4000000, 0x00000000b4000000|100%| E|  |TAMS 0x00000000b3f00000, 0x00000000b3f00000| Complete 
| 284|0x00000000b4000000, 0x00000000b4100000, 0x00000000b4100000|100%|HS|  |TAMS 0x00000000b4100000, 0x00000000b4000000| Complete 
| 285|0x00000000b4100000, 0x00000000b4200000, 0x00000000b4200000|100%|HC|  |TAMS 0x00000000b4200000, 0x00000000b4100000| Complete 
| 286|0x00000000b4200000, 0x00000000b4300000, 0x00000000b4300000|100%|HS|  |TAMS 0x00000000b4300000, 0x00000000b4200000| Complete 
| 287|0x00000000b4300000, 0x00000000b4400000, 0x00000000b4400000|100%|HC|  |TAMS 0x00000000b4400000, 0x00000000b4300000| Complete 
| 288|0x00000000b4400000, 0x00000000b4500000, 0x00000000b4500000|100%| E|CS|TAMS 0x00000000b4400000, 0x00000000b4400000| Complete 
| 289|0x00000000b4500000, 0x00000000b4600000, 0x00000000b4600000|100%|HS|  |TAMS 0x00000000b4600000, 0x00000000b4500000| Complete 
| 290|0x00000000b4600000, 0x00000000b4700000, 0x00000000b4700000|100%|HC|  |TAMS 0x00000000b4700000, 0x00000000b4600000| Complete 
| 291|0x00000000b4700000, 0x00000000b4800000, 0x00000000b4800000|100%|HS|  |TAMS 0x00000000b4800000, 0x00000000b4700000| Complete 
| 292|0x00000000b4800000, 0x00000000b4900000, 0x00000000b4900000|100%|HC|  |TAMS 0x00000000b4900000, 0x00000000b4800000| Complete 
| 293|0x00000000b4900000, 0x00000000b4a00000, 0x00000000b4a00000|100%|HS|  |TAMS 0x00000000b4a00000, 0x00000000b4900000| Complete 
| 294|0x00000000b4a00000, 0x00000000b4b00000, 0x00000000b4b00000|100%|HC|  |TAMS 0x00000000b4b00000, 0x00000000b4a00000| Complete 
| 295|0x00000000b4b00000, 0x00000000b4c00000, 0x00000000b4c00000|100%|HS|  |TAMS 0x00000000b4c00000, 0x00000000b4b00000| Complete 
| 296|0x00000000b4c00000, 0x00000000b4d00000, 0x00000000b4d00000|100%|HC|  |TAMS 0x00000000b4d00000, 0x00000000b4c00000| Complete 
| 297|0x00000000b4d00000, 0x00000000b4d41c00, 0x00000000b4e00000| 25%| O|  |TAMS 0x00000000b4d40200, 0x00000000b4d00000| Untracked 
| 298|0x00000000b4e00000, 0x00000000b4f00000, 0x00000000b4f00000|100%|HS|  |TAMS 0x00000000b4f00000, 0x00000000b4e00000| Complete 
| 299|0x00000000b4f00000, 0x00000000b5000000, 0x00000000b5000000|100%|HC|  |TAMS 0x00000000b5000000, 0x00000000b4f00000| Complete 
| 300|0x00000000b5000000, 0x00000000b5100000, 0x00000000b5100000|100%|HS|  |TAMS 0x00000000b5100000, 0x00000000b5000000| Complete 
| 301|0x00000000b5100000, 0x00000000b5200000, 0x00000000b5200000|100%|HC|  |TAMS 0x00000000b5200000, 0x00000000b5100000| Complete 
| 302|0x00000000b5200000, 0x00000000b5300000, 0x00000000b5300000|100%|HS|  |TAMS 0x00000000b5300000, 0x00000000b5200000| Complete 
| 303|0x00000000b5300000, 0x00000000b5400000, 0x00000000b5400000|100%|HC|  |TAMS 0x00000000b5400000, 0x00000000b5300000| Complete 
| 304|0x00000000b5400000, 0x00000000b5500000, 0x00000000b5500000|100%|HS|  |TAMS 0x00000000b5500000, 0x00000000b5400000| Complete 
| 305|0x00000000b5500000, 0x00000000b5600000, 0x00000000b5600000|100%|HC|  |TAMS 0x00000000b5600000, 0x00000000b5500000| Complete 
| 306|0x00000000b5600000, 0x00000000b5700000, 0x00000000b5700000|100%|HS|  |TAMS 0x00000000b5700000, 0x00000000b5600000| Complete 
| 307|0x00000000b5700000, 0x00000000b5800000, 0x00000000b5800000|100%|HC|  |TAMS 0x00000000b5800000, 0x00000000b5700000| Complete 
| 308|0x00000000b5800000, 0x00000000b5900000, 0x00000000b5900000|100%|HS|  |TAMS 0x00000000b5900000, 0x00000000b5800000| Complete 
| 309|0x00000000b5900000, 0x00000000b5a00000, 0x00000000b5a00000|100%|HC|  |TAMS 0x00000000b5a00000, 0x00000000b5900000| Complete 
| 310|0x00000000b5a00000, 0x00000000b5b00000, 0x00000000b5b00000|100%|HS|  |TAMS 0x00000000b5b00000, 0x00000000b5a00000| Complete 
| 311|0x00000000b5b00000, 0x00000000b5c00000, 0x00000000b5c00000|100%|HC|  |TAMS 0x00000000b5c00000, 0x00000000b5b00000| Complete 
| 312|0x00000000b5c00000, 0x00000000b5d00000, 0x00000000b5d00000|100%|HS|  |TAMS 0x00000000b5d00000, 0x00000000b5c00000| Complete 
| 313|0x00000000b5d00000, 0x00000000b5e00000, 0x00000000b5e00000|100%|HC|  |TAMS 0x00000000b5e00000, 0x00000000b5d00000| Complete 
| 314|0x00000000b5e00000, 0x00000000b5f00000, 0x00000000b5f00000|100%|HS|  |TAMS 0x00000000b5f00000, 0x00000000b5e00000| Complete 
| 315|0x00000000b5f00000, 0x00000000b6000000, 0x00000000b6000000|100%|HC|  |TAMS 0x00000000b6000000, 0x00000000b5f00000| Complete 
| 316|0x00000000b6000000, 0x00000000b6100000, 0x00000000b6100000|100%|HS|  |TAMS 0x00000000b6100000, 0x00000000b6000000| Complete 
| 317|0x00000000b6100000, 0x00000000b6200000, 0x00000000b6200000|100%|HC|  |TAMS 0x00000000b6200000, 0x00000000b6100000| Complete 
| 318|0x00000000b6200000, 0x00000000b6300000, 0x00000000b6300000|100%|HS|  |TAMS 0x00000000b6300000, 0x00000000b6200000| Complete 
| 319|0x00000000b6300000, 0x00000000b6400000, 0x00000000b6400000|100%|HC|  |TAMS 0x00000000b6400000, 0x00000000b6300000| Complete 
| 320|0x00000000b6400000, 0x00000000b6500000, 0x00000000b6500000|100%|HS|  |TAMS 0x00000000b6500000, 0x00000000b6400000| Complete 
| 321|0x00000000b6500000, 0x00000000b6600000, 0x00000000b6600000|100%|HC|  |TAMS 0x00000000b6600000, 0x00000000b6500000| Complete 
| 322|0x00000000b6600000, 0x00000000b6700000, 0x00000000b6700000|100%|HS|  |TAMS 0x00000000b6700000, 0x00000000b6600000| Complete 
| 323|0x00000000b6700000, 0x00000000b6800000, 0x00000000b6800000|100%|HC|  |TAMS 0x00000000b6800000, 0x00000000b6700000| Complete 
| 324|0x00000000b6800000, 0x00000000b6900000, 0x00000000b6900000|100%| E|CS|TAMS 0x00000000b6800000, 0x00000000b6800000| Complete 
| 325|0x00000000b6900000, 0x00000000b6a00000, 0x00000000b6a00000|100%| E|CS|TAMS 0x00000000b6900000, 0x00000000b6900000| Complete 
| 326|0x00000000b6a00000, 0x00000000b6b00000, 0x00000000b6b00000|100%|HS|  |TAMS 0x00000000b6a00000, 0x00000000b6a00000| Complete 
| 327|0x00000000b6b00000, 0x00000000b6c00000, 0x00000000b6c00000|100%|HC|  |TAMS 0x00000000b6b00000, 0x00000000b6b00000| Complete 
| 328|0x00000000b6c00000, 0x00000000b6c83918, 0x00000000b6d00000| 51%| S|CS|TAMS 0x00000000b6c00000, 0x00000000b6c00000| Complete 

Card table byte_map: [0x0000024423560000,0x0000024423850000] _byte_map_base: 0x000002442304e000

Marking Bits (Prev, Next): (CMBitMap*) 0x000002440ba4c978, (CMBitMap*) 0x000002440ba4c9b0
 Prev Bits: [0x0000024423b40000, 0x00000244252b0000)
 Next Bits: [0x00000244252b0000, 0x0000024426a20000)

Polling page: 0x0000024409790000

Metaspace:

Usage:
  Non-class:     25.88 MB capacity,    25.33 MB ( 98%) used,   437.94 KB (  2%) free+waste,   119.81 KB ( <1%) overhead. 
      Class:      4.03 MB capacity,     3.59 MB ( 89%) used,   393.48 KB ( 10%) free+waste,    60.88 KB (  1%) overhead. 
       Both:     29.91 MB capacity,    28.92 MB ( 97%) used,   831.42 KB (  3%) free+waste,   180.69 KB ( <1%) overhead. 

Virtual space:
  Non-class space:       26.00 MB reserved,      26.00 MB (100%) committed 
      Class space:        1.00 GB reserved,       4.13 MB ( <1%) committed 
             Both:        1.03 GB reserved,      30.13 MB (  3%) committed 

Chunk freelists:
   Non-Class:  7.63 KB
       Class:  3.88 KB
        Both:  11.50 KB

CodeHeap 'non-profiled nmethods': size=120000Kb used=1370Kb max_used=1414Kb free=118629Kb
 bounds [0x000002441b7f0000, 0x000002441ba60000, 0x0000024422d20000]
CodeHeap 'profiled nmethods': size=120000Kb used=6868Kb max_used=6868Kb free=113131Kb
 bounds [0x00000244142c0000, 0x0000024414980000, 0x000002441b7f0000]
CodeHeap 'non-nmethods': size=5760Kb used=1395Kb max_used=1408Kb free=4364Kb
 bounds [0x0000024413d20000, 0x0000024413f90000, 0x00000244142c0000]
 total_blobs=5423 nmethods=3393 adapters=730
 compilation: enabled
              stopped_count=0, restarted_count=0
 full_count=0

Compilation events (10 events):
Event: 10.776 Thread 0x00000244296a9800 nmethod 3672 0x000002441458df90 code [0x000002441458e1c0, 0x000002441458ea30]
Event: 10.776 Thread 0x00000244296a9800 3673       3       com.sun.javafx.scene.ParentHelper::superProcessCSS (12 bytes)
Event: 10.776 Thread 0x00000244296a9800 nmethod 3673 0x0000024414549f10 code [0x000002441454a0e0, 0x000002441454a400]
Event: 10.776 Thread 0x00000244296a9800 3674       3       com.sun.javafx.scene.ParentHelper::superProcessCSSImpl (6 bytes)
Event: 10.776 Thread 0x00000244333c3800 nmethod 3675 0x000002441b863b90 code [0x000002441b863d20, 0x000002441b863e18]
Event: 10.776 Thread 0x00000244333c3800 3676       4       javafx.scene.CssStyleHelper::getStyle (162 bytes)
Event: 10.776 Thread 0x00000244296a9800 nmethod 3674 0x0000024414556f10 code [0x00000244145570e0, 0x0000024414557390]
Event: 10.776 Thread 0x00000244296a9800 3677       3       com.sun.javafx.scene.EventHandlerProperties$EventHandlerProperty::<init> (18 bytes)
Event: 10.776 Thread 0x00000244296a9800 nmethod 3677 0x0000024414566a10 code [0x0000024414566c00, 0x00000244145671f8]
Event: 10.776 Thread 0x00000244296a9800 3678       3       javafx.beans.property.SimpleDoubleProperty::<init> (24 bytes)

GC Heap History (10 events):
Event: 10.588 GC heap before
{Heap before GC invocations=273 (full 0):
 garbage-first heap   total 329728K, used 326009K [0x00000000a2400000, 0x0000000100000000)
  region size 1024K, 2 young (2048K), 1 survivors (1024K)
 Metaspace       used 28819K, capacity 29756K, committed 29824K, reserved 1075200K
  class space    used 3554K, capacity 3967K, committed 3968K, reserved 1048576K
}
Event: 10.588 GC heap after
{Heap after GC invocations=274 (full 0):
 garbage-first heap   total 329728K, used 323989K [0x00000000a2400000, 0x0000000100000000)
  region size 1024K, 1 young (1024K), 1 survivors (1024K)
 Metaspace       used 28819K, capacity 29756K, committed 29824K, reserved 1075200K
  class space    used 3554K, capacity 3967K, committed 3968K, reserved 1048576K
}
Event: 10.637 GC heap before
{Heap before GC invocations=275 (full 0):
 garbage-first heap   total 329728K, used 326037K [0x00000000a2400000, 0x0000000100000000)
  region size 1024K, 2 young (2048K), 1 survivors (1024K)
 Metaspace       used 28822K, capacity 29756K, committed 29824K, reserved 1075200K
  class space    used 3554K, capacity 3967K, committed 3968K, reserved 1048576K
}
Event: 10.638 GC heap after
{Heap after GC invocations=276 (full 0):
 garbage-first heap   total 329728K, used 326051K [0x00000000a2400000, 0x0000000100000000)
  region size 1024K, 1 young (1024K), 1 survivors (1024K)
 Metaspace       used 28822K, capacity 29756K, committed 29824K, reserved 1075200K
  class space    used 3554K, capacity 3967K, committed 3968K, reserved 1048576K
}
Event: 10.650 GC heap before
{Heap before GC invocations=277 (full 0):
 garbage-first heap   total 333824K, used 330147K [0x00000000a2400000, 0x0000000100000000)
  region size 1024K, 2 young (2048K), 1 survivors (1024K)
 Metaspace       used 28827K, capacity 29756K, committed 29824K, reserved 1075200K
  class space    used 3554K, capacity 3967K, committed 3968K, reserved 1048576K
}
Event: 10.651 GC heap after
{Heap after GC invocations=278 (full 0):
 garbage-first heap   total 333824K, used 328118K [0x00000000a2400000, 0x0000000100000000)
  region size 1024K, 1 young (1024K), 1 survivors (1024K)
 Metaspace       used 28827K, capacity 29756K, committed 29824K, reserved 1075200K
  class space    used 3554K, capacity 3967K, committed 3968K, reserved 1048576K
}
Event: 10.697 GC heap before
{Heap before GC invocations=279 (full 0):
 garbage-first heap   total 333824K, used 330166K [0x00000000a2400000, 0x0000000100000000)
  region size 1024K, 2 young (2048K), 1 survivors (1024K)
 Metaspace       used 28828K, capacity 29756K, committed 29824K, reserved 1075200K
  class space    used 3554K, capacity 3967K, committed 3968K, reserved 1048576K
}
Event: 10.698 GC heap after
{Heap after GC invocations=280 (full 0):
 garbage-first heap   total 333824K, used 330169K [0x00000000a2400000, 0x0000000100000000)
  region size 1024K, 1 young (1024K), 1 survivors (1024K)
 Metaspace       used 28828K, capacity 29756K, committed 29824K, reserved 1075200K
  class space    used 3554K, capacity 3967K, committed 3968K, reserved 1048576K
}
Event: 10.735 GC heap before
{Heap before GC invocations=281 (full 0):
 garbage-first heap   total 335872K, used 334265K [0x00000000a2400000, 0x0000000100000000)
  region size 1024K, 3 young (3072K), 1 survivors (1024K)
 Metaspace       used 29132K, capacity 30116K, committed 30208K, reserved 1075200K
  class space    used 3601K, capacity 4023K, committed 4096K, reserved 1048576K
}
Event: 10.736 GC heap after
{Heap after GC invocations=282 (full 0):
 garbage-first heap   total 336896K, used 330517K [0x00000000a2400000, 0x0000000100000000)
  region size 1024K, 1 young (1024K), 1 survivors (1024K)
 Metaspace       used 29132K, capacity 30116K, committed 30208K, reserved 1075200K
  class space    used 3601K, capacity 4023K, committed 4096K, reserved 1048576K
}

Deoptimization events (10 events):
Event: 7.229 Thread 0x000002442ae93800 Uncommon trap: reason=profile_predicate action=maybe_recompile pc=0x000002441b942ef8 method=sun.security.provider.HashDrbg.addBytes([BI[[B)V @ 36 c2
Event: 7.229 Thread 0x000002442ae93800 Uncommon trap: reason=profile_predicate action=maybe_recompile pc=0x000002441b942ef8 method=sun.security.provider.HashDrbg.addBytes([BI[[B)V @ 36 c2
Event: 7.965 Thread 0x000002442ae93800 Uncommon trap: reason=unstable_if action=reinterpret pc=0x000002441b803df8 method=java.lang.StringCoding.hasNegatives([BII)Z @ 12 c2
Event: 7.965 Thread 0x000002442ae93800 Uncommon trap: reason=unstable_if action=reinterpret pc=0x000002441b88fba8 method=java.lang.String.equals(Ljava/lang/Object;)Z @ 27 c2
Event: 10.769 Thread 0x000002442ae93800 Uncommon trap: reason=bimorphic_or_optimized_type_check action=maybe_recompile pc=0x000002441b868290 method=com.sun.javafx.scene.ParentHelper.getAllParentStylesheets(Ljavafx/scene/Parent;)Ljava/util/List; @ 8 c2
Event: 10.769 Thread 0x000002442ae93800 Uncommon trap: reason=bimorphic_or_optimized_type_check action=maybe_recompile pc=0x000002441b868290 method=com.sun.javafx.scene.ParentHelper.getAllParentStylesheets(Ljavafx/scene/Parent;)Ljava/util/List; @ 8 c2
Event: 10.770 Thread 0x000002442ae93800 Uncommon trap: reason=bimorphic_or_optimized_type_check action=maybe_recompile pc=0x000002441b868290 method=com.sun.javafx.scene.ParentHelper.getAllParentStylesheets(Ljavafx/scene/Parent;)Ljava/util/List; @ 8 c2
Event: 10.770 Thread 0x000002442ae93800 Uncommon trap: reason=bimorphic_or_optimized_type_check action=maybe_recompile pc=0x000002441b868290 method=com.sun.javafx.scene.ParentHelper.getAllParentStylesheets(Ljavafx/scene/Parent;)Ljava/util/List; @ 8 c2
Event: 10.770 Thread 0x000002442ae93800 Uncommon trap: reason=unstable_if action=reinterpret pc=0x000002441b856b38 method=java.util.WeakHashMap.get(Ljava/lang/Object;)Ljava/lang/Object; @ 44 c2
Event: 10.776 Thread 0x000002442ae93800 Uncommon trap: reason=bimorphic_or_optimized_type_check action=maybe_recompile pc=0x000002441b866ee0 method=com.sun.javafx.scene.ParentHelper.getAllParentStylesheets(Ljavafx/scene/Parent;)Ljava/util/List; @ 8 c2

Classes redefined (0 events):
No events

Internal exceptions (10 events):
Event: 10.517 Thread 0x000002442ae93800 Exception <a 'java/lang/ClassNotFoundException'{0x00000000b4450518}: sun/net/www/protocol/c/Handler> (0x00000000b4450518) thrown at [t:/workspace/open/src/hotspot/share/classfile/systemDictionary.cpp, line 231]
Event: 10.523 Thread 0x000002442ae93800 Exception <a 'java/lang/ClassNotFoundException'{0x00000000b4409600}: sun/net/www/protocol/c/Handler> (0x00000000b4409600) thrown at [t:/workspace/open/src/hotspot/share/classfile/systemDictionary.cpp, line 231]
Event: 10.529 Thread 0x000002442ae93800 Exception <a 'java/lang/ClassNotFoundException'{0x00000000b440fc80}: sun/net/www/protocol/c/Handler> (0x00000000b440fc80) thrown at [t:/workspace/open/src/hotspot/share/classfile/systemDictionary.cpp, line 231]
Event: 10.574 Thread 0x000002442ae93800 Exception <a 'java/lang/ClassNotFoundException'{0x00000000b44506c8}: sun/net/www/protocol/c/Handler> (0x00000000b44506c8) thrown at [t:/workspace/open/src/hotspot/share/classfile/systemDictionary.cpp, line 231]
Event: 10.581 Thread 0x000002442ae93800 Exception <a 'java/lang/ClassNotFoundException'{0x00000000b440c448}: sun/net/www/protocol/c/Handler> (0x00000000b440c448) thrown at [t:/workspace/open/src/hotspot/share/classfile/systemDictionary.cpp, line 231]
Event: 10.587 Thread 0x000002442ae93800 Exception <a 'java/lang/ClassNotFoundException'{0x00000000b4412ac8}: sun/net/www/protocol/c/Handler> (0x00000000b4412ac8) thrown at [t:/workspace/open/src/hotspot/share/classfile/systemDictionary.cpp, line 231]
Event: 10.637 Thread 0x000002442ae93800 Exception <a 'java/lang/ClassNotFoundException'{0x00000000b44506e0}: sun/net/www/protocol/c/Handler> (0x00000000b44506e0) thrown at [t:/workspace/open/src/hotspot/share/classfile/systemDictionary.cpp, line 231]
Event: 10.643 Thread 0x000002442ae93800 Exception <a 'java/lang/ClassNotFoundException'{0x00000000b4409f18}: sun/net/www/protocol/c/Handler> (0x00000000b4409f18) thrown at [t:/workspace/open/src/hotspot/share/classfile/systemDictionary.cpp, line 231]
Event: 10.650 Thread 0x000002442ae93800 Exception <a 'java/lang/ClassNotFoundException'{0x00000000b4410598}: sun/net/www/protocol/c/Handler> (0x00000000b4410598) thrown at [t:/workspace/open/src/hotspot/share/classfile/systemDictionary.cpp, line 231]
Event: 10.696 Thread 0x000002442ae93800 Exception <a 'java/lang/ClassNotFoundException'{0x00000000b44505c0}: sun/net/www/protocol/c/Handler> (0x00000000b44505c0) thrown at [t:/workspace/open/src/hotspot/share/classfile/systemDictionary.cpp, line 231]

Events (10 events):
Event: 10.770 Thread 0x000002442ae93800 DEOPT UNPACKING pc=0x0000024413d48f2f sp=0x000000edff5f92e0 mode 2
Event: 10.770 Thread 0x000002442ae93800 Uncommon trap: trap_request=0xffffffc6 fr.pc=0x000002441b868290 relative=0x0000000000000590
Event: 10.770 Thread 0x000002442ae93800 DEOPT PACKING pc=0x000002441b868290 sp=0x000000edff5f9480
Event: 10.770 Thread 0x000002442ae93800 DEOPT UNPACKING pc=0x0000024413d48f2f sp=0x000000edff5f92e0 mode 2
Event: 10.770 Thread 0x000002442ae93800 Uncommon trap: trap_request=0xffffff4d fr.pc=0x000002441b856b38 relative=0x00000000000001d8
Event: 10.770 Thread 0x000002442ae93800 DEOPT PACKING pc=0x000002441b856b38 sp=0x000000edff5f8ee0
Event: 10.770 Thread 0x000002442ae93800 DEOPT UNPACKING pc=0x0000024413d48f2f sp=0x000000edff5f8e80 mode 2
Event: 10.776 Thread 0x000002442ae93800 Uncommon trap: trap_request=0xffffffc6 fr.pc=0x000002441b866ee0 relative=0x0000000000000640
Event: 10.776 Thread 0x000002442ae93800 DEOPT PACKING pc=0x000002441b866ee0 sp=0x000000edff5f8bb0
Event: 10.776 Thread 0x000002442ae93800 DEOPT UNPACKING pc=0x0000024413d48f2f sp=0x000000edff5f8ae0 mode 2


Dynamic libraries:
0x00007ff7b8480000 - 0x00007ff7b84c5000 	C:\Program Files\Java\jdk-11\bin\java.exe
0x00007ff9afe30000 - 0x00007ff9b0047000 	C:\WINDOWS\SYSTEM32\ntdll.dll
0x00007ff9af9c0000 - 0x00007ff9afa84000 	C:\WINDOWS\System32\KERNEL32.DLL
0x00007ff9ad7d0000 - 0x00007ff9adb76000 	C:\WINDOWS\System32\KERNELBASE.dll
0x00007ff9ae6d0000 - 0x00007ff9ae87e000 	C:\WINDOWS\System32\USER32.dll
0x00007ff9ad4d0000 - 0x00007ff9ad4f6000 	C:\WINDOWS\System32\win32u.dll
0x00007ff9aec40000 - 0x00007ff9aec69000 	C:\WINDOWS\System32\GDI32.dll
0x00007ff9ad330000 - 0x00007ff9ad448000 	C:\WINDOWS\System32\gdi32full.dll
0x00007ff9ad730000 - 0x00007ff9ad7ca000 	C:\WINDOWS\System32\msvcp_win.dll
0x00007ff9ad1a0000 - 0x00007ff9ad2b1000 	C:\WINDOWS\System32\ucrtbase.dll
0x00007ff992a00000 - 0x00007ff992c93000 	C:\WINDOWS\WinSxS\amd64_microsoft.windows.common-controls_6595b64144ccf1df_6.0.22621.2506_none_270c5ae97388e100\COMCTL32.dll
0x00007ff9ae880000 - 0x00007ff9ae927000 	C:\WINDOWS\System32\msvcrt.dll
0x00007ff9adb80000 - 0x00007ff9adbb1000 	C:\WINDOWS\System32\IMM32.DLL
0x00007ff97d4e0000 - 0x00007ff97d4f6000 	C:\Program Files\Java\jdk-11\bin\vcruntime140.dll
0x00007ff9130d0000 - 0x00007ff91317a000 	C:\Program Files\Java\jdk-11\bin\msvcp140.dll
0x00007ff900b80000 - 0x00007ff9016c1000 	C:\Program Files\Java\jdk-11\bin\server\jvm.dll
0x00007ff9af870000 - 0x00007ff9af921000 	C:\WINDOWS\System32\ADVAPI32.dll
0x00007ff9aeb20000 - 0x00007ff9aebc5000 	C:\WINDOWS\System32\sechost.dll
0x00007ff9add50000 - 0x00007ff9ade67000 	C:\WINDOWS\System32\RPCRT4.dll
0x00007ff9aed30000 - 0x00007ff9aed38000 	C:\WINDOWS\System32\PSAPI.DLL
0x00007ff9a5e80000 - 0x00007ff9a5eb4000 	C:\WINDOWS\SYSTEM32\WINMM.dll
0x00007ff992160000 - 0x00007ff992169000 	C:\WINDOWS\SYSTEM32\WSOCK32.dll
0x00007ff9a4960000 - 0x00007ff9a496a000 	C:\WINDOWS\SYSTEM32\VERSION.dll
0x00007ff9afc50000 - 0x00007ff9afcc1000 	C:\WINDOWS\System32\WS2_32.dll
0x00007ff9ac290000 - 0x00007ff9ac2a8000 	C:\WINDOWS\SYSTEM32\kernel.appcore.dll
0x00007ff97cbe0000 - 0x00007ff97cbf1000 	C:\Program Files\Java\jdk-11\bin\verify.dll
0x00007ff9aa700000 - 0x00007ff9aa933000 	C:\WINDOWS\SYSTEM32\DBGHELP.DLL
0x00007ff9af2e0000 - 0x00007ff9af669000 	C:\WINDOWS\System32\combase.dll
0x00007ff9adc10000 - 0x00007ff9adce7000 	C:\WINDOWS\System32\OLEAUT32.dll
0x00007ff9981c0000 - 0x00007ff9981f2000 	C:\WINDOWS\SYSTEM32\dbgcore.DLL
0x00007ff9ad450000 - 0x00007ff9ad4ca000 	C:\WINDOWS\System32\bcryptPrimitives.dll
0x00007ff97cb70000 - 0x00007ff97cb98000 	C:\Program Files\Java\jdk-11\bin\java.dll
0x00007ff9a69c0000 - 0x00007ff9a69ef000 	C:\Program Files\Java\jdk-11\bin\instrument.dll
0x00007ff97cbc0000 - 0x00007ff97cbd6000 	C:\Program Files\Java\jdk-11\bin\zip.dll
0x00007ff988810000 - 0x00007ff98881a000 	C:\Program Files\Java\jdk-11\bin\jimage.dll
0x00007ff9ade70000 - 0x00007ff9ae6ca000 	C:\WINDOWS\System32\SHELL32.dll
0x00007ff9ab0d0000 - 0x00007ff9ab9c6000 	C:\WINDOWS\SYSTEM32\windows.storage.dll
0x00007ff9aaf90000 - 0x00007ff9ab0ce000 	C:\WINDOWS\SYSTEM32\wintypes.dll
0x00007ff9aed60000 - 0x00007ff9aee53000 	C:\WINDOWS\System32\SHCORE.dll
0x00007ff9af810000 - 0x00007ff9af86e000 	C:\WINDOWS\System32\shlwapi.dll
0x00007ff9ad0d0000 - 0x00007ff9ad0f6000 	C:\WINDOWS\SYSTEM32\profapi.dll
0x00007ff97c9f0000 - 0x00007ff97ca09000 	C:\Program Files\Java\jdk-11\bin\net.dll
0x00007ff9a77f0000 - 0x00007ff9a7927000 	C:\WINDOWS\SYSTEM32\WINHTTP.dll
0x00007ff9ac710000 - 0x00007ff9ac779000 	C:\WINDOWS\system32\mswsock.dll
0x00007ff97c9d0000 - 0x00007ff97c9e3000 	C:\Program Files\Java\jdk-11\bin\nio.dll
0x00007ff9a4b40000 - 0x00007ff9a4b5a000 	C:\Program Files\JetBrains\IntelliJ IDEA Community Edition 2022.2.2\bin\breakgen64.dll
0x000002440b1c0000 - 0x000002440b1c3000 	C:\Users\dzang\.openjfx\cache\17.0.2-ea\api-ms-win-core-console-l1-1-0.dll
0x000002440b1d0000 - 0x000002440b1d3000 	C:\Users\dzang\.openjfx\cache\17.0.2-ea\api-ms-win-core-console-l1-2-0.dll
0x000002440b990000 - 0x000002440b993000 	C:\Users\dzang\.openjfx\cache\17.0.2-ea\api-ms-win-core-datetime-l1-1-0.dll
0x000002440b9a0000 - 0x000002440b9a3000 	C:\Users\dzang\.openjfx\cache\17.0.2-ea\api-ms-win-core-debug-l1-1-0.dll
0x000002440b9b0000 - 0x000002440b9b3000 	C:\Users\dzang\.openjfx\cache\17.0.2-ea\api-ms-win-core-errorhandling-l1-1-0.dll
0x000002440b9c0000 - 0x000002440b9c4000 	C:\Users\dzang\.openjfx\cache\17.0.2-ea\api-ms-win-core-file-l1-1-0.dll
0x000002440b9d0000 - 0x000002440b9d3000 	C:\Users\dzang\.openjfx\cache\17.0.2-ea\api-ms-win-core-file-l1-2-0.dll
0x000002440b9e0000 - 0x000002440b9e3000 	C:\Users\dzang\.openjfx\cache\17.0.2-ea\api-ms-win-core-file-l2-1-0.dll
0x000002442bdb0000 - 0x000002442bdb3000 	C:\Users\dzang\.openjfx\cache\17.0.2-ea\api-ms-win-core-handle-l1-1-0.dll
0x000002442bdc0000 - 0x000002442bdc3000 	C:\Users\dzang\.openjfx\cache\17.0.2-ea\api-ms-win-core-heap-l1-1-0.dll
0x000002442bdd0000 - 0x000002442bdd3000 	C:\Users\dzang\.openjfx\cache\17.0.2-ea\api-ms-win-core-interlocked-l1-1-0.dll
0x000002442bde0000 - 0x000002442bde3000 	C:\Users\dzang\.openjfx\cache\17.0.2-ea\api-ms-win-core-libraryloader-l1-1-0.dll
0x000002442bdf0000 - 0x000002442bdf3000 	C:\Users\dzang\.openjfx\cache\17.0.2-ea\api-ms-win-core-localization-l1-2-0.dll
0x000002442be00000 - 0x000002442be03000 	C:\Users\dzang\.openjfx\cache\17.0.2-ea\api-ms-win-core-memory-l1-1-0.dll
0x000002442be10000 - 0x000002442be13000 	C:\Users\dzang\.openjfx\cache\17.0.2-ea\api-ms-win-core-namedpipe-l1-1-0.dll
0x000002442be20000 - 0x000002442be23000 	C:\Users\dzang\.openjfx\cache\17.0.2-ea\api-ms-win-core-processenvironment-l1-1-0.dll
0x000002442be30000 - 0x000002442be33000 	C:\Users\dzang\.openjfx\cache\17.0.2-ea\api-ms-win-core-processthreads-l1-1-0.dll
0x000002442be40000 - 0x000002442be43000 	C:\Users\dzang\.openjfx\cache\17.0.2-ea\api-ms-win-core-processthreads-l1-1-1.dll
0x000002442be50000 - 0x000002442be53000 	C:\Users\dzang\.openjfx\cache\17.0.2-ea\api-ms-win-core-profile-l1-1-0.dll
0x000002442be60000 - 0x000002442be63000 	C:\Users\dzang\.openjfx\cache\17.0.2-ea\api-ms-win-core-rtlsupport-l1-1-0.dll
0x000002442be70000 - 0x000002442be73000 	C:\Users\dzang\.openjfx\cache\17.0.2-ea\api-ms-win-core-string-l1-1-0.dll
0x000002442be80000 - 0x000002442be83000 	C:\Users\dzang\.openjfx\cache\17.0.2-ea\api-ms-win-core-synch-l1-1-0.dll
0x000002442be90000 - 0x000002442be93000 	C:\Users\dzang\.openjfx\cache\17.0.2-ea\api-ms-win-core-synch-l1-2-0.dll
0x000002442bea0000 - 0x000002442bea3000 	C:\Users\dzang\.openjfx\cache\17.0.2-ea\api-ms-win-core-sysinfo-l1-1-0.dll
0x000002442beb0000 - 0x000002442beb3000 	C:\Users\dzang\.openjfx\cache\17.0.2-ea\api-ms-win-core-timezone-l1-1-0.dll
0x000002442bec0000 - 0x000002442bec3000 	C:\Users\dzang\.openjfx\cache\17.0.2-ea\api-ms-win-core-util-l1-1-0.dll
0x000002442bed0000 - 0x000002442bed3000 	C:\Users\dzang\.openjfx\cache\17.0.2-ea\api-ms-win-crt-conio-l1-1-0.dll
0x000002442bee0000 - 0x000002442bee4000 	C:\Users\dzang\.openjfx\cache\17.0.2-ea\api-ms-win-crt-convert-l1-1-0.dll
0x000002442bef0000 - 0x000002442bef3000 	C:\Users\dzang\.openjfx\cache\17.0.2-ea\api-ms-win-crt-environment-l1-1-0.dll
0x000002442bf00000 - 0x000002442bf03000 	C:\Users\dzang\.openjfx\cache\17.0.2-ea\api-ms-win-crt-filesystem-l1-1-0.dll
0x000002442bf10000 - 0x000002442bf13000 	C:\Users\dzang\.openjfx\cache\17.0.2-ea\api-ms-win-crt-heap-l1-1-0.dll
0x000002442bf20000 - 0x000002442bf23000 	C:\Users\dzang\.openjfx\cache\17.0.2-ea\api-ms-win-crt-locale-l1-1-0.dll
0x000002442bf30000 - 0x000002442bf35000 	C:\Users\dzang\.openjfx\cache\17.0.2-ea\api-ms-win-crt-math-l1-1-0.dll
0x000002442bf40000 - 0x000002442bf45000 	C:\Users\dzang\.openjfx\cache\17.0.2-ea\api-ms-win-crt-multibyte-l1-1-0.dll
0x000002442bf50000 - 0x000002442bf60000 	C:\Users\dzang\.openjfx\cache\17.0.2-ea\api-ms-win-crt-private-l1-1-0.dll
0x000002442bf60000 - 0x000002442bf63000 	C:\Users\dzang\.openjfx\cache\17.0.2-ea\api-ms-win-crt-process-l1-1-0.dll
0x000002442bf70000 - 0x000002442bf74000 	C:\Users\dzang\.openjfx\cache\17.0.2-ea\api-ms-win-crt-runtime-l1-1-0.dll
0x000002442bf80000 - 0x000002442bf84000 	C:\Users\dzang\.openjfx\cache\17.0.2-ea\api-ms-win-crt-stdio-l1-1-0.dll
0x000002442bf90000 - 0x000002442bf94000 	C:\Users\dzang\.openjfx\cache\17.0.2-ea\api-ms-win-crt-string-l1-1-0.dll
0x000002442bfa0000 - 0x000002442bfa3000 	C:\Users\dzang\.openjfx\cache\17.0.2-ea\api-ms-win-crt-time-l1-1-0.dll
0x000002442bfb0000 - 0x000002442bfb3000 	C:\Users\dzang\.openjfx\cache\17.0.2-ea\api-ms-win-crt-utility-l1-1-0.dll
0x00007ff953e70000 - 0x00007ff953f6c000 	C:\Users\dzang\.openjfx\cache\17.0.2-ea\ucrtbase.dll
0x00007ff984b70000 - 0x00007ff984b8a000 	C:\Users\dzang\.openjfx\cache\17.0.2-ea\vcruntime140.dll
0x00007ff98a250000 - 0x00007ff98a25c000 	C:\Users\dzang\.openjfx\cache\17.0.2-ea\vcruntime140_1.dll
0x00007ff9826b0000 - 0x00007ff98273d000 	C:\Users\dzang\.openjfx\cache\17.0.2-ea\msvcp140.dll
0x00007ff984ac0000 - 0x00007ff984aea000 	C:\Users\dzang\.openjfx\cache\17.0.2-ea\prism_d3d.dll
0x00007ff958fb0000 - 0x00007ff959159000 	C:\WINDOWS\system32\d3d9.dll
0x00007ff9aa0a0000 - 0x00007ff9aa0cb000 	C:\WINDOWS\SYSTEM32\dwmapi.dll
0x00007ff9aa5d0000 - 0x00007ff9aa606000 	C:\WINDOWS\SYSTEM32\dxcore.dll
0x00007ff9a9e60000 - 0x00007ff9a9f0b000 	C:\WINDOWS\system32\uxtheme.dll
0x00007ff9a3a30000 - 0x00007ff9a3beb000 	C:\WINDOWS\System32\DriverStore\FileRepository\u0387352.inf_amd64_ce4ceb13d73334be\B385477\aticfx64.dll
0x00007ff940dd0000 - 0x00007ff940e04000 	C:\WINDOWS\System32\DriverStore\FileRepository\u0387352.inf_amd64_ce4ceb13d73334be\B385477\atiu9p64.dll
0x00007ff9296f0000 - 0x00007ff92a445000 	C:\WINDOWS\System32\DriverStore\FileRepository\u0387352.inf_amd64_ce4ceb13d73334be\B385477\atiumd64.dll
0x00007ff9af670000 - 0x00007ff9af810000 	C:\WINDOWS\System32\ole32.dll
0x0000000066100000 - 0x0000000067027000 	C:\WINDOWS\System32\DriverStore\FileRepository\u0387352.inf_amd64_ce4ceb13d73334be\B385477\atiumd6a.dll
0x00007ff9aee60000 - 0x00007ff9af2d4000 	C:\WINDOWS\System32\SETUPAPI.dll
0x00007ff9abff0000 - 0x00007ff9ac03d000 	C:\WINDOWS\SYSTEM32\POWRPROF.dll
0x00007ff9abfd0000 - 0x00007ff9abfe3000 	C:\WINDOWS\SYSTEM32\UMPDC.dll
0x00007ff9a3240000 - 0x00007ff9a3275000 	C:\WINDOWS\SYSTEM32\amdihk64.dll
0x00007ff9a5e00000 - 0x00007ff9a5e4a000 	C:\WINDOWS\SYSTEM32\directxdatabasehelper.dll
0x00007ff983280000 - 0x00007ff9832c2000 	C:\Users\dzang\.openjfx\cache\17.0.2-ea\glass.dll
0x00007ff9afcd0000 - 0x00007ff9afdc9000 	C:\WINDOWS\System32\COMDLG32.dll
0x00007ff9ae940000 - 0x00007ff9aea90000 	C:\WINDOWS\System32\MSCTF.dll
0x00007ff984aa0000 - 0x00007ff984ab4000 	C:\Users\dzang\.openjfx\cache\17.0.2-ea\javafx_font.dll
0x00007ff9a88f0000 - 0x00007ff9a8b63000 	C:\WINDOWS\SYSTEM32\dwrite.dll
0x00007ff9aec80000 - 0x00007ff9aed30000 	C:\WINDOWS\System32\clbcatq.dll
0x00007ff9a8740000 - 0x00007ff9a88f0000 	C:\WINDOWS\SYSTEM32\WindowsCodecs.dll
0x00007ff988e60000 - 0x00007ff988ebe000 	C:\WINDOWS\system32\dataexchange.dll
0x00007ff9a1010000 - 0x00007ff9a1295000 	C:\WINDOWS\system32\twinapi.appcore.dll
0x00007ff993570000 - 0x00007ff9935a2000 	C:\Program Files\Common Files\Microsoft Shared\Ink\rtscom.dll
0x00007ff985660000 - 0x00007ff9857aa000 	C:\WINDOWS\SYSTEM32\textinputframework.dll
0x00007ff9a9a30000 - 0x00007ff9a9b63000 	C:\WINDOWS\SYSTEM32\CoreMessaging.dll
0x00007ff9a5710000 - 0x00007ff9a5a7c000 	C:\WINDOWS\SYSTEM32\CoreUIComponents.dll
0x00007ff9ac980000 - 0x00007ff9ac98c000 	C:\WINDOWS\SYSTEM32\CRYPTBASE.DLL
0x00007ff977310000 - 0x00007ff977755000 	C:\WINDOWS\SYSTEM32\UIAutomationCore.DLL
0x00007ff9898a0000 - 0x00007ff98994b000 	C:\Windows\System32\OneCoreCommonProxyStub.dll
0x00007ff9a8b70000 - 0x00007ff9a915e000 	C:\WINDOWS\SYSTEM32\d2d1.dll
0x00007ff9a9160000 - 0x00007ff9a93b7000 	C:\WINDOWS\SYSTEM32\d3d11.dll
0x00007ff9a9f90000 - 0x00007ff9aa088000 	C:\WINDOWS\SYSTEM32\dxgi.dll
0x00007ff9a4c00000 - 0x00007ff9a5311000 	C:\WINDOWS\SYSTEM32\D3D10Warp.dll
0x00007ff9abc50000 - 0x00007ff9abd49000 	C:\WINDOWS\SYSTEM32\DNSAPI.dll
0x00007ff9abc20000 - 0x00007ff9abc4d000 	C:\WINDOWS\SYSTEM32\IPHLPAPI.DLL

dbghelp: loaded successfully - version: 4.0.5 - missing functions: none
symbol engine: initialized successfully - sym options: 0x614 - pdb path: .;C:\Program Files\Java\jdk-11\bin;C:\WINDOWS\SYSTEM32;C:\WINDOWS\WinSxS\amd64_microsoft.windows.common-controls_6595b64144ccf1df_6.0.22621.2506_none_270c5ae97388e100;C:\Program Files\Java\jdk-11\bin\server;C:\Program Files\JetBrains\IntelliJ IDEA Community Edition 2022.2.2\bin;C:\Users\dzang\.openjfx\cache\17.0.2-ea;C:\WINDOWS\System32\DriverStore\FileRepository\u0387352.inf_amd64_ce4ceb13d73334be\B385477;C:\Program Files\Common Files\Microsoft Shared\Ink;C:\Program Files\Bonjour

VM Arguments:
jvm_args: -javaagent:C:\Program Files\JetBrains\IntelliJ IDEA Community Edition 2022.2.2\lib\idea_rt.jar=55356:C:\Program Files\JetBrains\IntelliJ IDEA Community Edition 2022.2.2\bin -Dfile.encoding=UTF-8 --module-path=C:\Users\dzang\.m2\repository\com\google\zxing\core\3.5.2\core-3.5.2.jar;C:\Users\dzang\IdeaProjects\FinalProjectSoftware\target\classes;C:\Users\dzang\.m2\repository\org\openjfx\javafx-base\17.0.2\javafx-base-17.0.2-win.jar;C:\Users\dzang\.m2\repository\org\openjfx\javafx-graphics\17.0.2\javafx-graphics-17.0.2-win.jar;C:\Users\dzang\.m2\repository\org\openjfx\javafx-fxml\17.0.2\javafx-fxml-17.0.2-win.jar;C:\Users\dzang\.m2\repository\org\openjfx\javafx-controls\17.0.2\javafx-controls-17.0.2-win.jar -Djdk.module.main=com.example.finalprojectsoftware 
java_command: com.example.finalprojectsoftware/com.example.finalprojectsoftware.HelloApplication
java_class_path (initial): C:\Users\dzang\.m2\repository\org\openjfx\javafx-controls\17.0.2\javafx-controls-17.0.2.jar;C:\Users\dzang\.m2\repository\org\openjfx\javafx-graphics\17.0.2\javafx-graphics-17.0.2.jar;C:\Users\dzang\.m2\repository\org\openjfx\javafx-base\17.0.2\javafx-base-17.0.2.jar;C:\Users\dzang\.m2\repository\org\openjfx\javafx-fxml\17.0.2\javafx-fxml-17.0.2.jar;C:\Users\dzang\.m2\repository\org\postgresql\postgresql\42.6.0\postgresql-42.6.0.jar;C:\Users\dzang\.m2\repository\org\checkerframework\checker-qual\3.31.0\checker-qual-3.31.0.jar;C:\Users\dzang\.m2\repository\com\google\zxing\javase\3.5.2\javase-3.5.2.jar;C:\Users\dzang\.m2\repository\com\beust\jcommander\1.82\jcommander-1.82.jar;C:\Users\dzang\.m2\repository\com\github\jai-imageio\jai-imageio-core\1.4.0\jai-imageio-core-1.4.0.jar
Launcher Type: SUN_STANDARD

[Global flags]
     intx CICompilerCount                          = 4                                         {product} {ergonomic}
     uint ConcGCThreads                            = 3                                         {product} {ergonomic}
     uint G1ConcRefinementThreads                  = 10                                        {product} {ergonomic}
   size_t G1HeapRegionSize                         = 1048576                                   {product} {ergonomic}
    uintx GCDrainStackTargetSize                   = 64                                        {product} {ergonomic}
   size_t InitialHeapSize                          = 98566144                                  {product} {ergonomic}
   size_t MarkStackSize                            = 4194304                                   {product} {ergonomic}
   size_t MaxHeapSize                              = 1572864000                                {product} {ergonomic}
   size_t MaxNewSize                               = 943718400                                 {product} {ergonomic}
   size_t MinHeapDeltaBytes                        = 1048576                                   {product} {ergonomic}
    uintx NonNMethodCodeHeapSize                   = 5835340                                {pd product} {ergonomic}
    uintx NonProfiledCodeHeapSize                  = 122911450                              {pd product} {ergonomic}
    uintx ProfiledCodeHeapSize                     = 122911450                              {pd product} {ergonomic}
    uintx ReservedCodeCacheSize                    = 251658240                              {pd product} {ergonomic}
     bool SegmentedCodeCache                       = true                                      {product} {ergonomic}
     bool UseCompressedClassPointers               = true                                 {lp64_product} {ergonomic}
     bool UseCompressedOops                        = true                                 {lp64_product} {ergonomic}
     bool UseG1GC                                  = true                                      {product} {ergonomic}
     bool UseLargePagesIndividualAllocation        = false                                  {pd product} {ergonomic}

Logging:
Log output configuration:
 #0: stdout all=warning uptime,level,tags
 #1: stderr all=off uptime,level,tags

Environment Variables:
JAVA_HOME=C:\Program Files\Java\jdk-11
PATH=C:\Program Files\Common Files\Oracle\Java\javapath;C:\Program Files (x86)\Common Files\Oracle\Java\javapath;C:\WINDOWS\system32;C:\WINDOWS;C:\WINDOWS\System32\Wbem;C:\WINDOWS\System32\WindowsPowerShell\v1.0\;C:\WINDOWS\System32\OpenSSH\;C:\Program Files\nodejs\;C:\MinGW\bin;C:\Users\dzang\AppData\Local\Programs\Python\Python311\Scripts\;C:\Users\dzang\AppData\Local\Programs\Python\Python311\;C:\Program Files\MySQL\MySQL Shell 8.0\bin\;C:\Users\dzang\AppData\Local\Microsoft\WindowsApps;C:\Users\dzang\AppData\Roaming\npm;C:\Users\dzang\AppData\Local\Programs\Microsoft VS Code\bin
USERNAME=dzang
OS=Windows_NT
PROCESSOR_IDENTIFIER=AMD64 Family 25 Model 80 Stepping 0, AuthenticAMD



---------------  S Y S T E M  ---------------

OS: Windows 10 , 64 bit Build 22621 (10.0.22621.2506)

CPU:total 12 (initial active 12) (12 cores per cpu, 2 threads per core) family 25 model 80 stepping 0, cmov, cx8, fxsr, mmx, sse, sse2, sse3, ssse3, sse4.1, sse4.2, popcnt, avx, avx2, aes, clmul, erms, mmxext, 3dnowpref, lzcnt, sse4a, ht, tsc, tscinvbit, tscinv, bmi1, bmi2, adx, sha, fma

Memory: 4k page, system-wide physical 5996M (227M free)
TotalPageFile size 24428M (AvailPageFile size 8M)
current process WorkingSet (physical memory assigned to process): 330M, peak: 330M
current process commit charge ("private bytes"): 541M, peak: 541M

vm_info: OpenJDK 64-Bit Server VM (11+28) for windows-amd64 JRE (11+28), built on Aug 23 2018 03:04:58 by "mach5one" with MS VC++ 15.5 (VS2017)

END.
