#
# There is insufficient memory for the Java Runtime Environment to continue.
# Native memory allocation (malloc) failed to allocate 1598896 bytes for Chunk::new
# Possible reasons:
#   The system is out of physical RAM or swap space
#   The process is running with CompressedOops enabled, and the Java Heap may be blocking the growth of the native heap
# Possible solutions:
#   Reduce memory load on the system
#   Increase physical memory or swap space
#   Check if swap backing store is full
#   Decrease Java heap size (-Xmx/-Xms)
#   Decrease number of Java threads
#   Decrease Java thread stack sizes (-Xss)
#   Set larger code cache with -XX:ReservedCodeCacheSize=
#   JVM is running with Unscaled Compressed Oops mode in which the Java heap is
#     placed in the first 4GB address space. The Java Heap base address is the
#     maximum limit for the native heap growth. Please use -XX:HeapBaseMinAddress
#     to set the Java Heap base and to place the Java Heap above 4GB virtual address.
# This output file may be truncated or incomplete.
#
#  Out of Memory Error (t:/workspace/open/src/hotspot/share/memory/arena.cpp:197), pid=33176, tid=29924
#
# JRE version: OpenJDK Runtime Environment (11.0+28) (build 11+28)
# Java VM: OpenJDK 64-Bit Server VM (11+28, mixed mode, tiered, compressed oops, g1 gc, windows-amd64)
# No core dump will be written. Minidumps are not enabled by default on client versions of Windows
#

---------------  S U M M A R Y ------------

Command Line: -javaagent:C:\Program Files\JetBrains\IntelliJ IDEA Community Edition 2022.2.2\lib\idea_rt.jar=50877:C:\Program Files\JetBrains\IntelliJ IDEA Community Edition 2022.2.2\bin -Dfile.encoding=UTF-8 --module-path=C:\Users\dzang\.m2\repository\org\openjfx\javafx-graphics\17.0.2\javafx-graphics-17.0.2-win.jar;C:\Users\dzang\.m2\repository\org\openjfx\javafx-fxml\17.0.2\javafx-fxml-17.0.2-win.jar;C:\Users\dzang\.m2\repository\org\openjfx\javafx-base\17.0.2\javafx-base-17.0.2-win.jar;C:\Users\dzang\.m2\repository\org\openjfx\javafx-controls\17.0.2\javafx-controls-17.0.2-win.jar;C:\Users\dzang\IdeaProjects\FinalProjectSoftware\target\classes -Djdk.module.main=com.example.finalprojectsoftware com.example.finalprojectsoftware/com.example.finalprojectsoftware.HelloApplication

Host: AMD Ryzen 5 5600H with Radeon Graphics         , 12 cores, 5G,  Windows 10 , 64 bit Build 22621 (10.0.22621.2506)
Time: Mon Dec 11 20:36:43 2023 Центральная Азия (зима) elapsed time: 1 seconds (0d 0h 0m 1s)

---------------  T H R E A D  ---------------

Current thread (0x0000019327b5f800):  JavaThread "C2 CompilerThread1" daemon [_thread_in_native, id=29924, stack(0x0000008596e00000,0x0000008596f00000)]


Current CompileTask:
C2:   1410 1233       4       jdk.internal.org.objectweb.asm.Frame::execute (2264 bytes)

Stack: [0x0000008596e00000,0x0000008596f00000]
Native frames: (J=compiled Java code, j=interpreted, Vv=VM code, C=native code)
V  [jvm.dll+0x63adaa]
V  [jvm.dll+0x77852f]
V  [jvm.dll+0x779b18]
V  [jvm.dll+0x77a1d3]
V  [jvm.dll+0x2624c8]
V  [jvm.dll+0xc5b61]
V  [jvm.dll+0xc60fc]
V  [jvm.dll+0x36e692]
V  [jvm.dll+0x33b433]
V  [jvm.dll+0x33a80a]
V  [jvm.dll+0x21c365]
V  [jvm.dll+0x21b50a]
V  [jvm.dll+0x198400]
V  [jvm.dll+0x22a4ff]
V  [jvm.dll+0x228b18]
V  [jvm.dll+0x73dc3d]
V  [jvm.dll+0x639e42]
C  [ucrtbase.dll+0x29363]
C  [KERNEL32.DLL+0x1257d]
C  [ntdll.dll+0x5aa58]


---------------  P R O C E S S  ---------------

Threads class SMR info:
_java_thread_list=0x000001932e8b8670, length=18, elements={
0x0000019309372800, 0x0000019326ff0800, 0x0000019326ffa000, 0x0000019327993000,
0x0000019327012800, 0x0000019327014800, 0x000001932701f800, 0x000001932702a800,
0x0000019327a90800, 0x0000019327b5f800, 0x00000193281c8800, 0x0000019328a17000,
0x0000019327b62000, 0x000001932873c000, 0x00000193285c2800, 0x000001932872f800,
0x0000019329068800, 0x00000193294a8800
}

Java Threads: ( => current thread )
  0x0000019309372800 JavaThread "main" [_thread_blocked, id=36132, stack(0x0000008595f00000,0x0000008596000000)]
  0x0000019326ff0800 JavaThread "Reference Handler" daemon [_thread_blocked, id=38716, stack(0x0000008596600000,0x0000008596700000)]
  0x0000019326ffa000 JavaThread "Finalizer" daemon [_thread_blocked, id=38608, stack(0x0000008596700000,0x0000008596800000)]
  0x0000019327993000 JavaThread "Signal Dispatcher" daemon [_thread_blocked, id=12024, stack(0x0000008596800000,0x0000008596900000)]
  0x0000019327012800 JavaThread "Attach Listener" daemon [_thread_blocked, id=37732, stack(0x0000008596900000,0x0000008596a00000)]
  0x0000019327014800 JavaThread "C2 CompilerThread0" daemon [_thread_in_native, id=35420, stack(0x0000008596a00000,0x0000008596b00000)]
  0x000001932701f800 JavaThread "C1 CompilerThread0" daemon [_thread_in_native, id=37872, stack(0x0000008596b00000,0x0000008596c00000)]
  0x000001932702a800 JavaThread "Sweeper thread" daemon [_thread_blocked, id=38440, stack(0x0000008596c00000,0x0000008596d00000)]
  0x0000019327a90800 JavaThread "Common-Cleaner" daemon [_thread_blocked, id=18064, stack(0x0000008596d00000,0x0000008596e00000)]
=>0x0000019327b5f800 JavaThread "C2 CompilerThread1" daemon [_thread_in_native, id=29924, stack(0x0000008596e00000,0x0000008596f00000)]
  0x00000193281c8800 JavaThread "Monitor Ctrl-Break" daemon [_thread_in_native, id=15752, stack(0x0000008597000000,0x0000008597100000)]
  0x0000019328a17000 JavaThread "Service Thread" daemon [_thread_blocked, id=38944, stack(0x0000008597100000,0x0000008597200000)]
  0x0000019327b62000 JavaThread "QuantumRenderer-0" daemon [_thread_blocked, id=19240, stack(0x0000008596f00000,0x0000008597000000)]
  0x000001932873c000 JavaThread "InvokeLaterDispatcher" daemon [_thread_blocked, id=18484, stack(0x0000008597600000,0x0000008597700000)]
  0x00000193285c2800 JavaThread "JavaFX Application Thread" [_thread_in_vm, id=16984, stack(0x0000008597700000,0x0000008597800000)]
  0x000001932872f800 JavaThread "Thread-1" daemon [_thread_in_native, id=26456, stack(0x0000008598000000,0x0000008598100000)]
  0x0000019329068800 JavaThread "JavaFX-Launcher" [_thread_blocked, id=22868, stack(0x0000008598100000,0x0000008598200000)]
  0x00000193294a8800 JavaThread "C2 CompilerThread2" daemon [_thread_in_native, id=22740, stack(0x0000008598700000,0x0000008598800000)]

Other Threads:
  0x0000019326fcc000 VMThread "VM Thread" [stack: 0x0000008596500000,0x0000008596600000] [id=38240]
  0x0000019328253800 WatcherThread [stack: 0x0000008597200000,0x0000008597300000] [id=35024]
  0x000001930938a000 GCTaskThread "GC Thread#0" [stack: 0x0000008596000000,0x0000008596100000] [id=35360]
  0x0000019328c87800 GCTaskThread "GC Thread#1" [stack: 0x0000008598200000,0x0000008598300000] [id=37088]
  0x000001932924c800 GCTaskThread "GC Thread#2" [stack: 0x0000008598300000,0x0000008598400000] [id=33276]
  0x000001932924d000 GCTaskThread "GC Thread#3" [stack: 0x0000008598400000,0x0000008598500000] [id=16376]
  0x0000019329256800 GCTaskThread "GC Thread#4" [stack: 0x0000008598500000,0x0000008598600000] [id=23492]
  0x0000019329257000 GCTaskThread "GC Thread#5" [stack: 0x0000008598600000,0x0000008598700000] [id=38920]
  0x00000193093b3000 ConcurrentGCThread "G1 Main Marker" [stack: 0x0000008596100000,0x0000008596200000] [id=29372]
  0x00000193093b4800 ConcurrentGCThread "G1 Conc#0" [stack: 0x0000008596200000,0x0000008596300000] [id=29856]
  0x0000019309446000 ConcurrentGCThread "G1 Refine#0" [stack: 0x0000008596300000,0x0000008596400000] [id=18740]
  0x0000019309448000 ConcurrentGCThread "G1 Young RemSet Sampling" [stack: 0x0000008596400000,0x0000008596500000] [id=39808]

Threads with active compile tasks:
C2 CompilerThread01248       4       java.lang.invoke.MethodType::makeImpl (108 bytes)
C2 CompilerThread11233       4       jdk.internal.org.objectweb.asm.Frame::execute (2264 bytes)
C2 CompilerThread21249       4       java.lang.invoke.MethodType$ConcurrentWeakInternSet::get (54 bytes)

VM state:not at safepoint (normal execution)

VM Mutex/Monitor currently owned by a thread: None

Heap address: 0x00000000a2400000, size: 1500 MB, Compressed Oops mode: 32-bit
Narrow klass base: 0x0000000000000000, Narrow klass shift: 3
Compressed class space size: 1073741824 Address: 0x0000000100000000

Heap:
 garbage-first heap   total 96256K, used 18705K [0x00000000a2400000, 0x0000000100000000)
  region size 1024K, 19 young (19456K), 3 survivors (3072K)
 Metaspace       used 18175K, capacity 18701K, committed 18944K, reserved 1067008K
  class space    used 2081K, capacity 2262K, committed 2304K, reserved 1048576K
Heap Regions: E=young(eden), S=young(survivor), O=old, HS=humongous(starts), HC=humongous(continues), CS=collection set, F=free, A=archive, TAMS=top-at-mark-start (previous, next)
|   0|0x00000000a2400000, 0x00000000a2444600, 0x00000000a2500000| 26%| O|  |TAMS 0x00000000a2400000, 0x00000000a2400000| Untracked 
|   1|0x00000000a2500000, 0x00000000a2500000, 0x00000000a2600000|  0%| F|  |TAMS 0x00000000a2500000, 0x00000000a2500000| Untracked 
|   2|0x00000000a2600000, 0x00000000a2600000, 0x00000000a2700000|  0%| F|  |TAMS 0x00000000a2600000, 0x00000000a2600000| Untracked 
|   3|0x00000000a2700000, 0x00000000a2700000, 0x00000000a2800000|  0%| F|  |TAMS 0x00000000a2700000, 0x00000000a2700000| Untracked 
|   4|0x00000000a2800000, 0x00000000a2800000, 0x00000000a2900000|  0%| F|  |TAMS 0x00000000a2800000, 0x00000000a2800000| Untracked 
|   5|0x00000000a2900000, 0x00000000a2900000, 0x00000000a2a00000|  0%| F|  |TAMS 0x00000000a2900000, 0x00000000a2900000| Untracked 
|   6|0x00000000a2a00000, 0x00000000a2a00000, 0x00000000a2b00000|  0%| F|  |TAMS 0x00000000a2a00000, 0x00000000a2a00000| Untracked 
|   7|0x00000000a2b00000, 0x00000000a2b00000, 0x00000000a2c00000|  0%| F|  |TAMS 0x00000000a2b00000, 0x00000000a2b00000| Untracked 
|   8|0x00000000a2c00000, 0x00000000a2c00000, 0x00000000a2d00000|  0%| F|  |TAMS 0x00000000a2c00000, 0x00000000a2c00000| Untracked 
|   9|0x00000000a2d00000, 0x00000000a2d00000, 0x00000000a2e00000|  0%| F|  |TAMS 0x00000000a2d00000, 0x00000000a2d00000| Untracked 
|  10|0x00000000a2e00000, 0x00000000a2e00000, 0x00000000a2f00000|  0%| F|  |TAMS 0x00000000a2e00000, 0x00000000a2e00000| Untracked 
|  11|0x00000000a2f00000, 0x00000000a2f00000, 0x00000000a3000000|  0%| F|  |TAMS 0x00000000a2f00000, 0x00000000a2f00000| Untracked 
|  12|0x00000000a3000000, 0x00000000a3000000, 0x00000000a3100000|  0%| F|  |TAMS 0x00000000a3000000, 0x00000000a3000000| Untracked 
|  13|0x00000000a3100000, 0x00000000a3100000, 0x00000000a3200000|  0%| F|  |TAMS 0x00000000a3100000, 0x00000000a3100000| Untracked 
|  14|0x00000000a3200000, 0x00000000a3200000, 0x00000000a3300000|  0%| F|  |TAMS 0x00000000a3200000, 0x00000000a3200000| Untracked 
|  15|0x00000000a3300000, 0x00000000a3300000, 0x00000000a3400000|  0%| F|  |TAMS 0x00000000a3300000, 0x00000000a3300000| Untracked 
|  16|0x00000000a3400000, 0x00000000a3400000, 0x00000000a3500000|  0%| F|  |TAMS 0x00000000a3400000, 0x00000000a3400000| Untracked 
|  17|0x00000000a3500000, 0x00000000a3500000, 0x00000000a3600000|  0%| F|  |TAMS 0x00000000a3500000, 0x00000000a3500000| Untracked 
|  18|0x00000000a3600000, 0x00000000a3600000, 0x00000000a3700000|  0%| F|  |TAMS 0x00000000a3600000, 0x00000000a3600000| Untracked 
|  19|0x00000000a3700000, 0x00000000a3700000, 0x00000000a3800000|  0%| F|  |TAMS 0x00000000a3700000, 0x00000000a3700000| Untracked 
|  20|0x00000000a3800000, 0x00000000a3800000, 0x00000000a3900000|  0%| F|  |TAMS 0x00000000a3800000, 0x00000000a3800000| Untracked 
|  21|0x00000000a3900000, 0x00000000a3900000, 0x00000000a3a00000|  0%| F|  |TAMS 0x00000000a3900000, 0x00000000a3900000| Untracked 
|  22|0x00000000a3a00000, 0x00000000a3a00000, 0x00000000a3b00000|  0%| F|  |TAMS 0x00000000a3a00000, 0x00000000a3a00000| Untracked 
|  23|0x00000000a3b00000, 0x00000000a3b00000, 0x00000000a3c00000|  0%| F|  |TAMS 0x00000000a3b00000, 0x00000000a3b00000| Untracked 
|  24|0x00000000a3c00000, 0x00000000a3c00000, 0x00000000a3d00000|  0%| F|  |TAMS 0x00000000a3c00000, 0x00000000a3c00000| Untracked 
|  25|0x00000000a3d00000, 0x00000000a3d00000, 0x00000000a3e00000|  0%| F|  |TAMS 0x00000000a3d00000, 0x00000000a3d00000| Untracked 
|  26|0x00000000a3e00000, 0x00000000a3e00000, 0x00000000a3f00000|  0%| F|  |TAMS 0x00000000a3e00000, 0x00000000a3e00000| Untracked 
|  27|0x00000000a3f00000, 0x00000000a3f00000, 0x00000000a4000000|  0%| F|  |TAMS 0x00000000a3f00000, 0x00000000a3f00000| Untracked 
|  28|0x00000000a4000000, 0x00000000a4000000, 0x00000000a4100000|  0%| F|  |TAMS 0x00000000a4000000, 0x00000000a4000000| Untracked 
|  29|0x00000000a4100000, 0x00000000a4100000, 0x00000000a4200000|  0%| F|  |TAMS 0x00000000a4100000, 0x00000000a4100000| Untracked 
|  30|0x00000000a4200000, 0x00000000a4200000, 0x00000000a4300000|  0%| F|  |TAMS 0x00000000a4200000, 0x00000000a4200000| Untracked 
|  31|0x00000000a4300000, 0x00000000a4300000, 0x00000000a4400000|  0%| F|  |TAMS 0x00000000a4300000, 0x00000000a4300000| Untracked 
|  32|0x00000000a4400000, 0x00000000a4400000, 0x00000000a4500000|  0%| F|  |TAMS 0x00000000a4400000, 0x00000000a4400000| Untracked 
|  33|0x00000000a4500000, 0x00000000a4500000, 0x00000000a4600000|  0%| F|  |TAMS 0x00000000a4500000, 0x00000000a4500000| Untracked 
|  34|0x00000000a4600000, 0x00000000a4600000, 0x00000000a4700000|  0%| F|  |TAMS 0x00000000a4600000, 0x00000000a4600000| Untracked 
|  35|0x00000000a4700000, 0x00000000a4700000, 0x00000000a4800000|  0%| F|  |TAMS 0x00000000a4700000, 0x00000000a4700000| Untracked 
|  36|0x00000000a4800000, 0x00000000a4800000, 0x00000000a4900000|  0%| F|  |TAMS 0x00000000a4800000, 0x00000000a4800000| Untracked 
|  37|0x00000000a4900000, 0x00000000a4900000, 0x00000000a4a00000|  0%| F|  |TAMS 0x00000000a4900000, 0x00000000a4900000| Untracked 
|  38|0x00000000a4a00000, 0x00000000a4a00000, 0x00000000a4b00000|  0%| F|  |TAMS 0x00000000a4a00000, 0x00000000a4a00000| Untracked 
|  39|0x00000000a4b00000, 0x00000000a4b00000, 0x00000000a4c00000|  0%| F|  |TAMS 0x00000000a4b00000, 0x00000000a4b00000| Untracked 
|  40|0x00000000a4c00000, 0x00000000a4c00000, 0x00000000a4d00000|  0%| F|  |TAMS 0x00000000a4c00000, 0x00000000a4c00000| Untracked 
|  41|0x00000000a4d00000, 0x00000000a4d00000, 0x00000000a4e00000|  0%| F|  |TAMS 0x00000000a4d00000, 0x00000000a4d00000| Untracked 
|  42|0x00000000a4e00000, 0x00000000a4e00000, 0x00000000a4f00000|  0%| F|  |TAMS 0x00000000a4e00000, 0x00000000a4e00000| Untracked 
|  43|0x00000000a4f00000, 0x00000000a4f00000, 0x00000000a5000000|  0%| F|  |TAMS 0x00000000a4f00000, 0x00000000a4f00000| Untracked 
|  44|0x00000000a5000000, 0x00000000a5000000, 0x00000000a5100000|  0%| F|  |TAMS 0x00000000a5000000, 0x00000000a5000000| Untracked 
|  45|0x00000000a5100000, 0x00000000a5100000, 0x00000000a5200000|  0%| F|  |TAMS 0x00000000a5100000, 0x00000000a5100000| Untracked 
|  46|0x00000000a5200000, 0x00000000a5200000, 0x00000000a5300000|  0%| F|  |TAMS 0x00000000a5200000, 0x00000000a5200000| Untracked 
|  47|0x00000000a5300000, 0x00000000a5300000, 0x00000000a5400000|  0%| F|  |TAMS 0x00000000a5300000, 0x00000000a5300000| Untracked 
|  48|0x00000000a5400000, 0x00000000a5400000, 0x00000000a5500000|  0%| F|  |TAMS 0x00000000a5400000, 0x00000000a5400000| Untracked 
|  49|0x00000000a5500000, 0x00000000a5500000, 0x00000000a5600000|  0%| F|  |TAMS 0x00000000a5500000, 0x00000000a5500000| Untracked 
|  50|0x00000000a5600000, 0x00000000a5600000, 0x00000000a5700000|  0%| F|  |TAMS 0x00000000a5600000, 0x00000000a5600000| Untracked 
|  51|0x00000000a5700000, 0x00000000a5700000, 0x00000000a5800000|  0%| F|  |TAMS 0x00000000a5700000, 0x00000000a5700000| Untracked 
|  52|0x00000000a5800000, 0x00000000a5800000, 0x00000000a5900000|  0%| F|  |TAMS 0x00000000a5800000, 0x00000000a5800000| Untracked 
|  53|0x00000000a5900000, 0x00000000a5900000, 0x00000000a5a00000|  0%| F|  |TAMS 0x00000000a5900000, 0x00000000a5900000| Untracked 
|  54|0x00000000a5a00000, 0x00000000a5a00000, 0x00000000a5b00000|  0%| F|  |TAMS 0x00000000a5a00000, 0x00000000a5a00000| Untracked 
|  55|0x00000000a5b00000, 0x00000000a5b00000, 0x00000000a5c00000|  0%| F|  |TAMS 0x00000000a5b00000, 0x00000000a5b00000| Untracked 
|  56|0x00000000a5c00000, 0x00000000a5c00000, 0x00000000a5d00000|  0%| F|  |TAMS 0x00000000a5c00000, 0x00000000a5c00000| Untracked 
|  57|0x00000000a5d00000, 0x00000000a5d00000, 0x00000000a5e00000|  0%| F|  |TAMS 0x00000000a5d00000, 0x00000000a5d00000| Untracked 
|  58|0x00000000a5e00000, 0x00000000a5e00000, 0x00000000a5f00000|  0%| F|  |TAMS 0x00000000a5e00000, 0x00000000a5e00000| Untracked 
|  59|0x00000000a5f00000, 0x00000000a5f00000, 0x00000000a6000000|  0%| F|  |TAMS 0x00000000a5f00000, 0x00000000a5f00000| Untracked 
|  60|0x00000000a6000000, 0x00000000a6000000, 0x00000000a6100000|  0%| F|  |TAMS 0x00000000a6000000, 0x00000000a6000000| Untracked 
|  61|0x00000000a6100000, 0x00000000a6100000, 0x00000000a6200000|  0%| F|  |TAMS 0x00000000a6100000, 0x00000000a6100000| Untracked 
|  62|0x00000000a6200000, 0x00000000a6200000, 0x00000000a6300000|  0%| F|  |TAMS 0x00000000a6200000, 0x00000000a6200000| Untracked 
|  63|0x00000000a6300000, 0x00000000a6300000, 0x00000000a6400000|  0%| F|  |TAMS 0x00000000a6300000, 0x00000000a6300000| Untracked 
|  64|0x00000000a6400000, 0x00000000a6400000, 0x00000000a6500000|  0%| F|  |TAMS 0x00000000a6400000, 0x00000000a6400000| Untracked 
|  65|0x00000000a6500000, 0x00000000a6500000, 0x00000000a6600000|  0%| F|  |TAMS 0x00000000a6500000, 0x00000000a6500000| Untracked 
|  66|0x00000000a6600000, 0x00000000a6600000, 0x00000000a6700000|  0%| F|  |TAMS 0x00000000a6600000, 0x00000000a6600000| Untracked 
|  67|0x00000000a6700000, 0x00000000a6800000, 0x00000000a6800000|100%| S|CS|TAMS 0x00000000a6700000, 0x00000000a6700000| Complete 
|  68|0x00000000a6800000, 0x00000000a6900000, 0x00000000a6900000|100%| S|CS|TAMS 0x00000000a6800000, 0x00000000a6800000| Complete 
|  69|0x00000000a6900000, 0x00000000a6a00000, 0x00000000a6a00000|100%| S|CS|TAMS 0x00000000a6900000, 0x00000000a6900000| Complete 
|  70|0x00000000a6a00000, 0x00000000a6a00000, 0x00000000a6b00000|  0%| F|  |TAMS 0x00000000a6a00000, 0x00000000a6a00000| Untracked 
|  71|0x00000000a6b00000, 0x00000000a6b00000, 0x00000000a6c00000|  0%| F|  |TAMS 0x00000000a6b00000, 0x00000000a6b00000| Untracked 
|  72|0x00000000a6c00000, 0x00000000a6c00000, 0x00000000a6d00000|  0%| F|  |TAMS 0x00000000a6c00000, 0x00000000a6c00000| Untracked 
|  73|0x00000000a6d00000, 0x00000000a6d00000, 0x00000000a6e00000|  0%| F|  |TAMS 0x00000000a6d00000, 0x00000000a6d00000| Untracked 
|  74|0x00000000a6e00000, 0x00000000a6e00000, 0x00000000a6f00000|  0%| F|  |TAMS 0x00000000a6e00000, 0x00000000a6e00000| Untracked 
|  75|0x00000000a6f00000, 0x00000000a6f00000, 0x00000000a7000000|  0%| F|  |TAMS 0x00000000a6f00000, 0x00000000a6f00000| Untracked 
|  76|0x00000000a7000000, 0x00000000a7000000, 0x00000000a7100000|  0%| F|  |TAMS 0x00000000a7000000, 0x00000000a7000000| Untracked 
|  77|0x00000000a7100000, 0x00000000a7100000, 0x00000000a7200000|  0%| F|  |TAMS 0x00000000a7100000, 0x00000000a7100000| Untracked 
|  78|0x00000000a7200000, 0x00000000a7300000, 0x00000000a7300000|100%| E|  |TAMS 0x00000000a7200000, 0x00000000a7200000| Complete 
|  79|0x00000000a7300000, 0x00000000a7400000, 0x00000000a7400000|100%| E|CS|TAMS 0x00000000a7300000, 0x00000000a7300000| Complete 
|  80|0x00000000a7400000, 0x00000000a7500000, 0x00000000a7500000|100%| E|CS|TAMS 0x00000000a7400000, 0x00000000a7400000| Complete 
|  81|0x00000000a7500000, 0x00000000a7600000, 0x00000000a7600000|100%| E|CS|TAMS 0x00000000a7500000, 0x00000000a7500000| Complete 
|  82|0x00000000a7600000, 0x00000000a7700000, 0x00000000a7700000|100%| E|CS|TAMS 0x00000000a7600000, 0x00000000a7600000| Complete 
|  83|0x00000000a7700000, 0x00000000a7800000, 0x00000000a7800000|100%| E|CS|TAMS 0x00000000a7700000, 0x00000000a7700000| Complete 
|  84|0x00000000a7800000, 0x00000000a7900000, 0x00000000a7900000|100%| E|CS|TAMS 0x00000000a7800000, 0x00000000a7800000| Complete 
|  85|0x00000000a7900000, 0x00000000a7a00000, 0x00000000a7a00000|100%| E|CS|TAMS 0x00000000a7900000, 0x00000000a7900000| Complete 
|  86|0x00000000a7a00000, 0x00000000a7b00000, 0x00000000a7b00000|100%| E|CS|TAMS 0x00000000a7a00000, 0x00000000a7a00000| Complete 
|  87|0x00000000a7b00000, 0x00000000a7c00000, 0x00000000a7c00000|100%| E|CS|TAMS 0x00000000a7b00000, 0x00000000a7b00000| Complete 
|  88|0x00000000a7c00000, 0x00000000a7d00000, 0x00000000a7d00000|100%| E|CS|TAMS 0x00000000a7c00000, 0x00000000a7c00000| Complete 
|  89|0x00000000a7d00000, 0x00000000a7e00000, 0x00000000a7e00000|100%| E|CS|TAMS 0x00000000a7d00000, 0x00000000a7d00000| Complete 
|  90|0x00000000a7e00000, 0x00000000a7f00000, 0x00000000a7f00000|100%| E|CS|TAMS 0x00000000a7e00000, 0x00000000a7e00000| Complete 
|  91|0x00000000a7f00000, 0x00000000a8000000, 0x00000000a8000000|100%| E|CS|TAMS 0x00000000a7f00000, 0x00000000a7f00000| Complete 
|  92|0x00000000a8000000, 0x00000000a8100000, 0x00000000a8100000|100%| E|CS|TAMS 0x00000000a8000000, 0x00000000a8000000| Complete 
|  93|0x00000000a8100000, 0x00000000a8200000, 0x00000000a8200000|100%| E|CS|TAMS 0x00000000a8100000, 0x00000000a8100000| Complete 

Card table byte_map: [0x0000019320ec0000,0x00000193211b0000] _byte_map_base: 0x00000193209ae000

Marking Bits (Prev, Next): (CMBitMap*) 0x00000193093ac5f8, (CMBitMap*) 0x00000193093ac630
 Prev Bits: [0x00000193214a0000, 0x0000019322c10000)
 Next Bits: [0x0000019322c10000, 0x0000019324380000)

Polling page: 0x0000019308ac0000

Metaspace:

Usage:
  Non-class:     16.06 MB capacity,    15.75 MB ( 98%) used,   257.40 KB (  2%) free+waste,    52.38 KB ( <1%) overhead. 
      Class:      2.24 MB capacity,     2.05 MB ( 92%) used,   167.99 KB (  7%) free+waste,    25.81 KB (  1%) overhead. 
       Both:     18.30 MB capacity,    17.81 MB ( 97%) used,   425.39 KB (  2%) free+waste,    78.19 KB ( <1%) overhead. 

Virtual space:
  Non-class space:       18.00 MB reserved,      16.25 MB ( 90%) committed 
      Class space:        1.00 GB reserved,       2.25 MB ( <1%) committed 
             Both:        1.02 GB reserved,      18.50 MB (  2%) committed 

Chunk freelists:
   Non-Class:  896 bytes
       Class:  1.13 KB
        Both:  2.00 KB

CodeHeap 'non-profiled nmethods': size=120000Kb used=558Kb max_used=558Kb free=119441Kb
 bounds [0x0000019319150000, 0x00000193193c0000, 0x0000019320680000]
CodeHeap 'profiled nmethods': size=120000Kb used=2537Kb max_used=2537Kb free=117462Kb
 bounds [0x0000019311c20000, 0x0000019311ea0000, 0x0000019319150000]
CodeHeap 'non-nmethods': size=5760Kb used=1219Kb max_used=1219Kb free=4540Kb
 bounds [0x0000019311680000, 0x00000193118f0000, 0x0000019311c20000]
 total_blobs=2279 nmethods=1389 adapters=498
 compilation: enabled
              stopped_count=0, restarted_count=0
 full_count=0

Compilation events (10 events):
Event: 1.401 Thread 0x000001932701f800 1295       1       javafx.css.Stylesheet::getUrl (5 bytes)
Event: 1.401 Thread 0x000001932701f800 nmethod 1295 0x00000193191d4b10 code [0x00000193191d4cc0, 0x00000193191d4dd8]
Event: 1.401 Thread 0x000001932701f800 1296       3       java.util.AbstractList$SubList$1::hasNext (20 bytes)
Event: 1.401 Thread 0x000001932701f800 nmethod 1296 0x0000019311e58a10 code [0x0000019311e58be0, 0x0000019311e58ed0]
Event: 1.401 Thread 0x000001932701f800 1297       3       java.util.AbstractList$SubList$1::nextIndex (18 bytes)
Event: 1.401 Thread 0x000001932701f800 nmethod 1297 0x0000019311e59010 code [0x0000019311e591e0, 0x0000019311e59430]
Event: 1.401 Thread 0x000001932701f800 1298   !   3       java.util.AbstractList$Itr::next (45 bytes)
Event: 1.401 Thread 0x000001932701f800 nmethod 1298 0x0000019311e59510 code [0x0000019311e59720, 0x0000019311e59ca0]
Event: 1.401 Thread 0x000001932701f800 1290       3       java.lang.String::regionMatches (150 bytes)
Event: 1.402 Thread 0x000001932701f800 nmethod 1290 0x0000019311e59f10 code [0x0000019311e5a180, 0x0000019311e5abb0]

GC Heap History (2 events):
Event: 1.161 GC heap before
{Heap before GC invocations=0 (full 0):
 garbage-first heap   total 96256K, used 23552K [0x00000000a2400000, 0x0000000100000000)
  region size 1024K, 24 young (24576K), 0 survivors (0K)
 Metaspace       used 12450K, capacity 12772K, committed 13056K, reserved 1060864K
  class space    used 1348K, capacity 1497K, committed 1536K, reserved 1048576K
}
Event: 1.164 GC heap after
{Heap after GC invocations=1 (full 0):
 garbage-first heap   total 96256K, used 3345K [0x00000000a2400000, 0x0000000100000000)
  region size 1024K, 3 young (3072K), 3 survivors (3072K)
 Metaspace       used 12450K, capacity 12772K, committed 13056K, reserved 1060864K
  class space    used 1348K, capacity 1497K, committed 1536K, reserved 1048576K
}

Deoptimization events (10 events):
Event: 1.283 Thread 0x00000193285c2800 Uncommon trap: reason=bimorphic_or_optimized_type_check action=maybe_recompile pc=0x00000193191b5ef4 method=java.util.concurrent.ConcurrentHashMap.get(Ljava/lang/Object;)Ljava/lang/Object; @ 149 c2
Event: 1.283 Thread 0x00000193285c2800 Uncommon trap: reason=bimorphic_or_optimized_type_check action=maybe_recompile pc=0x00000193191b5ef4 method=java.util.concurrent.ConcurrentHashMap.get(Ljava/lang/Object;)Ljava/lang/Object; @ 149 c2
Event: 1.283 Thread 0x00000193285c2800 Uncommon trap: reason=bimorphic_or_optimized_type_check action=maybe_recompile pc=0x00000193191b5ef4 method=java.util.concurrent.ConcurrentHashMap.get(Ljava/lang/Object;)Ljava/lang/Object; @ 149 c2
Event: 1.304 Thread 0x00000193285c2800 Uncommon trap: reason=unstable_if action=reinterpret pc=0x00000193191a7118 method=java.lang.AbstractStringBuilder.putStringAt(ILjava/lang/String;)V @ 8 c2
Event: 1.304 Thread 0x00000193285c2800 Uncommon trap: reason=unstable_if action=reinterpret pc=0x00000193191c1210 method=java.lang.AbstractStringBuilder.putStringAt(ILjava/lang/String;)V @ 8 c2
Event: 1.304 Thread 0x00000193285c2800 Uncommon trap: reason=unstable_if action=reinterpret pc=0x00000193191a6970 method=java.lang.String.getBytes([BIB)V @ 5 c2
Event: 1.304 Thread 0x00000193285c2800 Uncommon trap: reason=unstable_if action=reinterpret pc=0x00000193191c6ab8 method=java.lang.AbstractStringBuilder.isLatin1()Z @ 10 c2
Event: 1.304 Thread 0x00000193285c2800 Uncommon trap: reason=unstable_if action=reinterpret pc=0x0000019319157078 method=java.lang.String.isLatin1()Z @ 10 c2
Event: 1.337 Thread 0x00000193285c2800 Uncommon trap: reason=unstable_if action=reinterpret pc=0x000001931915ec54 method=java.lang.StringLatin1.canEncode(I)Z @ 4 c2
Event: 1.384 Thread 0x00000193285c2800 Uncommon trap: reason=unstable_if action=reinterpret pc=0x00000193191cd510 method=java.io.DataInputStream.readUTF(Ljava/io/DataInput;)Ljava/lang/String; @ 31 c2

Classes redefined (0 events):
No events

Internal exceptions (10 events):
Event: 1.273 Thread 0x00000193285c2800 Exception <a 'java/lang/NoSuchMethodError'{0x00000000a7dfdaf0}: java.lang.invoke.DirectMethodHandle$Holder.invokeStatic(Ljava/lang/Object;Ljava/lang/Object;Ljava/lang/Object;Ljava/lang/Object;Ljava/lang/Object;Ljava/lang/Object;Ljava/lang/Object;Ljava/lan
Event: 1.282 Thread 0x00000193285c2800 Exception <a 'sun/nio/fs/WindowsException'{0x00000000a7cdda10}> (0x00000000a7cdda10) thrown at [t:/workspace/open/src/hotspot/share/prims/jni.cpp, line 615]
Event: 1.293 Thread 0x00000193285c2800 Exception <a 'java/lang/ClassNotFoundException'{0x00000000a7cfa918}: sun/util/logging/resources/spi/loggingProvider> (0x00000000a7cfa918) thrown at [t:/workspace/open/src/hotspot/share/classfile/systemDictionary.cpp, line 231]
Event: 1.339 Thread 0x00000193285c2800 Exception <a 'java/lang/ClassNotFoundException'{0x00000000a79c50b8}: com/sun/glass/ui/win/themes> (0x00000000a79c50b8) thrown at [t:/workspace/open/src/hotspot/share/prims/jni.cpp, line 636]
Event: 1.340 Thread 0x00000193285c2800 Exception <a 'java/lang/ClassNotFoundException'{0x00000000a79cdc20}: com/sun/glass/ui/win/themes_ru> (0x00000000a79cdc20) thrown at [t:/workspace/open/src/hotspot/share/prims/jni.cpp, line 636]
Event: 1.340 Thread 0x00000193285c2800 Exception <a 'java/lang/ClassNotFoundException'{0x00000000a79cf028}: com/sun/glass/ui/win/themes_ru_RU> (0x00000000a79cf028) thrown at [t:/workspace/open/src/hotspot/share/prims/jni.cpp, line 636]
Event: 1.348 Thread 0x00000193285c2800 Exception <a 'java/lang/NoSuchMethodError'{0x00000000a7830540}: java.lang.invoke.DirectMethodHandle$Holder.invokeStatic(Ljava/lang/Object;Ljava/lang/Object;Ljava/lang/Object;Ljava/lang/Object;Ljava/lang/Object;Ljava/lang/Object;Ljava/lang/Object;Ljava/lan
Event: 1.350 Thread 0x00000193285c2800 Exception <a 'java/lang/NoSuchMethodError'{0x00000000a784e6e0}: java.lang.invoke.DirectMethodHandle$Holder.invokeStatic(Ljava/lang/Object;Ljava/lang/Object;Ljava/lang/Object;Ljava/lang/Object;Ljava/lang/Object;Ljava/lang/Object;Ljava/lang/Object;Ljava/lan
Event: 1.351 Thread 0x00000193285c2800 Exception <a 'java/lang/NoSuchMethodError'{0x00000000a786d710}: java.lang.invoke.DirectMethodHandle$Holder.invokeStatic(Ljava/lang/Object;Ljava/lang/Object;Ljava/lang/Object;Ljava/lang/Object;Ljava/lang/Object;Ljava/lang/Object;Ljava/lang/Object;Ljava/lan
Event: 1.353 Thread 0x00000193285c2800 Exception <a 'java/lang/NoSuchMethodError'{0x00000000a788dd70}: java.lang.invoke.DirectMethodHandle$Holder.invokeStatic(Ljava/lang/Object;Ljava/lang/Object;Ljava/lang/Object;Ljava/lang/Object;Ljava/lang/Object;Ljava/lang/Object;Ljava/lang/Object;Ljava/lan

Events (10 events):
Event: 1.399 loading class java/util/AbstractList$SubList done
Event: 1.399 loading class java/util/AbstractList$RandomAccessSubList done
Event: 1.399 loading class java/util/AbstractList$SubList$1
Event: 1.399 loading class java/util/AbstractList$SubList$1 done
Event: 1.399 loading class java/util/AbstractList$ListItr
Event: 1.399 loading class java/util/AbstractList$ListItr done
Event: 1.401 loading class javafx/css/Selector
Event: 1.401 loading class javafx/css/Selector done
Event: 1.401 loading class javafx/css/Selector
Event: 1.401 loading class javafx/css/Selector done


Dynamic libraries:
0x00007ff75aee0000 - 0x00007ff75af25000 	C:\Program Files\Java\jdk-11\bin\java.exe
0x00007fffcdf30000 - 0x00007fffce147000 	C:\WINDOWS\SYSTEM32\ntdll.dll
0x00007fffcd4d0000 - 0x00007fffcd594000 	C:\WINDOWS\System32\KERNEL32.DLL
0x00007fffcb2d0000 - 0x00007fffcb675000 	C:\WINDOWS\System32\KERNELBASE.dll
0x00007fffcc200000 - 0x00007fffcc3ae000 	C:\WINDOWS\System32\USER32.dll
0x00007fffcb2a0000 - 0x00007fffcb2c6000 	C:\WINDOWS\System32\win32u.dll
0x00007fffcd5a0000 - 0x00007fffcd5c9000 	C:\WINDOWS\System32\GDI32.dll
0x00007fffcb7b0000 - 0x00007fffcb8c9000 	C:\WINDOWS\System32\gdi32full.dll
0x00007fffcbbe0000 - 0x00007fffcbc7a000 	C:\WINDOWS\System32\msvcp_win.dll
0x00007fffcba40000 - 0x00007fffcbb51000 	C:\WINDOWS\System32\ucrtbase.dll
0x00007fffac620000 - 0x00007fffac8b3000 	C:\WINDOWS\WinSxS\amd64_microsoft.windows.common-controls_6595b64144ccf1df_6.0.22621.2506_none_270c5ae97388e100\COMCTL32.dll
0x00007fffcd1f0000 - 0x00007fffcd297000 	C:\WINDOWS\System32\msvcrt.dll
0x00007fffcbda0000 - 0x00007fffcbdd1000 	C:\WINDOWS\System32\IMM32.DLL
0x00007fffbfae0000 - 0x00007fffbfaf6000 	C:\Program Files\Java\jdk-11\bin\vcruntime140.dll
0x00007fff8eb10000 - 0x00007fff8ebba000 	C:\Program Files\Java\jdk-11\bin\msvcp140.dll
0x00007fff192a0000 - 0x00007fff19de1000 	C:\Program Files\Java\jdk-11\bin\server\jvm.dll
0x00007fffcdd50000 - 0x00007fffcde01000 	C:\WINDOWS\System32\ADVAPI32.dll
0x00007fffcd5d0000 - 0x00007fffcd676000 	C:\WINDOWS\System32\sechost.dll
0x00007fffcdbb0000 - 0x00007fffcdcc7000 	C:\WINDOWS\System32\RPCRT4.dll
0x00007fffcbc80000 - 0x00007fffcbc88000 	C:\WINDOWS\System32\PSAPI.DLL
0x00007fffc02a0000 - 0x00007fffc02aa000 	C:\WINDOWS\SYSTEM32\VERSION.dll
0x00007fffc5c90000 - 0x00007fffc5cc4000 	C:\WINDOWS\SYSTEM32\WINMM.dll
0x00007fffb8aa0000 - 0x00007fffb8aa9000 	C:\WINDOWS\SYSTEM32\WSOCK32.dll
0x00007fffcdcd0000 - 0x00007fffcdd41000 	C:\WINDOWS\System32\WS2_32.dll
0x00007fffca310000 - 0x00007fffca328000 	C:\WINDOWS\SYSTEM32\kernel.appcore.dll
0x00007fff97f10000 - 0x00007fff97f21000 	C:\Program Files\Java\jdk-11\bin\verify.dll
0x00007fffc8c50000 - 0x00007fffc8e83000 	C:\WINDOWS\SYSTEM32\DBGHELP.DLL
0x00007fffccc20000 - 0x00007fffccfa9000 	C:\WINDOWS\System32\combase.dll
0x00007fffcde10000 - 0x00007fffcdee7000 	C:\WINDOWS\System32\OLEAUT32.dll
0x00007fffb5e30000 - 0x00007fffb5e62000 	C:\WINDOWS\SYSTEM32\dbgcore.DLL
0x00007fffcbb60000 - 0x00007fffcbbda000 	C:\WINDOWS\System32\bcryptPrimitives.dll
0x00007fff8eae0000 - 0x00007fff8eb08000 	C:\Program Files\Java\jdk-11\bin\java.dll
0x00007fffa7bd0000 - 0x00007fffa7bff000 	C:\Program Files\Java\jdk-11\bin\instrument.dll
0x00007fff8eac0000 - 0x00007fff8ead6000 	C:\Program Files\Java\jdk-11\bin\zip.dll
0x00007fffc5d10000 - 0x00007fffc5d1a000 	C:\Program Files\Java\jdk-11\bin\jimage.dll
0x00007fffcc3c0000 - 0x00007fffccc19000 	C:\WINDOWS\System32\SHELL32.dll
0x00007fffc91c0000 - 0x00007fffc9ab4000 	C:\WINDOWS\SYSTEM32\windows.storage.dll
0x00007fffc9080000 - 0x00007fffc91be000 	C:\WINDOWS\SYSTEM32\wintypes.dll
0x00007fffcc0a0000 - 0x00007fffcc193000 	C:\WINDOWS\System32\SHCORE.dll
0x00007fffcbde0000 - 0x00007fffcbe3e000 	C:\WINDOWS\System32\shlwapi.dll
0x00007fffcb1d0000 - 0x00007fffcb1f6000 	C:\WINDOWS\SYSTEM32\profapi.dll
0x00007fff24820000 - 0x00007fff24839000 	C:\Program Files\Java\jdk-11\bin\net.dll
0x00007fffc6ac0000 - 0x00007fffc6bf7000 	C:\WINDOWS\SYSTEM32\WINHTTP.dll
0x00007fffca810000 - 0x00007fffca879000 	C:\WINDOWS\system32\mswsock.dll
0x00007fff23d10000 - 0x00007fff23d23000 	C:\Program Files\Java\jdk-11\bin\nio.dll
0x00007fffc5dd0000 - 0x00007fffc5dea000 	C:\Program Files\JetBrains\IntelliJ IDEA Community Edition 2022.2.2\bin\breakgen64.dll
0x0000019308b10000 - 0x0000019308b13000 	C:\Users\dzang\.openjfx\cache\17.0.2-ea\api-ms-win-core-console-l1-1-0.dll
0x0000019308b20000 - 0x0000019308b23000 	C:\Users\dzang\.openjfx\cache\17.0.2-ea\api-ms-win-core-console-l1-2-0.dll
0x0000019308b30000 - 0x0000019308b33000 	C:\Users\dzang\.openjfx\cache\17.0.2-ea\api-ms-win-core-datetime-l1-1-0.dll
0x00000193092f0000 - 0x00000193092f3000 	C:\Users\dzang\.openjfx\cache\17.0.2-ea\api-ms-win-core-debug-l1-1-0.dll
0x0000019309300000 - 0x0000019309303000 	C:\Users\dzang\.openjfx\cache\17.0.2-ea\api-ms-win-core-errorhandling-l1-1-0.dll
0x0000019309310000 - 0x0000019309314000 	C:\Users\dzang\.openjfx\cache\17.0.2-ea\api-ms-win-core-file-l1-1-0.dll
0x0000019309320000 - 0x0000019309323000 	C:\Users\dzang\.openjfx\cache\17.0.2-ea\api-ms-win-core-file-l1-2-0.dll
0x0000019309330000 - 0x0000019309333000 	C:\Users\dzang\.openjfx\cache\17.0.2-ea\api-ms-win-core-file-l2-1-0.dll
0x0000019309340000 - 0x0000019309343000 	C:\Users\dzang\.openjfx\cache\17.0.2-ea\api-ms-win-core-handle-l1-1-0.dll
0x0000019329520000 - 0x0000019329523000 	C:\Users\dzang\.openjfx\cache\17.0.2-ea\api-ms-win-core-heap-l1-1-0.dll
0x0000019329530000 - 0x0000019329533000 	C:\Users\dzang\.openjfx\cache\17.0.2-ea\api-ms-win-core-interlocked-l1-1-0.dll
0x0000019329540000 - 0x0000019329543000 	C:\Users\dzang\.openjfx\cache\17.0.2-ea\api-ms-win-core-libraryloader-l1-1-0.dll
0x0000019329550000 - 0x0000019329553000 	C:\Users\dzang\.openjfx\cache\17.0.2-ea\api-ms-win-core-localization-l1-2-0.dll
0x0000019329560000 - 0x0000019329563000 	C:\Users\dzang\.openjfx\cache\17.0.2-ea\api-ms-win-core-memory-l1-1-0.dll
0x0000019329570000 - 0x0000019329573000 	C:\Users\dzang\.openjfx\cache\17.0.2-ea\api-ms-win-core-namedpipe-l1-1-0.dll
0x0000019329580000 - 0x0000019329583000 	C:\Users\dzang\.openjfx\cache\17.0.2-ea\api-ms-win-core-processenvironment-l1-1-0.dll
0x0000019329590000 - 0x0000019329593000 	C:\Users\dzang\.openjfx\cache\17.0.2-ea\api-ms-win-core-processthreads-l1-1-0.dll
0x00000193295a0000 - 0x00000193295a3000 	C:\Users\dzang\.openjfx\cache\17.0.2-ea\api-ms-win-core-processthreads-l1-1-1.dll
0x00000193297e0000 - 0x00000193297e3000 	C:\Users\dzang\.openjfx\cache\17.0.2-ea\api-ms-win-core-profile-l1-1-0.dll
0x00000193297f0000 - 0x00000193297f3000 	C:\Users\dzang\.openjfx\cache\17.0.2-ea\api-ms-win-core-rtlsupport-l1-1-0.dll
0x0000019329800000 - 0x0000019329803000 	C:\Users\dzang\.openjfx\cache\17.0.2-ea\api-ms-win-core-string-l1-1-0.dll
0x0000019329810000 - 0x0000019329813000 	C:\Users\dzang\.openjfx\cache\17.0.2-ea\api-ms-win-core-synch-l1-1-0.dll
0x00000193296e0000 - 0x00000193296e3000 	C:\Users\dzang\.openjfx\cache\17.0.2-ea\api-ms-win-core-synch-l1-2-0.dll
0x00000193296f0000 - 0x00000193296f3000 	C:\Users\dzang\.openjfx\cache\17.0.2-ea\api-ms-win-core-sysinfo-l1-1-0.dll
0x0000019329700000 - 0x0000019329703000 	C:\Users\dzang\.openjfx\cache\17.0.2-ea\api-ms-win-core-timezone-l1-1-0.dll
0x00000193296d0000 - 0x00000193296d3000 	C:\Users\dzang\.openjfx\cache\17.0.2-ea\api-ms-win-core-util-l1-1-0.dll
0x0000019329710000 - 0x0000019329713000 	C:\Users\dzang\.openjfx\cache\17.0.2-ea\api-ms-win-crt-conio-l1-1-0.dll
0x0000019329720000 - 0x0000019329724000 	C:\Users\dzang\.openjfx\cache\17.0.2-ea\api-ms-win-crt-convert-l1-1-0.dll
0x0000019329730000 - 0x0000019329733000 	C:\Users\dzang\.openjfx\cache\17.0.2-ea\api-ms-win-crt-environment-l1-1-0.dll
0x00000193295b0000 - 0x00000193295b3000 	C:\Users\dzang\.openjfx\cache\17.0.2-ea\api-ms-win-crt-filesystem-l1-1-0.dll
0x00000193295c0000 - 0x00000193295c3000 	C:\Users\dzang\.openjfx\cache\17.0.2-ea\api-ms-win-crt-heap-l1-1-0.dll
0x00000193295d0000 - 0x00000193295d3000 	C:\Users\dzang\.openjfx\cache\17.0.2-ea\api-ms-win-crt-locale-l1-1-0.dll
0x00000193295e0000 - 0x00000193295e5000 	C:\Users\dzang\.openjfx\cache\17.0.2-ea\api-ms-win-crt-math-l1-1-0.dll
0x00000193295f0000 - 0x00000193295f5000 	C:\Users\dzang\.openjfx\cache\17.0.2-ea\api-ms-win-crt-multibyte-l1-1-0.dll
0x0000019329600000 - 0x0000019329610000 	C:\Users\dzang\.openjfx\cache\17.0.2-ea\api-ms-win-crt-private-l1-1-0.dll
0x0000019329610000 - 0x0000019329613000 	C:\Users\dzang\.openjfx\cache\17.0.2-ea\api-ms-win-crt-process-l1-1-0.dll
0x0000019329620000 - 0x0000019329624000 	C:\Users\dzang\.openjfx\cache\17.0.2-ea\api-ms-win-crt-runtime-l1-1-0.dll
0x0000019329630000 - 0x0000019329634000 	C:\Users\dzang\.openjfx\cache\17.0.2-ea\api-ms-win-crt-stdio-l1-1-0.dll
0x0000019329640000 - 0x0000019329644000 	C:\Users\dzang\.openjfx\cache\17.0.2-ea\api-ms-win-crt-string-l1-1-0.dll
0x0000019329650000 - 0x0000019329653000 	C:\Users\dzang\.openjfx\cache\17.0.2-ea\api-ms-win-crt-time-l1-1-0.dll
0x0000019329660000 - 0x0000019329663000 	C:\Users\dzang\.openjfx\cache\17.0.2-ea\api-ms-win-crt-utility-l1-1-0.dll
0x00007fff25310000 - 0x00007fff2540c000 	C:\Users\dzang\.openjfx\cache\17.0.2-ea\ucrtbase.dll
0x00007fffb8980000 - 0x00007fffb899a000 	C:\Users\dzang\.openjfx\cache\17.0.2-ea\vcruntime140.dll
0x00007fffa7bc0000 - 0x00007fffa7bcc000 	C:\Users\dzang\.openjfx\cache\17.0.2-ea\vcruntime140_1.dll
0x00007fff86e60000 - 0x00007fff86eed000 	C:\Users\dzang\.openjfx\cache\17.0.2-ea\msvcp140.dll
0x00007fffa6730000 - 0x00007fffa675a000 	C:\Users\dzang\.openjfx\cache\17.0.2-ea\prism_d3d.dll
0x00007fff59ce0000 - 0x00007fff59e89000 	C:\WINDOWS\system32\d3d9.dll
0x00007fffc86e0000 - 0x00007fffc870b000 	C:\WINDOWS\SYSTEM32\dwmapi.dll
0x00007fffc8590000 - 0x00007fffc85c6000 	C:\WINDOWS\SYSTEM32\dxcore.dll
0x00007fffc8470000 - 0x00007fffc851b000 	C:\WINDOWS\system32\uxtheme.dll
0x00007fffc00e0000 - 0x00007fffc029b000 	C:\WINDOWS\System32\DriverStore\FileRepository\u0387352.inf_amd64_ce4ceb13d73334be\B385477\aticfx64.dll
0x00007fff86dd0000 - 0x00007fff86e04000 	C:\WINDOWS\System32\DriverStore\FileRepository\u0387352.inf_amd64_ce4ceb13d73334be\B385477\atiu9p64.dll
0x00007fff1c380000 - 0x00007fff1d0d5000 	C:\WINDOWS\System32\DriverStore\FileRepository\u0387352.inf_amd64_ce4ceb13d73334be\B385477\atiumd64.dll
0x00007fffcbef0000 - 0x00007fffcc090000 	C:\WINDOWS\System32\ole32.dll
0x000000005fb70000 - 0x0000000060a97000 	C:\WINDOWS\System32\DriverStore\FileRepository\u0387352.inf_amd64_ce4ceb13d73334be\B385477\atiumd6a.dll
0x00007fffcd680000 - 0x00007fffcdaf4000 	C:\WINDOWS\System32\SETUPAPI.dll
0x00007fffca710000 - 0x00007fffca75d000 	C:\WINDOWS\SYSTEM32\POWRPROF.dll
0x00007fffca610000 - 0x00007fffca623000 	C:\WINDOWS\SYSTEM32\UMPDC.dll
0x00007fffc0060000 - 0x00007fffc0095000 	C:\WINDOWS\SYSTEM32\amdihk64.dll
0x00007fffc2330000 - 0x00007fffc237a000 	C:\WINDOWS\SYSTEM32\directxdatabasehelper.dll
0x00007fffa66e0000 - 0x00007fffa6722000 	C:\Users\dzang\.openjfx\cache\17.0.2-ea\glass.dll
0x00007fffcbc90000 - 0x00007fffcbd89000 	C:\WINDOWS\System32\COMDLG32.dll
0x00007fffccfb0000 - 0x00007fffcd0ff000 	C:\WINDOWS\System32\MSCTF.dll
0x00007fffa7030000 - 0x00007fffa7044000 	C:\Users\dzang\.openjfx\cache\17.0.2-ea\javafx_font.dll
0x00007fffc2cd0000 - 0x00007fffc2f43000 	C:\WINDOWS\SYSTEM32\dwrite.dll

dbghelp: loaded successfully - version: 4.0.5 - missing functions: none
symbol engine: initialized successfully - sym options: 0x614 - pdb path: .;C:\Program Files\Java\jdk-11\bin;C:\WINDOWS\SYSTEM32;C:\WINDOWS\WinSxS\amd64_microsoft.windows.common-controls_6595b64144ccf1df_6.0.22621.2506_none_270c5ae97388e100;C:\Program Files\Java\jdk-11\bin\server;C:\Program Files\JetBrains\IntelliJ IDEA Community Edition 2022.2.2\bin;C:\Users\dzang\.openjfx\cache\17.0.2-ea;C:\WINDOWS\System32\DriverStore\FileRepository\u0387352.inf_amd64_ce4ceb13d73334be\B385477

VM Arguments:
jvm_args: -javaagent:C:\Program Files\JetBrains\IntelliJ IDEA Community Edition 2022.2.2\lib\idea_rt.jar=50877:C:\Program Files\JetBrains\IntelliJ IDEA Community Edition 2022.2.2\bin -Dfile.encoding=UTF-8 --module-path=C:\Users\dzang\.m2\repository\org\openjfx\javafx-graphics\17.0.2\javafx-graphics-17.0.2-win.jar;C:\Users\dzang\.m2\repository\org\openjfx\javafx-fxml\17.0.2\javafx-fxml-17.0.2-win.jar;C:\Users\dzang\.m2\repository\org\openjfx\javafx-base\17.0.2\javafx-base-17.0.2-win.jar;C:\Users\dzang\.m2\repository\org\openjfx\javafx-controls\17.0.2\javafx-controls-17.0.2-win.jar;C:\Users\dzang\IdeaProjects\FinalProjectSoftware\target\classes -Djdk.module.main=com.example.finalprojectsoftware 
java_command: com.example.finalprojectsoftware/com.example.finalprojectsoftware.HelloApplication
java_class_path (initial): C:\Users\dzang\.m2\repository\org\openjfx\javafx-controls\17.0.2\javafx-controls-17.0.2.jar;C:\Users\dzang\.m2\repository\org\openjfx\javafx-graphics\17.0.2\javafx-graphics-17.0.2.jar;C:\Users\dzang\.m2\repository\org\openjfx\javafx-base\17.0.2\javafx-base-17.0.2.jar;C:\Users\dzang\.m2\repository\org\openjfx\javafx-fxml\17.0.2\javafx-fxml-17.0.2.jar;C:\Users\dzang\.m2\repository\org\postgresql\postgresql\42.6.0\postgresql-42.6.0.jar;C:\Users\dzang\.m2\repository\org\checkerframework\checker-qual\3.31.0\checker-qual-3.31.0.jar
Launcher Type: SUN_STANDARD

[Global flags]
     intx CICompilerCount                          = 4                                         {product} {ergonomic}
     uint ConcGCThreads                            = 3                                         {product} {ergonomic}
     uint G1ConcRefinementThreads                  = 10                                        {product} {ergonomic}
   size_t G1HeapRegionSize                         = 1048576                                   {product} {ergonomic}
    uintx GCDrainStackTargetSize                   = 64                                        {product} {ergonomic}
   size_t InitialHeapSize                          = 98566144                                  {product} {ergonomic}
   size_t MarkStackSize                            = 4194304                                   {product} {ergonomic}
   size_t MaxHeapSize                              = 1572864000                                {product} {ergonomic}
   size_t MaxNewSize                               = 943718400                                 {product} {ergonomic}
   size_t MinHeapDeltaBytes                        = 1048576                                   {product} {ergonomic}
    uintx NonNMethodCodeHeapSize                   = 5835340                                {pd product} {ergonomic}
    uintx NonProfiledCodeHeapSize                  = 122911450                              {pd product} {ergonomic}
    uintx ProfiledCodeHeapSize                     = 122911450                              {pd product} {ergonomic}
    uintx ReservedCodeCacheSize                    = 251658240                              {pd product} {ergonomic}
     bool SegmentedCodeCache                       = true                                      {product} {ergonomic}
     bool UseCompressedClassPointers               = true                                 {lp64_product} {ergonomic}
     bool UseCompressedOops                        = true                                 {lp64_product} {ergonomic}
     bool UseG1GC                                  = true                                      {product} {ergonomic}
     bool UseLargePagesIndividualAllocation        = false                                  {pd product} {ergonomic}

Logging:
Log output configuration:
 #0: stdout all=warning uptime,level,tags
 #1: stderr all=off uptime,level,tags

Environment Variables:
JAVA_HOME=C:\Program Files\Java\jdk-11
PATH=C:\Program Files\Common Files\Oracle\Java\javapath;C:\Program Files (x86)\Common Files\Oracle\Java\javapath;C:\WINDOWS\system32;C:\WINDOWS;C:\WINDOWS\System32\Wbem;C:\WINDOWS\System32\WindowsPowerShell\v1.0\;C:\WINDOWS\System32\OpenSSH\;C:\Program Files\nodejs\;C:\MinGW\bin;C:\Users\dzang\AppData\Local\Programs\Python\Python311\Scripts\;C:\Users\dzang\AppData\Local\Programs\Python\Python311\;C:\Program Files\MySQL\MySQL Shell 8.0\bin\;C:\Users\dzang\AppData\Local\Microsoft\WindowsApps;C:\Users\dzang\AppData\Roaming\npm;C:\Users\dzang\AppData\Local\Programs\Microsoft VS Code\bin
USERNAME=dzang
OS=Windows_NT
PROCESSOR_IDENTIFIER=AMD64 Family 25 Model 80 Stepping 0, AuthenticAMD



---------------  S Y S T E M  ---------------

OS: Windows 10 , 64 bit Build 22621 (10.0.22621.2506)

CPU:total 12 (initial active 12) (12 cores per cpu, 2 threads per core) family 25 model 80 stepping 0, cmov, cx8, fxsr, mmx, sse, sse2, sse3, ssse3, sse4.1, sse4.2, popcnt, avx, avx2, aes, clmul, erms, mmxext, 3dnowpref, lzcnt, sse4a, ht, tsc, tscinvbit, tscinv, bmi1, bmi2, adx, sha, fma

Memory: 4k page, system-wide physical 5996M (446M free)
TotalPageFile size 24428M (AvailPageFile size 0M)
current process WorkingSet (physical memory assigned to process): 114M, peak: 114M
current process commit charge ("private bytes"): 246M, peak: 246M

vm_info: OpenJDK 64-Bit Server VM (11+28) for windows-amd64 JRE (11+28), built on Aug 23 2018 03:04:58 by "mach5one" with MS VC++ 15.5 (VS2017)

END.
