#
# There is insufficient memory for the Java Runtime Environment to continue.
# Native memory allocation (malloc) failed to allocate 2535376 bytes for Chunk::new
# Possible reasons:
#   The system is out of physical RAM or swap space
#   The process is running with CompressedOops enabled, and the Java Heap may be blocking the growth of the native heap
# Possible solutions:
#   Reduce memory load on the system
#   Increase physical memory or swap space
#   Check if swap backing store is full
#   Decrease Java heap size (-Xmx/-Xms)
#   Decrease number of Java threads
#   Decrease Java thread stack sizes (-Xss)
#   Set larger code cache with -XX:ReservedCodeCacheSize=
#   JVM is running with Unscaled Compressed Oops mode in which the Java heap is
#     placed in the first 4GB address space. The Java Heap base address is the
#     maximum limit for the native heap growth. Please use -XX:HeapBaseMinAddress
#     to set the Java Heap base and to place the Java Heap above 4GB virtual address.
# This output file may be truncated or incomplete.
#
#  Out of Memory Error (t:/workspace/open/src/hotspot/share/memory/arena.cpp:197), pid=29716, tid=20824
#
# JRE version: OpenJDK Runtime Environment (11.0+28) (build 11+28)
# Java VM: OpenJDK 64-Bit Server VM (11+28, mixed mode, tiered, compressed oops, g1 gc, windows-amd64)
# No core dump will be written. Minidumps are not enabled by default on client versions of Windows
#

---------------  S U M M A R Y ------------

Command Line: -javaagent:C:\Program Files\JetBrains\IntelliJ IDEA Community Edition 2022.2.2\lib\idea_rt.jar=51111:C:\Program Files\JetBrains\IntelliJ IDEA Community Edition 2022.2.2\bin -Dfile.encoding=UTF-8 --module-path=C:\Users\dzang\.m2\repository\org\openjfx\javafx-graphics\17.0.2\javafx-graphics-17.0.2-win.jar;C:\Users\dzang\.m2\repository\org\openjfx\javafx-fxml\17.0.2\javafx-fxml-17.0.2-win.jar;C:\Users\dzang\.m2\repository\org\openjfx\javafx-base\17.0.2\javafx-base-17.0.2-win.jar;C:\Users\dzang\.m2\repository\org\openjfx\javafx-controls\17.0.2\javafx-controls-17.0.2-win.jar;C:\Users\dzang\IdeaProjects\FinalProjectSoftware\target\classes -Djdk.module.main=com.example.finalprojectsoftware com.example.finalprojectsoftware/com.example.finalprojectsoftware.HelloApplication

Host: AMD Ryzen 5 5600H with Radeon Graphics         , 12 cores, 5G,  Windows 10 , 64 bit Build 22621 (10.0.22621.2506)
Time: Mon Dec 11 20:38:08 2023 Центральная Азия (зима) elapsed time: 1 seconds (0d 0h 0m 1s)

---------------  T H R E A D  ---------------

Current thread (0x000001ffa4b09000):  JavaThread "C2 CompilerThread2" daemon [_thread_in_native, id=20824, stack(0x0000006463000000,0x0000006463100000)]


Current CompileTask:
C2:   1933 1366   !   4       com.sun.javafx.css.ParsedValueImpl::readBinary (688 bytes)

Stack: [0x0000006463000000,0x0000006463100000]
Native frames: (J=compiled Java code, j=interpreted, Vv=VM code, C=native code)
V  [jvm.dll+0x63adaa]
V  [jvm.dll+0x77852f]
V  [jvm.dll+0x779b18]
V  [jvm.dll+0x77a1d3]
V  [jvm.dll+0x2624c8]
V  [jvm.dll+0xc5b61]
V  [jvm.dll+0xc60fc]
V  [jvm.dll+0x36e6d7]
V  [jvm.dll+0x1ad861]
V  [jvm.dll+0x21c472]
V  [jvm.dll+0x21b50a]
V  [jvm.dll+0x198400]
V  [jvm.dll+0x22a4ff]
V  [jvm.dll+0x228b18]
V  [jvm.dll+0x73dc3d]
V  [jvm.dll+0x639e42]
C  [ucrtbase.dll+0x29363]
C  [KERNEL32.DLL+0x1257d]
C  [ntdll.dll+0x5aa58]


---------------  P R O C E S S  ---------------

Threads class SMR info:
_java_thread_list=0x000001ffa61567c0, length=19, elements={
0x000001ff86263000, 0x000001ffa3ec2000, 0x000001ffa3ecd000, 0x000001ffa4863000,
0x000001ffa3ee2000, 0x000001ffa3ee4000, 0x000001ffa3eef800, 0x000001ffa3ef7800,
0x000001ffa3e59000, 0x000001ffa49cb000, 0x000001ffa4b09000, 0x000001ffa53b0800,
0x000001ffa4c2f000, 0x000001ffa517b000, 0x000001ffa5a34800, 0x000001ffa599e000,
0x000001ffa5499000, 0x000001ffa62b2000, 0x000001ffabb0b800
}

Java Threads: ( => current thread )
  0x000001ff86263000 JavaThread "main" [_thread_blocked, id=39312, stack(0x0000006462000000,0x0000006462100000)]
  0x000001ffa3ec2000 JavaThread "Reference Handler" daemon [_thread_blocked, id=13844, stack(0x0000006462700000,0x0000006462800000)]
  0x000001ffa3ecd000 JavaThread "Finalizer" daemon [_thread_blocked, id=7112, stack(0x0000006462800000,0x0000006462900000)]
  0x000001ffa4863000 JavaThread "Signal Dispatcher" daemon [_thread_blocked, id=26892, stack(0x0000006462900000,0x0000006462a00000)]
  0x000001ffa3ee2000 JavaThread "Attach Listener" daemon [_thread_blocked, id=18304, stack(0x0000006462a00000,0x0000006462b00000)]
  0x000001ffa3ee4000 JavaThread "C2 CompilerThread0" daemon [_thread_blocked, id=39844, stack(0x0000006462b00000,0x0000006462c00000)]
  0x000001ffa3eef800 JavaThread "C1 CompilerThread0" daemon [_thread_in_vm, id=22204, stack(0x0000006462c00000,0x0000006462d00000)]
  0x000001ffa3ef7800 JavaThread "Sweeper thread" daemon [_thread_blocked, id=10604, stack(0x0000006462d00000,0x0000006462e00000)]
  0x000001ffa3e59000 JavaThread "Common-Cleaner" daemon [_thread_blocked, id=36712, stack(0x0000006462e00000,0x0000006462f00000)]
  0x000001ffa49cb000 JavaThread "C2 CompilerThread1" daemon [_thread_in_native, id=30028, stack(0x0000006462f00000,0x0000006463000000)]
=>0x000001ffa4b09000 JavaThread "C2 CompilerThread2" daemon [_thread_in_native, id=20824, stack(0x0000006463000000,0x0000006463100000)]
  0x000001ffa53b0800 JavaThread "Monitor Ctrl-Break" daemon [_thread_in_native, id=20760, stack(0x0000006463100000,0x0000006463200000)]
  0x000001ffa4c2f000 JavaThread "Service Thread" daemon [_thread_blocked, id=19176, stack(0x0000006463200000,0x0000006463300000)]
  0x000001ffa517b000 JavaThread "QuantumRenderer-0" daemon [_thread_blocked, id=23068, stack(0x0000006463400000,0x0000006463500000)]
  0x000001ffa5a34800 JavaThread "InvokeLaterDispatcher" daemon [_thread_blocked, id=20516, stack(0x0000006463600000,0x0000006463700000)]
  0x000001ffa599e000 JavaThread "JavaFX Application Thread" [_thread_in_vm, id=13912, stack(0x0000006463700000,0x0000006463800000)]
  0x000001ffa5499000 JavaThread "Thread-1" daemon [_thread_in_native, id=21128, stack(0x0000006464100000,0x0000006464200000)]
  0x000001ffa62b2000 JavaThread "JavaFX-Launcher" [_thread_blocked, id=31332, stack(0x0000006464200000,0x0000006464300000)]
  0x000001ffabb0b800 JavaThread "Prism Font Disposer" daemon [_thread_blocked, id=9256, stack(0x0000006464800000,0x0000006464900000)]

Other Threads:
  0x000001ffa3e9a800 VMThread "VM Thread" [stack: 0x0000006462600000,0x0000006462700000] [id=35752]
  0x000001ffa558b800 WatcherThread [stack: 0x0000006463300000,0x0000006463400000] [id=9808]
  0x000001ff8627a800 GCTaskThread "GC Thread#0" [stack: 0x0000006462100000,0x0000006462200000] [id=33464]
  0x000001ffa598e800 GCTaskThread "GC Thread#1" [stack: 0x0000006464300000,0x0000006464400000] [id=39144]
  0x000001ffa5a7c800 GCTaskThread "GC Thread#2" [stack: 0x0000006464400000,0x0000006464500000] [id=34672]
  0x000001ffa568d800 GCTaskThread "GC Thread#3" [stack: 0x0000006464500000,0x0000006464600000] [id=35096]
  0x000001ffa568e800 GCTaskThread "GC Thread#4" [stack: 0x0000006464600000,0x0000006464700000] [id=33316]
  0x000001ffa595b000 GCTaskThread "GC Thread#5" [stack: 0x0000006464700000,0x0000006464800000] [id=34036]
  0x000001ff862a4000 ConcurrentGCThread "G1 Main Marker" [stack: 0x0000006462200000,0x0000006462300000] [id=38820]
  0x000001ff862a5800 ConcurrentGCThread "G1 Conc#0" [stack: 0x0000006462300000,0x0000006462400000] [id=35376]
  0x000001ffa5685000 ConcurrentGCThread "G1 Conc#1" [stack: 0x0000006464a00000,0x0000006464b00000] [id=16572]
  0x000001ffab8f2000 ConcurrentGCThread "G1 Conc#2" [stack: 0x0000006464b00000,0x0000006464c00000] [id=12628]
  0x000001ff86337800 ConcurrentGCThread "G1 Refine#0" [stack: 0x0000006462400000,0x0000006462500000] [id=36080]
  0x000001ff86339800 ConcurrentGCThread "G1 Young RemSet Sampling" [stack: 0x0000006462500000,0x0000006462600000] [id=18960]

Threads with active compile tasks:
C2 CompilerThread01645       4       jdk.internal.module.Checks::isPackageName (5 bytes)
C1 CompilerThread01636   !   3       java.lang.invoke.MethodHandles$Lookup::revealDirect (209 bytes)
C2 CompilerThread11646       4       jdk.internal.module.Checks::isTypeName (49 bytes)
C2 CompilerThread21366   !   4       com.sun.javafx.css.ParsedValueImpl::readBinary (688 bytes)

VM state:not at safepoint (normal execution)

VM Mutex/Monitor currently owned by a thread: None

Heap address: 0x00000000a2400000, size: 1500 MB, Compressed Oops mode: 32-bit
Narrow klass base: 0x0000000000000000, Narrow klass shift: 3
Compressed class space size: 1073741824 Address: 0x0000000100000000

Heap:
 garbage-first heap   total 96256K, used 12844K [0x00000000a2400000, 0x0000000100000000)
  region size 1024K, 14 young (14336K), 7 survivors (7168K)
 Metaspace       used 22213K, capacity 23030K, committed 23168K, reserved 1069056K
  class space    used 2867K, capacity 3194K, committed 3200K, reserved 1048576K
Heap Regions: E=young(eden), S=young(survivor), O=old, HS=humongous(starts), HC=humongous(continues), CS=collection set, F=free, A=archive, TAMS=top-at-mark-start (previous, next)
|   0|0x00000000a2400000, 0x00000000a2400000, 0x00000000a2500000|  0%| F|  |TAMS 0x00000000a2400000, 0x00000000a2400000| Untracked 
|   1|0x00000000a2500000, 0x00000000a2500000, 0x00000000a2600000|  0%| F|  |TAMS 0x00000000a2500000, 0x00000000a2500000| Untracked 
|   2|0x00000000a2600000, 0x00000000a2600000, 0x00000000a2700000|  0%| F|  |TAMS 0x00000000a2600000, 0x00000000a2600000| Untracked 
|   3|0x00000000a2700000, 0x00000000a2700000, 0x00000000a2800000|  0%| F|  |TAMS 0x00000000a2700000, 0x00000000a2700000| Untracked 
|   4|0x00000000a2800000, 0x00000000a2800000, 0x00000000a2900000|  0%| F|  |TAMS 0x00000000a2800000, 0x00000000a2800000| Untracked 
|   5|0x00000000a2900000, 0x00000000a2900000, 0x00000000a2a00000|  0%| F|  |TAMS 0x00000000a2900000, 0x00000000a2900000| Untracked 
|   6|0x00000000a2a00000, 0x00000000a2a00000, 0x00000000a2b00000|  0%| F|  |TAMS 0x00000000a2a00000, 0x00000000a2a00000| Untracked 
|   7|0x00000000a2b00000, 0x00000000a2b00000, 0x00000000a2c00000|  0%| F|  |TAMS 0x00000000a2b00000, 0x00000000a2b00000| Untracked 
|   8|0x00000000a2c00000, 0x00000000a2c00000, 0x00000000a2d00000|  0%| F|  |TAMS 0x00000000a2c00000, 0x00000000a2c00000| Untracked 
|   9|0x00000000a2d00000, 0x00000000a2d00000, 0x00000000a2e00000|  0%| F|  |TAMS 0x00000000a2d00000, 0x00000000a2d00000| Untracked 
|  10|0x00000000a2e00000, 0x00000000a2e00000, 0x00000000a2f00000|  0%| F|  |TAMS 0x00000000a2e00000, 0x00000000a2e00000| Untracked 
|  11|0x00000000a2f00000, 0x00000000a2f00000, 0x00000000a3000000|  0%| F|  |TAMS 0x00000000a2f00000, 0x00000000a2f00000| Untracked 
|  12|0x00000000a3000000, 0x00000000a3000000, 0x00000000a3100000|  0%| F|  |TAMS 0x00000000a3000000, 0x00000000a3000000| Untracked 
|  13|0x00000000a3100000, 0x00000000a3100000, 0x00000000a3200000|  0%| F|  |TAMS 0x00000000a3100000, 0x00000000a3100000| Untracked 
|  14|0x00000000a3200000, 0x00000000a3200000, 0x00000000a3300000|  0%| F|  |TAMS 0x00000000a3200000, 0x00000000a3200000| Untracked 
|  15|0x00000000a3300000, 0x00000000a3300000, 0x00000000a3400000|  0%| F|  |TAMS 0x00000000a3300000, 0x00000000a3300000| Untracked 
|  16|0x00000000a3400000, 0x00000000a3400000, 0x00000000a3500000|  0%| F|  |TAMS 0x00000000a3400000, 0x00000000a3400000| Untracked 
|  17|0x00000000a3500000, 0x00000000a3500000, 0x00000000a3600000|  0%| F|  |TAMS 0x00000000a3500000, 0x00000000a3500000| Untracked 
|  18|0x00000000a3600000, 0x00000000a3600000, 0x00000000a3700000|  0%| F|  |TAMS 0x00000000a3600000, 0x00000000a3600000| Untracked 
|  19|0x00000000a3700000, 0x00000000a3700000, 0x00000000a3800000|  0%| F|  |TAMS 0x00000000a3700000, 0x00000000a3700000| Untracked 
|  20|0x00000000a3800000, 0x00000000a3800000, 0x00000000a3900000|  0%| F|  |TAMS 0x00000000a3800000, 0x00000000a3800000| Untracked 
|  21|0x00000000a3900000, 0x00000000a3900000, 0x00000000a3a00000|  0%| F|  |TAMS 0x00000000a3900000, 0x00000000a3900000| Untracked 
|  22|0x00000000a3a00000, 0x00000000a3a00000, 0x00000000a3b00000|  0%| F|  |TAMS 0x00000000a3a00000, 0x00000000a3a00000| Untracked 
|  23|0x00000000a3b00000, 0x00000000a3b00000, 0x00000000a3c00000|  0%| F|  |TAMS 0x00000000a3b00000, 0x00000000a3b00000| Untracked 
|  24|0x00000000a3c00000, 0x00000000a3c00000, 0x00000000a3d00000|  0%| F|  |TAMS 0x00000000a3c00000, 0x00000000a3c00000| Untracked 
|  25|0x00000000a3d00000, 0x00000000a3d00000, 0x00000000a3e00000|  0%| F|  |TAMS 0x00000000a3d00000, 0x00000000a3d00000| Untracked 
|  26|0x00000000a3e00000, 0x00000000a3e00000, 0x00000000a3f00000|  0%| F|  |TAMS 0x00000000a3e00000, 0x00000000a3e00000| Untracked 
|  27|0x00000000a3f00000, 0x00000000a3f00000, 0x00000000a4000000|  0%| F|  |TAMS 0x00000000a3f00000, 0x00000000a3f00000| Untracked 
|  28|0x00000000a4000000, 0x00000000a4000000, 0x00000000a4100000|  0%| F|  |TAMS 0x00000000a4000000, 0x00000000a4000000| Untracked 
|  29|0x00000000a4100000, 0x00000000a4100000, 0x00000000a4200000|  0%| F|  |TAMS 0x00000000a4100000, 0x00000000a4100000| Untracked 
|  30|0x00000000a4200000, 0x00000000a4200000, 0x00000000a4300000|  0%| F|  |TAMS 0x00000000a4200000, 0x00000000a4200000| Untracked 
|  31|0x00000000a4300000, 0x00000000a4300000, 0x00000000a4400000|  0%| F|  |TAMS 0x00000000a4300000, 0x00000000a4300000| Untracked 
|  32|0x00000000a4400000, 0x00000000a4400000, 0x00000000a4500000|  0%| F|  |TAMS 0x00000000a4400000, 0x00000000a4400000| Untracked 
|  33|0x00000000a4500000, 0x00000000a4500000, 0x00000000a4600000|  0%| F|  |TAMS 0x00000000a4500000, 0x00000000a4500000| Untracked 
|  34|0x00000000a4600000, 0x00000000a4600000, 0x00000000a4700000|  0%| F|  |TAMS 0x00000000a4600000, 0x00000000a4600000| Untracked 
|  35|0x00000000a4700000, 0x00000000a4700000, 0x00000000a4800000|  0%| F|  |TAMS 0x00000000a4700000, 0x00000000a4700000| Untracked 
|  36|0x00000000a4800000, 0x00000000a4800000, 0x00000000a4900000|  0%| F|  |TAMS 0x00000000a4800000, 0x00000000a4800000| Untracked 
|  37|0x00000000a4900000, 0x00000000a4900000, 0x00000000a4a00000|  0%| F|  |TAMS 0x00000000a4900000, 0x00000000a4900000| Untracked 
|  38|0x00000000a4a00000, 0x00000000a4a00000, 0x00000000a4b00000|  0%| F|  |TAMS 0x00000000a4a00000, 0x00000000a4a00000| Untracked 
|  39|0x00000000a4b00000, 0x00000000a4b00000, 0x00000000a4c00000|  0%| F|  |TAMS 0x00000000a4b00000, 0x00000000a4b00000| Untracked 
|  40|0x00000000a4c00000, 0x00000000a4c00000, 0x00000000a4d00000|  0%| F|  |TAMS 0x00000000a4c00000, 0x00000000a4c00000| Untracked 
|  41|0x00000000a4d00000, 0x00000000a4d00000, 0x00000000a4e00000|  0%| F|  |TAMS 0x00000000a4d00000, 0x00000000a4d00000| Untracked 
|  42|0x00000000a4e00000, 0x00000000a4e00000, 0x00000000a4f00000|  0%| F|  |TAMS 0x00000000a4e00000, 0x00000000a4e00000| Untracked 
|  43|0x00000000a4f00000, 0x00000000a4f00000, 0x00000000a5000000|  0%| F|  |TAMS 0x00000000a4f00000, 0x00000000a4f00000| Untracked 
|  44|0x00000000a5000000, 0x00000000a5000000, 0x00000000a5100000|  0%| F|  |TAMS 0x00000000a5000000, 0x00000000a5000000| Untracked 
|  45|0x00000000a5100000, 0x00000000a5100000, 0x00000000a5200000|  0%| F|  |TAMS 0x00000000a5100000, 0x00000000a5100000| Untracked 
|  46|0x00000000a5200000, 0x00000000a5200000, 0x00000000a5300000|  0%| F|  |TAMS 0x00000000a5200000, 0x00000000a5200000| Untracked 
|  47|0x00000000a5300000, 0x00000000a5300000, 0x00000000a5400000|  0%| F|  |TAMS 0x00000000a5300000, 0x00000000a5300000| Untracked 
|  48|0x00000000a5400000, 0x00000000a5400000, 0x00000000a5500000|  0%| F|  |TAMS 0x00000000a5400000, 0x00000000a5400000| Untracked 
|  49|0x00000000a5500000, 0x00000000a5500000, 0x00000000a5600000|  0%| F|  |TAMS 0x00000000a5500000, 0x00000000a5500000| Untracked 
|  50|0x00000000a5600000, 0x00000000a5600000, 0x00000000a5700000|  0%| F|  |TAMS 0x00000000a5600000, 0x00000000a5600000| Untracked 
|  51|0x00000000a5700000, 0x00000000a5700000, 0x00000000a5800000|  0%| F|  |TAMS 0x00000000a5700000, 0x00000000a5700000| Untracked 
|  52|0x00000000a5800000, 0x00000000a5800000, 0x00000000a5900000|  0%| F|  |TAMS 0x00000000a5800000, 0x00000000a5800000| Untracked 
|  53|0x00000000a5900000, 0x00000000a5900000, 0x00000000a5a00000|  0%| F|  |TAMS 0x00000000a5900000, 0x00000000a5900000| Untracked 
|  54|0x00000000a5a00000, 0x00000000a5a00000, 0x00000000a5b00000|  0%| F|  |TAMS 0x00000000a5a00000, 0x00000000a5a00000| Untracked 
|  55|0x00000000a5b00000, 0x00000000a5b00000, 0x00000000a5c00000|  0%| F|  |TAMS 0x00000000a5b00000, 0x00000000a5b00000| Untracked 
|  56|0x00000000a5c00000, 0x00000000a5c00000, 0x00000000a5d00000|  0%| F|  |TAMS 0x00000000a5c00000, 0x00000000a5c00000| Untracked 
|  57|0x00000000a5d00000, 0x00000000a5d00000, 0x00000000a5e00000|  0%| F|  |TAMS 0x00000000a5d00000, 0x00000000a5d00000| Untracked 
|  58|0x00000000a5e00000, 0x00000000a5e00000, 0x00000000a5f00000|  0%| F|  |TAMS 0x00000000a5e00000, 0x00000000a5e00000| Untracked 
|  59|0x00000000a5f00000, 0x00000000a5f8b1f0, 0x00000000a6000000| 54%| S|CS|TAMS 0x00000000a5f00000, 0x00000000a5f00000| Complete 
|  60|0x00000000a6000000, 0x00000000a6100000, 0x00000000a6100000|100%| S|CS|TAMS 0x00000000a6000000, 0x00000000a6000000| Complete 
|  61|0x00000000a6100000, 0x00000000a6200000, 0x00000000a6200000|100%| S|CS|TAMS 0x00000000a6100000, 0x00000000a6100000| Complete 
|  62|0x00000000a6200000, 0x00000000a6300000, 0x00000000a6300000|100%| S|CS|TAMS 0x00000000a6200000, 0x00000000a6200000| Complete 
|  63|0x00000000a6300000, 0x00000000a6400000, 0x00000000a6400000|100%| S|CS|TAMS 0x00000000a6300000, 0x00000000a6300000| Complete 
|  64|0x00000000a6400000, 0x00000000a6500000, 0x00000000a6500000|100%| S|CS|TAMS 0x00000000a6400000, 0x00000000a6400000| Complete 
|  65|0x00000000a6500000, 0x00000000a6600000, 0x00000000a6600000|100%| S|CS|TAMS 0x00000000a6500000, 0x00000000a6500000| Complete 
|  66|0x00000000a6600000, 0x00000000a6600000, 0x00000000a6700000|  0%| F|  |TAMS 0x00000000a6600000, 0x00000000a6600000| Untracked 
|  67|0x00000000a6700000, 0x00000000a6700000, 0x00000000a6800000|  0%| F|  |TAMS 0x00000000a6700000, 0x00000000a6700000| Untracked 
|  68|0x00000000a6800000, 0x00000000a6800000, 0x00000000a6900000|  0%| F|  |TAMS 0x00000000a6800000, 0x00000000a6800000| Untracked 
|  69|0x00000000a6900000, 0x00000000a6900000, 0x00000000a6a00000|  0%| F|  |TAMS 0x00000000a6900000, 0x00000000a6900000| Untracked 
|  70|0x00000000a6a00000, 0x00000000a6a00000, 0x00000000a6b00000|  0%| F|  |TAMS 0x00000000a6a00000, 0x00000000a6a00000| Untracked 
|  71|0x00000000a6b00000, 0x00000000a6b00000, 0x00000000a6c00000|  0%| F|  |TAMS 0x00000000a6b00000, 0x00000000a6b00000| Untracked 
|  72|0x00000000a6c00000, 0x00000000a6c00000, 0x00000000a6d00000|  0%| F|  |TAMS 0x00000000a6c00000, 0x00000000a6c00000| Untracked 
|  73|0x00000000a6d00000, 0x00000000a6d00000, 0x00000000a6e00000|  0%| F|  |TAMS 0x00000000a6d00000, 0x00000000a6d00000| Untracked 
|  74|0x00000000a6e00000, 0x00000000a6e00000, 0x00000000a6f00000|  0%| F|  |TAMS 0x00000000a6e00000, 0x00000000a6e00000| Untracked 
|  75|0x00000000a6f00000, 0x00000000a6f00000, 0x00000000a7000000|  0%| F|  |TAMS 0x00000000a6f00000, 0x00000000a6f00000| Untracked 
|  76|0x00000000a7000000, 0x00000000a7000000, 0x00000000a7100000|  0%| F|  |TAMS 0x00000000a7000000, 0x00000000a7000000| Untracked 
|  77|0x00000000a7100000, 0x00000000a7100000, 0x00000000a7200000|  0%| F|  |TAMS 0x00000000a7100000, 0x00000000a7100000| Untracked 
|  78|0x00000000a7200000, 0x00000000a7200000, 0x00000000a7300000|  0%| F|  |TAMS 0x00000000a7200000, 0x00000000a7200000| Untracked 
|  79|0x00000000a7300000, 0x00000000a7300000, 0x00000000a7400000|  0%| F|  |TAMS 0x00000000a7300000, 0x00000000a7300000| Untracked 
|  80|0x00000000a7400000, 0x00000000a7400000, 0x00000000a7500000|  0%| F|  |TAMS 0x00000000a7400000, 0x00000000a7400000| Untracked 
|  81|0x00000000a7500000, 0x00000000a7500000, 0x00000000a7600000|  0%| F|  |TAMS 0x00000000a7500000, 0x00000000a7500000| Untracked 
|  82|0x00000000a7600000, 0x00000000a7600000, 0x00000000a7700000|  0%| F|  |TAMS 0x00000000a7600000, 0x00000000a7600000| Untracked 
|  83|0x00000000a7700000, 0x00000000a7700000, 0x00000000a7800000|  0%| F|  |TAMS 0x00000000a7700000, 0x00000000a7700000| Untracked 
|  84|0x00000000a7800000, 0x00000000a7800000, 0x00000000a7900000|  0%| F|  |TAMS 0x00000000a7800000, 0x00000000a7800000| Untracked 
|  85|0x00000000a7900000, 0x00000000a7900000, 0x00000000a7a00000|  0%| F|  |TAMS 0x00000000a7900000, 0x00000000a7900000| Untracked 
|  86|0x00000000a7a00000, 0x00000000a7a00000, 0x00000000a7b00000|  0%| F|  |TAMS 0x00000000a7a00000, 0x00000000a7a00000| Untracked 
|  87|0x00000000a7b00000, 0x00000000a7c00000, 0x00000000a7c00000|100%| E|  |TAMS 0x00000000a7b00000, 0x00000000a7b00000| Complete 
|  88|0x00000000a7c00000, 0x00000000a7d00000, 0x00000000a7d00000|100%| E|CS|TAMS 0x00000000a7c00000, 0x00000000a7c00000| Complete 
|  89|0x00000000a7d00000, 0x00000000a7e00000, 0x00000000a7e00000|100%| E|CS|TAMS 0x00000000a7d00000, 0x00000000a7d00000| Complete 
|  90|0x00000000a7e00000, 0x00000000a7f00000, 0x00000000a7f00000|100%| E|CS|TAMS 0x00000000a7e00000, 0x00000000a7e00000| Complete 
|  91|0x00000000a7f00000, 0x00000000a8000000, 0x00000000a8000000|100%| E|CS|TAMS 0x00000000a7f00000, 0x00000000a7f00000| Complete 
|  92|0x00000000a8000000, 0x00000000a8100000, 0x00000000a8100000|100%| E|CS|TAMS 0x00000000a8000000, 0x00000000a8000000| Complete 
|  93|0x00000000a8100000, 0x00000000a8200000, 0x00000000a8200000|100%| E|CS|TAMS 0x00000000a8100000, 0x00000000a8100000| Complete 

Card table byte_map: [0x000001ff9ddb0000,0x000001ff9e0a0000] _byte_map_base: 0x000001ff9d89e000

Marking Bits (Prev, Next): (CMBitMap*) 0x000001ff8629d490, (CMBitMap*) 0x000001ff8629d458
 Prev Bits: [0x000001ff9fb00000, 0x000001ffa1270000)
 Next Bits: [0x000001ff9e390000, 0x000001ff9fb00000)

Polling page: 0x000001ff84110000

Metaspace:

Usage:
  Non-class:     19.37 MB capacity,    18.92 MB ( 98%) used,   376.54 KB (  2%) free+waste,    83.44 KB ( <1%) overhead. 
      Class:      3.12 MB capacity,     2.80 MB ( 90%) used,   282.13 KB (  9%) free+waste,    43.25 KB (  1%) overhead. 
       Both:     22.49 MB capacity,    21.72 MB ( 97%) used,   658.66 KB (  3%) free+waste,   126.69 KB ( <1%) overhead. 

Virtual space:
  Non-class space:       20.00 MB reserved,      19.50 MB ( 98%) committed 
      Class space:        1.00 GB reserved,       3.13 MB ( <1%) committed 
             Both:        1.02 GB reserved,      22.63 MB (  2%) committed 

Chunk freelists:
   Non-Class:  512 bytes
       Class:  0 bytes
        Both:  512 bytes

CodeHeap 'non-profiled nmethods': size=120000Kb used=754Kb max_used=754Kb free=119245Kb
 bounds [0x000001ff96040000, 0x000001ff962b0000, 0x000001ff9d570000]
CodeHeap 'profiled nmethods': size=120000Kb used=3163Kb max_used=3163Kb free=116836Kb
 bounds [0x000001ff8eb10000, 0x000001ff8ee30000, 0x000001ff96040000]
CodeHeap 'non-nmethods': size=5760Kb used=1292Kb max_used=1313Kb free=4467Kb
 bounds [0x000001ff8e570000, 0x000001ff8e7e0000, 0x000001ff8eb10000]
 total_blobs=2712 nmethods=1651 adapters=603
 compilation: enabled
              stopped_count=0, restarted_count=0
 full_count=0

Compilation events (10 events):
Event: 1.905 Thread 0x000001ffa3eef800 nmethod 1588 0x000001ff8edef590 code [0x000001ff8edef7a0, 0x000001ff8edefe00]
Event: 1.905 Thread 0x000001ffa3eef800 1589       3       javafx.scene.Node$1::getHelper (5 bytes)
Event: 1.905 Thread 0x000001ffa3eef800 nmethod 1589 0x000001ff8edf0010 code [0x000001ff8edf01c0, 0x000001ff8edf0318]
Event: 1.923 Thread 0x000001ffa3ee4000 nmethod 1523 0x000001ff960f3310 code [0x000001ff960f35e0, 0x000001ff960f6d10]
Event: 1.926 Thread 0x000001ffa3eef800 1590       3       java.lang.invoke.BoundMethodHandle$SpeciesData::extendWith (62 bytes)
Event: 1.927 Thread 0x000001ffa3eef800 nmethod 1590 0x000001ff8edf0410 code [0x000001ff8edf06c0, 0x000001ff8edf1380]
Event: 1.929 Thread 0x000001ffa3eef800 1591       3       java.lang.invoke.MethodHandles$Lookup::resolveOrFail (48 bytes)
Event: 1.930 Thread 0x000001ffa3eef800 nmethod 1591 0x000001ff8edf1790 code [0x000001ff8edf1a00, 0x000001ff8edf2240]
Event: 1.930 Thread 0x000001ffa3eef800 1592       3       java.lang.invoke.MethodHandles$Lookup::checkMethodName (43 bytes)
Event: 1.931 Thread 0x000001ffa3eef800 nmethod 1592 0x000001ff8edf2590 code [0x000001ff8edf2820, 0x000001ff8edf31d0]

GC Heap History (4 events):
Event: 1.147 GC heap before
{Heap before GC invocations=0 (full 0):
 garbage-first heap   total 96256K, used 23552K [0x00000000a2400000, 0x0000000100000000)
  region size 1024K, 24 young (24576K), 0 survivors (0K)
 Metaspace       used 12422K, capacity 12772K, committed 13056K, reserved 1060864K
  class space    used 1349K, capacity 1497K, committed 1536K, reserved 1048576K
}
Event: 1.151 GC heap after
{Heap after GC invocations=1 (full 0):
 garbage-first heap   total 96256K, used 2882K [0x00000000a2400000, 0x0000000100000000)
  region size 1024K, 3 young (3072K), 3 survivors (3072K)
 Metaspace       used 12422K, capacity 12772K, committed 13056K, reserved 1060864K
  class space    used 1349K, capacity 1497K, committed 1536K, reserved 1048576K
}
Event: 1.827 GC heap before
{Heap before GC invocations=1 (full 0):
 garbage-first heap   total 96256K, used 27458K [0x00000000a2400000, 0x0000000100000000)
  region size 1024K, 28 young (28672K), 3 survivors (3072K)
 Metaspace       used 20528K, capacity 21092K, committed 21248K, reserved 1067008K
  class space    used 2462K, capacity 2712K, committed 2816K, reserved 1048576K
}
Event: 1.836 GC heap after
{Heap after GC invocations=2 (full 0):
 garbage-first heap   total 96256K, used 6700K [0x00000000a2400000, 0x0000000100000000)
  region size 1024K, 7 young (7168K), 7 survivors (7168K)
 Metaspace       used 20528K, capacity 21092K, committed 21248K, reserved 1067008K
  class space    used 2462K, capacity 2712K, committed 2816K, reserved 1048576K
}

Deoptimization events (10 events):
Event: 1.463 Thread 0x000001ffa599e000 Uncommon trap: reason=unstable_if action=reinterpret pc=0x000001ff960b8f80 method=java.util.HashMap.getNode(ILjava/lang/Object;)Ljava/util/HashMap$Node; @ 84 c2
Event: 1.465 Thread 0x000001ffa599e000 Uncommon trap: reason=unstable_if action=reinterpret pc=0x000001ff960a4414 method=java.util.HashMap.resize()[Ljava/util/HashMap$Node; @ 203 c2
Event: 1.549 Thread 0x000001ffa599e000 Uncommon trap: reason=intrinsic_or_type_checked_inlining action=make_not_entrant pc=0x000001ff960c46e8 method=java.util.Arrays.copyOf([Ljava/lang/Object;ILjava/lang/Class;)[Ljava/lang/Object; @ 35 c2
Event: 1.553 Thread 0x000001ffa599e000 Uncommon trap: reason=unstable_if action=reinterpret pc=0x000001ff960b64b0 method=java.lang.StringUTF16.compress([CI[BII)I @ 20 c2
Event: 1.592 Thread 0x000001ffa599e000 Uncommon trap: reason=unstable_if action=reinterpret pc=0x000001ff960ccac0 method=java.util.HashMap.hash(Ljava/lang/Object;)I @ 1 c2
Event: 1.627 Thread 0x000001ffa599e000 Uncommon trap: reason=unstable_if action=reinterpret pc=0x000001ff9605b62c method=java.util.HashMap.hash(Ljava/lang/Object;)I @ 1 c2
Event: 1.801 Thread 0x000001ffa599e000 Uncommon trap: reason=class_check action=maybe_recompile pc=0x000001ff9604d3dc method=java.lang.String.equals(Ljava/lang/Object;)Z @ 8 c2
Event: 1.801 Thread 0x000001ffa599e000 Uncommon trap: reason=class_check action=maybe_recompile pc=0x000001ff9604d3dc method=java.lang.String.equals(Ljava/lang/Object;)Z @ 8 c2
Event: 1.801 Thread 0x000001ffa599e000 Uncommon trap: reason=class_check action=maybe_recompile pc=0x000001ff9604d3dc method=java.lang.String.equals(Ljava/lang/Object;)Z @ 8 c2
Event: 1.802 Thread 0x000001ffa599e000 Uncommon trap: reason=class_check action=maybe_recompile pc=0x000001ff9604d3dc method=java.lang.String.equals(Ljava/lang/Object;)Z @ 8 c2

Classes redefined (0 events):
No events

Internal exceptions (10 events):
Event: 1.367 Thread 0x000001ffa599e000 Exception <a 'java/lang/NoSuchMethodError'{0x00000000a78108d8}: java.lang.invoke.DirectMethodHandle$Holder.invokeStatic(Ljava/lang/Object;Ljava/lang/Object;Ljava/lang/Object;Ljava/lang/Object;Ljava/lang/Object;Ljava/lang/Object;Ljava/lang/Object;Ljava/lan
Event: 1.490 Thread 0x000001ffa599e000 Exception <a 'java/lang/NoSuchMethodError'{0x00000000a736f418}: java.lang.invoke.DirectMethodHandle$Holder.invokeStaticInit(Ljava/lang/Object;Ljava/lang/Object;)V> (0x00000000a736f418) thrown at [t:/workspace/open/src/hotspot/share/interpreter/linkResolve
Event: 1.501 Thread 0x000001ffa599e000 Exception <a 'java/lang/NoSuchMethodError'{0x00000000a73f1630}: java.lang.invoke.DirectMethodHandle$Holder.invokeSpecial(Ljava/lang/Object;Ljava/lang/Object;Ljava/lang/Object;Ljava/lang/Object;Ljava/lang/Object;)V> (0x00000000a73f1630) thrown at [t:/works
Event: 1.549 Thread 0x000001ffa599e000 Exception <a 'java/lang/NoSuchMethodError'{0x00000000a70375d8}: java.lang.invoke.Invokers$Holder.linkToTargetMethod(Ljava/lang/Object;ILjava/lang/Object;)Ljava/lang/Object;> (0x00000000a70375d8) thrown at [t:/workspace/open/src/hotspot/share/interpreter/l
Event: 1.592 Thread 0x000001ffa599e000 Implicit null exception at 0x000001ff960cc715 to 0x000001ff960ccaae
Event: 1.627 Thread 0x000001ffa599e000 Implicit null exception at 0x000001ff9605b5af to 0x000001ff9605b61d
Event: 1.853 Thread 0x000001ffa599e000 Exception <a 'java/lang/ClassNotFoundException'{0x00000000a8002cc0}: com/sun/javafx/scene/control/skin/resources/controls> (0x00000000a8002cc0) thrown at [t:/workspace/open/src/hotspot/share/prims/jni.cpp, line 636]
Event: 1.855 Thread 0x000001ffa599e000 Exception <a 'java/lang/ClassNotFoundException'{0x00000000a8011490}: com/sun/javafx/scene/control/skin/resources/controls_ru> (0x00000000a8011490) thrown at [t:/workspace/open/src/hotspot/share/prims/jni.cpp, line 636]
Event: 1.855 Thread 0x000001ffa599e000 Exception <a 'java/lang/ClassNotFoundException'{0x00000000a8012c78}: com/sun/javafx/scene/control/skin/resources/controls_ru_RU> (0x00000000a8012c78) thrown at [t:/workspace/open/src/hotspot/share/prims/jni.cpp, line 636]
Event: 1.896 Thread 0x000001ffa599e000 Exception <a 'java/lang/NoSuchMethodError'{0x00000000a7fca550}: java.lang.invoke.DirectMethodHandle$Holder.invokeSpecial(Ljava/lang/Object;Ljava/lang/Object;Ljava/lang/Object;Ljava/lang/Object;Ljava/lang/Object;Ljava/lang/Object;)V> (0x00000000a7fca550) t

Events (10 events):
Event: 1.929 loading class javafx/beans/value/ObservableValue
Event: 1.929 loading class javafx/beans/value/ObservableValue done
Event: 1.929 loading class javafx/scene/control/skin/TextFieldSkin
Event: 1.929 loading class javafx/scene/control/skin/TextFieldSkin done
Event: 1.931 loading class javafx/beans/value/ObservableValue
Event: 1.931 loading class javafx/beans/value/ObservableValue done
Event: 1.931 loading class javafx/beans/value/ObservableValue
Event: 1.931 loading class javafx/beans/value/ObservableValue done
Event: 1.931 loading class com/sun/javafx/scene/control/LambdaMultiplePropertyChangeListenerHandler
Event: 1.931 loading class com/sun/javafx/scene/control/LambdaMultiplePropertyChangeListenerHandler done


Dynamic libraries:
0x00007ff75aee0000 - 0x00007ff75af25000 	C:\Program Files\Java\jdk-11\bin\java.exe
0x00007fffcdf30000 - 0x00007fffce147000 	C:\WINDOWS\SYSTEM32\ntdll.dll
0x00007fffcd4d0000 - 0x00007fffcd594000 	C:\WINDOWS\System32\KERNEL32.DLL
0x00007fffcb2d0000 - 0x00007fffcb675000 	C:\WINDOWS\System32\KERNELBASE.dll
0x00007fffcc200000 - 0x00007fffcc3ae000 	C:\WINDOWS\System32\USER32.dll
0x00007fffcb2a0000 - 0x00007fffcb2c6000 	C:\WINDOWS\System32\win32u.dll
0x00007fffcd5a0000 - 0x00007fffcd5c9000 	C:\WINDOWS\System32\GDI32.dll
0x00007fffcb7b0000 - 0x00007fffcb8c9000 	C:\WINDOWS\System32\gdi32full.dll
0x00007fffcbbe0000 - 0x00007fffcbc7a000 	C:\WINDOWS\System32\msvcp_win.dll
0x00007fffcba40000 - 0x00007fffcbb51000 	C:\WINDOWS\System32\ucrtbase.dll
0x00007fffac620000 - 0x00007fffac8b3000 	C:\WINDOWS\WinSxS\amd64_microsoft.windows.common-controls_6595b64144ccf1df_6.0.22621.2506_none_270c5ae97388e100\COMCTL32.dll
0x00007fffcd1f0000 - 0x00007fffcd297000 	C:\WINDOWS\System32\msvcrt.dll
0x00007fffcbda0000 - 0x00007fffcbdd1000 	C:\WINDOWS\System32\IMM32.DLL
0x00007fffbfae0000 - 0x00007fffbfaf6000 	C:\Program Files\Java\jdk-11\bin\vcruntime140.dll
0x00007fff8eb10000 - 0x00007fff8ebba000 	C:\Program Files\Java\jdk-11\bin\msvcp140.dll
0x00007fff192a0000 - 0x00007fff19de1000 	C:\Program Files\Java\jdk-11\bin\server\jvm.dll
0x00007fffcdd50000 - 0x00007fffcde01000 	C:\WINDOWS\System32\ADVAPI32.dll
0x00007fffcd5d0000 - 0x00007fffcd676000 	C:\WINDOWS\System32\sechost.dll
0x00007fffcdbb0000 - 0x00007fffcdcc7000 	C:\WINDOWS\System32\RPCRT4.dll
0x00007fffcbc80000 - 0x00007fffcbc88000 	C:\WINDOWS\System32\PSAPI.DLL
0x00007fffb8aa0000 - 0x00007fffb8aa9000 	C:\WINDOWS\SYSTEM32\WSOCK32.dll
0x00007fffc02a0000 - 0x00007fffc02aa000 	C:\WINDOWS\SYSTEM32\VERSION.dll
0x00007fffcdcd0000 - 0x00007fffcdd41000 	C:\WINDOWS\System32\WS2_32.dll
0x00007fffc5c90000 - 0x00007fffc5cc4000 	C:\WINDOWS\SYSTEM32\WINMM.dll
0x00007fffca310000 - 0x00007fffca328000 	C:\WINDOWS\SYSTEM32\kernel.appcore.dll
0x00007fff97f10000 - 0x00007fff97f21000 	C:\Program Files\Java\jdk-11\bin\verify.dll
0x00007fffc8c50000 - 0x00007fffc8e83000 	C:\WINDOWS\SYSTEM32\DBGHELP.DLL
0x00007fffccc20000 - 0x00007fffccfa9000 	C:\WINDOWS\System32\combase.dll
0x00007fffcde10000 - 0x00007fffcdee7000 	C:\WINDOWS\System32\OLEAUT32.dll
0x00007fffb5e30000 - 0x00007fffb5e62000 	C:\WINDOWS\SYSTEM32\dbgcore.DLL
0x00007fffcbb60000 - 0x00007fffcbbda000 	C:\WINDOWS\System32\bcryptPrimitives.dll
0x00007fff8eae0000 - 0x00007fff8eb08000 	C:\Program Files\Java\jdk-11\bin\java.dll
0x00007fffa7bd0000 - 0x00007fffa7bff000 	C:\Program Files\Java\jdk-11\bin\instrument.dll
0x00007fff8eac0000 - 0x00007fff8ead6000 	C:\Program Files\Java\jdk-11\bin\zip.dll
0x00007fffc5d10000 - 0x00007fffc5d1a000 	C:\Program Files\Java\jdk-11\bin\jimage.dll
0x00007fffcc3c0000 - 0x00007fffccc19000 	C:\WINDOWS\System32\SHELL32.dll
0x00007fffc91c0000 - 0x00007fffc9ab4000 	C:\WINDOWS\SYSTEM32\windows.storage.dll
0x00007fffc9080000 - 0x00007fffc91be000 	C:\WINDOWS\SYSTEM32\wintypes.dll
0x00007fffcc0a0000 - 0x00007fffcc193000 	C:\WINDOWS\System32\SHCORE.dll
0x00007fffcbde0000 - 0x00007fffcbe3e000 	C:\WINDOWS\System32\shlwapi.dll
0x00007fffcb1d0000 - 0x00007fffcb1f6000 	C:\WINDOWS\SYSTEM32\profapi.dll
0x00007fff24820000 - 0x00007fff24839000 	C:\Program Files\Java\jdk-11\bin\net.dll
0x00007fffc6ac0000 - 0x00007fffc6bf7000 	C:\WINDOWS\SYSTEM32\WINHTTP.dll
0x00007fffca810000 - 0x00007fffca879000 	C:\WINDOWS\system32\mswsock.dll
0x00007fff23d10000 - 0x00007fff23d23000 	C:\Program Files\Java\jdk-11\bin\nio.dll
0x00007fffc5dd0000 - 0x00007fffc5dea000 	C:\Program Files\JetBrains\IntelliJ IDEA Community Edition 2022.2.2\bin\breakgen64.dll
0x000001ff86230000 - 0x000001ff86233000 	C:\Users\dzang\.openjfx\cache\17.0.2-ea\api-ms-win-core-console-l1-1-0.dll
0x000001ffa63f0000 - 0x000001ffa63f3000 	C:\Users\dzang\.openjfx\cache\17.0.2-ea\api-ms-win-core-console-l1-2-0.dll
0x000001ffa6400000 - 0x000001ffa6403000 	C:\Users\dzang\.openjfx\cache\17.0.2-ea\api-ms-win-core-datetime-l1-1-0.dll
0x000001ffa6410000 - 0x000001ffa6413000 	C:\Users\dzang\.openjfx\cache\17.0.2-ea\api-ms-win-core-debug-l1-1-0.dll
0x000001ffa6420000 - 0x000001ffa6423000 	C:\Users\dzang\.openjfx\cache\17.0.2-ea\api-ms-win-core-errorhandling-l1-1-0.dll
0x000001ffa6430000 - 0x000001ffa6434000 	C:\Users\dzang\.openjfx\cache\17.0.2-ea\api-ms-win-core-file-l1-1-0.dll
0x000001ffa6440000 - 0x000001ffa6443000 	C:\Users\dzang\.openjfx\cache\17.0.2-ea\api-ms-win-core-file-l1-2-0.dll
0x000001ffa6450000 - 0x000001ffa6453000 	C:\Users\dzang\.openjfx\cache\17.0.2-ea\api-ms-win-core-file-l2-1-0.dll
0x000001ffa6460000 - 0x000001ffa6463000 	C:\Users\dzang\.openjfx\cache\17.0.2-ea\api-ms-win-core-handle-l1-1-0.dll
0x000001ffa6470000 - 0x000001ffa6473000 	C:\Users\dzang\.openjfx\cache\17.0.2-ea\api-ms-win-core-heap-l1-1-0.dll
0x000001ffa6480000 - 0x000001ffa6483000 	C:\Users\dzang\.openjfx\cache\17.0.2-ea\api-ms-win-core-interlocked-l1-1-0.dll
0x000001ffa67f0000 - 0x000001ffa67f3000 	C:\Users\dzang\.openjfx\cache\17.0.2-ea\api-ms-win-core-libraryloader-l1-1-0.dll
0x000001ffa6490000 - 0x000001ffa6493000 	C:\Users\dzang\.openjfx\cache\17.0.2-ea\api-ms-win-core-localization-l1-2-0.dll
0x000001ffa64a0000 - 0x000001ffa64a3000 	C:\Users\dzang\.openjfx\cache\17.0.2-ea\api-ms-win-core-memory-l1-1-0.dll
0x000001ffa64b0000 - 0x000001ffa64b3000 	C:\Users\dzang\.openjfx\cache\17.0.2-ea\api-ms-win-core-namedpipe-l1-1-0.dll
0x000001ffa64c0000 - 0x000001ffa64c3000 	C:\Users\dzang\.openjfx\cache\17.0.2-ea\api-ms-win-core-processenvironment-l1-1-0.dll
0x000001ffa64d0000 - 0x000001ffa64d3000 	C:\Users\dzang\.openjfx\cache\17.0.2-ea\api-ms-win-core-processthreads-l1-1-0.dll
0x000001ffa64e0000 - 0x000001ffa64e3000 	C:\Users\dzang\.openjfx\cache\17.0.2-ea\api-ms-win-core-processthreads-l1-1-1.dll
0x000001ffa64f0000 - 0x000001ffa64f3000 	C:\Users\dzang\.openjfx\cache\17.0.2-ea\api-ms-win-core-profile-l1-1-0.dll
0x000001ffa6500000 - 0x000001ffa6503000 	C:\Users\dzang\.openjfx\cache\17.0.2-ea\api-ms-win-core-rtlsupport-l1-1-0.dll
0x000001ffa6510000 - 0x000001ffa6513000 	C:\Users\dzang\.openjfx\cache\17.0.2-ea\api-ms-win-core-string-l1-1-0.dll
0x000001ffa6520000 - 0x000001ffa6523000 	C:\Users\dzang\.openjfx\cache\17.0.2-ea\api-ms-win-core-synch-l1-1-0.dll
0x000001ffa6770000 - 0x000001ffa6773000 	C:\Users\dzang\.openjfx\cache\17.0.2-ea\api-ms-win-core-synch-l1-2-0.dll
0x000001ffa6780000 - 0x000001ffa6783000 	C:\Users\dzang\.openjfx\cache\17.0.2-ea\api-ms-win-core-sysinfo-l1-1-0.dll
0x000001ffa6790000 - 0x000001ffa6793000 	C:\Users\dzang\.openjfx\cache\17.0.2-ea\api-ms-win-core-timezone-l1-1-0.dll
0x000001ffa67a0000 - 0x000001ffa67a3000 	C:\Users\dzang\.openjfx\cache\17.0.2-ea\api-ms-win-core-util-l1-1-0.dll
0x000001ffa67b0000 - 0x000001ffa67b3000 	C:\Users\dzang\.openjfx\cache\17.0.2-ea\api-ms-win-crt-conio-l1-1-0.dll
0x000001ffa6650000 - 0x000001ffa6654000 	C:\Users\dzang\.openjfx\cache\17.0.2-ea\api-ms-win-crt-convert-l1-1-0.dll
0x000001ffa6660000 - 0x000001ffa6663000 	C:\Users\dzang\.openjfx\cache\17.0.2-ea\api-ms-win-crt-environment-l1-1-0.dll
0x000001ffa6670000 - 0x000001ffa6673000 	C:\Users\dzang\.openjfx\cache\17.0.2-ea\api-ms-win-crt-filesystem-l1-1-0.dll
0x000001ffa6680000 - 0x000001ffa6683000 	C:\Users\dzang\.openjfx\cache\17.0.2-ea\api-ms-win-crt-heap-l1-1-0.dll
0x000001ffa6530000 - 0x000001ffa6533000 	C:\Users\dzang\.openjfx\cache\17.0.2-ea\api-ms-win-crt-locale-l1-1-0.dll
0x000001ffa6540000 - 0x000001ffa6545000 	C:\Users\dzang\.openjfx\cache\17.0.2-ea\api-ms-win-crt-math-l1-1-0.dll
0x000001ffa6550000 - 0x000001ffa6555000 	C:\Users\dzang\.openjfx\cache\17.0.2-ea\api-ms-win-crt-multibyte-l1-1-0.dll
0x000001ffa6560000 - 0x000001ffa6570000 	C:\Users\dzang\.openjfx\cache\17.0.2-ea\api-ms-win-crt-private-l1-1-0.dll
0x000001ffa6570000 - 0x000001ffa6573000 	C:\Users\dzang\.openjfx\cache\17.0.2-ea\api-ms-win-crt-process-l1-1-0.dll
0x000001ffa6580000 - 0x000001ffa6584000 	C:\Users\dzang\.openjfx\cache\17.0.2-ea\api-ms-win-crt-runtime-l1-1-0.dll
0x000001ffa6590000 - 0x000001ffa6594000 	C:\Users\dzang\.openjfx\cache\17.0.2-ea\api-ms-win-crt-stdio-l1-1-0.dll
0x000001ffa65a0000 - 0x000001ffa65a4000 	C:\Users\dzang\.openjfx\cache\17.0.2-ea\api-ms-win-crt-string-l1-1-0.dll
0x000001ffa65b0000 - 0x000001ffa65b3000 	C:\Users\dzang\.openjfx\cache\17.0.2-ea\api-ms-win-crt-time-l1-1-0.dll
0x000001ffa65c0000 - 0x000001ffa65c3000 	C:\Users\dzang\.openjfx\cache\17.0.2-ea\api-ms-win-crt-utility-l1-1-0.dll
0x00007fff25310000 - 0x00007fff2540c000 	C:\Users\dzang\.openjfx\cache\17.0.2-ea\ucrtbase.dll
0x00007fffb8980000 - 0x00007fffb899a000 	C:\Users\dzang\.openjfx\cache\17.0.2-ea\vcruntime140.dll
0x00007fffa7bc0000 - 0x00007fffa7bcc000 	C:\Users\dzang\.openjfx\cache\17.0.2-ea\vcruntime140_1.dll
0x00007fff86e60000 - 0x00007fff86eed000 	C:\Users\dzang\.openjfx\cache\17.0.2-ea\msvcp140.dll
0x00007fffa6730000 - 0x00007fffa675a000 	C:\Users\dzang\.openjfx\cache\17.0.2-ea\prism_d3d.dll
0x00007fff59ce0000 - 0x00007fff59e89000 	C:\WINDOWS\system32\d3d9.dll
0x00007fffc86e0000 - 0x00007fffc870b000 	C:\WINDOWS\SYSTEM32\dwmapi.dll
0x00007fffc8590000 - 0x00007fffc85c6000 	C:\WINDOWS\SYSTEM32\dxcore.dll
0x00007fffc8470000 - 0x00007fffc851b000 	C:\WINDOWS\system32\uxtheme.dll
0x00007fffc00e0000 - 0x00007fffc029b000 	C:\WINDOWS\System32\DriverStore\FileRepository\u0387352.inf_amd64_ce4ceb13d73334be\B385477\aticfx64.dll
0x00007fff86dd0000 - 0x00007fff86e04000 	C:\WINDOWS\System32\DriverStore\FileRepository\u0387352.inf_amd64_ce4ceb13d73334be\B385477\atiu9p64.dll
0x00007fff1c380000 - 0x00007fff1d0d5000 	C:\WINDOWS\System32\DriverStore\FileRepository\u0387352.inf_amd64_ce4ceb13d73334be\B385477\atiumd64.dll
0x00007fffcbef0000 - 0x00007fffcc090000 	C:\WINDOWS\System32\ole32.dll
0x000000005fb70000 - 0x0000000060a97000 	C:\WINDOWS\System32\DriverStore\FileRepository\u0387352.inf_amd64_ce4ceb13d73334be\B385477\atiumd6a.dll
0x00007fffcd680000 - 0x00007fffcdaf4000 	C:\WINDOWS\System32\SETUPAPI.dll
0x00007fffca710000 - 0x00007fffca75d000 	C:\WINDOWS\SYSTEM32\POWRPROF.dll
0x00007fffca610000 - 0x00007fffca623000 	C:\WINDOWS\SYSTEM32\UMPDC.dll
0x00007fffc0060000 - 0x00007fffc0095000 	C:\WINDOWS\SYSTEM32\amdihk64.dll
0x00007fffc2330000 - 0x00007fffc237a000 	C:\WINDOWS\SYSTEM32\directxdatabasehelper.dll
0x00007fffa66e0000 - 0x00007fffa6722000 	C:\Users\dzang\.openjfx\cache\17.0.2-ea\glass.dll
0x00007fffcbc90000 - 0x00007fffcbd89000 	C:\WINDOWS\System32\COMDLG32.dll
0x00007fffccfb0000 - 0x00007fffcd0ff000 	C:\WINDOWS\System32\MSCTF.dll
0x00007fffa7030000 - 0x00007fffa7044000 	C:\Users\dzang\.openjfx\cache\17.0.2-ea\javafx_font.dll
0x00007fffc2cd0000 - 0x00007fffc2f43000 	C:\WINDOWS\SYSTEM32\dwrite.dll
0x00007fffcdb00000 - 0x00007fffcdbb0000 	C:\WINDOWS\System32\clbcatq.dll
0x00007fffc8150000 - 0x00007fffc8300000 	C:\WINDOWS\SYSTEM32\WindowsCodecs.dll
0x00007fffa1ac0000 - 0x00007fffa1b1e000 	C:\WINDOWS\system32\dataexchange.dll
0x00007fffc0b10000 - 0x00007fffc0d95000 	C:\WINDOWS\system32\twinapi.appcore.dll
0x00007fffbf4a0000 - 0x00007fffbf4d2000 	C:\Program Files\Common Files\Microsoft Shared\Ink\rtscom.dll
0x00007fffa2600000 - 0x00007fffa274a000 	C:\WINDOWS\SYSTEM32\textinputframework.dll
0x00007fffc3e10000 - 0x00007fffc3f43000 	C:\WINDOWS\SYSTEM32\CoreMessaging.dll
0x00007fffc1ca0000 - 0x00007fffc200c000 	C:\WINDOWS\SYSTEM32\CoreUIComponents.dll
0x00007fffcaa80000 - 0x00007fffcaa8c000 	C:\WINDOWS\SYSTEM32\CRYPTBASE.DLL

dbghelp: loaded successfully - version: 4.0.5 - missing functions: none
symbol engine: initialized successfully - sym options: 0x614 - pdb path: .;C:\Program Files\Java\jdk-11\bin;C:\WINDOWS\SYSTEM32;C:\WINDOWS\WinSxS\amd64_microsoft.windows.common-controls_6595b64144ccf1df_6.0.22621.2506_none_270c5ae97388e100;C:\Program Files\Java\jdk-11\bin\server;C:\Program Files\JetBrains\IntelliJ IDEA Community Edition 2022.2.2\bin;C:\Users\dzang\.openjfx\cache\17.0.2-ea;C:\WINDOWS\System32\DriverStore\FileRepository\u0387352.inf_amd64_ce4ceb13d73334be\B385477;C:\Program Files\Common Files\Microsoft Shared\Ink

VM Arguments:
jvm_args: -javaagent:C:\Program Files\JetBrains\IntelliJ IDEA Community Edition 2022.2.2\lib\idea_rt.jar=51111:C:\Program Files\JetBrains\IntelliJ IDEA Community Edition 2022.2.2\bin -Dfile.encoding=UTF-8 --module-path=C:\Users\dzang\.m2\repository\org\openjfx\javafx-graphics\17.0.2\javafx-graphics-17.0.2-win.jar;C:\Users\dzang\.m2\repository\org\openjfx\javafx-fxml\17.0.2\javafx-fxml-17.0.2-win.jar;C:\Users\dzang\.m2\repository\org\openjfx\javafx-base\17.0.2\javafx-base-17.0.2-win.jar;C:\Users\dzang\.m2\repository\org\openjfx\javafx-controls\17.0.2\javafx-controls-17.0.2-win.jar;C:\Users\dzang\IdeaProjects\FinalProjectSoftware\target\classes -Djdk.module.main=com.example.finalprojectsoftware 
java_command: com.example.finalprojectsoftware/com.example.finalprojectsoftware.HelloApplication
java_class_path (initial): C:\Users\dzang\.m2\repository\org\openjfx\javafx-controls\17.0.2\javafx-controls-17.0.2.jar;C:\Users\dzang\.m2\repository\org\openjfx\javafx-graphics\17.0.2\javafx-graphics-17.0.2.jar;C:\Users\dzang\.m2\repository\org\openjfx\javafx-base\17.0.2\javafx-base-17.0.2.jar;C:\Users\dzang\.m2\repository\org\openjfx\javafx-fxml\17.0.2\javafx-fxml-17.0.2.jar;C:\Users\dzang\.m2\repository\org\postgresql\postgresql\42.6.0\postgresql-42.6.0.jar;C:\Users\dzang\.m2\repository\org\checkerframework\checker-qual\3.31.0\checker-qual-3.31.0.jar
Launcher Type: SUN_STANDARD

[Global flags]
     intx CICompilerCount                          = 4                                         {product} {ergonomic}
     uint ConcGCThreads                            = 3                                         {product} {ergonomic}
     uint G1ConcRefinementThreads                  = 10                                        {product} {ergonomic}
   size_t G1HeapRegionSize                         = 1048576                                   {product} {ergonomic}
    uintx GCDrainStackTargetSize                   = 64                                        {product} {ergonomic}
   size_t InitialHeapSize                          = 98566144                                  {product} {ergonomic}
   size_t MarkStackSize                            = 4194304                                   {product} {ergonomic}
   size_t MaxHeapSize                              = 1572864000                                {product} {ergonomic}
   size_t MaxNewSize                               = 943718400                                 {product} {ergonomic}
   size_t MinHeapDeltaBytes                        = 1048576                                   {product} {ergonomic}
    uintx NonNMethodCodeHeapSize                   = 5835340                                {pd product} {ergonomic}
    uintx NonProfiledCodeHeapSize                  = 122911450                              {pd product} {ergonomic}
    uintx ProfiledCodeHeapSize                     = 122911450                              {pd product} {ergonomic}
    uintx ReservedCodeCacheSize                    = 251658240                              {pd product} {ergonomic}
     bool SegmentedCodeCache                       = true                                      {product} {ergonomic}
     bool UseCompressedClassPointers               = true                                 {lp64_product} {ergonomic}
     bool UseCompressedOops                        = true                                 {lp64_product} {ergonomic}
     bool UseG1GC                                  = true                                      {product} {ergonomic}
     bool UseLargePagesIndividualAllocation        = false                                  {pd product} {ergonomic}

Logging:
Log output configuration:
 #0: stdout all=warning uptime,level,tags
 #1: stderr all=off uptime,level,tags

Environment Variables:
JAVA_HOME=C:\Program Files\Java\jdk-11
PATH=C:\Program Files\Common Files\Oracle\Java\javapath;C:\Program Files (x86)\Common Files\Oracle\Java\javapath;C:\WINDOWS\system32;C:\WINDOWS;C:\WINDOWS\System32\Wbem;C:\WINDOWS\System32\WindowsPowerShell\v1.0\;C:\WINDOWS\System32\OpenSSH\;C:\Program Files\nodejs\;C:\MinGW\bin;C:\Users\dzang\AppData\Local\Programs\Python\Python311\Scripts\;C:\Users\dzang\AppData\Local\Programs\Python\Python311\;C:\Program Files\MySQL\MySQL Shell 8.0\bin\;C:\Users\dzang\AppData\Local\Microsoft\WindowsApps;C:\Users\dzang\AppData\Roaming\npm;C:\Users\dzang\AppData\Local\Programs\Microsoft VS Code\bin
USERNAME=dzang
OS=Windows_NT
PROCESSOR_IDENTIFIER=AMD64 Family 25 Model 80 Stepping 0, AuthenticAMD



---------------  S Y S T E M  ---------------

OS: Windows 10 , 64 bit Build 22621 (10.0.22621.2506)

CPU:total 12 (initial active 12) (12 cores per cpu, 2 threads per core) family 25 model 80 stepping 0, cmov, cx8, fxsr, mmx, sse, sse2, sse3, ssse3, sse4.1, sse4.2, popcnt, avx, avx2, aes, clmul, erms, mmxext, 3dnowpref, lzcnt, sse4a, ht, tsc, tscinvbit, tscinv, bmi1, bmi2, adx, sha, fma

Memory: 4k page, system-wide physical 5996M (425M free)
TotalPageFile size 24428M (AvailPageFile size 5M)
current process WorkingSet (physical memory assigned to process): 154M, peak: 156M
current process commit charge ("private bytes"): 277M, peak: 279M

vm_info: OpenJDK 64-Bit Server VM (11+28) for windows-amd64 JRE (11+28), built on Aug 23 2018 03:04:58 by "mach5one" with MS VC++ 15.5 (VS2017)

END.
