#
# There is insufficient memory for the Java Runtime Environment to continue.
# Native memory allocation (malloc) failed to allocate 444976 bytes for Chunk::new
# Possible reasons:
#   The system is out of physical RAM or swap space
#   The process is running with CompressedOops enabled, and the Java Heap may be blocking the growth of the native heap
# Possible solutions:
#   Reduce memory load on the system
#   Increase physical memory or swap space
#   Check if swap backing store is full
#   Decrease Java heap size (-Xmx/-Xms)
#   Decrease number of Java threads
#   Decrease Java thread stack sizes (-Xss)
#   Set larger code cache with -XX:ReservedCodeCacheSize=
#   JVM is running with Unscaled Compressed Oops mode in which the Java heap is
#     placed in the first 4GB address space. The Java Heap base address is the
#     maximum limit for the native heap growth. Please use -XX:HeapBaseMinAddress
#     to set the Java Heap base and to place the Java Heap above 4GB virtual address.
# This output file may be truncated or incomplete.
#
#  Out of Memory Error (t:/workspace/open/src/hotspot/share/memory/arena.cpp:197), pid=35312, tid=34964
#
# JRE version: OpenJDK Runtime Environment (11.0+28) (build 11+28)
# Java VM: OpenJDK 64-Bit Server VM (11+28, mixed mode, tiered, compressed oops, g1 gc, windows-amd64)
# No core dump will be written. Minidumps are not enabled by default on client versions of Windows
#

---------------  S U M M A R Y ------------

Command Line: -javaagent:C:\Program Files\JetBrains\IntelliJ IDEA Community Edition 2022.2.2\lib\idea_rt.jar=62334:C:\Program Files\JetBrains\IntelliJ IDEA Community Edition 2022.2.2\bin -Dfile.encoding=UTF-8 --module-path=C:\Users\dzang\.m2\repository\org\openjfx\javafx-base\17.0.2\javafx-base-17.0.2-win.jar;C:\Users\dzang\.m2\repository\org\openjfx\javafx-controls\17.0.2\javafx-controls-17.0.2-win.jar;C:\Users\dzang\.m2\repository\org\openjfx\javafx-fxml\17.0.2\javafx-fxml-17.0.2-win.jar;C:\Users\dzang\IdeaProjects\FinalProjectSoftware\target\classes;C:\Users\dzang\.m2\repository\org\openjfx\javafx-graphics\17.0.2\javafx-graphics-17.0.2-win.jar -Djdk.module.main=com.example.finalprojectsoftware com.example.finalprojectsoftware/com.example.finalprojectsoftware.HelloApplication

Host: AMD Ryzen 5 5600H with Radeon Graphics         , 12 cores, 5G,  Windows 10 , 64 bit Build 22621 (10.0.22621.2506)
Time: Sun Dec 10 00:36:20 2023 Центральная Азия (зима) elapsed time: 7260 seconds (0d 2h 1m 0s)

---------------  T H R E A D  ---------------

Current thread (0x0000021b7cd18800):  JavaThread "C2 CompilerThread0" daemon [_thread_in_native, id=34964, stack(0x000000f57e000000,0x000000f57e100000)]


Current CompileTask:
C2:7260423 4926       4       javafx.scene.Node::updateBounds (174 bytes)

Stack: [0x000000f57e000000,0x000000f57e100000]
Native frames: (J=compiled Java code, j=interpreted, Vv=VM code, C=native code)
V  [jvm.dll+0x63adaa]
V  [jvm.dll+0x77852f]
V  [jvm.dll+0x779b18]
V  [jvm.dll+0x77a1d3]
V  [jvm.dll+0x2624c8]
V  [jvm.dll+0xc5b61]
V  [jvm.dll+0xc60fc]
V  [jvm.dll+0x36e6d7]
V  [jvm.dll+0x33b433]
V  [jvm.dll+0x33a80a]
V  [jvm.dll+0x21c365]
V  [jvm.dll+0x21b50a]
V  [jvm.dll+0x198400]
V  [jvm.dll+0x22a4ff]
V  [jvm.dll+0x228b18]
V  [jvm.dll+0x73dc3d]
V  [jvm.dll+0x639e42]
C  [ucrtbase.dll+0x29363]
C  [KERNEL32.DLL+0x1257d]
C  [ntdll.dll+0x5aa58]


---------------  P R O C E S S  ---------------

Threads class SMR info:
_java_thread_list=0x0000021b7eaf5e40, length=19, elements={
0x0000021b5e873000, 0x0000021b7ccf1000, 0x0000021b7ccfc800, 0x0000021b7d693000,
0x0000021b7cd17000, 0x0000021b7cd18800, 0x0000021b7cd24000, 0x0000021b7cd29800,
0x0000021b7cc89000, 0x0000021b7e223000, 0x0000021b7df13000, 0x0000021b7e309800,
0x0000021b7e57e000, 0x0000021b7e5a8000, 0x0000021b7e584000, 0x0000021b7e5b9000,
0x0000021b04bb9800, 0x0000021b04acc000, 0x0000021b04c03000
}

Java Threads: ( => current thread )
  0x0000021b5e873000 JavaThread "main" [_thread_blocked, id=30196, stack(0x000000f57d500000,0x000000f57d600000)]
  0x0000021b7ccf1000 JavaThread "Reference Handler" daemon [_thread_blocked, id=24088, stack(0x000000f57dc00000,0x000000f57dd00000)]
  0x0000021b7ccfc800 JavaThread "Finalizer" daemon [_thread_blocked, id=17564, stack(0x000000f57dd00000,0x000000f57de00000)]
  0x0000021b7d693000 JavaThread "Signal Dispatcher" daemon [_thread_blocked, id=32616, stack(0x000000f57de00000,0x000000f57df00000)]
  0x0000021b7cd17000 JavaThread "Attach Listener" daemon [_thread_blocked, id=34756, stack(0x000000f57df00000,0x000000f57e000000)]
=>0x0000021b7cd18800 JavaThread "C2 CompilerThread0" daemon [_thread_in_native, id=34964, stack(0x000000f57e000000,0x000000f57e100000)]
  0x0000021b7cd24000 JavaThread "C1 CompilerThread0" daemon [_thread_blocked, id=36592, stack(0x000000f57e100000,0x000000f57e200000)]
  0x0000021b7cd29800 JavaThread "Sweeper thread" daemon [_thread_blocked, id=17724, stack(0x000000f57e200000,0x000000f57e300000)]
  0x0000021b7cc89000 JavaThread "Common-Cleaner" daemon [_thread_blocked, id=22956, stack(0x000000f57e300000,0x000000f57e400000)]
  0x0000021b7e223000 JavaThread "Monitor Ctrl-Break" daemon [_thread_in_native, id=21484, stack(0x000000f57e600000,0x000000f57e700000)]
  0x0000021b7df13000 JavaThread "Service Thread" daemon [_thread_blocked, id=14416, stack(0x000000f57e700000,0x000000f57e800000)]
  0x0000021b7e309800 JavaThread "QuantumRenderer-0" daemon [_thread_blocked, id=34068, stack(0x000000f57e900000,0x000000f57ea00000)]
  0x0000021b7e57e000 JavaThread "InvokeLaterDispatcher" daemon [_thread_blocked, id=23556, stack(0x000000f57ec00000,0x000000f57ed00000)]
  0x0000021b7e5a8000 JavaThread "JavaFX Application Thread" [_thread_in_native, id=35556, stack(0x000000f57ed00000,0x000000f57ee00000)]
  0x0000021b7e584000 JavaThread "JavaFX-Launcher" [_thread_blocked, id=34544, stack(0x000000f57f700000,0x000000f57f800000)]
  0x0000021b7e5b9000 JavaThread "Thread-2" daemon [_thread_in_native, id=30748, stack(0x000000f57f600000,0x000000f57f700000)]
  0x0000021b04bb9800 JavaThread "Prism Font Disposer" daemon [_thread_blocked, id=29880, stack(0x000000f57fd00000,0x000000f57fe00000)]
  0x0000021b04acc000 JavaThread "Cleaner-0" daemon [_thread_blocked, id=34388, stack(0x000000f500400000,0x000000f500500000)]
  0x0000021b04c03000 JavaThread "PostgreSQL-JDBC-Cleaner" daemon [_thread_blocked, id=30088, stack(0x000000f500100000,0x000000f500200000)]

Other Threads:
  0x0000021b7ccca800 VMThread "VM Thread" [stack: 0x000000f57db00000,0x000000f57dc00000] [id=14472]
  0x0000021b7d95b000 WatcherThread [stack: 0x000000f57e800000,0x000000f57e900000] [id=31540]
  0x0000021b5e88a800 GCTaskThread "GC Thread#0" [stack: 0x000000f57d600000,0x000000f57d700000] [id=280]
  0x0000021b7e6e1800 GCTaskThread "GC Thread#1" [stack: 0x000000f57f800000,0x000000f57f900000] [id=31676]
  0x0000021b7e84f000 GCTaskThread "GC Thread#2" [stack: 0x000000f57f900000,0x000000f57fa00000] [id=36376]
  0x0000021b7e84f800 GCTaskThread "GC Thread#3" [stack: 0x000000f57fa00000,0x000000f57fb00000] [id=10036]
  0x0000021b7e4b4000 GCTaskThread "GC Thread#4" [stack: 0x000000f57fb00000,0x000000f57fc00000] [id=36528]
  0x0000021b7e4b4800 GCTaskThread "GC Thread#5" [stack: 0x000000f57fc00000,0x000000f57fd00000] [id=30408]
  0x0000021b5e8b3800 ConcurrentGCThread "G1 Main Marker" [stack: 0x000000f57d700000,0x000000f57d800000] [id=35580]
  0x0000021b5e8b5000 ConcurrentGCThread "G1 Conc#0" [stack: 0x000000f57d800000,0x000000f57d900000] [id=29956]
  0x0000021b7f203800 ConcurrentGCThread "G1 Conc#1" [stack: 0x000000f57ff00000,0x000000f580000000] [id=22296]
  0x0000021b7ebb4800 ConcurrentGCThread "G1 Conc#2" [stack: 0x000000f500000000,0x000000f500100000] [id=35960]
  0x0000021b5e948000 ConcurrentGCThread "G1 Refine#0" [stack: 0x000000f57d900000,0x000000f57da00000] [id=35928]
  0x0000021b5e94a000 ConcurrentGCThread "G1 Young RemSet Sampling" [stack: 0x000000f57da00000,0x000000f57db00000] [id=11500]

Threads with active compile tasks:
C2 CompilerThread04926       4       javafx.scene.Node::updateBounds (174 bytes)

VM state:not at safepoint (normal execution)

VM Mutex/Monitor currently owned by a thread: None

Heap address: 0x00000000a2400000, size: 1500 MB, Compressed Oops mode: 32-bit
Narrow klass base: 0x0000000000000000, Narrow klass shift: 3
Compressed class space size: 1073741824 Address: 0x0000000100000000

Heap:
 garbage-first heap   total 96256K, used 31671K [0x00000000a2400000, 0x0000000100000000)
  region size 1024K, 26 young (26624K), 7 survivors (7168K)
 Metaspace       used 30925K, capacity 32036K, committed 32128K, reserved 1077248K
  class space    used 3703K, capacity 4165K, committed 4224K, reserved 1048576K
Heap Regions: E=young(eden), S=young(survivor), O=old, HS=humongous(starts), HC=humongous(continues), CS=collection set, F=free, A=archive, TAMS=top-at-mark-start (previous, next)
|   0|0x00000000a2400000, 0x00000000a2500000, 0x00000000a2500000|100%| O|  |TAMS 0x00000000a2403200, 0x00000000a2400000| Untracked 
|   1|0x00000000a2500000, 0x00000000a2500000, 0x00000000a2600000|  0%| F|  |TAMS 0x00000000a2500000, 0x00000000a2500000| Untracked 
|   2|0x00000000a2600000, 0x00000000a2600000, 0x00000000a2700000|  0%| F|  |TAMS 0x00000000a2600000, 0x00000000a2600000| Untracked 
|   3|0x00000000a2700000, 0x00000000a2700000, 0x00000000a2800000|  0%| F|  |TAMS 0x00000000a2700000, 0x00000000a2700000| Untracked 
|   4|0x00000000a2800000, 0x00000000a2900000, 0x00000000a2900000|100%|HS|  |TAMS 0x00000000a2800000, 0x00000000a2800000| Complete 
|   5|0x00000000a2900000, 0x00000000a2a00000, 0x00000000a2a00000|100%|HC|  |TAMS 0x00000000a2900000, 0x00000000a2900000| Complete 
|   6|0x00000000a2a00000, 0x00000000a2a00000, 0x00000000a2b00000|  0%| F|  |TAMS 0x00000000a2a00000, 0x00000000a2a00000| Untracked 
|   7|0x00000000a2b00000, 0x00000000a2b00000, 0x00000000a2c00000|  0%| F|  |TAMS 0x00000000a2b00000, 0x00000000a2b00000| Untracked 
|   8|0x00000000a2c00000, 0x00000000a2c00000, 0x00000000a2d00000|  0%| F|  |TAMS 0x00000000a2c00000, 0x00000000a2c00000| Untracked 
|   9|0x00000000a2d00000, 0x00000000a2d00000, 0x00000000a2e00000|  0%| F|  |TAMS 0x00000000a2d00000, 0x00000000a2d00000| Untracked 
|  10|0x00000000a2e00000, 0x00000000a2f00000, 0x00000000a2f00000|100%|HS|  |TAMS 0x00000000a2e00000, 0x00000000a2e00000| Complete 
|  11|0x00000000a2f00000, 0x00000000a2f00000, 0x00000000a3000000|  0%| F|  |TAMS 0x00000000a2f00000, 0x00000000a2f00000| Untracked 
|  12|0x00000000a3000000, 0x00000000a3000000, 0x00000000a3100000|  0%| F|  |TAMS 0x00000000a3000000, 0x00000000a3000000| Untracked 
|  13|0x00000000a3100000, 0x00000000a3100000, 0x00000000a3200000|  0%| F|  |TAMS 0x00000000a3100000, 0x00000000a3100000| Untracked 
|  14|0x00000000a3200000, 0x00000000a3200000, 0x00000000a3300000|  0%| F|  |TAMS 0x00000000a3200000, 0x00000000a3200000| Untracked 
|  15|0x00000000a3300000, 0x00000000a3300000, 0x00000000a3400000|  0%| F|  |TAMS 0x00000000a3300000, 0x00000000a3300000| Untracked 
|  16|0x00000000a3400000, 0x00000000a3400000, 0x00000000a3500000|  0%| F|  |TAMS 0x00000000a3400000, 0x00000000a3400000| Untracked 
|  17|0x00000000a3500000, 0x00000000a3500000, 0x00000000a3600000|  0%| F|  |TAMS 0x00000000a3500000, 0x00000000a3500000| Untracked 
|  18|0x00000000a3600000, 0x00000000a3600000, 0x00000000a3700000|  0%| F|  |TAMS 0x00000000a3600000, 0x00000000a3600000| Untracked 
|  19|0x00000000a3700000, 0x00000000a3700000, 0x00000000a3800000|  0%| F|  |TAMS 0x00000000a3700000, 0x00000000a3700000| Untracked 
|  20|0x00000000a3800000, 0x00000000a3800000, 0x00000000a3900000|  0%| F|  |TAMS 0x00000000a3800000, 0x00000000a3800000| Untracked 
|  21|0x00000000a3900000, 0x00000000a3900000, 0x00000000a3a00000|  0%| F|  |TAMS 0x00000000a3900000, 0x00000000a3900000| Untracked 
|  22|0x00000000a3a00000, 0x00000000a3a00000, 0x00000000a3b00000|  0%| F|  |TAMS 0x00000000a3a00000, 0x00000000a3a00000| Untracked 
|  23|0x00000000a3b00000, 0x00000000a3c00000, 0x00000000a3c00000|100%| O|  |TAMS 0x00000000a3b00000, 0x00000000a3b00000| Untracked 
|  24|0x00000000a3c00000, 0x00000000a3cedc00, 0x00000000a3d00000| 92%| O|  |TAMS 0x00000000a3c00000, 0x00000000a3c00000| Untracked 
|  25|0x00000000a3d00000, 0x00000000a3d00000, 0x00000000a3e00000|  0%| F|  |TAMS 0x00000000a3d00000, 0x00000000a3d00000| Untracked 
|  26|0x00000000a3e00000, 0x00000000a3e00000, 0x00000000a3f00000|  0%| F|  |TAMS 0x00000000a3e00000, 0x00000000a3e00000| Untracked 
|  27|0x00000000a3f00000, 0x00000000a3f00000, 0x00000000a4000000|  0%| F|  |TAMS 0x00000000a3f00000, 0x00000000a3f00000| Untracked 
|  28|0x00000000a4000000, 0x00000000a4000000, 0x00000000a4100000|  0%| F|  |TAMS 0x00000000a4000000, 0x00000000a4000000| Untracked 
|  29|0x00000000a4100000, 0x00000000a4100000, 0x00000000a4200000|  0%| F|  |TAMS 0x00000000a4100000, 0x00000000a4100000| Untracked 
|  30|0x00000000a4200000, 0x00000000a4200000, 0x00000000a4300000|  0%| F|  |TAMS 0x00000000a4200000, 0x00000000a4200000| Untracked 
|  31|0x00000000a4300000, 0x00000000a4300000, 0x00000000a4400000|  0%| F|  |TAMS 0x00000000a4300000, 0x00000000a4300000| Untracked 
|  32|0x00000000a4400000, 0x00000000a4400000, 0x00000000a4500000|  0%| F|  |TAMS 0x00000000a4400000, 0x00000000a4400000| Untracked 
|  33|0x00000000a4500000, 0x00000000a4500000, 0x00000000a4600000|  0%| F|  |TAMS 0x00000000a4500000, 0x00000000a4500000| Untracked 
|  34|0x00000000a4600000, 0x00000000a4600000, 0x00000000a4700000|  0%| F|  |TAMS 0x00000000a4600000, 0x00000000a4600000| Untracked 
|  35|0x00000000a4700000, 0x00000000a4700000, 0x00000000a4800000|  0%| F|  |TAMS 0x00000000a4700000, 0x00000000a4700000| Untracked 
|  36|0x00000000a4800000, 0x00000000a4800000, 0x00000000a4900000|  0%| F|  |TAMS 0x00000000a4800000, 0x00000000a4800000| Untracked 
|  37|0x00000000a4900000, 0x00000000a4900000, 0x00000000a4a00000|  0%| F|  |TAMS 0x00000000a4900000, 0x00000000a4900000| Untracked 
|  38|0x00000000a4a00000, 0x00000000a4b00000, 0x00000000a4b00000|100%| S|CS|TAMS 0x00000000a4a00000, 0x00000000a4a00000| Complete 
|  39|0x00000000a4b00000, 0x00000000a4c00000, 0x00000000a4c00000|100%| S|CS|TAMS 0x00000000a4b00000, 0x00000000a4b00000| Complete 
|  40|0x00000000a4c00000, 0x00000000a4d00000, 0x00000000a4d00000|100%| S|CS|TAMS 0x00000000a4c00000, 0x00000000a4c00000| Complete 
|  41|0x00000000a4d00000, 0x00000000a4e00000, 0x00000000a4e00000|100%| S|CS|TAMS 0x00000000a4d00000, 0x00000000a4d00000| Complete 
|  42|0x00000000a4e00000, 0x00000000a4f00000, 0x00000000a4f00000|100%| S|CS|TAMS 0x00000000a4e00000, 0x00000000a4e00000| Complete 
|  43|0x00000000a4f00000, 0x00000000a5000000, 0x00000000a5000000|100%| S|CS|TAMS 0x00000000a4f00000, 0x00000000a4f00000| Complete 
|  44|0x00000000a5000000, 0x00000000a5100000, 0x00000000a5100000|100%| S|CS|TAMS 0x00000000a5000000, 0x00000000a5000000| Complete 
|  45|0x00000000a5100000, 0x00000000a5100000, 0x00000000a5200000|  0%| F|  |TAMS 0x00000000a5100000, 0x00000000a5100000| Untracked 
|  46|0x00000000a5200000, 0x00000000a5200000, 0x00000000a5300000|  0%| F|  |TAMS 0x00000000a5200000, 0x00000000a5200000| Untracked 
|  47|0x00000000a5300000, 0x00000000a5300000, 0x00000000a5400000|  0%| F|  |TAMS 0x00000000a5300000, 0x00000000a5300000| Untracked 
|  48|0x00000000a5400000, 0x00000000a5400000, 0x00000000a5500000|  0%| F|  |TAMS 0x00000000a5400000, 0x00000000a5400000| Untracked 
|  49|0x00000000a5500000, 0x00000000a5500000, 0x00000000a5600000|  0%| F|  |TAMS 0x00000000a5500000, 0x00000000a5500000| Untracked 
|  50|0x00000000a5600000, 0x00000000a5600000, 0x00000000a5700000|  0%| F|  |TAMS 0x00000000a5600000, 0x00000000a5600000| Untracked 
|  51|0x00000000a5700000, 0x00000000a5700000, 0x00000000a5800000|  0%| F|  |TAMS 0x00000000a5700000, 0x00000000a5700000| Untracked 
|  52|0x00000000a5800000, 0x00000000a5800000, 0x00000000a5900000|  0%| F|  |TAMS 0x00000000a5800000, 0x00000000a5800000| Untracked 
|  53|0x00000000a5900000, 0x00000000a5900000, 0x00000000a5a00000|  0%| F|  |TAMS 0x00000000a5900000, 0x00000000a5900000| Untracked 
|  54|0x00000000a5a00000, 0x00000000a5a00000, 0x00000000a5b00000|  0%| F|  |TAMS 0x00000000a5a00000, 0x00000000a5a00000| Untracked 
|  55|0x00000000a5b00000, 0x00000000a5b00000, 0x00000000a5c00000|  0%| F|  |TAMS 0x00000000a5b00000, 0x00000000a5b00000| Untracked 
|  56|0x00000000a5c00000, 0x00000000a5c00000, 0x00000000a5d00000|  0%| F|  |TAMS 0x00000000a5c00000, 0x00000000a5c00000| Untracked 
|  57|0x00000000a5d00000, 0x00000000a5d00000, 0x00000000a5e00000|  0%| F|  |TAMS 0x00000000a5d00000, 0x00000000a5d00000| Untracked 
|  58|0x00000000a5e00000, 0x00000000a5e00000, 0x00000000a5f00000|  0%| F|  |TAMS 0x00000000a5e00000, 0x00000000a5e00000| Untracked 
|  59|0x00000000a5f00000, 0x00000000a5f00000, 0x00000000a6000000|  0%| F|  |TAMS 0x00000000a5f00000, 0x00000000a5f00000| Untracked 
|  60|0x00000000a6000000, 0x00000000a6000000, 0x00000000a6100000|  0%| F|  |TAMS 0x00000000a6000000, 0x00000000a6000000| Untracked 
|  61|0x00000000a6100000, 0x00000000a6100000, 0x00000000a6200000|  0%| F|  |TAMS 0x00000000a6100000, 0x00000000a6100000| Untracked 
|  62|0x00000000a6200000, 0x00000000a6200000, 0x00000000a6300000|  0%| F|  |TAMS 0x00000000a6200000, 0x00000000a6200000| Untracked 
|  63|0x00000000a6300000, 0x00000000a6300000, 0x00000000a6400000|  0%| F|  |TAMS 0x00000000a6300000, 0x00000000a6300000| Untracked 
|  64|0x00000000a6400000, 0x00000000a6400000, 0x00000000a6500000|  0%| F|  |TAMS 0x00000000a6400000, 0x00000000a6400000| Untracked 
|  65|0x00000000a6500000, 0x00000000a6500000, 0x00000000a6600000|  0%| F|  |TAMS 0x00000000a6500000, 0x00000000a6500000| Untracked 
|  66|0x00000000a6600000, 0x00000000a6600000, 0x00000000a6700000|  0%| F|  |TAMS 0x00000000a6600000, 0x00000000a6600000| Untracked 
|  67|0x00000000a6700000, 0x00000000a6700000, 0x00000000a6800000|  0%| F|  |TAMS 0x00000000a6700000, 0x00000000a6700000| Untracked 
|  68|0x00000000a6800000, 0x00000000a6800000, 0x00000000a6900000|  0%| F|  |TAMS 0x00000000a6800000, 0x00000000a6800000| Untracked 
|  69|0x00000000a6900000, 0x00000000a6900000, 0x00000000a6a00000|  0%| F|  |TAMS 0x00000000a6900000, 0x00000000a6900000| Untracked 
|  70|0x00000000a6a00000, 0x00000000a6a00000, 0x00000000a6b00000|  0%| F|  |TAMS 0x00000000a6a00000, 0x00000000a6a00000| Untracked 
|  71|0x00000000a6b00000, 0x00000000a6b00000, 0x00000000a6c00000|  0%| F|  |TAMS 0x00000000a6b00000, 0x00000000a6b00000| Untracked 
|  72|0x00000000a6c00000, 0x00000000a6c00000, 0x00000000a6d00000|  0%| F|  |TAMS 0x00000000a6c00000, 0x00000000a6c00000| Untracked 
|  73|0x00000000a6d00000, 0x00000000a6d00000, 0x00000000a6e00000|  0%| F|  |TAMS 0x00000000a6d00000, 0x00000000a6d00000| Untracked 
|  74|0x00000000a6e00000, 0x00000000a6e00000, 0x00000000a6f00000|  0%| F|  |TAMS 0x00000000a6e00000, 0x00000000a6e00000| Untracked 
|  75|0x00000000a6f00000, 0x00000000a7000000, 0x00000000a7000000|100%| E|  |TAMS 0x00000000a6f00000, 0x00000000a6f00000| Complete 
|  76|0x00000000a7000000, 0x00000000a7100000, 0x00000000a7100000|100%| E|CS|TAMS 0x00000000a7000000, 0x00000000a7000000| Complete 
|  77|0x00000000a7100000, 0x00000000a7200000, 0x00000000a7200000|100%| E|CS|TAMS 0x00000000a7100000, 0x00000000a7100000| Complete 
|  78|0x00000000a7200000, 0x00000000a7300000, 0x00000000a7300000|100%| E|CS|TAMS 0x00000000a7200000, 0x00000000a7200000| Complete 
|  79|0x00000000a7300000, 0x00000000a7400000, 0x00000000a7400000|100%| E|CS|TAMS 0x00000000a7300000, 0x00000000a7300000| Complete 
|  80|0x00000000a7400000, 0x00000000a7500000, 0x00000000a7500000|100%| E|CS|TAMS 0x00000000a7400000, 0x00000000a7400000| Complete 
|  81|0x00000000a7500000, 0x00000000a7600000, 0x00000000a7600000|100%| E|CS|TAMS 0x00000000a7500000, 0x00000000a7500000| Complete 
|  82|0x00000000a7600000, 0x00000000a7700000, 0x00000000a7700000|100%| E|CS|TAMS 0x00000000a7600000, 0x00000000a7600000| Complete 
|  83|0x00000000a7700000, 0x00000000a7800000, 0x00000000a7800000|100%| E|CS|TAMS 0x00000000a7700000, 0x00000000a7700000| Complete 
|  84|0x00000000a7800000, 0x00000000a7900000, 0x00000000a7900000|100%| E|CS|TAMS 0x00000000a7800000, 0x00000000a7800000| Complete 
|  85|0x00000000a7900000, 0x00000000a7a00000, 0x00000000a7a00000|100%| E|CS|TAMS 0x00000000a7900000, 0x00000000a7900000| Complete 
|  86|0x00000000a7a00000, 0x00000000a7b00000, 0x00000000a7b00000|100%| E|CS|TAMS 0x00000000a7a00000, 0x00000000a7a00000| Complete 
|  87|0x00000000a7b00000, 0x00000000a7c00000, 0x00000000a7c00000|100%| E|CS|TAMS 0x00000000a7b00000, 0x00000000a7b00000| Complete 
|  88|0x00000000a7c00000, 0x00000000a7d00000, 0x00000000a7d00000|100%| E|CS|TAMS 0x00000000a7c00000, 0x00000000a7c00000| Complete 
|  89|0x00000000a7d00000, 0x00000000a7e00000, 0x00000000a7e00000|100%| E|CS|TAMS 0x00000000a7d00000, 0x00000000a7d00000| Complete 
|  90|0x00000000a7e00000, 0x00000000a7f00000, 0x00000000a7f00000|100%| E|CS|TAMS 0x00000000a7e00000, 0x00000000a7e00000| Complete 
|  91|0x00000000a7f00000, 0x00000000a8000000, 0x00000000a8000000|100%| E|CS|TAMS 0x00000000a7f00000, 0x00000000a7f00000| Complete 
|  92|0x00000000a8000000, 0x00000000a8100000, 0x00000000a8100000|100%| E|CS|TAMS 0x00000000a8000000, 0x00000000a8000000| Complete 
|  93|0x00000000a8100000, 0x00000000a8200000, 0x00000000a8200000|100%| E|CS|TAMS 0x00000000a8100000, 0x00000000a8100000| Complete 

Card table byte_map: [0x0000021b76b60000,0x0000021b76e50000] _byte_map_base: 0x0000021b7664e000

Marking Bits (Prev, Next): (CMBitMap*) 0x0000021b5e8ad050, (CMBitMap*) 0x0000021b5e8ad018
 Prev Bits: [0x0000021b788b0000, 0x0000021b7a020000)
 Next Bits: [0x0000021b77140000, 0x0000021b788b0000)

Polling page: 0x0000021b5e950000

Metaspace:

Usage:
  Non-class:     27.22 MB capacity,    26.58 MB ( 98%) used,   521.84 KB (  2%) free+waste,   126.81 KB ( <1%) overhead. 
      Class:      4.07 MB capacity,     3.62 MB ( 89%) used,   398.81 KB ( 10%) free+waste,    63.13 KB (  2%) overhead. 
       Both:     31.29 MB capacity,    30.20 MB ( 97%) used,   920.65 KB (  3%) free+waste,   189.94 KB ( <1%) overhead. 

Virtual space:
  Non-class space:       28.00 MB reserved,      27.25 MB ( 97%) committed 
      Class space:        1.00 GB reserved,       4.13 MB ( <1%) committed 
             Both:        1.03 GB reserved,      31.38 MB (  3%) committed 

Chunk freelists:
   Non-Class:  4.13 KB
       Class:  0 bytes
        Both:  4.13 KB

CodeHeap 'non-profiled nmethods': size=120000Kb used=2022Kb max_used=2069Kb free=117978Kb
 bounds [0x0000021b6e6c0000, 0x0000021b6e930000, 0x0000021b75bf0000]
CodeHeap 'profiled nmethods': size=120000Kb used=10141Kb max_used=10141Kb free=109858Kb
 bounds [0x0000021b67190000, 0x0000021b67b90000, 0x0000021b6e6c0000]
CodeHeap 'non-nmethods': size=5760Kb used=1385Kb max_used=1429Kb free=4374Kb
 bounds [0x0000021b66bf0000, 0x0000021b66e60000, 0x0000021b67190000]
 total_blobs=6816 nmethods=4538 adapters=734
 compilation: enabled
              stopped_count=0, restarted_count=0
 full_count=0

Compilation events (10 events):
Event: 7260.088 Thread 0x0000021b7cd24000 nmethod 4922 0x0000021b67b84a90 code [0x0000021b67b84d00, 0x0000021b67b85860]
Event: 7260.407 Thread 0x0000021b7cd24000 4923       3       com.sun.javafx.util.WeakReferenceQueue::cleanup (33 bytes)
Event: 7260.407 Thread 0x0000021b7cd24000 nmethod 4923 0x0000021b67b85c10 code [0x0000021b67b85e20, 0x0000021b67b86630]
Event: 7260.407 Thread 0x0000021b7cd24000 4924       3       javafx.beans.binding.ObjectBinding::get (25 bytes)
Event: 7260.407 Thread 0x0000021b7cd24000 nmethod 4924 0x0000021b673c6390 code [0x0000021b673c6560, 0x0000021b673c6810]
Event: 7260.407 Thread 0x0000021b7cd24000 4925       1       com.sun.javafx.geom.RectBounds::getDepth (2 bytes)
Event: 7260.407 Thread 0x0000021b7cd24000 nmethod 4925 0x0000021b6e754290 code [0x0000021b6e754440, 0x0000021b6e754558]
Event: 7260.408 Thread 0x0000021b7cd18800 4926       4       javafx.scene.Node::updateBounds (174 bytes)
Event: 7260.408 Thread 0x0000021b7cd24000 4927       3       com.sun.javafx.geom.transform.GeneralTransform3D::ortho (189 bytes)
Event: 7260.408 Thread 0x0000021b7cd24000 nmethod 4927 0x0000021b67b86890 code [0x0000021b67b86ae0, 0x0000021b67b86ef0]

GC Heap History (6 events):
Event: 0.604 GC heap before
{Heap before GC invocations=0 (full 0):
 garbage-first heap   total 96256K, used 23552K [0x00000000a2400000, 0x0000000100000000)
  region size 1024K, 24 young (24576K), 0 survivors (0K)
 Metaspace       used 12417K, capacity 12772K, committed 13056K, reserved 1060864K
  class space    used 1348K, capacity 1497K, committed 1536K, reserved 1048576K
}
Event: 0.607 GC heap after
{Heap after GC invocations=1 (full 0):
 garbage-first heap   total 96256K, used 3084K [0x00000000a2400000, 0x0000000100000000)
  region size 1024K, 3 young (3072K), 3 survivors (3072K)
 Metaspace       used 12417K, capacity 12772K, committed 13056K, reserved 1060864K
  class space    used 1348K, capacity 1497K, committed 1536K, reserved 1048576K
}
Event: 0.993 GC heap before
{Heap before GC invocations=1 (full 0):
 garbage-first heap   total 96256K, used 26636K [0x00000000a2400000, 0x0000000100000000)
  region size 1024K, 27 young (27648K), 3 survivors (3072K)
 Metaspace       used 20561K, capacity 21169K, committed 21248K, reserved 1067008K
  class space    used 2502K, capacity 2759K, committed 2816K, reserved 1048576K
}
Event: 1.000 GC heap after
{Heap after GC invocations=2 (full 0):
 garbage-first heap   total 96256K, used 6349K [0x00000000a2400000, 0x0000000100000000)
  region size 1024K, 7 young (7168K), 7 survivors (7168K)
 Metaspace       used 20561K, capacity 21169K, committed 21248K, reserved 1067008K
  class space    used 2502K, capacity 2759K, committed 2816K, reserved 1048576K
}
Event: 7184.628 GC heap before
{Heap before GC invocations=3 (full 0):
 garbage-first heap   total 96256K, used 70861K [0x00000000a2400000, 0x0000000100000000)
  region size 1024K, 49 young (50176K), 7 survivors (7168K)
 Metaspace       used 30209K, capacity 31251K, committed 31360K, reserved 1077248K
  class space    used 3697K, capacity 4155K, committed 4224K, reserved 1048576K
}
Event: 7184.684 GC heap after
{Heap after GC invocations=4 (full 0):
 garbage-first heap   total 96256K, used 13239K [0x00000000a2400000, 0x0000000100000000)
  region size 1024K, 7 young (7168K), 7 survivors (7168K)
 Metaspace       used 30209K, capacity 31251K, committed 31360K, reserved 1077248K
  class space    used 3697K, capacity 4155K, committed 4224K, reserved 1048576K
}

Deoptimization events (10 events):
Event: 7188.890 Thread 0x0000021b7e5a8000 Uncommon trap: reason=array_check action=maybe_recompile pc=0x0000021b6e89f830 method=javafx.css.SimpleSelector.applies(Ljavafx/css/Styleable;[Ljava/util/Set;I)Z @ 37 c2
Event: 7188.890 Thread 0x0000021b7e5a8000 Uncommon trap: reason=array_check action=maybe_recompile pc=0x0000021b6e89f830 method=javafx.css.SimpleSelector.applies(Ljavafx/css/Styleable;[Ljava/util/Set;I)Z @ 37 c2
Event: 7188.890 Thread 0x0000021b7e5a8000 Uncommon trap: reason=array_check action=maybe_recompile pc=0x0000021b6e8a1484 method=javafx.css.SimpleSelector.applies(Ljavafx/css/Styleable;[Ljava/util/Set;I)Z @ 37 c2
Event: 7254.093 Thread 0x0000021b7e5a8000 Uncommon trap: reason=profile_predicate action=maybe_recompile pc=0x0000021b6e8a84b0 method=javafx.css.CompoundSelector.applies(Ljavafx/css/Styleable;I[Ljava/util/Set;I)Z @ 103 c2
Event: 7254.095 Thread 0x0000021b7e5a8000 Uncommon trap: reason=profile_predicate action=maybe_recompile pc=0x0000021b6e8a84b0 method=javafx.css.CompoundSelector.applies(Ljavafx/css/Styleable;I[Ljava/util/Set;I)Z @ 103 c2
Event: 7254.095 Thread 0x0000021b7e5a8000 Uncommon trap: reason=profile_predicate action=maybe_recompile pc=0x0000021b6e8a84b0 method=javafx.css.CompoundSelector.applies(Ljavafx/css/Styleable;I[Ljava/util/Set;I)Z @ 103 c2
Event: 7254.095 Thread 0x0000021b7e5a8000 Uncommon trap: reason=profile_predicate action=maybe_recompile pc=0x0000021b6e8a84b0 method=javafx.css.CompoundSelector.applies(Ljavafx/css/Styleable;I[Ljava/util/Set;I)Z @ 103 c2
Event: 7254.821 Thread 0x0000021b7e309800 Uncommon trap: reason=unstable_if action=reinterpret pc=0x0000021b6e82fe28 method=com.sun.marlin.Renderer._endRendering(IILcom/sun/marlin/MarlinAlphaConsumer;)V @ 2268 c2
Event: 7255.832 Thread 0x0000021b7e309800 Uncommon trap: reason=unstable_if action=reinterpret pc=0x0000021b6e827518 method=com.sun.marlin.Renderer._endRendering(IILcom/sun/marlin/MarlinAlphaConsumer;)V @ 2268 c2
Event: 7260.407 Thread 0x0000021b7e5a8000 Uncommon trap: reason=unstable_if action=reinterpret pc=0x0000021b6e72dd4c method=java.lang.String.substring(II)Ljava/lang/String; @ 31 c2

Classes redefined (0 events):
No events

Internal exceptions (10 events):
Event: 7185.610 Thread 0x0000021b7e5a8000 Exception <a 'java/io/FileNotFoundException'{0x00000000a7f5fcf8}> (0x00000000a7f5fcf8) thrown at [t:/workspace/open/src/hotspot/share/prims/jni.cpp, line 615]
Event: 7186.202 Thread 0x0000021b7e5a8000 Exception <a 'java/io/FileNotFoundException'{0x00000000a7d455e8}> (0x00000000a7d455e8) thrown at [t:/workspace/open/src/hotspot/share/prims/jni.cpp, line 615]
Event: 7186.716 Thread 0x0000021b7e5a8000 Exception <a 'java/io/FileNotFoundException'{0x00000000a7c540f8}> (0x00000000a7c540f8) thrown at [t:/workspace/open/src/hotspot/share/prims/jni.cpp, line 615]
Event: 7187.534 Thread 0x0000021b7e5a8000 Exception <a 'java/io/FileNotFoundException'{0x00000000a7a3f410}> (0x00000000a7a3f410) thrown at [t:/workspace/open/src/hotspot/share/prims/jni.cpp, line 615]
Event: 7188.047 Thread 0x0000021b7e5a8000 Exception <a 'java/io/FileNotFoundException'{0x00000000a7959b50}> (0x00000000a7959b50) thrown at [t:/workspace/open/src/hotspot/share/prims/jni.cpp, line 615]
Event: 7188.887 Thread 0x0000021b7e5a8000 Exception <a 'java/io/FileNotFoundException'{0x00000000a773c2c8}> (0x00000000a773c2c8) thrown at [t:/workspace/open/src/hotspot/share/prims/jni.cpp, line 615]
Event: 7253.952 Thread 0x0000021b7e5a8000 Exception <a 'java/io/FileNotFoundException'{0x00000000a76dae20}> (0x00000000a76dae20) thrown at [t:/workspace/open/src/hotspot/share/prims/jni.cpp, line 615]
Event: 7255.967 Thread 0x0000021b7e5a8000 Exception <a 'java/io/FileNotFoundException'{0x00000000a74f2200}> (0x00000000a74f2200) thrown at [t:/workspace/open/src/hotspot/share/prims/jni.cpp, line 615]
Event: 7256.889 Thread 0x0000021b7e5a8000 Exception <a 'java/io/FileNotFoundException'{0x00000000a72d6aa8}> (0x00000000a72d6aa8) thrown at [t:/workspace/open/src/hotspot/share/prims/jni.cpp, line 615]
Event: 7257.993 Thread 0x0000021b7e5a8000 Exception <a 'java/io/FileNotFoundException'{0x00000000a71e9c40}> (0x00000000a71e9c40) thrown at [t:/workspace/open/src/hotspot/share/prims/jni.cpp, line 615]

Events (10 events):
Event: 7256.039 Executing VM operation: RevokeBias done
Event: 7256.902 Executing VM operation: RevokeBias
Event: 7256.902 Executing VM operation: RevokeBias done
Event: 7258.048 Thread 0x0000021b7e5a8000 DEOPT PACKING pc=0x0000021b678744f0 sp=0x000000f57edf9970
Event: 7258.048 Thread 0x0000021b7e5a8000 DEOPT UNPACKING pc=0x0000021b66c18d4e sp=0x000000f57edf8e10 mode 0
Event: 7258.064 Executing VM operation: RevokeBias
Event: 7258.064 Executing VM operation: RevokeBias done
Event: 7260.407 Thread 0x0000021b7e5a8000 Uncommon trap: trap_request=0xffffff4d fr.pc=0x0000021b6e72dd4c relative=0x000000000000040c
Event: 7260.407 Thread 0x0000021b7e5a8000 DEOPT PACKING pc=0x0000021b6e72dd4c sp=0x000000f57edfbdb0
Event: 7260.407 Thread 0x0000021b7e5a8000 DEOPT UNPACKING pc=0x0000021b66c18f2f sp=0x000000f57edfbd70 mode 2


Dynamic libraries:
0x00007ff616600000 - 0x00007ff616645000 	C:\Program Files\Java\jdk-11\bin\java.exe
0x00007ffcd49f0000 - 0x00007ffcd4c07000 	C:\WINDOWS\SYSTEM32\ntdll.dll
0x00007ffcd2cc0000 - 0x00007ffcd2d84000 	C:\WINDOWS\System32\KERNEL32.DLL
0x00007ffcd2040000 - 0x00007ffcd23e5000 	C:\WINDOWS\System32\KERNELBASE.dll
0x00007ffcd29a0000 - 0x00007ffcd2b4e000 	C:\WINDOWS\System32\USER32.dll
0x00007ffcd2470000 - 0x00007ffcd2496000 	C:\WINDOWS\System32\win32u.dll
0x00007ffcd3040000 - 0x00007ffcd3069000 	C:\WINDOWS\System32\GDI32.dll
0x00007ffcd1e80000 - 0x00007ffcd1f99000 	C:\WINDOWS\System32\gdi32full.dll
0x00007ffcd1fa0000 - 0x00007ffcd203a000 	C:\WINDOWS\System32\msvcp_win.dll
0x00007ffcd1d60000 - 0x00007ffcd1e71000 	C:\WINDOWS\System32\ucrtbase.dll
0x00007ffcb1860000 - 0x00007ffcb1af3000 	C:\WINDOWS\WinSxS\amd64_microsoft.windows.common-controls_6595b64144ccf1df_6.0.22621.2506_none_270c5ae97388e100\COMCTL32.dll
0x00007ffcd2f90000 - 0x00007ffcd3037000 	C:\WINDOWS\System32\msvcrt.dll
0x00007ffcd3d50000 - 0x00007ffcd3d81000 	C:\WINDOWS\System32\IMM32.DLL
0x00007ffc9c900000 - 0x00007ffc9c916000 	C:\Program Files\Java\jdk-11\bin\vcruntime140.dll
0x00007ffc9c290000 - 0x00007ffc9c33a000 	C:\Program Files\Java\jdk-11\bin\msvcp140.dll
0x00007ffc23c30000 - 0x00007ffc24771000 	C:\Program Files\Java\jdk-11\bin\server\jvm.dll
0x00007ffcd3db0000 - 0x00007ffcd3e61000 	C:\WINDOWS\System32\ADVAPI32.dll
0x00007ffcd2d90000 - 0x00007ffcd2e36000 	C:\WINDOWS\System32\sechost.dll
0x00007ffcd3e70000 - 0x00007ffcd3f87000 	C:\WINDOWS\System32\RPCRT4.dll
0x00007ffcd3d90000 - 0x00007ffcd3d98000 	C:\WINDOWS\System32\PSAPI.DLL
0x00007ffcbfd90000 - 0x00007ffcbfd99000 	C:\WINDOWS\SYSTEM32\WSOCK32.dll
0x00007ffccaad0000 - 0x00007ffccab04000 	C:\WINDOWS\SYSTEM32\WINMM.dll
0x00007ffcd4630000 - 0x00007ffcd46a1000 	C:\WINDOWS\System32\WS2_32.dll
0x00007ffcc9710000 - 0x00007ffcc971a000 	C:\WINDOWS\SYSTEM32\VERSION.dll
0x00007ffcd0e50000 - 0x00007ffcd0e68000 	C:\WINDOWS\SYSTEM32\kernel.appcore.dll
0x00007ffc9c8e0000 - 0x00007ffc9c8f1000 	C:\Program Files\Java\jdk-11\bin\verify.dll
0x00007ffccf720000 - 0x00007ffccf953000 	C:\WINDOWS\SYSTEM32\DBGHELP.DLL
0x00007ffcd4020000 - 0x00007ffcd43a9000 	C:\WINDOWS\System32\combase.dll
0x00007ffcd2eb0000 - 0x00007ffcd2f87000 	C:\WINDOWS\System32\OLEAUT32.dll
0x00007ffcbeeb0000 - 0x00007ffcbeee2000 	C:\WINDOWS\SYSTEM32\dbgcore.DLL
0x00007ffcd23f0000 - 0x00007ffcd246a000 	C:\WINDOWS\System32\bcryptPrimitives.dll
0x00007ffc23c00000 - 0x00007ffc23c28000 	C:\Program Files\Java\jdk-11\bin\java.dll
0x00007ffccc510000 - 0x00007ffccc53f000 	C:\Program Files\Java\jdk-11\bin\instrument.dll
0x00007ffc9c8c0000 - 0x00007ffc9c8d6000 	C:\Program Files\Java\jdk-11\bin\zip.dll
0x00007ffc23bf0000 - 0x00007ffc23bfa000 	C:\Program Files\Java\jdk-11\bin\jimage.dll
0x00007ffcd3070000 - 0x00007ffcd38c9000 	C:\WINDOWS\System32\SHELL32.dll
0x00007ffccfc90000 - 0x00007ffcd0584000 	C:\WINDOWS\SYSTEM32\windows.storage.dll
0x00007ffccfb50000 - 0x00007ffccfc8e000 	C:\WINDOWS\SYSTEM32\wintypes.dll
0x00007ffcd4880000 - 0x00007ffcd4973000 	C:\WINDOWS\System32\SHCORE.dll
0x00007ffcd43b0000 - 0x00007ffcd440e000 	C:\WINDOWS\System32\shlwapi.dll
0x00007ffcd1c90000 - 0x00007ffcd1cb6000 	C:\WINDOWS\SYSTEM32\profapi.dll
0x00007ffc23bd0000 - 0x00007ffc23be9000 	C:\Program Files\Java\jdk-11\bin\net.dll
0x00007ffccc280000 - 0x00007ffccc3b7000 	C:\WINDOWS\SYSTEM32\WINHTTP.dll
0x00007ffcd12d0000 - 0x00007ffcd1339000 	C:\WINDOWS\system32\mswsock.dll
0x00007ffc23bb0000 - 0x00007ffc23bc3000 	C:\Program Files\Java\jdk-11\bin\nio.dll
0x00007ffccce70000 - 0x00007ffccce8a000 	C:\Program Files\JetBrains\IntelliJ IDEA Community Edition 2022.2.2\bin\breakgen64.dll
0x0000021b5e9a0000 - 0x0000021b5e9a3000 	C:\Users\dzang\.openjfx\cache\17.0.2-ea\api-ms-win-core-console-l1-1-0.dll
0x0000021b7f220000 - 0x0000021b7f223000 	C:\Users\dzang\.openjfx\cache\17.0.2-ea\api-ms-win-core-console-l1-2-0.dll
0x0000021b7f230000 - 0x0000021b7f233000 	C:\Users\dzang\.openjfx\cache\17.0.2-ea\api-ms-win-core-datetime-l1-1-0.dll
0x0000021b7f240000 - 0x0000021b7f243000 	C:\Users\dzang\.openjfx\cache\17.0.2-ea\api-ms-win-core-debug-l1-1-0.dll
0x0000021b7f250000 - 0x0000021b7f253000 	C:\Users\dzang\.openjfx\cache\17.0.2-ea\api-ms-win-core-errorhandling-l1-1-0.dll
0x0000021b7f260000 - 0x0000021b7f264000 	C:\Users\dzang\.openjfx\cache\17.0.2-ea\api-ms-win-core-file-l1-1-0.dll
0x0000021b7f270000 - 0x0000021b7f273000 	C:\Users\dzang\.openjfx\cache\17.0.2-ea\api-ms-win-core-file-l1-2-0.dll
0x0000021b7f280000 - 0x0000021b7f283000 	C:\Users\dzang\.openjfx\cache\17.0.2-ea\api-ms-win-core-file-l2-1-0.dll
0x0000021b7f290000 - 0x0000021b7f293000 	C:\Users\dzang\.openjfx\cache\17.0.2-ea\api-ms-win-core-handle-l1-1-0.dll
0x0000021b7f2a0000 - 0x0000021b7f2a3000 	C:\Users\dzang\.openjfx\cache\17.0.2-ea\api-ms-win-core-heap-l1-1-0.dll
0x0000021b7f2b0000 - 0x0000021b7f2b3000 	C:\Users\dzang\.openjfx\cache\17.0.2-ea\api-ms-win-core-interlocked-l1-1-0.dll
0x0000021b7f2c0000 - 0x0000021b7f2c3000 	C:\Users\dzang\.openjfx\cache\17.0.2-ea\api-ms-win-core-libraryloader-l1-1-0.dll
0x0000021b7f2d0000 - 0x0000021b7f2d3000 	C:\Users\dzang\.openjfx\cache\17.0.2-ea\api-ms-win-core-localization-l1-2-0.dll
0x0000021b7f2e0000 - 0x0000021b7f2e3000 	C:\Users\dzang\.openjfx\cache\17.0.2-ea\api-ms-win-core-memory-l1-1-0.dll
0x0000021b7f2f0000 - 0x0000021b7f2f3000 	C:\Users\dzang\.openjfx\cache\17.0.2-ea\api-ms-win-core-namedpipe-l1-1-0.dll
0x0000021b7f300000 - 0x0000021b7f303000 	C:\Users\dzang\.openjfx\cache\17.0.2-ea\api-ms-win-core-processenvironment-l1-1-0.dll
0x0000021b7f310000 - 0x0000021b7f313000 	C:\Users\dzang\.openjfx\cache\17.0.2-ea\api-ms-win-core-processthreads-l1-1-0.dll
0x0000021b7f320000 - 0x0000021b7f323000 	C:\Users\dzang\.openjfx\cache\17.0.2-ea\api-ms-win-core-processthreads-l1-1-1.dll
0x0000021b7f330000 - 0x0000021b7f333000 	C:\Users\dzang\.openjfx\cache\17.0.2-ea\api-ms-win-core-profile-l1-1-0.dll
0x0000021b7f340000 - 0x0000021b7f343000 	C:\Users\dzang\.openjfx\cache\17.0.2-ea\api-ms-win-core-rtlsupport-l1-1-0.dll
0x0000021b7f350000 - 0x0000021b7f353000 	C:\Users\dzang\.openjfx\cache\17.0.2-ea\api-ms-win-core-string-l1-1-0.dll
0x0000021b7f360000 - 0x0000021b7f363000 	C:\Users\dzang\.openjfx\cache\17.0.2-ea\api-ms-win-core-synch-l1-1-0.dll
0x0000021b7f370000 - 0x0000021b7f373000 	C:\Users\dzang\.openjfx\cache\17.0.2-ea\api-ms-win-core-synch-l1-2-0.dll
0x0000021b7f380000 - 0x0000021b7f383000 	C:\Users\dzang\.openjfx\cache\17.0.2-ea\api-ms-win-core-sysinfo-l1-1-0.dll
0x0000021b7f390000 - 0x0000021b7f393000 	C:\Users\dzang\.openjfx\cache\17.0.2-ea\api-ms-win-core-timezone-l1-1-0.dll
0x0000021b7f3a0000 - 0x0000021b7f3a3000 	C:\Users\dzang\.openjfx\cache\17.0.2-ea\api-ms-win-core-util-l1-1-0.dll
0x0000021b7f3b0000 - 0x0000021b7f3b3000 	C:\Users\dzang\.openjfx\cache\17.0.2-ea\api-ms-win-crt-conio-l1-1-0.dll
0x0000021b7f3c0000 - 0x0000021b7f3c4000 	C:\Users\dzang\.openjfx\cache\17.0.2-ea\api-ms-win-crt-convert-l1-1-0.dll
0x0000021b7f3d0000 - 0x0000021b7f3d3000 	C:\Users\dzang\.openjfx\cache\17.0.2-ea\api-ms-win-crt-environment-l1-1-0.dll
0x0000021b7f3e0000 - 0x0000021b7f3e3000 	C:\Users\dzang\.openjfx\cache\17.0.2-ea\api-ms-win-crt-filesystem-l1-1-0.dll
0x0000021b7f3f0000 - 0x0000021b7f3f3000 	C:\Users\dzang\.openjfx\cache\17.0.2-ea\api-ms-win-crt-heap-l1-1-0.dll
0x0000021b7f400000 - 0x0000021b7f403000 	C:\Users\dzang\.openjfx\cache\17.0.2-ea\api-ms-win-crt-locale-l1-1-0.dll
0x0000021b7f410000 - 0x0000021b7f415000 	C:\Users\dzang\.openjfx\cache\17.0.2-ea\api-ms-win-crt-math-l1-1-0.dll
0x0000021b7f420000 - 0x0000021b7f425000 	C:\Users\dzang\.openjfx\cache\17.0.2-ea\api-ms-win-crt-multibyte-l1-1-0.dll
0x0000021b7f430000 - 0x0000021b7f440000 	C:\Users\dzang\.openjfx\cache\17.0.2-ea\api-ms-win-crt-private-l1-1-0.dll
0x0000021b7f440000 - 0x0000021b7f443000 	C:\Users\dzang\.openjfx\cache\17.0.2-ea\api-ms-win-crt-process-l1-1-0.dll
0x0000021b7f450000 - 0x0000021b7f454000 	C:\Users\dzang\.openjfx\cache\17.0.2-ea\api-ms-win-crt-runtime-l1-1-0.dll
0x0000021b7f460000 - 0x0000021b7f464000 	C:\Users\dzang\.openjfx\cache\17.0.2-ea\api-ms-win-crt-stdio-l1-1-0.dll
0x0000021b7f470000 - 0x0000021b7f474000 	C:\Users\dzang\.openjfx\cache\17.0.2-ea\api-ms-win-crt-string-l1-1-0.dll
0x0000021b7f480000 - 0x0000021b7f483000 	C:\Users\dzang\.openjfx\cache\17.0.2-ea\api-ms-win-crt-time-l1-1-0.dll
0x0000021b7f490000 - 0x0000021b7f493000 	C:\Users\dzang\.openjfx\cache\17.0.2-ea\api-ms-win-crt-utility-l1-1-0.dll
0x00007ffca9230000 - 0x00007ffca932c000 	C:\Users\dzang\.openjfx\cache\17.0.2-ea\ucrtbase.dll
0x00007ffccce90000 - 0x00007ffccceaa000 	C:\Users\dzang\.openjfx\cache\17.0.2-ea\vcruntime140.dll
0x00007ffccbb70000 - 0x00007ffccbb7c000 	C:\Users\dzang\.openjfx\cache\17.0.2-ea\vcruntime140_1.dll
0x00007ffcc34e0000 - 0x00007ffcc356d000 	C:\Users\dzang\.openjfx\cache\17.0.2-ea\msvcp140.dll
0x00007ffcc34b0000 - 0x00007ffcc34da000 	C:\Users\dzang\.openjfx\cache\17.0.2-ea\prism_d3d.dll
0x00007ffc5be00000 - 0x00007ffc5bfa9000 	C:\WINDOWS\system32\d3d9.dll
0x00007ffccec60000 - 0x00007ffccec8b000 	C:\WINDOWS\SYSTEM32\dwmapi.dll
0x00007ffccf190000 - 0x00007ffccf1c6000 	C:\WINDOWS\SYSTEM32\dxcore.dll
0x00007ffccea20000 - 0x00007ffcceacb000 	C:\WINDOWS\system32\uxtheme.dll
0x00007ffcc94c0000 - 0x00007ffcc967b000 	C:\WINDOWS\System32\DriverStore\FileRepository\u0387352.inf_amd64_ce4ceb13d73334be\B385477\aticfx64.dll
0x00007ffc14a00000 - 0x00007ffc14a34000 	C:\WINDOWS\System32\DriverStore\FileRepository\u0387352.inf_amd64_ce4ceb13d73334be\B385477\atiu9p64.dll
0x00007ffc0f4a0000 - 0x00007ffc101f5000 	C:\WINDOWS\System32\DriverStore\FileRepository\u0387352.inf_amd64_ce4ceb13d73334be\B385477\atiumd64.dll
0x00007ffcd4490000 - 0x00007ffcd4630000 	C:\WINDOWS\System32\ole32.dll
0x000000006a3b0000 - 0x000000006b2d7000 	C:\WINDOWS\System32\DriverStore\FileRepository\u0387352.inf_amd64_ce4ceb13d73334be\B385477\atiumd6a.dll
0x00007ffcd38d0000 - 0x00007ffcd3d44000 	C:\WINDOWS\System32\SETUPAPI.dll
0x00007ffcd0bb0000 - 0x00007ffcd0bfd000 	C:\WINDOWS\SYSTEM32\POWRPROF.dll
0x00007ffcd0b90000 - 0x00007ffcd0ba3000 	C:\WINDOWS\SYSTEM32\UMPDC.dll
0x00007ffcc9310000 - 0x00007ffcc9345000 	C:\WINDOWS\SYSTEM32\amdihk64.dll
0x00007ffcca930000 - 0x00007ffcca97a000 	C:\WINDOWS\SYSTEM32\directxdatabasehelper.dll
0x00007ffcb6ae0000 - 0x00007ffcb6b22000 	C:\Users\dzang\.openjfx\cache\17.0.2-ea\glass.dll
0x00007ffcd28a0000 - 0x00007ffcd2999000 	C:\WINDOWS\System32\COMDLG32.dll
0x00007ffcd2b50000 - 0x00007ffcd2c9f000 	C:\WINDOWS\System32\MSCTF.dll
0x00007ffcccd80000 - 0x00007ffcccd94000 	C:\Users\dzang\.openjfx\cache\17.0.2-ea\javafx_font.dll
0x00007ffccdaa0000 - 0x00007ffccdd13000 	C:\WINDOWS\SYSTEM32\dwrite.dll
0x00007ffcd2740000 - 0x00007ffcd27f0000 	C:\WINDOWS\System32\clbcatq.dll
0x00007ffccd300000 - 0x00007ffccd4b0000 	C:\WINDOWS\SYSTEM32\WindowsCodecs.dll
0x00007ffc981c0000 - 0x00007ffc9821e000 	C:\WINDOWS\system32\dataexchange.dll
0x00007ffcc7f00000 - 0x00007ffcc8185000 	C:\WINDOWS\system32\twinapi.appcore.dll
0x00007ffca1cb0000 - 0x00007ffca1ce2000 	C:\Program Files\Common Files\Microsoft Shared\Ink\rtscom.dll
0x00007ffcc3dd0000 - 0x00007ffcc3f1a000 	C:\WINDOWS\SYSTEM32\textinputframework.dll
0x00007ffcce5f0000 - 0x00007ffcce723000 	C:\WINDOWS\SYSTEM32\CoreMessaging.dll
0x00007ffcca140000 - 0x00007ffcca4ac000 	C:\WINDOWS\SYSTEM32\CoreUIComponents.dll
0x00007ffcd1540000 - 0x00007ffcd154c000 	C:\WINDOWS\SYSTEM32\CRYPTBASE.DLL
0x00007ffccd4b0000 - 0x00007ffccda9e000 	C:\WINDOWS\SYSTEM32\d2d1.dll
0x00007ffccdd20000 - 0x00007ffccdf77000 	C:\WINDOWS\SYSTEM32\d3d11.dll
0x00007ffcceb50000 - 0x00007ffccec48000 	C:\WINDOWS\SYSTEM32\dxgi.dll
0x00007ffcc9750000 - 0x00007ffcc9e61000 	C:\WINDOWS\SYSTEM32\D3D10Warp.dll
0x00007ffcd0920000 - 0x00007ffcd0a19000 	C:\WINDOWS\SYSTEM32\DNSAPI.dll
0x00007ffcd08f0000 - 0x00007ffcd091d000 	C:\WINDOWS\SYSTEM32\IPHLPAPI.DLL
0x00007ffcd3da0000 - 0x00007ffcd3da9000 	C:\WINDOWS\System32\NSI.dll
0x000000006ba90000 - 0x000000006bab6000 	C:\Program Files\Bonjour\mdnsNSP.dll

dbghelp: loaded successfully - version: 4.0.5 - missing functions: none
symbol engine: initialized successfully - sym options: 0x614 - pdb path: .;C:\Program Files\Java\jdk-11\bin;C:\WINDOWS\SYSTEM32;C:\WINDOWS\WinSxS\amd64_microsoft.windows.common-controls_6595b64144ccf1df_6.0.22621.2506_none_270c5ae97388e100;C:\Program Files\Java\jdk-11\bin\server;C:\Program Files\JetBrains\IntelliJ IDEA Community Edition 2022.2.2\bin;C:\Users\dzang\.openjfx\cache\17.0.2-ea;C:\WINDOWS\System32\DriverStore\FileRepository\u0387352.inf_amd64_ce4ceb13d73334be\B385477;C:\Program Files\Common Files\Microsoft Shared\Ink;C:\Program Files\Bonjour

VM Arguments:
jvm_args: -javaagent:C:\Program Files\JetBrains\IntelliJ IDEA Community Edition 2022.2.2\lib\idea_rt.jar=62334:C:\Program Files\JetBrains\IntelliJ IDEA Community Edition 2022.2.2\bin -Dfile.encoding=UTF-8 --module-path=C:\Users\dzang\.m2\repository\org\openjfx\javafx-base\17.0.2\javafx-base-17.0.2-win.jar;C:\Users\dzang\.m2\repository\org\openjfx\javafx-controls\17.0.2\javafx-controls-17.0.2-win.jar;C:\Users\dzang\.m2\repository\org\openjfx\javafx-fxml\17.0.2\javafx-fxml-17.0.2-win.jar;C:\Users\dzang\IdeaProjects\FinalProjectSoftware\target\classes;C:\Users\dzang\.m2\repository\org\openjfx\javafx-graphics\17.0.2\javafx-graphics-17.0.2-win.jar -Djdk.module.main=com.example.finalprojectsoftware 
java_command: com.example.finalprojectsoftware/com.example.finalprojectsoftware.HelloApplication
java_class_path (initial): C:\Users\dzang\.m2\repository\org\openjfx\javafx-controls\17.0.2\javafx-controls-17.0.2.jar;C:\Users\dzang\.m2\repository\org\openjfx\javafx-graphics\17.0.2\javafx-graphics-17.0.2.jar;C:\Users\dzang\.m2\repository\org\openjfx\javafx-base\17.0.2\javafx-base-17.0.2.jar;C:\Users\dzang\.m2\repository\org\openjfx\javafx-fxml\17.0.2\javafx-fxml-17.0.2.jar;C:\Users\dzang\.m2\repository\org\postgresql\postgresql\42.6.0\postgresql-42.6.0.jar;C:\Users\dzang\.m2\repository\org\checkerframework\checker-qual\3.31.0\checker-qual-3.31.0.jar
Launcher Type: SUN_STANDARD

[Global flags]
     intx CICompilerCount                          = 4                                         {product} {ergonomic}
     uint ConcGCThreads                            = 3                                         {product} {ergonomic}
     uint G1ConcRefinementThreads                  = 10                                        {product} {ergonomic}
   size_t G1HeapRegionSize                         = 1048576                                   {product} {ergonomic}
    uintx GCDrainStackTargetSize                   = 64                                        {product} {ergonomic}
   size_t InitialHeapSize                          = 98566144                                  {product} {ergonomic}
   size_t MarkStackSize                            = 4194304                                   {product} {ergonomic}
   size_t MaxHeapSize                              = 1572864000                                {product} {ergonomic}
   size_t MaxNewSize                               = 943718400                                 {product} {ergonomic}
   size_t MinHeapDeltaBytes                        = 1048576                                   {product} {ergonomic}
    uintx NonNMethodCodeHeapSize                   = 5835340                                {pd product} {ergonomic}
    uintx NonProfiledCodeHeapSize                  = 122911450                              {pd product} {ergonomic}
    uintx ProfiledCodeHeapSize                     = 122911450                              {pd product} {ergonomic}
    uintx ReservedCodeCacheSize                    = 251658240                              {pd product} {ergonomic}
     bool SegmentedCodeCache                       = true                                      {product} {ergonomic}
     bool UseCompressedClassPointers               = true                                 {lp64_product} {ergonomic}
     bool UseCompressedOops                        = true                                 {lp64_product} {ergonomic}
     bool UseG1GC                                  = true                                      {product} {ergonomic}
     bool UseLargePagesIndividualAllocation        = false                                  {pd product} {ergonomic}

Logging:
Log output configuration:
 #0: stdout all=warning uptime,level,tags
 #1: stderr all=off uptime,level,tags

Environment Variables:
JAVA_HOME=C:\Program Files\Java\jdk-11
PATH=C:\Program Files\Common Files\Oracle\Java\javapath;C:\Program Files (x86)\Common Files\Oracle\Java\javapath;C:\WINDOWS\system32;C:\WINDOWS;C:\WINDOWS\System32\Wbem;C:\WINDOWS\System32\WindowsPowerShell\v1.0\;C:\WINDOWS\System32\OpenSSH\;C:\Program Files\nodejs\;C:\MinGW\bin;C:\Users\dzang\AppData\Local\Programs\Python\Python311\Scripts\;C:\Users\dzang\AppData\Local\Programs\Python\Python311\;C:\Program Files\MySQL\MySQL Shell 8.0\bin\;C:\Users\dzang\AppData\Local\Microsoft\WindowsApps;C:\Users\dzang\AppData\Roaming\npm;C:\Users\dzang\AppData\Local\Programs\Microsoft VS Code\bin
USERNAME=dzang
OS=Windows_NT
PROCESSOR_IDENTIFIER=AMD64 Family 25 Model 80 Stepping 0, AuthenticAMD



---------------  S Y S T E M  ---------------

OS: Windows 10 , 64 bit Build 22621 (10.0.22621.2506)

CPU:total 12 (initial active 12) (12 cores per cpu, 2 threads per core) family 25 model 80 stepping 0, cmov, cx8, fxsr, mmx, sse, sse2, sse3, ssse3, sse4.1, sse4.2, popcnt, avx, avx2, aes, clmul, erms, mmxext, 3dnowpref, lzcnt, sse4a, ht, tsc, tscinvbit, tscinv, bmi1, bmi2, adx, sha, fma

Memory: 4k page, system-wide physical 5996M (249M free)
TotalPageFile size 24428M (AvailPageFile size 0M)
current process WorkingSet (physical memory assigned to process): 90M, peak: 158M
current process commit charge ("private bytes"): 343M, peak: 351M

vm_info: OpenJDK 64-Bit Server VM (11+28) for windows-amd64 JRE (11+28), built on Aug 23 2018 03:04:58 by "mach5one" with MS VC++ 15.5 (VS2017)

END.
