#
# There is insufficient memory for the Java Runtime Environment to continue.
# Native memory allocation (malloc) failed to allocate 515376 bytes for Chunk::new
# Possible reasons:
#   The system is out of physical RAM or swap space
#   The process is running with CompressedOops enabled, and the Java Heap may be blocking the growth of the native heap
# Possible solutions:
#   Reduce memory load on the system
#   Increase physical memory or swap space
#   Check if swap backing store is full
#   Decrease Java heap size (-Xmx/-Xms)
#   Decrease number of Java threads
#   Decrease Java thread stack sizes (-Xss)
#   Set larger code cache with -XX:ReservedCodeCacheSize=
#   JVM is running with Unscaled Compressed Oops mode in which the Java heap is
#     placed in the first 4GB address space. The Java Heap base address is the
#     maximum limit for the native heap growth. Please use -XX:HeapBaseMinAddress
#     to set the Java Heap base and to place the Java Heap above 4GB virtual address.
# This output file may be truncated or incomplete.
#
#  Out of Memory Error (t:/workspace/open/src/hotspot/share/memory/arena.cpp:197), pid=26824, tid=21008
#
# JRE version: OpenJDK Runtime Environment (11.0+28) (build 11+28)
# Java VM: OpenJDK 64-Bit Server VM (11+28, mixed mode, tiered, compressed oops, g1 gc, windows-amd64)
# No core dump will be written. Minidumps are not enabled by default on client versions of Windows
#

---------------  S U M M A R Y ------------

Command Line: -javaagent:C:\Program Files\JetBrains\IntelliJ IDEA Community Edition 2022.2.2\lib\idea_rt.jar=63918:C:\Program Files\JetBrains\IntelliJ IDEA Community Edition 2022.2.2\bin -Dfile.encoding=UTF-8 --module-path=C:\Users\dzang\.m2\repository\org\openjfx\javafx-controls\17.0.2\javafx-controls-17.0.2-win.jar;C:\Users\dzang\.m2\repository\com\google\zxing\core\3.5.2\core-3.5.2.jar;C:\Users\dzang\.m2\repository\org\openjfx\javafx-base\17.0.2\javafx-base-17.0.2-win.jar;C:\Users\dzang\IdeaProjects\FinalProjectSoftware\target\classes;C:\Users\dzang\.m2\repository\org\openjfx\javafx-graphics\17.0.2\javafx-graphics-17.0.2-win.jar;C:\Users\dzang\.m2\repository\org\openjfx\javafx-fxml\17.0.2\javafx-fxml-17.0.2-win.jar -Djdk.module.main=com.example.finalprojectsoftware com.example.finalprojectsoftware/com.example.finalprojectsoftware.HelloApplication

Host: AMD Ryzen 5 5600H with Radeon Graphics         , 12 cores, 5G,  Windows 10 , 64 bit Build 22621 (10.0.22621.2506)
Time: Fri Dec 15 00:36:34 2023 Центральная Азия (зима) elapsed time: 0 seconds (0d 0h 0m 0s)

---------------  T H R E A D  ---------------

Current thread (0x0000019f2eae5800):  JavaThread "C2 CompilerThread0" daemon [_thread_in_native, id=21008, stack(0x000000327dc00000,0x000000327dd00000)]


Current CompileTask:
C2:    647 1053       4       jdk.internal.org.objectweb.asm.Frame::execute (2264 bytes)

Stack: [0x000000327dc00000,0x000000327dd00000]
Native frames: (J=compiled Java code, j=interpreted, Vv=VM code, C=native code)
V  [jvm.dll+0x63adaa]
V  [jvm.dll+0x77852f]
V  [jvm.dll+0x779b18]
V  [jvm.dll+0x77a1d3]
V  [jvm.dll+0x2624c8]
V  [jvm.dll+0xc5b61]
V  [jvm.dll+0xc60fc]
V  [jvm.dll+0x2d0c84]
V  [jvm.dll+0x552d0f]
V  [jvm.dll+0x21de59]
V  [jvm.dll+0x21b3e6]
V  [jvm.dll+0x198400]
V  [jvm.dll+0x22a4ff]
V  [jvm.dll+0x228b18]
V  [jvm.dll+0x73dc3d]
V  [jvm.dll+0x639e42]
C  [ucrtbase.dll+0x29363]
C  [KERNEL32.DLL+0x1257d]
C  [ntdll.dll+0x5aa58]


---------------  P R O C E S S  ---------------

Threads class SMR info:
_java_thread_list=0x0000019f3028b3f0, length=17, elements={
0x0000019f10684000, 0x0000019f2eac6000, 0x0000019f2eacf000, 0x0000019f2f473000,
0x0000019f2eae4800, 0x0000019f2eae5800, 0x0000019f2eaf0800, 0x0000019f2eaf9000,
0x0000019f2ea5b800, 0x0000019f2f9a4800, 0x0000019f2fa80800, 0x0000019f2f7ea000,
0x0000019f30011000, 0x0000019f2ffae000, 0x0000019f2ffa9000, 0x0000019f3032d800,
0x0000019f302e4800
}

Java Threads: ( => current thread )
  0x0000019f10684000 JavaThread "main" [_thread_blocked, id=21016, stack(0x000000327d100000,0x000000327d200000)]
  0x0000019f2eac6000 JavaThread "Reference Handler" daemon [_thread_blocked, id=12116, stack(0x000000327d800000,0x000000327d900000)]
  0x0000019f2eacf000 JavaThread "Finalizer" daemon [_thread_blocked, id=6264, stack(0x000000327d900000,0x000000327da00000)]
  0x0000019f2f473000 JavaThread "Signal Dispatcher" daemon [_thread_blocked, id=7176, stack(0x000000327da00000,0x000000327db00000)]
  0x0000019f2eae4800 JavaThread "Attach Listener" daemon [_thread_blocked, id=11004, stack(0x000000327db00000,0x000000327dc00000)]
=>0x0000019f2eae5800 JavaThread "C2 CompilerThread0" daemon [_thread_in_native, id=21008, stack(0x000000327dc00000,0x000000327dd00000)]
  0x0000019f2eaf0800 JavaThread "C1 CompilerThread0" daemon [_thread_blocked, id=6176, stack(0x000000327dd00000,0x000000327de00000)]
  0x0000019f2eaf9000 JavaThread "Sweeper thread" daemon [_thread_blocked, id=21036, stack(0x000000327de00000,0x000000327df00000)]
  0x0000019f2ea5b800 JavaThread "Common-Cleaner" daemon [_thread_blocked, id=31168, stack(0x000000327df00000,0x000000327e000000)]
  0x0000019f2f9a4800 JavaThread "Monitor Ctrl-Break" daemon [_thread_in_native, id=31240, stack(0x000000327e200000,0x000000327e300000)]
  0x0000019f2fa80800 JavaThread "Service Thread" daemon [_thread_blocked, id=31236, stack(0x000000327e300000,0x000000327e400000)]
  0x0000019f2f7ea000 JavaThread "QuantumRenderer-0" daemon [_thread_blocked, id=30756, stack(0x000000327e000000,0x000000327e100000)]
  0x0000019f30011000 JavaThread "InvokeLaterDispatcher" daemon [_thread_blocked, id=27888, stack(0x000000327e600000,0x000000327e700000)]
  0x0000019f2ffae000 JavaThread "JavaFX Application Thread" [_thread_blocked, id=27476, stack(0x000000327e700000,0x000000327e800000)]
  0x0000019f2ffa9000 JavaThread "JavaFX-Launcher" [_thread_blocked, id=7096, stack(0x000000327f100000,0x000000327f200000)]
  0x0000019f3032d800 JavaThread "Thread-2" daemon [_thread_in_native, id=23260, stack(0x000000327f000000,0x000000327f100000)]
  0x0000019f302e4800 JavaThread "C2 CompilerThread1" daemon [_thread_blocked, id=30812, stack(0x000000327f700000,0x000000327f800000)]

Other Threads:
  0x0000019f2ea9d000 VMThread "VM Thread" [stack: 0x000000327d700000,0x000000327d800000] [id=5620]
  0x0000019f2f9fc000 WatcherThread [stack: 0x000000327e400000,0x000000327e500000] [id=31244]
  0x0000019f1069c000 GCTaskThread "GC Thread#0" [stack: 0x000000327d200000,0x000000327d300000] [id=4448]
  0x0000019f301e2800 GCTaskThread "GC Thread#1" [stack: 0x000000327f200000,0x000000327f300000] [id=30864]
  0x0000019f3026f800 GCTaskThread "GC Thread#2" [stack: 0x000000327f300000,0x000000327f400000] [id=20412]
  0x0000019f30270000 GCTaskThread "GC Thread#3" [stack: 0x000000327f400000,0x000000327f500000] [id=28880]
  0x0000019f30271000 GCTaskThread "GC Thread#4" [stack: 0x000000327f500000,0x000000327f600000] [id=30920]
  0x0000019f3022c000 GCTaskThread "GC Thread#5" [stack: 0x000000327f600000,0x000000327f700000] [id=24796]
  0x0000019f106c3800 ConcurrentGCThread "G1 Main Marker" [stack: 0x000000327d300000,0x000000327d400000] [id=9732]
  0x0000019f106c5000 ConcurrentGCThread "G1 Conc#0" [stack: 0x000000327d400000,0x000000327d500000] [id=1900]
  0x0000019f10756800 ConcurrentGCThread "G1 Refine#0" [stack: 0x000000327d500000,0x000000327d600000] [id=1896]
  0x0000019f10759000 ConcurrentGCThread "G1 Young RemSet Sampling" [stack: 0x000000327d600000,0x000000327d700000] [id=20256]

Threads with active compile tasks:
C2 CompilerThread01053       4       jdk.internal.org.objectweb.asm.Frame::execute (2264 bytes)
C2 CompilerThread11082       4       java.util.concurrent.ConcurrentHashMap::get (162 bytes)

VM state:not at safepoint (normal execution)

VM Mutex/Monitor currently owned by a thread: None

Heap address: 0x00000000a2400000, size: 1500 MB, Compressed Oops mode: 32-bit
Narrow klass base: 0x0000000000000000, Narrow klass shift: 3
Compressed class space size: 1073741824 Address: 0x0000000100000000

Heap:
 garbage-first heap   total 96256K, used 3590K [0x00000000a2400000, 0x0000000100000000)
  region size 1024K, 4 young (4096K), 4 survivors (4096K)
 Metaspace       used 13541K, capacity 13945K, committed 14208K, reserved 1067008K
  class space    used 1495K, capacity 1636K, committed 1664K, reserved 1048576K
Heap Regions: E=young(eden), S=young(survivor), O=old, HS=humongous(starts), HC=humongous(continues), CS=collection set, F=free, A=archive, TAMS=top-at-mark-start (previous, next)
|   0|0x00000000a2400000, 0x00000000a2400000, 0x00000000a2500000|  0%| F|  |TAMS 0x00000000a2400000, 0x00000000a2400000| Untracked 
|   1|0x00000000a2500000, 0x00000000a2500000, 0x00000000a2600000|  0%| F|  |TAMS 0x00000000a2500000, 0x00000000a2500000| Untracked 
|   2|0x00000000a2600000, 0x00000000a2600000, 0x00000000a2700000|  0%| F|  |TAMS 0x00000000a2600000, 0x00000000a2600000| Untracked 
|   3|0x00000000a2700000, 0x00000000a2700000, 0x00000000a2800000|  0%| F|  |TAMS 0x00000000a2700000, 0x00000000a2700000| Untracked 
|   4|0x00000000a2800000, 0x00000000a2800000, 0x00000000a2900000|  0%| F|  |TAMS 0x00000000a2800000, 0x00000000a2800000| Untracked 
|   5|0x00000000a2900000, 0x00000000a2900000, 0x00000000a2a00000|  0%| F|  |TAMS 0x00000000a2900000, 0x00000000a2900000| Untracked 
|   6|0x00000000a2a00000, 0x00000000a2a00000, 0x00000000a2b00000|  0%| F|  |TAMS 0x00000000a2a00000, 0x00000000a2a00000| Untracked 
|   7|0x00000000a2b00000, 0x00000000a2b00000, 0x00000000a2c00000|  0%| F|  |TAMS 0x00000000a2b00000, 0x00000000a2b00000| Untracked 
|   8|0x00000000a2c00000, 0x00000000a2c00000, 0x00000000a2d00000|  0%| F|  |TAMS 0x00000000a2c00000, 0x00000000a2c00000| Untracked 
|   9|0x00000000a2d00000, 0x00000000a2d00000, 0x00000000a2e00000|  0%| F|  |TAMS 0x00000000a2d00000, 0x00000000a2d00000| Untracked 
|  10|0x00000000a2e00000, 0x00000000a2e00000, 0x00000000a2f00000|  0%| F|  |TAMS 0x00000000a2e00000, 0x00000000a2e00000| Untracked 
|  11|0x00000000a2f00000, 0x00000000a2f00000, 0x00000000a3000000|  0%| F|  |TAMS 0x00000000a2f00000, 0x00000000a2f00000| Untracked 
|  12|0x00000000a3000000, 0x00000000a3000000, 0x00000000a3100000|  0%| F|  |TAMS 0x00000000a3000000, 0x00000000a3000000| Untracked 
|  13|0x00000000a3100000, 0x00000000a3100000, 0x00000000a3200000|  0%| F|  |TAMS 0x00000000a3100000, 0x00000000a3100000| Untracked 
|  14|0x00000000a3200000, 0x00000000a3200000, 0x00000000a3300000|  0%| F|  |TAMS 0x00000000a3200000, 0x00000000a3200000| Untracked 
|  15|0x00000000a3300000, 0x00000000a3300000, 0x00000000a3400000|  0%| F|  |TAMS 0x00000000a3300000, 0x00000000a3300000| Untracked 
|  16|0x00000000a3400000, 0x00000000a3400000, 0x00000000a3500000|  0%| F|  |TAMS 0x00000000a3400000, 0x00000000a3400000| Untracked 
|  17|0x00000000a3500000, 0x00000000a3500000, 0x00000000a3600000|  0%| F|  |TAMS 0x00000000a3500000, 0x00000000a3500000| Untracked 
|  18|0x00000000a3600000, 0x00000000a3600000, 0x00000000a3700000|  0%| F|  |TAMS 0x00000000a3600000, 0x00000000a3600000| Untracked 
|  19|0x00000000a3700000, 0x00000000a3700000, 0x00000000a3800000|  0%| F|  |TAMS 0x00000000a3700000, 0x00000000a3700000| Untracked 
|  20|0x00000000a3800000, 0x00000000a3800000, 0x00000000a3900000|  0%| F|  |TAMS 0x00000000a3800000, 0x00000000a3800000| Untracked 
|  21|0x00000000a3900000, 0x00000000a3900000, 0x00000000a3a00000|  0%| F|  |TAMS 0x00000000a3900000, 0x00000000a3900000| Untracked 
|  22|0x00000000a3a00000, 0x00000000a3a00000, 0x00000000a3b00000|  0%| F|  |TAMS 0x00000000a3a00000, 0x00000000a3a00000| Untracked 
|  23|0x00000000a3b00000, 0x00000000a3b00000, 0x00000000a3c00000|  0%| F|  |TAMS 0x00000000a3b00000, 0x00000000a3b00000| Untracked 
|  24|0x00000000a3c00000, 0x00000000a3c00000, 0x00000000a3d00000|  0%| F|  |TAMS 0x00000000a3c00000, 0x00000000a3c00000| Untracked 
|  25|0x00000000a3d00000, 0x00000000a3d00000, 0x00000000a3e00000|  0%| F|  |TAMS 0x00000000a3d00000, 0x00000000a3d00000| Untracked 
|  26|0x00000000a3e00000, 0x00000000a3e00000, 0x00000000a3f00000|  0%| F|  |TAMS 0x00000000a3e00000, 0x00000000a3e00000| Untracked 
|  27|0x00000000a3f00000, 0x00000000a3f00000, 0x00000000a4000000|  0%| F|  |TAMS 0x00000000a3f00000, 0x00000000a3f00000| Untracked 
|  28|0x00000000a4000000, 0x00000000a4000000, 0x00000000a4100000|  0%| F|  |TAMS 0x00000000a4000000, 0x00000000a4000000| Untracked 
|  29|0x00000000a4100000, 0x00000000a4100000, 0x00000000a4200000|  0%| F|  |TAMS 0x00000000a4100000, 0x00000000a4100000| Untracked 
|  30|0x00000000a4200000, 0x00000000a4200000, 0x00000000a4300000|  0%| F|  |TAMS 0x00000000a4200000, 0x00000000a4200000| Untracked 
|  31|0x00000000a4300000, 0x00000000a4300000, 0x00000000a4400000|  0%| F|  |TAMS 0x00000000a4300000, 0x00000000a4300000| Untracked 
|  32|0x00000000a4400000, 0x00000000a4400000, 0x00000000a4500000|  0%| F|  |TAMS 0x00000000a4400000, 0x00000000a4400000| Untracked 
|  33|0x00000000a4500000, 0x00000000a4500000, 0x00000000a4600000|  0%| F|  |TAMS 0x00000000a4500000, 0x00000000a4500000| Untracked 
|  34|0x00000000a4600000, 0x00000000a4600000, 0x00000000a4700000|  0%| F|  |TAMS 0x00000000a4600000, 0x00000000a4600000| Untracked 
|  35|0x00000000a4700000, 0x00000000a4700000, 0x00000000a4800000|  0%| F|  |TAMS 0x00000000a4700000, 0x00000000a4700000| Untracked 
|  36|0x00000000a4800000, 0x00000000a4800000, 0x00000000a4900000|  0%| F|  |TAMS 0x00000000a4800000, 0x00000000a4800000| Untracked 
|  37|0x00000000a4900000, 0x00000000a4900000, 0x00000000a4a00000|  0%| F|  |TAMS 0x00000000a4900000, 0x00000000a4900000| Untracked 
|  38|0x00000000a4a00000, 0x00000000a4a00000, 0x00000000a4b00000|  0%| F|  |TAMS 0x00000000a4a00000, 0x00000000a4a00000| Untracked 
|  39|0x00000000a4b00000, 0x00000000a4b00000, 0x00000000a4c00000|  0%| F|  |TAMS 0x00000000a4b00000, 0x00000000a4b00000| Untracked 
|  40|0x00000000a4c00000, 0x00000000a4c00000, 0x00000000a4d00000|  0%| F|  |TAMS 0x00000000a4c00000, 0x00000000a4c00000| Untracked 
|  41|0x00000000a4d00000, 0x00000000a4d00000, 0x00000000a4e00000|  0%| F|  |TAMS 0x00000000a4d00000, 0x00000000a4d00000| Untracked 
|  42|0x00000000a4e00000, 0x00000000a4e00000, 0x00000000a4f00000|  0%| F|  |TAMS 0x00000000a4e00000, 0x00000000a4e00000| Untracked 
|  43|0x00000000a4f00000, 0x00000000a4f00000, 0x00000000a5000000|  0%| F|  |TAMS 0x00000000a4f00000, 0x00000000a4f00000| Untracked 
|  44|0x00000000a5000000, 0x00000000a5000000, 0x00000000a5100000|  0%| F|  |TAMS 0x00000000a5000000, 0x00000000a5000000| Untracked 
|  45|0x00000000a5100000, 0x00000000a5100000, 0x00000000a5200000|  0%| F|  |TAMS 0x00000000a5100000, 0x00000000a5100000| Untracked 
|  46|0x00000000a5200000, 0x00000000a5200000, 0x00000000a5300000|  0%| F|  |TAMS 0x00000000a5200000, 0x00000000a5200000| Untracked 
|  47|0x00000000a5300000, 0x00000000a5300000, 0x00000000a5400000|  0%| F|  |TAMS 0x00000000a5300000, 0x00000000a5300000| Untracked 
|  48|0x00000000a5400000, 0x00000000a5400000, 0x00000000a5500000|  0%| F|  |TAMS 0x00000000a5400000, 0x00000000a5400000| Untracked 
|  49|0x00000000a5500000, 0x00000000a5500000, 0x00000000a5600000|  0%| F|  |TAMS 0x00000000a5500000, 0x00000000a5500000| Untracked 
|  50|0x00000000a5600000, 0x00000000a5600000, 0x00000000a5700000|  0%| F|  |TAMS 0x00000000a5600000, 0x00000000a5600000| Untracked 
|  51|0x00000000a5700000, 0x00000000a5700000, 0x00000000a5800000|  0%| F|  |TAMS 0x00000000a5700000, 0x00000000a5700000| Untracked 
|  52|0x00000000a5800000, 0x00000000a5800000, 0x00000000a5900000|  0%| F|  |TAMS 0x00000000a5800000, 0x00000000a5800000| Untracked 
|  53|0x00000000a5900000, 0x00000000a5900000, 0x00000000a5a00000|  0%| F|  |TAMS 0x00000000a5900000, 0x00000000a5900000| Untracked 
|  54|0x00000000a5a00000, 0x00000000a5a00000, 0x00000000a5b00000|  0%| F|  |TAMS 0x00000000a5a00000, 0x00000000a5a00000| Untracked 
|  55|0x00000000a5b00000, 0x00000000a5b00000, 0x00000000a5c00000|  0%| F|  |TAMS 0x00000000a5b00000, 0x00000000a5b00000| Untracked 
|  56|0x00000000a5c00000, 0x00000000a5c00000, 0x00000000a5d00000|  0%| F|  |TAMS 0x00000000a5c00000, 0x00000000a5c00000| Untracked 
|  57|0x00000000a5d00000, 0x00000000a5d00000, 0x00000000a5e00000|  0%| F|  |TAMS 0x00000000a5d00000, 0x00000000a5d00000| Untracked 
|  58|0x00000000a5e00000, 0x00000000a5e00000, 0x00000000a5f00000|  0%| F|  |TAMS 0x00000000a5e00000, 0x00000000a5e00000| Untracked 
|  59|0x00000000a5f00000, 0x00000000a5f00000, 0x00000000a6000000|  0%| F|  |TAMS 0x00000000a5f00000, 0x00000000a5f00000| Untracked 
|  60|0x00000000a6000000, 0x00000000a6000000, 0x00000000a6100000|  0%| F|  |TAMS 0x00000000a6000000, 0x00000000a6000000| Untracked 
|  61|0x00000000a6100000, 0x00000000a6100000, 0x00000000a6200000|  0%| F|  |TAMS 0x00000000a6100000, 0x00000000a6100000| Untracked 
|  62|0x00000000a6200000, 0x00000000a6200000, 0x00000000a6300000|  0%| F|  |TAMS 0x00000000a6200000, 0x00000000a6200000| Untracked 
|  63|0x00000000a6300000, 0x00000000a6300000, 0x00000000a6400000|  0%| F|  |TAMS 0x00000000a6300000, 0x00000000a6300000| Untracked 
|  64|0x00000000a6400000, 0x00000000a6400000, 0x00000000a6500000|  0%| F|  |TAMS 0x00000000a6400000, 0x00000000a6400000| Untracked 
|  65|0x00000000a6500000, 0x00000000a6500000, 0x00000000a6600000|  0%| F|  |TAMS 0x00000000a6500000, 0x00000000a6500000| Untracked 
|  66|0x00000000a6600000, 0x00000000a6600000, 0x00000000a6700000|  0%| F|  |TAMS 0x00000000a6600000, 0x00000000a6600000| Untracked 
|  67|0x00000000a6700000, 0x00000000a6700000, 0x00000000a6800000|  0%| F|  |TAMS 0x00000000a6700000, 0x00000000a6700000| Untracked 
|  68|0x00000000a6800000, 0x00000000a6800000, 0x00000000a6900000|  0%| F|  |TAMS 0x00000000a6800000, 0x00000000a6800000| Untracked 
|  69|0x00000000a6900000, 0x00000000a6900000, 0x00000000a6a00000|  0%| F|  |TAMS 0x00000000a6900000, 0x00000000a6900000| Untracked 
|  70|0x00000000a6a00000, 0x00000000a6a00000, 0x00000000a6b00000|  0%| F|  |TAMS 0x00000000a6a00000, 0x00000000a6a00000| Untracked 
|  71|0x00000000a6b00000, 0x00000000a6b00000, 0x00000000a6c00000|  0%| F|  |TAMS 0x00000000a6b00000, 0x00000000a6b00000| Untracked 
|  72|0x00000000a6c00000, 0x00000000a6c00000, 0x00000000a6d00000|  0%| F|  |TAMS 0x00000000a6c00000, 0x00000000a6c00000| Untracked 
|  73|0x00000000a6d00000, 0x00000000a6d00000, 0x00000000a6e00000|  0%| F|  |TAMS 0x00000000a6d00000, 0x00000000a6d00000| Untracked 
|  74|0x00000000a6e00000, 0x00000000a6e00000, 0x00000000a6f00000|  0%| F|  |TAMS 0x00000000a6e00000, 0x00000000a6e00000| Untracked 
|  75|0x00000000a6f00000, 0x00000000a6f00000, 0x00000000a7000000|  0%| F|  |TAMS 0x00000000a6f00000, 0x00000000a6f00000| Untracked 
|  76|0x00000000a7000000, 0x00000000a7000000, 0x00000000a7100000|  0%| F|  |TAMS 0x00000000a7000000, 0x00000000a7000000| Untracked 
|  77|0x00000000a7100000, 0x00000000a7100000, 0x00000000a7200000|  0%| F|  |TAMS 0x00000000a7100000, 0x00000000a7100000| Untracked 
|  78|0x00000000a7200000, 0x00000000a7200000, 0x00000000a7300000|  0%| F|  |TAMS 0x00000000a7200000, 0x00000000a7200000| Untracked 
|  79|0x00000000a7300000, 0x00000000a7300000, 0x00000000a7400000|  0%| F|  |TAMS 0x00000000a7300000, 0x00000000a7300000| Untracked 
|  80|0x00000000a7400000, 0x00000000a7400000, 0x00000000a7500000|  0%| F|  |TAMS 0x00000000a7400000, 0x00000000a7400000| Untracked 
|  81|0x00000000a7500000, 0x00000000a7500000, 0x00000000a7600000|  0%| F|  |TAMS 0x00000000a7500000, 0x00000000a7500000| Untracked 
|  82|0x00000000a7600000, 0x00000000a7600000, 0x00000000a7700000|  0%| F|  |TAMS 0x00000000a7600000, 0x00000000a7600000| Untracked 
|  83|0x00000000a7700000, 0x00000000a7700000, 0x00000000a7800000|  0%| F|  |TAMS 0x00000000a7700000, 0x00000000a7700000| Untracked 
|  84|0x00000000a7800000, 0x00000000a7800000, 0x00000000a7900000|  0%| F|  |TAMS 0x00000000a7800000, 0x00000000a7800000| Untracked 
|  85|0x00000000a7900000, 0x00000000a7900000, 0x00000000a7a00000|  0%| F|  |TAMS 0x00000000a7900000, 0x00000000a7900000| Untracked 
|  86|0x00000000a7a00000, 0x00000000a7a00000, 0x00000000a7b00000|  0%| F|  |TAMS 0x00000000a7a00000, 0x00000000a7a00000| Untracked 
|  87|0x00000000a7b00000, 0x00000000a7b818e0, 0x00000000a7c00000| 50%| S|CS|TAMS 0x00000000a7b00000, 0x00000000a7b00000| Complete 
|  88|0x00000000a7c00000, 0x00000000a7d00000, 0x00000000a7d00000|100%| S|CS|TAMS 0x00000000a7c00000, 0x00000000a7c00000| Complete 
|  89|0x00000000a7d00000, 0x00000000a7e00000, 0x00000000a7e00000|100%| S|CS|TAMS 0x00000000a7d00000, 0x00000000a7d00000| Complete 
|  90|0x00000000a7e00000, 0x00000000a7f00000, 0x00000000a7f00000|100%| S|CS|TAMS 0x00000000a7e00000, 0x00000000a7e00000| Complete 
|  91|0x00000000a7f00000, 0x00000000a7f00000, 0x00000000a8000000|  0%| F|  |TAMS 0x00000000a7f00000, 0x00000000a7f00000| Untracked 
|  92|0x00000000a8000000, 0x00000000a8000000, 0x00000000a8100000|  0%| F|  |TAMS 0x00000000a8000000, 0x00000000a8000000| Untracked 
|  93|0x00000000a8100000, 0x00000000a81d0f50, 0x00000000a8200000| 81%| E|  |TAMS 0x00000000a8100000, 0x00000000a8100000| Complete 

Card table byte_map: [0x0000019f28940000,0x0000019f28c30000] _byte_map_base: 0x0000019f2842e000

Marking Bits (Prev, Next): (CMBitMap*) 0x0000019f106bd080, (CMBitMap*) 0x0000019f106bd048
 Prev Bits: [0x0000019f2a690000, 0x0000019f2be00000)
 Next Bits: [0x0000019f28f20000, 0x0000019f2a690000)

Polling page: 0x0000019f10770000

Metaspace:

Usage:
  Non-class:     12.08 MB capacity,    11.82 MB ( 98%) used,   228.44 KB (  2%) free+waste,    39.06 KB ( <1%) overhead. 
      Class:      1.63 MB capacity,     1.47 MB ( 90%) used,   144.15 KB (  9%) free+waste,    19.69 KB (  1%) overhead. 
       Both:     13.71 MB capacity,    13.29 MB ( 97%) used,   372.59 KB (  3%) free+waste,    58.75 KB ( <1%) overhead. 

Virtual space:
  Non-class space:       18.00 MB reserved,      12.25 MB ( 68%) committed 
      Class space:        1.00 GB reserved,       1.75 MB ( <1%) committed 
             Both:        1.02 GB reserved,      14.00 MB (  1%) committed 

Chunk freelists:
   Non-Class:  5.38 KB
       Class:  3.50 KB
        Both:  8.88 KB

CodeHeap 'non-profiled nmethods': size=120000Kb used=372Kb max_used=372Kb free=119627Kb
 bounds [0x0000019f20490000, 0x0000019f20700000, 0x0000019f279c0000]
CodeHeap 'profiled nmethods': size=120000Kb used=1919Kb max_used=1919Kb free=118080Kb
 bounds [0x0000019f18f60000, 0x0000019f191d0000, 0x0000019f20490000]
CodeHeap 'non-nmethods': size=5760Kb used=1159Kb max_used=1164Kb free=4600Kb
 bounds [0x0000019f189c0000, 0x0000019f18c30000, 0x0000019f18f60000]
 total_blobs=1841 nmethods=1112 adapters=403
 compilation: enabled
              stopped_count=0, restarted_count=0
 full_count=0

Compilation events (10 events):
Event: 0.643 Thread 0x0000019f2eaf0800 1108       3       jdk.internal.org.objectweb.asm.MethodWriter::visitMaxs (1144 bytes)
Event: 0.645 Thread 0x0000019f2eaf0800 nmethod 1108 0x0000019f19133f10 code [0x0000019f19134420, 0x0000019f19136db0]
Event: 0.645 Thread 0x0000019f2eaf0800 1105       3       sun.invoke.util.VerifyAccess::isTypeVisible (47 bytes)
Event: 0.645 Thread 0x0000019f2eaf0800 nmethod 1105 0x0000019f19138710 code [0x0000019f19138900, 0x0000019f19138d40]
Event: 0.645 Thread 0x0000019f2eaf0800 1106       3       jdk.internal.org.objectweb.asm.MethodWriter::visitLabel (321 bytes)
Event: 0.646 Thread 0x0000019f2eaf0800 nmethod 1106 0x0000019f19138f10 code [0x0000019f19139180, 0x0000019f19139e30]
Event: 0.646 Thread 0x0000019f2eaf0800 1107       3       jdk.internal.org.objectweb.asm.MethodWriter::noSuccessor (95 bytes)
Event: 0.646 Thread 0x0000019f2eaf0800 nmethod 1107 0x0000019f1913a110 code [0x0000019f1913a320, 0x0000019f1913a990]
Event: 0.646 Thread 0x0000019f2eaf0800 1109       3       jdk.internal.org.objectweb.asm.MethodWriter::visitEnd (1 bytes)
Event: 0.646 Thread 0x0000019f2eaf0800 nmethod 1109 0x0000019f1913ab90 code [0x0000019f1913ad40, 0x0000019f1913ae98]

GC Heap History (2 events):
Event: 0.618 GC heap before
{Heap before GC invocations=0 (full 0):
 garbage-first heap   total 96256K, used 23552K [0x00000000a2400000, 0x0000000100000000)
  region size 1024K, 24 young (24576K), 0 survivors (0K)
 Metaspace       used 12331K, capacity 12684K, committed 12800K, reserved 1060864K
  class space    used 1315K, capacity 1469K, committed 1536K, reserved 1048576K
}
Event: 0.621 GC heap after
{Heap after GC invocations=1 (full 0):
 garbage-first heap   total 96256K, used 2911K [0x00000000a2400000, 0x0000000100000000)
  region size 1024K, 3 young (3072K), 3 survivors (3072K)
 Metaspace       used 12331K, capacity 12684K, committed 12800K, reserved 1060864K
  class space    used 1315K, capacity 1469K, committed 1536K, reserved 1048576K
}

Deoptimization events (10 events):
Event: 0.264 Thread 0x0000019f10684000 Uncommon trap: reason=unstable_if action=reinterpret pc=0x0000019f204aaf44 method=java.lang.String.startsWith(Ljava/lang/String;I)Z @ 14 c2
Event: 0.284 Thread 0x0000019f10684000 Uncommon trap: reason=unstable_if action=reinterpret pc=0x0000019f204bacf4 method=jdk.internal.module.Checks.isJavaIdentifier(Ljava/lang/CharSequence;)Z @ 6 c2
Event: 0.290 Thread 0x0000019f10684000 Uncommon trap: reason=unstable_if action=reinterpret pc=0x0000019f204cb9a8 method=java.lang.String.startsWith(Ljava/lang/String;I)Z @ 1 c2
Event: 0.294 Thread 0x0000019f10684000 Uncommon trap: reason=unstable_if action=reinterpret pc=0x0000019f204ab9ec method=jdk.internal.module.Checks.isJavaIdentifier(Ljava/lang/CharSequence;)Z @ 6 c2
Event: 0.509 Thread 0x0000019f10684000 Uncommon trap: reason=unstable_if action=reinterpret pc=0x0000019f204de1f4 method=jdk.internal.org.objectweb.asm.Item.isEqualTo(Ljdk/internal/org/objectweb/asm/Item;)Z @ 317 c2
Event: 0.579 Thread 0x0000019f2ffae000 Uncommon trap: reason=class_check action=maybe_recompile pc=0x0000019f204b759c method=java.util.HashMap.putVal(ILjava/lang/Object;Ljava/lang/Object;ZZ)Ljava/lang/Object; @ 91 c2
Event: 0.579 Thread 0x0000019f2ffae000 Uncommon trap: reason=class_check action=maybe_recompile pc=0x0000019f204b759c method=java.util.HashMap.putVal(ILjava/lang/Object;Ljava/lang/Object;ZZ)Ljava/lang/Object; @ 91 c2
Event: 0.580 Thread 0x0000019f2ffae000 Uncommon trap: reason=class_check action=maybe_recompile pc=0x0000019f204b759c method=java.util.HashMap.putVal(ILjava/lang/Object;Ljava/lang/Object;ZZ)Ljava/lang/Object; @ 91 c2
Event: 0.580 Thread 0x0000019f2ffae000 Uncommon trap: reason=class_check action=maybe_recompile pc=0x0000019f204b759c method=java.util.HashMap.putVal(ILjava/lang/Object;Ljava/lang/Object;ZZ)Ljava/lang/Object; @ 91 c2
Event: 0.584 Thread 0x0000019f10684000 Uncommon trap: reason=unstable_if action=reinterpret pc=0x0000019f204dd6b4 method=jdk.internal.org.objectweb.asm.Type.getArgumentsAndReturnSizes(Ljava/lang/String;)I @ 88 c2

Classes redefined (0 events):
No events

Internal exceptions (10 events):
Event: 0.526 Thread 0x0000019f10684000 Exception <a 'java/lang/NoSuchMethodError'{0x00000000a709e970}: java.lang.invoke.DirectMethodHandle$Holder.invokeStatic(Ljava/lang/Object;Ljava/lang/Object;ILjava/lang/Object;)Ljava/lang/Object;> (0x00000000a709e970) thrown at [t:/workspace/open/src/hotsp
Event: 0.526 Thread 0x0000019f10684000 Exception <a 'java/lang/NoSuchMethodError'{0x00000000a70a5440}: java.lang.invoke.Invokers$Holder.linkToTargetMethod(Ljava/lang/Object;ILjava/lang/Object;Ljava/lang/Object;)Ljava/lang/Object;> (0x00000000a70a5440) thrown at [t:/workspace/open/src/hotspot/s
Event: 0.572 Thread 0x0000019f2ffae000 Exception <a 'java/lang/NoSuchMethodError'{0x00000000a6d100d0}: java.lang.invoke.DirectMethodHandle$Holder.invokeStaticInit(Ljava/lang/Object;)V> (0x00000000a6d100d0) thrown at [t:/workspace/open/src/hotspot/share/interpreter/linkResolver.cpp, line 772]
Event: 0.573 Thread 0x0000019f10684000 Exception <a 'java/lang/NoSuchMethodError'{0x00000000a70b51b0}: java.lang.invoke.Invokers$Holder.linkToTargetMethod(Ljava/lang/Object;Ljava/lang/Object;Ljava/lang/Object;Ljava/lang/Object;Ljava/lang/Object;Ljava/lang/Object;)Ljava/lang/Object;> (0x0000000
Event: 0.633 Thread 0x0000019f2ffae000 Exception <a 'java/lang/NoSuchMethodError'{0x00000000a80690b8}: java.lang.invoke.DirectMethodHandle$Holder.invokeStatic(Ljava/lang/Object;Ljava/lang/Object;Ljava/lang/Object;Ljava/lang/Object;Ljava/lang/Object;Ljava/lang/Object;Ljava/lang/Object;Ljava/lan
Event: 0.633 Thread 0x0000019f2ffae000 Exception <a 'java/lang/NoSuchMethodError'{0x00000000a8076e18}: java.lang.invoke.DirectMethodHandle$Holder.invokeStatic(Ljava/lang/Object;Ljava/lang/Object;Ljava/lang/Object;Ljava/lang/Object;Ljava/lang/Object;Ljava/lang/Object;Ljava/lang/Object;Ljava/lan
Event: 0.634 Thread 0x0000019f2ffae000 Exception <a 'java/lang/NoSuchMethodError'{0x00000000a8084d70}: java.lang.invoke.DirectMethodHandle$Holder.invokeSpecial(Ljava/lang/Object;Ljava/lang/Object;IILjava/lang/Object;Ljava/lang/Object;Ljava/lang/Object;)Ljava/lang/Object;> (0x00000000a8084d70) 
Event: 0.634 Thread 0x0000019f2ffae000 Exception <a 'java/lang/NoSuchMethodError'{0x00000000a80882f8}: java.lang.invoke.DelegatingMethodHandle$Holder.reinvoke_L(Ljava/lang/Object;IILjava/lang/Object;Ljava/lang/Object;Ljava/lang/Object;)Ljava/lang/Object;> (0x00000000a80882f8) thrown at [t:/wor
Event: 0.634 Thread 0x0000019f2ffae000 Exception <a 'java/lang/NoSuchMethodError'{0x00000000a808c6b0}: java.lang.invoke.DirectMethodHandle$Holder.invokeStatic(Ljava/lang/Object;Ljava/lang/Object;Ljava/lang/Object;Ljava/lang/Object;I)Ljava/lang/Object;> (0x00000000a808c6b0) thrown at [t:/worksp
Event: 0.643 Thread 0x0000019f2ffae000 Exception <a 'sun/nio/fs/WindowsException'{0x00000000a7f35d50}> (0x00000000a7f35d50) thrown at [t:/workspace/open/src/hotspot/share/prims/jni.cpp, line 615]

Events (10 events):
Event: 0.645 loading class com/sun/org/apache/xerces/internal/utils/XMLSecurityManager$State
Event: 0.645 loading class com/sun/org/apache/xerces/internal/utils/XMLSecurityManager$State done
Event: 0.646 loading class com/sun/org/apache/xerces/internal/utils/XMLSecurityManager$NameMap
Event: 0.646 loading class com/sun/org/apache/xerces/internal/utils/XMLSecurityManager$NameMap done
Event: 0.646 loading class com/sun/org/apache/xerces/internal/utils/XMLSecurityPropertyManager
Event: 0.646 loading class com/sun/org/apache/xerces/internal/utils/XMLSecurityPropertyManager done
Event: 0.646 loading class com/sun/org/apache/xerces/internal/utils/XMLSecurityPropertyManager$State
Event: 0.646 loading class com/sun/org/apache/xerces/internal/utils/XMLSecurityPropertyManager$State done
Event: 0.646 loading class com/sun/org/apache/xerces/internal/utils/XMLSecurityPropertyManager$Property
Event: 0.646 loading class com/sun/org/apache/xerces/internal/utils/XMLSecurityPropertyManager$Property done


Dynamic libraries:
0x00007ff7692f0000 - 0x00007ff769335000 	C:\Program Files\Java\jdk-11\bin\java.exe
0x00007ffe6ce10000 - 0x00007ffe6d027000 	C:\WINDOWS\SYSTEM32\ntdll.dll
0x00007ffe6ab60000 - 0x00007ffe6ac24000 	C:\WINDOWS\System32\KERNEL32.DLL
0x00007ffe6a690000 - 0x00007ffe6aa36000 	C:\WINDOWS\System32\KERNELBASE.dll
0x00007ffe6c8e0000 - 0x00007ffe6ca8e000 	C:\WINDOWS\System32\USER32.dll
0x00007ffe6ab30000 - 0x00007ffe6ab56000 	C:\WINDOWS\System32\win32u.dll
0x00007ffe6cd60000 - 0x00007ffe6cd89000 	C:\WINDOWS\System32\GDI32.dll
0x00007ffe6a180000 - 0x00007ffe6a298000 	C:\WINDOWS\System32\gdi32full.dll
0x00007ffe6a410000 - 0x00007ffe6a4aa000 	C:\WINDOWS\System32\msvcp_win.dll
0x00007ffe6a570000 - 0x00007ffe6a681000 	C:\WINDOWS\System32\ucrtbase.dll
0x00007ffe4d090000 - 0x00007ffe4d323000 	C:\WINDOWS\WinSxS\amd64_microsoft.windows.common-controls_6595b64144ccf1df_6.0.22621.2506_none_270c5ae97388e100\COMCTL32.dll
0x00007ffe6c7d0000 - 0x00007ffe6c877000 	C:\WINDOWS\System32\msvcrt.dll
0x00007ffe6c6c0000 - 0x00007ffe6c6f1000 	C:\WINDOWS\System32\IMM32.DLL
0x00007ffda6af0000 - 0x00007ffda6b06000 	C:\Program Files\Java\jdk-11\bin\vcruntime140.dll
0x00007ffda6a40000 - 0x00007ffda6aea000 	C:\Program Files\Java\jdk-11\bin\msvcp140.dll
0x00007ffda18c0000 - 0x00007ffda2401000 	C:\Program Files\Java\jdk-11\bin\server\jvm.dll
0x00007ffe6c700000 - 0x00007ffe6c7b1000 	C:\WINDOWS\System32\ADVAPI32.dll
0x00007ffe6adc0000 - 0x00007ffe6ae65000 	C:\WINDOWS\System32\sechost.dll
0x00007ffe6b210000 - 0x00007ffe6b327000 	C:\WINDOWS\System32\RPCRT4.dll
0x00007ffe6aef0000 - 0x00007ffe6aef8000 	C:\WINDOWS\System32\PSAPI.DLL
0x00007ffe52a60000 - 0x00007ffe52a69000 	C:\WINDOWS\SYSTEM32\WSOCK32.dll
0x00007ffe62140000 - 0x00007ffe62174000 	C:\WINDOWS\SYSTEM32\WINMM.dll
0x00007ffe60dd0000 - 0x00007ffe60dda000 	C:\WINDOWS\SYSTEM32\VERSION.dll
0x00007ffe6af00000 - 0x00007ffe6af71000 	C:\WINDOWS\System32\WS2_32.dll
0x00007ffe69270000 - 0x00007ffe69288000 	C:\WINDOWS\SYSTEM32\kernel.appcore.dll
0x00007ffda6a20000 - 0x00007ffda6a31000 	C:\Program Files\Java\jdk-11\bin\verify.dll
0x00007ffe67b40000 - 0x00007ffe67d73000 	C:\WINDOWS\SYSTEM32\DBGHELP.DLL
0x00007ffe6b330000 - 0x00007ffe6b6b9000 	C:\WINDOWS\System32\combase.dll
0x00007ffe6ac30000 - 0x00007ffe6ad07000 	C:\WINDOWS\System32\OLEAUT32.dll
0x00007ffe570a0000 - 0x00007ffe570d2000 	C:\WINDOWS\SYSTEM32\dbgcore.DLL
0x00007ffe6aa40000 - 0x00007ffe6aaba000 	C:\WINDOWS\System32\bcryptPrimitives.dll
0x00007ffda69f0000 - 0x00007ffda6a18000 	C:\Program Files\Java\jdk-11\bin\java.dll
0x00007ffe59c80000 - 0x00007ffe59caf000 	C:\Program Files\Java\jdk-11\bin\instrument.dll
0x00007ffda69d0000 - 0x00007ffda69e6000 	C:\Program Files\Java\jdk-11\bin\zip.dll
0x00007ffda69c0000 - 0x00007ffda69ca000 	C:\Program Files\Java\jdk-11\bin\jimage.dll
0x00007ffe6b810000 - 0x00007ffe6c06a000 	C:\WINDOWS\System32\SHELL32.dll
0x00007ffe680b0000 - 0x00007ffe689a6000 	C:\WINDOWS\SYSTEM32\windows.storage.dll
0x00007ffe67f70000 - 0x00007ffe680ae000 	C:\WINDOWS\SYSTEM32\wintypes.dll
0x00007ffe6ca90000 - 0x00007ffe6cb83000 	C:\WINDOWS\System32\SHCORE.dll
0x00007ffe6b1b0000 - 0x00007ffe6b20e000 	C:\WINDOWS\System32\shlwapi.dll
0x00007ffe6a0b0000 - 0x00007ffe6a0d6000 	C:\WINDOWS\SYSTEM32\profapi.dll
0x00007ffda69a0000 - 0x00007ffda69b9000 	C:\Program Files\Java\jdk-11\bin\net.dll
0x00007ffe63f10000 - 0x00007ffe64047000 	C:\WINDOWS\SYSTEM32\WINHTTP.dll
0x00007ffe696f0000 - 0x00007ffe69759000 	C:\WINDOWS\system32\mswsock.dll
0x00007ffda6980000 - 0x00007ffda6993000 	C:\Program Files\Java\jdk-11\bin\nio.dll
0x00007ffe59a30000 - 0x00007ffe59a4a000 	C:\Program Files\JetBrains\IntelliJ IDEA Community Edition 2022.2.2\bin\breakgen64.dll
0x0000019f31210000 - 0x0000019f31213000 	C:\Users\dzang\.openjfx\cache\17.0.2-ea\api-ms-win-core-console-l1-1-0.dll
0x0000019f31220000 - 0x0000019f31223000 	C:\Users\dzang\.openjfx\cache\17.0.2-ea\api-ms-win-core-console-l1-2-0.dll
0x0000019f31230000 - 0x0000019f31233000 	C:\Users\dzang\.openjfx\cache\17.0.2-ea\api-ms-win-core-datetime-l1-1-0.dll
0x0000019f31240000 - 0x0000019f31243000 	C:\Users\dzang\.openjfx\cache\17.0.2-ea\api-ms-win-core-debug-l1-1-0.dll
0x0000019f31250000 - 0x0000019f31253000 	C:\Users\dzang\.openjfx\cache\17.0.2-ea\api-ms-win-core-errorhandling-l1-1-0.dll
0x0000019f31260000 - 0x0000019f31264000 	C:\Users\dzang\.openjfx\cache\17.0.2-ea\api-ms-win-core-file-l1-1-0.dll
0x0000019f31270000 - 0x0000019f31273000 	C:\Users\dzang\.openjfx\cache\17.0.2-ea\api-ms-win-core-file-l1-2-0.dll
0x0000019f31280000 - 0x0000019f31283000 	C:\Users\dzang\.openjfx\cache\17.0.2-ea\api-ms-win-core-file-l2-1-0.dll
0x0000019f31290000 - 0x0000019f31293000 	C:\Users\dzang\.openjfx\cache\17.0.2-ea\api-ms-win-core-handle-l1-1-0.dll
0x0000019f312a0000 - 0x0000019f312a3000 	C:\Users\dzang\.openjfx\cache\17.0.2-ea\api-ms-win-core-heap-l1-1-0.dll
0x0000019f312b0000 - 0x0000019f312b3000 	C:\Users\dzang\.openjfx\cache\17.0.2-ea\api-ms-win-core-interlocked-l1-1-0.dll
0x0000019f312c0000 - 0x0000019f312c3000 	C:\Users\dzang\.openjfx\cache\17.0.2-ea\api-ms-win-core-libraryloader-l1-1-0.dll
0x0000019f312d0000 - 0x0000019f312d3000 	C:\Users\dzang\.openjfx\cache\17.0.2-ea\api-ms-win-core-localization-l1-2-0.dll
0x0000019f312e0000 - 0x0000019f312e3000 	C:\Users\dzang\.openjfx\cache\17.0.2-ea\api-ms-win-core-memory-l1-1-0.dll
0x0000019f312f0000 - 0x0000019f312f3000 	C:\Users\dzang\.openjfx\cache\17.0.2-ea\api-ms-win-core-namedpipe-l1-1-0.dll
0x0000019f31300000 - 0x0000019f31303000 	C:\Users\dzang\.openjfx\cache\17.0.2-ea\api-ms-win-core-processenvironment-l1-1-0.dll
0x0000019f31310000 - 0x0000019f31313000 	C:\Users\dzang\.openjfx\cache\17.0.2-ea\api-ms-win-core-processthreads-l1-1-0.dll
0x0000019f31320000 - 0x0000019f31323000 	C:\Users\dzang\.openjfx\cache\17.0.2-ea\api-ms-win-core-processthreads-l1-1-1.dll
0x0000019f31330000 - 0x0000019f31333000 	C:\Users\dzang\.openjfx\cache\17.0.2-ea\api-ms-win-core-profile-l1-1-0.dll
0x0000019f31340000 - 0x0000019f31343000 	C:\Users\dzang\.openjfx\cache\17.0.2-ea\api-ms-win-core-rtlsupport-l1-1-0.dll
0x0000019f31350000 - 0x0000019f31353000 	C:\Users\dzang\.openjfx\cache\17.0.2-ea\api-ms-win-core-string-l1-1-0.dll
0x0000019f31360000 - 0x0000019f31363000 	C:\Users\dzang\.openjfx\cache\17.0.2-ea\api-ms-win-core-synch-l1-1-0.dll
0x0000019f31370000 - 0x0000019f31373000 	C:\Users\dzang\.openjfx\cache\17.0.2-ea\api-ms-win-core-synch-l1-2-0.dll
0x0000019f31380000 - 0x0000019f31383000 	C:\Users\dzang\.openjfx\cache\17.0.2-ea\api-ms-win-core-sysinfo-l1-1-0.dll
0x0000019f31390000 - 0x0000019f31393000 	C:\Users\dzang\.openjfx\cache\17.0.2-ea\api-ms-win-core-timezone-l1-1-0.dll
0x0000019f313a0000 - 0x0000019f313a3000 	C:\Users\dzang\.openjfx\cache\17.0.2-ea\api-ms-win-core-util-l1-1-0.dll
0x0000019f313b0000 - 0x0000019f313b3000 	C:\Users\dzang\.openjfx\cache\17.0.2-ea\api-ms-win-crt-conio-l1-1-0.dll
0x0000019f313c0000 - 0x0000019f313c4000 	C:\Users\dzang\.openjfx\cache\17.0.2-ea\api-ms-win-crt-convert-l1-1-0.dll
0x0000019f313d0000 - 0x0000019f313d3000 	C:\Users\dzang\.openjfx\cache\17.0.2-ea\api-ms-win-crt-environment-l1-1-0.dll
0x0000019f313e0000 - 0x0000019f313e3000 	C:\Users\dzang\.openjfx\cache\17.0.2-ea\api-ms-win-crt-filesystem-l1-1-0.dll
0x0000019f313f0000 - 0x0000019f313f3000 	C:\Users\dzang\.openjfx\cache\17.0.2-ea\api-ms-win-crt-heap-l1-1-0.dll
0x0000019f31400000 - 0x0000019f31403000 	C:\Users\dzang\.openjfx\cache\17.0.2-ea\api-ms-win-crt-locale-l1-1-0.dll
0x0000019f31410000 - 0x0000019f31415000 	C:\Users\dzang\.openjfx\cache\17.0.2-ea\api-ms-win-crt-math-l1-1-0.dll
0x0000019f31420000 - 0x0000019f31425000 	C:\Users\dzang\.openjfx\cache\17.0.2-ea\api-ms-win-crt-multibyte-l1-1-0.dll
0x0000019f31430000 - 0x0000019f31440000 	C:\Users\dzang\.openjfx\cache\17.0.2-ea\api-ms-win-crt-private-l1-1-0.dll
0x0000019f31440000 - 0x0000019f31443000 	C:\Users\dzang\.openjfx\cache\17.0.2-ea\api-ms-win-crt-process-l1-1-0.dll
0x0000019f31450000 - 0x0000019f31454000 	C:\Users\dzang\.openjfx\cache\17.0.2-ea\api-ms-win-crt-runtime-l1-1-0.dll
0x0000019f31460000 - 0x0000019f31464000 	C:\Users\dzang\.openjfx\cache\17.0.2-ea\api-ms-win-crt-stdio-l1-1-0.dll
0x0000019f31470000 - 0x0000019f31474000 	C:\Users\dzang\.openjfx\cache\17.0.2-ea\api-ms-win-crt-string-l1-1-0.dll
0x0000019f31480000 - 0x0000019f31483000 	C:\Users\dzang\.openjfx\cache\17.0.2-ea\api-ms-win-crt-time-l1-1-0.dll
0x0000019f31490000 - 0x0000019f31493000 	C:\Users\dzang\.openjfx\cache\17.0.2-ea\api-ms-win-crt-utility-l1-1-0.dll
0x00007ffe597f0000 - 0x00007ffe598ec000 	C:\Users\dzang\.openjfx\cache\17.0.2-ea\ucrtbase.dll
0x00007ffe599c0000 - 0x00007ffe599da000 	C:\Users\dzang\.openjfx\cache\17.0.2-ea\vcruntime140.dll
0x00007ffe59a10000 - 0x00007ffe59a1c000 	C:\Users\dzang\.openjfx\cache\17.0.2-ea\vcruntime140_1.dll
0x00007ffe59760000 - 0x00007ffe597ed000 	C:\Users\dzang\.openjfx\cache\17.0.2-ea\msvcp140.dll
0x00007ffe59950000 - 0x00007ffe5997a000 	C:\Users\dzang\.openjfx\cache\17.0.2-ea\prism_d3d.dll
0x00007ffe03700000 - 0x00007ffe038a9000 	C:\WINDOWS\system32\d3d9.dll
0x00007ffe67080000 - 0x00007ffe670ab000 	C:\WINDOWS\SYSTEM32\dwmapi.dll
0x00007ffe675b0000 - 0x00007ffe675e6000 	C:\WINDOWS\SYSTEM32\dxcore.dll
0x00007ffe66e00000 - 0x00007ffe66eab000 	C:\WINDOWS\system32\uxtheme.dll
0x00007ffe60ba0000 - 0x00007ffe60d5b000 	C:\WINDOWS\System32\DriverStore\FileRepository\u0387352.inf_amd64_ce4ceb13d73334be\B385477\aticfx64.dll
0x00007ffdbc910000 - 0x00007ffdbc944000 	C:\WINDOWS\System32\DriverStore\FileRepository\u0387352.inf_amd64_ce4ceb13d73334be\B385477\atiu9p64.dll
0x00007ffdbbbb0000 - 0x00007ffdbc905000 	C:\WINDOWS\System32\DriverStore\FileRepository\u0387352.inf_amd64_ce4ceb13d73334be\B385477\atiumd64.dll
0x00007ffe6af80000 - 0x00007ffe6b120000 	C:\WINDOWS\System32\ole32.dll
0x000000005bec0000 - 0x000000005cde7000 	C:\WINDOWS\System32\DriverStore\FileRepository\u0387352.inf_amd64_ce4ceb13d73334be\B385477\atiumd6a.dll
0x00007ffe6c1f0000 - 0x00007ffe6c664000 	C:\WINDOWS\System32\SETUPAPI.dll
0x00007ffe68fd0000 - 0x00007ffe6901d000 	C:\WINDOWS\SYSTEM32\POWRPROF.dll
0x00007ffe68fb0000 - 0x00007ffe68fc3000 	C:\WINDOWS\SYSTEM32\UMPDC.dll
0x00007ffe5f2d0000 - 0x00007ffe5f305000 	C:\WINDOWS\SYSTEM32\amdihk64.dll
0x00007ffe623d0000 - 0x00007ffe6241a000 	C:\WINDOWS\SYSTEM32\directxdatabasehelper.dll
0x00007ffe59710000 - 0x00007ffe59752000 	C:\Users\dzang\.openjfx\cache\17.0.2-ea\glass.dll
0x00007ffe6c0f0000 - 0x00007ffe6c1e9000 	C:\WINDOWS\System32\COMDLG32.dll
0x00007ffe6b6c0000 - 0x00007ffe6b810000 	C:\WINDOWS\System32\MSCTF.dll

dbghelp: loaded successfully - version: 4.0.5 - missing functions: none
symbol engine: initialized successfully - sym options: 0x614 - pdb path: .;C:\Program Files\Java\jdk-11\bin;C:\WINDOWS\SYSTEM32;C:\WINDOWS\WinSxS\amd64_microsoft.windows.common-controls_6595b64144ccf1df_6.0.22621.2506_none_270c5ae97388e100;C:\Program Files\Java\jdk-11\bin\server;C:\Program Files\JetBrains\IntelliJ IDEA Community Edition 2022.2.2\bin;C:\Users\dzang\.openjfx\cache\17.0.2-ea;C:\WINDOWS\System32\DriverStore\FileRepository\u0387352.inf_amd64_ce4ceb13d73334be\B385477

VM Arguments:
jvm_args: -javaagent:C:\Program Files\JetBrains\IntelliJ IDEA Community Edition 2022.2.2\lib\idea_rt.jar=63918:C:\Program Files\JetBrains\IntelliJ IDEA Community Edition 2022.2.2\bin -Dfile.encoding=UTF-8 --module-path=C:\Users\dzang\.m2\repository\org\openjfx\javafx-controls\17.0.2\javafx-controls-17.0.2-win.jar;C:\Users\dzang\.m2\repository\com\google\zxing\core\3.5.2\core-3.5.2.jar;C:\Users\dzang\.m2\repository\org\openjfx\javafx-base\17.0.2\javafx-base-17.0.2-win.jar;C:\Users\dzang\IdeaProjects\FinalProjectSoftware\target\classes;C:\Users\dzang\.m2\repository\org\openjfx\javafx-graphics\17.0.2\javafx-graphics-17.0.2-win.jar;C:\Users\dzang\.m2\repository\org\openjfx\javafx-fxml\17.0.2\javafx-fxml-17.0.2-win.jar -Djdk.module.main=com.example.finalprojectsoftware 
java_command: com.example.finalprojectsoftware/com.example.finalprojectsoftware.HelloApplication
java_class_path (initial): C:\Users\dzang\.m2\repository\org\openjfx\javafx-controls\17.0.2\javafx-controls-17.0.2.jar;C:\Users\dzang\.m2\repository\org\openjfx\javafx-graphics\17.0.2\javafx-graphics-17.0.2.jar;C:\Users\dzang\.m2\repository\org\openjfx\javafx-base\17.0.2\javafx-base-17.0.2.jar;C:\Users\dzang\.m2\repository\org\openjfx\javafx-fxml\17.0.2\javafx-fxml-17.0.2.jar;C:\Users\dzang\.m2\repository\org\postgresql\postgresql\42.6.0\postgresql-42.6.0.jar;C:\Users\dzang\.m2\repository\org\checkerframework\checker-qual\3.31.0\checker-qual-3.31.0.jar;C:\Users\dzang\.m2\repository\com\google\zxing\javase\3.5.2\javase-3.5.2.jar;C:\Users\dzang\.m2\repository\com\beust\jcommander\1.82\jcommander-1.82.jar;C:\Users\dzang\.m2\repository\com\github\jai-imageio\jai-imageio-core\1.4.0\jai-imageio-core-1.4.0.jar
Launcher Type: SUN_STANDARD

[Global flags]
     intx CICompilerCount                          = 4                                         {product} {ergonomic}
     uint ConcGCThreads                            = 3                                         {product} {ergonomic}
     uint G1ConcRefinementThreads                  = 10                                        {product} {ergonomic}
   size_t G1HeapRegionSize                         = 1048576                                   {product} {ergonomic}
    uintx GCDrainStackTargetSize                   = 64                                        {product} {ergonomic}
   size_t InitialHeapSize                          = 98566144                                  {product} {ergonomic}
   size_t MarkStackSize                            = 4194304                                   {product} {ergonomic}
   size_t MaxHeapSize                              = 1572864000                                {product} {ergonomic}
   size_t MaxNewSize                               = 943718400                                 {product} {ergonomic}
   size_t MinHeapDeltaBytes                        = 1048576                                   {product} {ergonomic}
    uintx NonNMethodCodeHeapSize                   = 5835340                                {pd product} {ergonomic}
    uintx NonProfiledCodeHeapSize                  = 122911450                              {pd product} {ergonomic}
    uintx ProfiledCodeHeapSize                     = 122911450                              {pd product} {ergonomic}
    uintx ReservedCodeCacheSize                    = 251658240                              {pd product} {ergonomic}
     bool SegmentedCodeCache                       = true                                      {product} {ergonomic}
     bool UseCompressedClassPointers               = true                                 {lp64_product} {ergonomic}
     bool UseCompressedOops                        = true                                 {lp64_product} {ergonomic}
     bool UseG1GC                                  = true                                      {product} {ergonomic}
     bool UseLargePagesIndividualAllocation        = false                                  {pd product} {ergonomic}

Logging:
Log output configuration:
 #0: stdout all=warning uptime,level,tags
 #1: stderr all=off uptime,level,tags

Environment Variables:
JAVA_HOME=C:\Program Files\Java\jdk-11
PATH=C:\Program Files\Common Files\Oracle\Java\javapath;C:\Program Files (x86)\Common Files\Oracle\Java\javapath;C:\WINDOWS\system32;C:\WINDOWS;C:\WINDOWS\System32\Wbem;C:\WINDOWS\System32\WindowsPowerShell\v1.0\;C:\WINDOWS\System32\OpenSSH\;C:\Program Files\nodejs\;C:\MinGW\bin;C:\Users\dzang\AppData\Local\Programs\Python\Python311\Scripts\;C:\Users\dzang\AppData\Local\Programs\Python\Python311\;C:\Program Files\MySQL\MySQL Shell 8.0\bin\;C:\Users\dzang\AppData\Local\Microsoft\WindowsApps;C:\Users\dzang\AppData\Roaming\npm;C:\Users\dzang\AppData\Local\Programs\Microsoft VS Code\bin
USERNAME=dzang
OS=Windows_NT
PROCESSOR_IDENTIFIER=AMD64 Family 25 Model 80 Stepping 0, AuthenticAMD



---------------  S Y S T E M  ---------------

OS: Windows 10 , 64 bit Build 22621 (10.0.22621.2506)

CPU:total 12 (initial active 12) (12 cores per cpu, 2 threads per core) family 25 model 80 stepping 0, cmov, cx8, fxsr, mmx, sse, sse2, sse3, ssse3, sse4.1, sse4.2, popcnt, avx, avx2, aes, clmul, erms, mmxext, 3dnowpref, lzcnt, sse4a, ht, tsc, tscinvbit, tscinv, bmi1, bmi2, adx, sha, fma

Memory: 4k page, system-wide physical 5996M (389M free)
TotalPageFile size 23420M (AvailPageFile size 0M)
current process WorkingSet (physical memory assigned to process): 93M, peak: 93M
current process commit charge ("private bytes"): 226M, peak: 226M

vm_info: OpenJDK 64-Bit Server VM (11+28) for windows-amd64 JRE (11+28), built on Aug 23 2018 03:04:58 by "mach5one" with MS VC++ 15.5 (VS2017)

END.
