#
# There is insufficient memory for the Java Runtime Environment to continue.
# Native memory allocation (malloc) failed to allocate 32744 bytes for ChunkPool::allocate
# Possible reasons:
#   The system is out of physical RAM or swap space
#   The process is running with CompressedOops enabled, and the Java Heap may be blocking the growth of the native heap
# Possible solutions:
#   Reduce memory load on the system
#   Increase physical memory or swap space
#   Check if swap backing store is full
#   Decrease Java heap size (-Xmx/-Xms)
#   Decrease number of Java threads
#   Decrease Java thread stack sizes (-Xss)
#   Set larger code cache with -XX:ReservedCodeCacheSize=
#   JVM is running with Unscaled Compressed Oops mode in which the Java heap is
#     placed in the first 4GB address space. The Java Heap base address is the
#     maximum limit for the native heap growth. Please use -XX:HeapBaseMinAddress
#     to set the Java Heap base and to place the Java Heap above 4GB virtual address.
# This output file may be truncated or incomplete.
#
#  Out of Memory Error (t:/workspace/open/src/hotspot/share/memory/arena.cpp:81), pid=17148, tid=27772
#
# JRE version: OpenJDK Runtime Environment (11.0+28) (build 11+28)
# Java VM: OpenJDK 64-Bit Server VM (11+28, mixed mode, tiered, compressed oops, g1 gc, windows-amd64)
# No core dump will be written. Minidumps are not enabled by default on client versions of Windows
#

---------------  S U M M A R Y ------------

Command Line: -javaagent:C:\Program Files\JetBrains\IntelliJ IDEA Community Edition 2022.2.2\lib\idea_rt.jar=61136:C:\Program Files\JetBrains\IntelliJ IDEA Community Edition 2022.2.2\bin -Dfile.encoding=UTF-8 --module-path=C:\Users\dzang\.m2\repository\org\openjfx\javafx-base\17.0.2\javafx-base-17.0.2-win.jar;C:\Users\dzang\.m2\repository\org\openjfx\javafx-controls\17.0.2\javafx-controls-17.0.2-win.jar;C:\Users\dzang\.m2\repository\org\openjfx\javafx-graphics\17.0.2\javafx-graphics-17.0.2-win.jar;C:\Users\dzang\.m2\repository\com\google\zxing\core\3.5.2\core-3.5.2.jar;C:\Users\dzang\.m2\repository\org\openjfx\javafx-fxml\17.0.2\javafx-fxml-17.0.2-win.jar;C:\Users\dzang\IdeaProjects\FinalProjectSoftware\target\classes -Djdk.module.main=com.example.finalprojectsoftware com.example.finalprojectsoftware/com.example.finalprojectsoftware.HelloApplication

Host: AMD Ryzen 5 5600H with Radeon Graphics         , 12 cores, 5G,  Windows 10 , 64 bit Build 22621 (10.0.22621.2506)
Time: Wed Dec 20 21:29:18 2023 Центральная Азия (зима) elapsed time: 19 seconds (0d 0h 0m 19s)

---------------  T H R E A D  ---------------

Current thread (0x0000012c159b6800):  JavaThread "C2 CompilerThread2" daemon [_thread_in_native, id=27772, stack(0x0000000773d00000,0x0000000773e00000)]


Current CompileTask:
C2:  19141 4851   !   4       com.sun.javafx.css.StyleManager::findMatchingStyles (1267 bytes)

Stack: [0x0000000773d00000,0x0000000773e00000]
Native frames: (J=compiled Java code, j=interpreted, Vv=VM code, C=native code)
V  [jvm.dll+0x63adaa]
V  [jvm.dll+0x77852f]
V  [jvm.dll+0x779b18]
V  [jvm.dll+0x77a1d3]
V  [jvm.dll+0x2624c8]
V  [jvm.dll+0xc5d9b]
V  [jvm.dll+0xc60fc]
V  [jvm.dll+0x37366d]
V  [jvm.dll+0x537de4]
V  [jvm.dll+0x33b462]
V  [jvm.dll+0x33a80a]
V  [jvm.dll+0x21c365]
V  [jvm.dll+0x21b50a]
V  [jvm.dll+0x198400]
V  [jvm.dll+0x22a4ff]
V  [jvm.dll+0x228b18]
V  [jvm.dll+0x73dc3d]
V  [jvm.dll+0x639e42]
C  [ucrtbase.dll+0x29363]
C  [KERNEL32.DLL+0x1257d]
C  [ntdll.dll+0x5aa58]


---------------  P R O C E S S  ---------------

Threads class SMR info:
_java_thread_list=0x0000012c7cfa7020, length=24, elements={
0x0000012c6d1f4000, 0x0000012c7be56000, 0x0000012c7be5f000, 0x0000012c7be73800,
0x0000012c7be75800, 0x0000012c7be76800, 0x0000012c7be85800, 0x0000012c7c840000,
0x0000012c7bdec000, 0x0000012c7d5ca800, 0x0000012c7d34c000, 0x0000012c7dcc4800,
0x0000012c7d63e800, 0x0000012c7d9ce800, 0x0000012c7d915000, 0x0000012c7dc98000,
0x0000012c7ef81800, 0x0000012c7f3b0800, 0x0000012c7ee6c800, 0x0000012c158c3800,
0x0000012c7d4c6000, 0x0000012c7d078800, 0x0000012c159b6800, 0x0000012c7d4c3800
}

Java Threads: ( => current thread )
  0x0000012c6d1f4000 JavaThread "main" [_thread_blocked, id=17248, stack(0x0000000770200000,0x0000000770300000)]
  0x0000012c7be56000 JavaThread "Reference Handler" daemon [_thread_blocked, id=10004, stack(0x0000000770900000,0x0000000770a00000)]
  0x0000012c7be5f000 JavaThread "Finalizer" daemon [_thread_blocked, id=17844, stack(0x0000000770a00000,0x0000000770b00000)]
  0x0000012c7be73800 JavaThread "Signal Dispatcher" daemon [_thread_blocked, id=6400, stack(0x0000000770b00000,0x0000000770c00000)]
  0x0000012c7be75800 JavaThread "Attach Listener" daemon [_thread_blocked, id=28560, stack(0x0000000770c00000,0x0000000770d00000)]
  0x0000012c7be76800 JavaThread "C2 CompilerThread0" daemon [_thread_in_native, id=26528, stack(0x0000000770d00000,0x0000000770e00000)]
  0x0000012c7be85800 JavaThread "C1 CompilerThread0" daemon [_thread_blocked, id=25808, stack(0x0000000770e00000,0x0000000770f00000)]
  0x0000012c7c840000 JavaThread "Sweeper thread" daemon [_thread_blocked, id=16196, stack(0x0000000770f00000,0x0000000771000000)]
  0x0000012c7bdec000 JavaThread "Common-Cleaner" daemon [_thread_blocked, id=28236, stack(0x0000000771000000,0x0000000771100000)]
  0x0000012c7d5ca800 JavaThread "Monitor Ctrl-Break" daemon [_thread_in_native, id=17324, stack(0x0000000771300000,0x0000000771400000)]
  0x0000012c7d34c000 JavaThread "Service Thread" daemon [_thread_blocked, id=17224, stack(0x0000000771400000,0x0000000771500000)]
  0x0000012c7dcc4800 JavaThread "QuantumRenderer-0" daemon [_thread_blocked, id=10656, stack(0x0000000771600000,0x0000000771700000)]
  0x0000012c7d63e800 JavaThread "InvokeLaterDispatcher" daemon [_thread_blocked, id=28396, stack(0x0000000771900000,0x0000000771a00000)]
  0x0000012c7d9ce800 JavaThread "JavaFX Application Thread" [_thread_in_native, id=23508, stack(0x0000000771a00000,0x0000000771b00000)]
  0x0000012c7d915000 JavaThread "JavaFX-Launcher" [_thread_blocked, id=25752, stack(0x0000000772400000,0x0000000772500000)]
  0x0000012c7dc98000 JavaThread "Thread-2" daemon [_thread_in_native, id=17216, stack(0x0000000772300000,0x0000000772400000)]
  0x0000012c7ef81800 JavaThread "Prism Font Disposer" daemon [_thread_blocked, id=23280, stack(0x0000000772a00000,0x0000000772b00000)]
  0x0000012c7f3b0800 JavaThread "Cleaner-0" daemon [_thread_blocked, id=23104, stack(0x0000000773200000,0x0000000773300000)]
  0x0000012c7ee6c800 JavaThread "PostgreSQL-JDBC-Cleaner" daemon [_thread_blocked, id=12196, stack(0x0000000773600000,0x0000000773700000)]
  0x0000012c158c3800 JavaThread "Thread-3" [_thread_in_native, id=1132, stack(0x0000000773800000,0x0000000773900000)]
  0x0000012c7d4c6000 JavaThread "Thread-4" [_thread_in_native, id=24936, stack(0x0000000773900000,0x0000000773a00000)]
  0x0000012c7d078800 JavaThread "C2 CompilerThread1" daemon [_thread_blocked, id=21312, stack(0x0000000773c00000,0x0000000773d00000)]
=>0x0000012c159b6800 JavaThread "C2 CompilerThread2" daemon [_thread_in_native, id=27772, stack(0x0000000773d00000,0x0000000773e00000)]
  0x0000012c7d4c3800 JavaThread "Thread-5" [_thread_in_native, id=23168, stack(0x0000000773e00000,0x0000000773f00000)]

Other Threads:
  0x0000012c7be2d000 VMThread "VM Thread" [stack: 0x0000000770800000,0x0000000770900000] [id=22096]
  0x0000012c7d3ae800 WatcherThread [stack: 0x0000000771500000,0x0000000771600000] [id=10284]
  0x0000012c6d20b800 GCTaskThread "GC Thread#0" [stack: 0x0000000770300000,0x0000000770400000] [id=28660]
  0x0000012c7ef8d000 GCTaskThread "GC Thread#1" [stack: 0x0000000772500000,0x0000000772600000] [id=26448]
  0x0000012c7d8de000 GCTaskThread "GC Thread#2" [stack: 0x0000000772600000,0x0000000772700000] [id=26296]
  0x0000012c7d577000 GCTaskThread "GC Thread#3" [stack: 0x0000000772700000,0x0000000772800000] [id=22920]
  0x0000012c7d578000 GCTaskThread "GC Thread#4" [stack: 0x0000000772800000,0x0000000772900000] [id=3800]
  0x0000012c7d273000 GCTaskThread "GC Thread#5" [stack: 0x0000000772900000,0x0000000772a00000] [id=24536]
  0x0000012c7dbc6800 GCTaskThread "GC Thread#6" [stack: 0x0000000773400000,0x0000000773500000] [id=14532]
  0x0000012c7dbc5000 GCTaskThread "GC Thread#7" [stack: 0x0000000773500000,0x0000000773600000] [id=17716]
  0x0000012c7eebb000 GCTaskThread "GC Thread#8" [stack: 0x0000000773700000,0x0000000773800000] [id=27740]
  0x0000012c15ef5800 GCTaskThread "GC Thread#9" [stack: 0x0000000773a00000,0x0000000773b00000] [id=3028]
  0x0000012c6d233800 ConcurrentGCThread "G1 Main Marker" [stack: 0x0000000770400000,0x0000000770500000] [id=26444]
  0x0000012c6d235000 ConcurrentGCThread "G1 Conc#0" [stack: 0x0000000770500000,0x0000000770600000] [id=4280]
  0x0000012c7f223000 ConcurrentGCThread "G1 Conc#1" [stack: 0x0000000772c00000,0x0000000772d00000] [id=16308]
  0x0000012c7f224000 ConcurrentGCThread "G1 Conc#2" [stack: 0x0000000772d00000,0x0000000772e00000] [id=17092]
  0x0000012c6d2c6800 ConcurrentGCThread "G1 Refine#0" [stack: 0x0000000770600000,0x0000000770700000] [id=11508]
  0x0000012c6d2c9000 ConcurrentGCThread "G1 Young RemSet Sampling" [stack: 0x0000000770700000,0x0000000770800000] [id=19832]

Threads with active compile tasks:
C2 CompilerThread04895   !   4       javafx.scene.CssStyleHelper::transitionToState (1031 bytes)
C2 CompilerThread24851   !   4       com.sun.javafx.css.StyleManager::findMatchingStyles (1267 bytes)

VM state:not at safepoint (normal execution)

VM Mutex/Monitor currently owned by a thread: None

Heap address: 0x00000000a2400000, size: 1500 MB, Compressed Oops mode: 32-bit
Narrow klass base: 0x0000000000000000, Narrow klass shift: 3
Compressed class space size: 1073741824 Address: 0x0000000100000000

Heap:
 garbage-first heap   total 407552K, used 403535K [0x00000000a2400000, 0x0000000100000000)
  region size 1024K, 11 young (11264K), 3 survivors (3072K)
 Metaspace       used 31535K, capacity 32703K, committed 33024K, reserved 1077248K
  class space    used 3801K, capacity 4272K, committed 4352K, reserved 1048576K
Heap Regions: E=young(eden), S=young(survivor), O=old, HS=humongous(starts), HC=humongous(continues), CS=collection set, F=free, A=archive, TAMS=top-at-mark-start (previous, next)
|   0|0x00000000a2400000, 0x00000000a2500000, 0x00000000a2500000|100%|HS|  |TAMS 0x00000000a2500000, 0x00000000a2400000| Complete 
|   1|0x00000000a2500000, 0x00000000a2600000, 0x00000000a2600000|100%|HC|  |TAMS 0x00000000a2600000, 0x00000000a2500000| Complete 
|   2|0x00000000a2600000, 0x00000000a2700000, 0x00000000a2700000|100%|HS|  |TAMS 0x00000000a2700000, 0x00000000a2600000| Complete 
|   3|0x00000000a2700000, 0x00000000a2800000, 0x00000000a2800000|100%|HC|  |TAMS 0x00000000a2800000, 0x00000000a2700000| Complete 
|   4|0x00000000a2800000, 0x00000000a2900000, 0x00000000a2900000|100%|HS|  |TAMS 0x00000000a2900000, 0x00000000a2800000| Complete 
|   5|0x00000000a2900000, 0x00000000a2a00000, 0x00000000a2a00000|100%|HC|  |TAMS 0x00000000a2a00000, 0x00000000a2900000| Complete 
|   6|0x00000000a2a00000, 0x00000000a2b00000, 0x00000000a2b00000|100%|HS|  |TAMS 0x00000000a2b00000, 0x00000000a2a00000| Complete 
|   7|0x00000000a2b00000, 0x00000000a2c00000, 0x00000000a2c00000|100%|HC|  |TAMS 0x00000000a2c00000, 0x00000000a2b00000| Complete 
|   8|0x00000000a2c00000, 0x00000000a2d00000, 0x00000000a2d00000|100%|HS|  |TAMS 0x00000000a2d00000, 0x00000000a2c00000| Complete 
|   9|0x00000000a2d00000, 0x00000000a2e00000, 0x00000000a2e00000|100%|HC|  |TAMS 0x00000000a2e00000, 0x00000000a2d00000| Complete 
|  10|0x00000000a2e00000, 0x00000000a2f00000, 0x00000000a2f00000|100%|HS|  |TAMS 0x00000000a2f00000, 0x00000000a2e00000| Complete 
|  11|0x00000000a2f00000, 0x00000000a3000000, 0x00000000a3000000|100%|HC|  |TAMS 0x00000000a3000000, 0x00000000a2f00000| Complete 
|  12|0x00000000a3000000, 0x00000000a3100000, 0x00000000a3100000|100%|HS|  |TAMS 0x00000000a3100000, 0x00000000a3000000| Complete 
|  13|0x00000000a3100000, 0x00000000a3200000, 0x00000000a3200000|100%|HC|  |TAMS 0x00000000a3200000, 0x00000000a3100000| Complete 
|  14|0x00000000a3200000, 0x00000000a3300000, 0x00000000a3300000|100%|HS|  |TAMS 0x00000000a3300000, 0x00000000a3200000| Complete 
|  15|0x00000000a3300000, 0x00000000a3400000, 0x00000000a3400000|100%|HC|  |TAMS 0x00000000a3400000, 0x00000000a3300000| Complete 
|  16|0x00000000a3400000, 0x00000000a3500000, 0x00000000a3500000|100%|HS|  |TAMS 0x00000000a3500000, 0x00000000a3400000| Complete 
|  17|0x00000000a3500000, 0x00000000a3600000, 0x00000000a3600000|100%|HC|  |TAMS 0x00000000a3600000, 0x00000000a3500000| Complete 
|  18|0x00000000a3600000, 0x00000000a3700000, 0x00000000a3700000|100%|HS|  |TAMS 0x00000000a3700000, 0x00000000a3600000| Complete 
|  19|0x00000000a3700000, 0x00000000a3800000, 0x00000000a3800000|100%|HC|  |TAMS 0x00000000a3800000, 0x00000000a3700000| Complete 
|  20|0x00000000a3800000, 0x00000000a3900000, 0x00000000a3900000|100%|HS|  |TAMS 0x00000000a3900000, 0x00000000a3800000| Complete 
|  21|0x00000000a3900000, 0x00000000a3a00000, 0x00000000a3a00000|100%|HC|  |TAMS 0x00000000a3a00000, 0x00000000a3900000| Complete 
|  22|0x00000000a3a00000, 0x00000000a3b00000, 0x00000000a3b00000|100%|HS|  |TAMS 0x00000000a3b00000, 0x00000000a3a00000| Complete 
|  23|0x00000000a3b00000, 0x00000000a3c00000, 0x00000000a3c00000|100%|HC|  |TAMS 0x00000000a3c00000, 0x00000000a3b00000| Complete 
|  24|0x00000000a3c00000, 0x00000000a3d00000, 0x00000000a3d00000|100%| O|  |TAMS 0x00000000a3d00000, 0x00000000a3c00000| Untracked 
|  25|0x00000000a3d00000, 0x00000000a3e00000, 0x00000000a3e00000|100%| O|  |TAMS 0x00000000a3e00000, 0x00000000a3d00000| Untracked 
|  26|0x00000000a3e00000, 0x00000000a3f00000, 0x00000000a3f00000|100%|HS|  |TAMS 0x00000000a3f00000, 0x00000000a3e00000| Complete 
|  27|0x00000000a3f00000, 0x00000000a4000000, 0x00000000a4000000|100%|HC|  |TAMS 0x00000000a4000000, 0x00000000a3f00000| Complete 
|  28|0x00000000a4000000, 0x00000000a4100000, 0x00000000a4100000|100%|HS|  |TAMS 0x00000000a4100000, 0x00000000a4000000| Complete 
|  29|0x00000000a4100000, 0x00000000a4200000, 0x00000000a4200000|100%|HC|  |TAMS 0x00000000a4200000, 0x00000000a4100000| Complete 
|  30|0x00000000a4200000, 0x00000000a4300000, 0x00000000a4300000|100%| O|  |TAMS 0x00000000a4300000, 0x00000000a4200000| Untracked 
|  31|0x00000000a4300000, 0x00000000a4400000, 0x00000000a4400000|100%| O|  |TAMS 0x00000000a4400000, 0x00000000a4300000| Untracked 
|  32|0x00000000a4400000, 0x00000000a4500000, 0x00000000a4500000|100%|HS|  |TAMS 0x00000000a4500000, 0x00000000a4400000| Complete 
|  33|0x00000000a4500000, 0x00000000a4600000, 0x00000000a4600000|100%|HC|  |TAMS 0x00000000a4600000, 0x00000000a4500000| Complete 
|  34|0x00000000a4600000, 0x00000000a4700000, 0x00000000a4700000|100%|HS|  |TAMS 0x00000000a4700000, 0x00000000a4600000| Complete 
|  35|0x00000000a4700000, 0x00000000a4800000, 0x00000000a4800000|100%|HC|  |TAMS 0x00000000a4800000, 0x00000000a4700000| Complete 
|  36|0x00000000a4800000, 0x00000000a4900000, 0x00000000a4900000|100%|HS|  |TAMS 0x00000000a4900000, 0x00000000a4800000| Complete 
|  37|0x00000000a4900000, 0x00000000a4a00000, 0x00000000a4a00000|100%|HC|  |TAMS 0x00000000a4a00000, 0x00000000a4900000| Complete 
|  38|0x00000000a4a00000, 0x00000000a4b00000, 0x00000000a4b00000|100%|HS|  |TAMS 0x00000000a4b00000, 0x00000000a4a00000| Complete 
|  39|0x00000000a4b00000, 0x00000000a4c00000, 0x00000000a4c00000|100%|HC|  |TAMS 0x00000000a4c00000, 0x00000000a4b00000| Complete 
|  40|0x00000000a4c00000, 0x00000000a4d00000, 0x00000000a4d00000|100%|HS|  |TAMS 0x00000000a4d00000, 0x00000000a4c00000| Complete 
|  41|0x00000000a4d00000, 0x00000000a4e00000, 0x00000000a4e00000|100%|HC|  |TAMS 0x00000000a4e00000, 0x00000000a4d00000| Complete 
|  42|0x00000000a4e00000, 0x00000000a4f00000, 0x00000000a4f00000|100%| O|  |TAMS 0x00000000a4f00000, 0x00000000a4e00000| Untracked 
|  43|0x00000000a4f00000, 0x00000000a5000000, 0x00000000a5000000|100%| O|  |TAMS 0x00000000a5000000, 0x00000000a4f00000| Untracked 
|  44|0x00000000a5000000, 0x00000000a5100000, 0x00000000a5100000|100%| O|  |TAMS 0x00000000a5100000, 0x00000000a5000000| Untracked 
|  45|0x00000000a5100000, 0x00000000a5200000, 0x00000000a5200000|100%| O|  |TAMS 0x00000000a5200000, 0x00000000a5100000| Untracked 
|  46|0x00000000a5200000, 0x00000000a5300000, 0x00000000a5300000|100%| O|  |TAMS 0x00000000a5300000, 0x00000000a5200000| Untracked 
|  47|0x00000000a5300000, 0x00000000a5400000, 0x00000000a5400000|100%| O|  |TAMS 0x00000000a5400000, 0x00000000a5300000| Untracked 
|  48|0x00000000a5400000, 0x00000000a5500000, 0x00000000a5500000|100%| O|  |TAMS 0x00000000a5500000, 0x00000000a5400000| Untracked 
|  49|0x00000000a5500000, 0x00000000a5600000, 0x00000000a5600000|100%|HS|  |TAMS 0x00000000a5600000, 0x00000000a5500000| Complete 
|  50|0x00000000a5600000, 0x00000000a5700000, 0x00000000a5700000|100%|HC|  |TAMS 0x00000000a5700000, 0x00000000a5600000| Complete 
|  51|0x00000000a5700000, 0x00000000a5800000, 0x00000000a5800000|100%|HS|  |TAMS 0x00000000a5800000, 0x00000000a5700000| Complete 
|  52|0x00000000a5800000, 0x00000000a5900000, 0x00000000a5900000|100%|HC|  |TAMS 0x00000000a5900000, 0x00000000a5800000| Complete 
|  53|0x00000000a5900000, 0x00000000a5a00000, 0x00000000a5a00000|100%|HS|  |TAMS 0x00000000a5a00000, 0x00000000a5900000| Complete 
|  54|0x00000000a5a00000, 0x00000000a5b00000, 0x00000000a5b00000|100%|HC|  |TAMS 0x00000000a5b00000, 0x00000000a5a00000| Complete 
|  55|0x00000000a5b00000, 0x00000000a5c00000, 0x00000000a5c00000|100%|HS|  |TAMS 0x00000000a5c00000, 0x00000000a5b00000| Complete 
|  56|0x00000000a5c00000, 0x00000000a5d00000, 0x00000000a5d00000|100%|HC|  |TAMS 0x00000000a5d00000, 0x00000000a5c00000| Complete 
|  57|0x00000000a5d00000, 0x00000000a5e00000, 0x00000000a5e00000|100%|HS|  |TAMS 0x00000000a5e00000, 0x00000000a5d00000| Complete 
|  58|0x00000000a5e00000, 0x00000000a5f00000, 0x00000000a5f00000|100%|HC|  |TAMS 0x00000000a5f00000, 0x00000000a5e00000| Complete 
|  59|0x00000000a5f00000, 0x00000000a6000000, 0x00000000a6000000|100%|HS|  |TAMS 0x00000000a6000000, 0x00000000a5f00000| Complete 
|  60|0x00000000a6000000, 0x00000000a6100000, 0x00000000a6100000|100%|HC|  |TAMS 0x00000000a6100000, 0x00000000a6000000| Complete 
|  61|0x00000000a6100000, 0x00000000a6200000, 0x00000000a6200000|100%|HS|  |TAMS 0x00000000a6200000, 0x00000000a6100000| Complete 
|  62|0x00000000a6200000, 0x00000000a6300000, 0x00000000a6300000|100%|HC|  |TAMS 0x00000000a6300000, 0x00000000a6200000| Complete 
|  63|0x00000000a6300000, 0x00000000a6400000, 0x00000000a6400000|100%|HS|  |TAMS 0x00000000a6400000, 0x00000000a6300000| Complete 
|  64|0x00000000a6400000, 0x00000000a6500000, 0x00000000a6500000|100%|HC|  |TAMS 0x00000000a6500000, 0x00000000a6400000| Complete 
|  65|0x00000000a6500000, 0x00000000a6600000, 0x00000000a6600000|100%|HS|  |TAMS 0x00000000a6600000, 0x00000000a6500000| Complete 
|  66|0x00000000a6600000, 0x00000000a6700000, 0x00000000a6700000|100%|HC|  |TAMS 0x00000000a6700000, 0x00000000a6600000| Complete 
|  67|0x00000000a6700000, 0x00000000a6800000, 0x00000000a6800000|100%|HS|  |TAMS 0x00000000a6800000, 0x00000000a6700000| Complete 
|  68|0x00000000a6800000, 0x00000000a6900000, 0x00000000a6900000|100%|HC|  |TAMS 0x00000000a6900000, 0x00000000a6800000| Complete 
|  69|0x00000000a6900000, 0x00000000a6a00000, 0x00000000a6a00000|100%|HS|  |TAMS 0x00000000a6a00000, 0x00000000a6900000| Complete 
|  70|0x00000000a6a00000, 0x00000000a6b00000, 0x00000000a6b00000|100%|HC|  |TAMS 0x00000000a6b00000, 0x00000000a6a00000| Complete 
|  71|0x00000000a6b00000, 0x00000000a6c00000, 0x00000000a6c00000|100%|HS|  |TAMS 0x00000000a6c00000, 0x00000000a6b00000| Complete 
|  72|0x00000000a6c00000, 0x00000000a6d00000, 0x00000000a6d00000|100%|HC|  |TAMS 0x00000000a6d00000, 0x00000000a6c00000| Complete 
|  73|0x00000000a6d00000, 0x00000000a6e00000, 0x00000000a6e00000|100%|HS|  |TAMS 0x00000000a6e00000, 0x00000000a6d00000| Complete 
|  74|0x00000000a6e00000, 0x00000000a6f00000, 0x00000000a6f00000|100%|HC|  |TAMS 0x00000000a6f00000, 0x00000000a6e00000| Complete 
|  75|0x00000000a6f00000, 0x00000000a7000000, 0x00000000a7000000|100%|HS|  |TAMS 0x00000000a7000000, 0x00000000a6f00000| Complete 
|  76|0x00000000a7000000, 0x00000000a7100000, 0x00000000a7100000|100%|HC|  |TAMS 0x00000000a7100000, 0x00000000a7000000| Complete 
|  77|0x00000000a7100000, 0x00000000a7200000, 0x00000000a7200000|100%|HS|  |TAMS 0x00000000a7200000, 0x00000000a7100000| Complete 
|  78|0x00000000a7200000, 0x00000000a7300000, 0x00000000a7300000|100%|HC|  |TAMS 0x00000000a7300000, 0x00000000a7200000| Complete 
|  79|0x00000000a7300000, 0x00000000a7400000, 0x00000000a7400000|100%|HS|  |TAMS 0x00000000a7400000, 0x00000000a7300000| Complete 
|  80|0x00000000a7400000, 0x00000000a7500000, 0x00000000a7500000|100%|HC|  |TAMS 0x00000000a7500000, 0x00000000a7400000| Complete 
|  81|0x00000000a7500000, 0x00000000a7600000, 0x00000000a7600000|100%|HS|  |TAMS 0x00000000a7600000, 0x00000000a7500000| Complete 
|  82|0x00000000a7600000, 0x00000000a7700000, 0x00000000a7700000|100%|HC|  |TAMS 0x00000000a7700000, 0x00000000a7600000| Complete 
|  83|0x00000000a7700000, 0x00000000a7800000, 0x00000000a7800000|100%|HS|  |TAMS 0x00000000a7800000, 0x00000000a7700000| Complete 
|  84|0x00000000a7800000, 0x00000000a7900000, 0x00000000a7900000|100%|HC|  |TAMS 0x00000000a7900000, 0x00000000a7800000| Complete 
|  85|0x00000000a7900000, 0x00000000a7a00000, 0x00000000a7a00000|100%|HS|  |TAMS 0x00000000a7a00000, 0x00000000a7900000| Complete 
|  86|0x00000000a7a00000, 0x00000000a7b00000, 0x00000000a7b00000|100%|HC|  |TAMS 0x00000000a7b00000, 0x00000000a7a00000| Complete 
|  87|0x00000000a7b00000, 0x00000000a7c00000, 0x00000000a7c00000|100%|HS|  |TAMS 0x00000000a7c00000, 0x00000000a7b00000| Complete 
|  88|0x00000000a7c00000, 0x00000000a7d00000, 0x00000000a7d00000|100%|HC|  |TAMS 0x00000000a7d00000, 0x00000000a7c00000| Complete 
|  89|0x00000000a7d00000, 0x00000000a7e00000, 0x00000000a7e00000|100%|HS|  |TAMS 0x00000000a7e00000, 0x00000000a7d00000| Complete 
|  90|0x00000000a7e00000, 0x00000000a7f00000, 0x00000000a7f00000|100%|HC|  |TAMS 0x00000000a7f00000, 0x00000000a7e00000| Complete 
|  91|0x00000000a7f00000, 0x00000000a8000000, 0x00000000a8000000|100%|HS|  |TAMS 0x00000000a8000000, 0x00000000a7f00000| Complete 
|  92|0x00000000a8000000, 0x00000000a8100000, 0x00000000a8100000|100%|HC|  |TAMS 0x00000000a8100000, 0x00000000a8000000| Complete 
|  93|0x00000000a8100000, 0x00000000a8200000, 0x00000000a8200000|100%|HS|  |TAMS 0x00000000a8200000, 0x00000000a8100000| Complete 
|  94|0x00000000a8200000, 0x00000000a8300000, 0x00000000a8300000|100%|HC|  |TAMS 0x00000000a8300000, 0x00000000a8200000| Complete 
|  95|0x00000000a8300000, 0x00000000a8400000, 0x00000000a8400000|100%|HS|  |TAMS 0x00000000a8400000, 0x00000000a8300000| Complete 
|  96|0x00000000a8400000, 0x00000000a8500000, 0x00000000a8500000|100%|HC|  |TAMS 0x00000000a8500000, 0x00000000a8400000| Complete 
|  97|0x00000000a8500000, 0x00000000a8600000, 0x00000000a8600000|100%|HS|  |TAMS 0x00000000a8600000, 0x00000000a8500000| Complete 
|  98|0x00000000a8600000, 0x00000000a8700000, 0x00000000a8700000|100%|HC|  |TAMS 0x00000000a8700000, 0x00000000a8600000| Complete 
|  99|0x00000000a8700000, 0x00000000a8800000, 0x00000000a8800000|100%|HS|  |TAMS 0x00000000a8800000, 0x00000000a8700000| Complete 
| 100|0x00000000a8800000, 0x00000000a8900000, 0x00000000a8900000|100%|HC|  |TAMS 0x00000000a8900000, 0x00000000a8800000| Complete 
| 101|0x00000000a8900000, 0x00000000a8a00000, 0x00000000a8a00000|100%|HS|  |TAMS 0x00000000a8a00000, 0x00000000a8900000| Complete 
| 102|0x00000000a8a00000, 0x00000000a8b00000, 0x00000000a8b00000|100%|HC|  |TAMS 0x00000000a8b00000, 0x00000000a8a00000| Complete 
| 103|0x00000000a8b00000, 0x00000000a8c00000, 0x00000000a8c00000|100%|HS|  |TAMS 0x00000000a8c00000, 0x00000000a8b00000| Complete 
| 104|0x00000000a8c00000, 0x00000000a8d00000, 0x00000000a8d00000|100%|HC|  |TAMS 0x00000000a8d00000, 0x00000000a8c00000| Complete 
| 105|0x00000000a8d00000, 0x00000000a8e00000, 0x00000000a8e00000|100%|HS|  |TAMS 0x00000000a8e00000, 0x00000000a8d00000| Complete 
| 106|0x00000000a8e00000, 0x00000000a8f00000, 0x00000000a8f00000|100%|HC|  |TAMS 0x00000000a8f00000, 0x00000000a8e00000| Complete 
| 107|0x00000000a8f00000, 0x00000000a9000000, 0x00000000a9000000|100%|HS|  |TAMS 0x00000000a9000000, 0x00000000a8f00000| Complete 
| 108|0x00000000a9000000, 0x00000000a9100000, 0x00000000a9100000|100%|HC|  |TAMS 0x00000000a9100000, 0x00000000a9000000| Complete 
| 109|0x00000000a9100000, 0x00000000a9200000, 0x00000000a9200000|100%|HS|  |TAMS 0x00000000a9200000, 0x00000000a9100000| Complete 
| 110|0x00000000a9200000, 0x00000000a9300000, 0x00000000a9300000|100%|HC|  |TAMS 0x00000000a9300000, 0x00000000a9200000| Complete 
| 111|0x00000000a9300000, 0x00000000a9400000, 0x00000000a9400000|100%|HS|  |TAMS 0x00000000a9400000, 0x00000000a9300000| Complete 
| 112|0x00000000a9400000, 0x00000000a9500000, 0x00000000a9500000|100%|HC|  |TAMS 0x00000000a9500000, 0x00000000a9400000| Complete 
| 113|0x00000000a9500000, 0x00000000a9600000, 0x00000000a9600000|100%|HS|  |TAMS 0x00000000a9600000, 0x00000000a9500000| Complete 
| 114|0x00000000a9600000, 0x00000000a9700000, 0x00000000a9700000|100%|HC|  |TAMS 0x00000000a9700000, 0x00000000a9600000| Complete 
| 115|0x00000000a9700000, 0x00000000a9800000, 0x00000000a9800000|100%|HS|  |TAMS 0x00000000a9800000, 0x00000000a9700000| Complete 
| 116|0x00000000a9800000, 0x00000000a9900000, 0x00000000a9900000|100%|HC|  |TAMS 0x00000000a9900000, 0x00000000a9800000| Complete 
| 117|0x00000000a9900000, 0x00000000a9a00000, 0x00000000a9a00000|100%|HS|  |TAMS 0x00000000a9a00000, 0x00000000a9900000| Complete 
| 118|0x00000000a9a00000, 0x00000000a9b00000, 0x00000000a9b00000|100%|HC|  |TAMS 0x00000000a9b00000, 0x00000000a9a00000| Complete 
| 119|0x00000000a9b00000, 0x00000000a9c00000, 0x00000000a9c00000|100%|HS|  |TAMS 0x00000000a9c00000, 0x00000000a9b00000| Complete 
| 120|0x00000000a9c00000, 0x00000000a9d00000, 0x00000000a9d00000|100%|HC|  |TAMS 0x00000000a9d00000, 0x00000000a9c00000| Complete 
| 121|0x00000000a9d00000, 0x00000000a9e00000, 0x00000000a9e00000|100%|HS|  |TAMS 0x00000000a9e00000, 0x00000000a9d00000| Complete 
| 122|0x00000000a9e00000, 0x00000000a9f00000, 0x00000000a9f00000|100%|HC|  |TAMS 0x00000000a9f00000, 0x00000000a9e00000| Complete 
| 123|0x00000000a9f00000, 0x00000000aa000000, 0x00000000aa000000|100%|HS|  |TAMS 0x00000000aa000000, 0x00000000a9f00000| Complete 
| 124|0x00000000aa000000, 0x00000000aa100000, 0x00000000aa100000|100%|HC|  |TAMS 0x00000000aa100000, 0x00000000aa000000| Complete 
| 125|0x00000000aa100000, 0x00000000aa200000, 0x00000000aa200000|100%|HS|  |TAMS 0x00000000aa200000, 0x00000000aa100000| Complete 
| 126|0x00000000aa200000, 0x00000000aa300000, 0x00000000aa300000|100%|HC|  |TAMS 0x00000000aa300000, 0x00000000aa200000| Complete 
| 127|0x00000000aa300000, 0x00000000aa400000, 0x00000000aa400000|100%|HS|  |TAMS 0x00000000aa400000, 0x00000000aa300000| Complete 
| 128|0x00000000aa400000, 0x00000000aa500000, 0x00000000aa500000|100%|HC|  |TAMS 0x00000000aa500000, 0x00000000aa400000| Complete 
| 129|0x00000000aa500000, 0x00000000aa600000, 0x00000000aa600000|100%|HS|  |TAMS 0x00000000aa600000, 0x00000000aa500000| Complete 
| 130|0x00000000aa600000, 0x00000000aa700000, 0x00000000aa700000|100%|HC|  |TAMS 0x00000000aa700000, 0x00000000aa600000| Complete 
| 131|0x00000000aa700000, 0x00000000aa800000, 0x00000000aa800000|100%|HS|  |TAMS 0x00000000aa800000, 0x00000000aa700000| Complete 
| 132|0x00000000aa800000, 0x00000000aa900000, 0x00000000aa900000|100%|HC|  |TAMS 0x00000000aa900000, 0x00000000aa800000| Complete 
| 133|0x00000000aa900000, 0x00000000aaa00000, 0x00000000aaa00000|100%| O|  |TAMS 0x00000000aaa00000, 0x00000000aa900000| Untracked 
| 134|0x00000000aaa00000, 0x00000000aab00000, 0x00000000aab00000|100%|HS|  |TAMS 0x00000000aab00000, 0x00000000aaa00000| Complete 
| 135|0x00000000aab00000, 0x00000000aac00000, 0x00000000aac00000|100%|HC|  |TAMS 0x00000000aac00000, 0x00000000aab00000| Complete 
| 136|0x00000000aac00000, 0x00000000aad00000, 0x00000000aad00000|100%|HS|  |TAMS 0x00000000aad00000, 0x00000000aac00000| Complete 
| 137|0x00000000aad00000, 0x00000000aae00000, 0x00000000aae00000|100%|HC|  |TAMS 0x00000000aae00000, 0x00000000aad00000| Complete 
| 138|0x00000000aae00000, 0x00000000aaf00000, 0x00000000aaf00000|100%|HS|  |TAMS 0x00000000aaf00000, 0x00000000aae00000| Complete 
| 139|0x00000000aaf00000, 0x00000000ab000000, 0x00000000ab000000|100%|HC|  |TAMS 0x00000000ab000000, 0x00000000aaf00000| Complete 
| 140|0x00000000ab000000, 0x00000000ab100000, 0x00000000ab100000|100%|HS|  |TAMS 0x00000000ab100000, 0x00000000ab000000| Complete 
| 141|0x00000000ab100000, 0x00000000ab200000, 0x00000000ab200000|100%|HC|  |TAMS 0x00000000ab200000, 0x00000000ab100000| Complete 
| 142|0x00000000ab200000, 0x00000000ab300000, 0x00000000ab300000|100%|HS|  |TAMS 0x00000000ab300000, 0x00000000ab200000| Complete 
| 143|0x00000000ab300000, 0x00000000ab400000, 0x00000000ab400000|100%|HC|  |TAMS 0x00000000ab400000, 0x00000000ab300000| Complete 
| 144|0x00000000ab400000, 0x00000000ab500000, 0x00000000ab500000|100%|HS|  |TAMS 0x00000000ab500000, 0x00000000ab400000| Complete 
| 145|0x00000000ab500000, 0x00000000ab600000, 0x00000000ab600000|100%|HC|  |TAMS 0x00000000ab600000, 0x00000000ab500000| Complete 
| 146|0x00000000ab600000, 0x00000000ab700000, 0x00000000ab700000|100%|HS|  |TAMS 0x00000000ab700000, 0x00000000ab600000| Complete 
| 147|0x00000000ab700000, 0x00000000ab800000, 0x00000000ab800000|100%|HC|  |TAMS 0x00000000ab800000, 0x00000000ab700000| Complete 
| 148|0x00000000ab800000, 0x00000000ab900000, 0x00000000ab900000|100%|HS|  |TAMS 0x00000000ab900000, 0x00000000ab800000| Complete 
| 149|0x00000000ab900000, 0x00000000aba00000, 0x00000000aba00000|100%|HC|  |TAMS 0x00000000aba00000, 0x00000000ab900000| Complete 
| 150|0x00000000aba00000, 0x00000000abb00000, 0x00000000abb00000|100%|HS|  |TAMS 0x00000000abb00000, 0x00000000aba00000| Complete 
| 151|0x00000000abb00000, 0x00000000abc00000, 0x00000000abc00000|100%|HC|  |TAMS 0x00000000abc00000, 0x00000000abb00000| Complete 
| 152|0x00000000abc00000, 0x00000000abd00000, 0x00000000abd00000|100%|HS|  |TAMS 0x00000000abd00000, 0x00000000abc00000| Complete 
| 153|0x00000000abd00000, 0x00000000abe00000, 0x00000000abe00000|100%|HC|  |TAMS 0x00000000abe00000, 0x00000000abd00000| Complete 
| 154|0x00000000abe00000, 0x00000000abf00000, 0x00000000abf00000|100%|HS|  |TAMS 0x00000000abf00000, 0x00000000abe00000| Complete 
| 155|0x00000000abf00000, 0x00000000ac000000, 0x00000000ac000000|100%|HC|  |TAMS 0x00000000ac000000, 0x00000000abf00000| Complete 
| 156|0x00000000ac000000, 0x00000000ac100000, 0x00000000ac100000|100%|HS|  |TAMS 0x00000000ac100000, 0x00000000ac000000| Complete 
| 157|0x00000000ac100000, 0x00000000ac200000, 0x00000000ac200000|100%|HC|  |TAMS 0x00000000ac200000, 0x00000000ac100000| Complete 
| 158|0x00000000ac200000, 0x00000000ac300000, 0x00000000ac300000|100%|HS|  |TAMS 0x00000000ac300000, 0x00000000ac200000| Complete 
| 159|0x00000000ac300000, 0x00000000ac400000, 0x00000000ac400000|100%|HC|  |TAMS 0x00000000ac400000, 0x00000000ac300000| Complete 
| 160|0x00000000ac400000, 0x00000000ac500000, 0x00000000ac500000|100%|HS|  |TAMS 0x00000000ac500000, 0x00000000ac400000| Complete 
| 161|0x00000000ac500000, 0x00000000ac600000, 0x00000000ac600000|100%|HC|  |TAMS 0x00000000ac600000, 0x00000000ac500000| Complete 
| 162|0x00000000ac600000, 0x00000000ac700000, 0x00000000ac700000|100%|HS|  |TAMS 0x00000000ac700000, 0x00000000ac600000| Complete 
| 163|0x00000000ac700000, 0x00000000ac800000, 0x00000000ac800000|100%|HC|  |TAMS 0x00000000ac800000, 0x00000000ac700000| Complete 
| 164|0x00000000ac800000, 0x00000000ac900000, 0x00000000ac900000|100%|HS|  |TAMS 0x00000000ac900000, 0x00000000ac800000| Complete 
| 165|0x00000000ac900000, 0x00000000aca00000, 0x00000000aca00000|100%|HC|  |TAMS 0x00000000aca00000, 0x00000000ac900000| Complete 
| 166|0x00000000aca00000, 0x00000000acb00000, 0x00000000acb00000|100%|HS|  |TAMS 0x00000000acb00000, 0x00000000aca00000| Complete 
| 167|0x00000000acb00000, 0x00000000acc00000, 0x00000000acc00000|100%|HC|  |TAMS 0x00000000acc00000, 0x00000000acb00000| Complete 
| 168|0x00000000acc00000, 0x00000000acd00000, 0x00000000acd00000|100%|HS|  |TAMS 0x00000000acd00000, 0x00000000acc00000| Complete 
| 169|0x00000000acd00000, 0x00000000ace00000, 0x00000000ace00000|100%|HC|  |TAMS 0x00000000ace00000, 0x00000000acd00000| Complete 
| 170|0x00000000ace00000, 0x00000000acf00000, 0x00000000acf00000|100%|HS|  |TAMS 0x00000000acf00000, 0x00000000ace00000| Complete 
| 171|0x00000000acf00000, 0x00000000ad000000, 0x00000000ad000000|100%|HC|  |TAMS 0x00000000ad000000, 0x00000000acf00000| Complete 
| 172|0x00000000ad000000, 0x00000000ad100000, 0x00000000ad100000|100%|HS|  |TAMS 0x00000000ad100000, 0x00000000ad000000| Complete 
| 173|0x00000000ad100000, 0x00000000ad200000, 0x00000000ad200000|100%|HC|  |TAMS 0x00000000ad200000, 0x00000000ad100000| Complete 
| 174|0x00000000ad200000, 0x00000000ad300000, 0x00000000ad300000|100%|HS|  |TAMS 0x00000000ad300000, 0x00000000ad200000| Complete 
| 175|0x00000000ad300000, 0x00000000ad400000, 0x00000000ad400000|100%|HC|  |TAMS 0x00000000ad400000, 0x00000000ad300000| Complete 
| 176|0x00000000ad400000, 0x00000000ad500000, 0x00000000ad500000|100%|HS|  |TAMS 0x00000000ad500000, 0x00000000ad400000| Complete 
| 177|0x00000000ad500000, 0x00000000ad600000, 0x00000000ad600000|100%|HC|  |TAMS 0x00000000ad600000, 0x00000000ad500000| Complete 
| 178|0x00000000ad600000, 0x00000000ad700000, 0x00000000ad700000|100%|HS|  |TAMS 0x00000000ad700000, 0x00000000ad600000| Complete 
| 179|0x00000000ad700000, 0x00000000ad800000, 0x00000000ad800000|100%|HC|  |TAMS 0x00000000ad800000, 0x00000000ad700000| Complete 
| 180|0x00000000ad800000, 0x00000000ad900000, 0x00000000ad900000|100%|HS|  |TAMS 0x00000000ad900000, 0x00000000ad800000| Complete 
| 181|0x00000000ad900000, 0x00000000ada00000, 0x00000000ada00000|100%|HC|  |TAMS 0x00000000ada00000, 0x00000000ad900000| Complete 
| 182|0x00000000ada00000, 0x00000000adb00000, 0x00000000adb00000|100%|HS|  |TAMS 0x00000000adb00000, 0x00000000ada00000| Complete 
| 183|0x00000000adb00000, 0x00000000adc00000, 0x00000000adc00000|100%|HC|  |TAMS 0x00000000adc00000, 0x00000000adb00000| Complete 
| 184|0x00000000adc00000, 0x00000000add00000, 0x00000000add00000|100%|HS|  |TAMS 0x00000000add00000, 0x00000000adc00000| Complete 
| 185|0x00000000add00000, 0x00000000ade00000, 0x00000000ade00000|100%|HC|  |TAMS 0x00000000ade00000, 0x00000000add00000| Complete 
| 186|0x00000000ade00000, 0x00000000adf00000, 0x00000000adf00000|100%|HS|  |TAMS 0x00000000adf00000, 0x00000000ade00000| Complete 
| 187|0x00000000adf00000, 0x00000000ae000000, 0x00000000ae000000|100%|HC|  |TAMS 0x00000000ae000000, 0x00000000adf00000| Complete 
| 188|0x00000000ae000000, 0x00000000ae100000, 0x00000000ae100000|100%|HS|  |TAMS 0x00000000ae100000, 0x00000000ae000000| Complete 
| 189|0x00000000ae100000, 0x00000000ae200000, 0x00000000ae200000|100%|HC|  |TAMS 0x00000000ae200000, 0x00000000ae100000| Complete 
| 190|0x00000000ae200000, 0x00000000ae300000, 0x00000000ae300000|100%|HS|  |TAMS 0x00000000ae300000, 0x00000000ae200000| Complete 
| 191|0x00000000ae300000, 0x00000000ae400000, 0x00000000ae400000|100%|HC|  |TAMS 0x00000000ae400000, 0x00000000ae300000| Complete 
| 192|0x00000000ae400000, 0x00000000ae500000, 0x00000000ae500000|100%|HS|  |TAMS 0x00000000ae500000, 0x00000000ae400000| Complete 
| 193|0x00000000ae500000, 0x00000000ae600000, 0x00000000ae600000|100%|HC|  |TAMS 0x00000000ae600000, 0x00000000ae500000| Complete 
| 194|0x00000000ae600000, 0x00000000ae700000, 0x00000000ae700000|100%|HS|  |TAMS 0x00000000ae700000, 0x00000000ae600000| Complete 
| 195|0x00000000ae700000, 0x00000000ae800000, 0x00000000ae800000|100%|HC|  |TAMS 0x00000000ae800000, 0x00000000ae700000| Complete 
| 196|0x00000000ae800000, 0x00000000ae900000, 0x00000000ae900000|100%|HS|  |TAMS 0x00000000ae900000, 0x00000000ae800000| Complete 
| 197|0x00000000ae900000, 0x00000000aea00000, 0x00000000aea00000|100%|HC|  |TAMS 0x00000000aea00000, 0x00000000ae900000| Complete 
| 198|0x00000000aea00000, 0x00000000aeb00000, 0x00000000aeb00000|100%|HS|  |TAMS 0x00000000aeb00000, 0x00000000aea00000| Complete 
| 199|0x00000000aeb00000, 0x00000000aec00000, 0x00000000aec00000|100%|HC|  |TAMS 0x00000000aec00000, 0x00000000aeb00000| Complete 
| 200|0x00000000aec00000, 0x00000000aed00000, 0x00000000aed00000|100%|HS|  |TAMS 0x00000000aed00000, 0x00000000aec00000| Complete 
| 201|0x00000000aed00000, 0x00000000aee00000, 0x00000000aee00000|100%|HC|  |TAMS 0x00000000aee00000, 0x00000000aed00000| Complete 
| 202|0x00000000aee00000, 0x00000000aef00000, 0x00000000aef00000|100%|HS|  |TAMS 0x00000000aef00000, 0x00000000aee00000| Complete 
| 203|0x00000000aef00000, 0x00000000af000000, 0x00000000af000000|100%|HC|  |TAMS 0x00000000af000000, 0x00000000aef00000| Complete 
| 204|0x00000000af000000, 0x00000000af100000, 0x00000000af100000|100%|HS|  |TAMS 0x00000000af100000, 0x00000000af000000| Complete 
| 205|0x00000000af100000, 0x00000000af200000, 0x00000000af200000|100%|HC|  |TAMS 0x00000000af200000, 0x00000000af100000| Complete 
| 206|0x00000000af200000, 0x00000000af300000, 0x00000000af300000|100%|HS|  |TAMS 0x00000000af300000, 0x00000000af200000| Complete 
| 207|0x00000000af300000, 0x00000000af400000, 0x00000000af400000|100%|HC|  |TAMS 0x00000000af400000, 0x00000000af300000| Complete 
| 208|0x00000000af400000, 0x00000000af500000, 0x00000000af500000|100%|HS|  |TAMS 0x00000000af500000, 0x00000000af400000| Complete 
| 209|0x00000000af500000, 0x00000000af600000, 0x00000000af600000|100%|HC|  |TAMS 0x00000000af600000, 0x00000000af500000| Complete 
| 210|0x00000000af600000, 0x00000000af700000, 0x00000000af700000|100%|HS|  |TAMS 0x00000000af700000, 0x00000000af600000| Complete 
| 211|0x00000000af700000, 0x00000000af800000, 0x00000000af800000|100%|HC|  |TAMS 0x00000000af800000, 0x00000000af700000| Complete 
| 212|0x00000000af800000, 0x00000000af900000, 0x00000000af900000|100%|HS|  |TAMS 0x00000000af900000, 0x00000000af800000| Complete 
| 213|0x00000000af900000, 0x00000000afa00000, 0x00000000afa00000|100%|HC|  |TAMS 0x00000000afa00000, 0x00000000af900000| Complete 
| 214|0x00000000afa00000, 0x00000000afb00000, 0x00000000afb00000|100%|HS|  |TAMS 0x00000000afb00000, 0x00000000afa00000| Complete 
| 215|0x00000000afb00000, 0x00000000afc00000, 0x00000000afc00000|100%|HC|  |TAMS 0x00000000afc00000, 0x00000000afb00000| Complete 
| 216|0x00000000afc00000, 0x00000000afd00000, 0x00000000afd00000|100%|HS|  |TAMS 0x00000000afd00000, 0x00000000afc00000| Complete 
| 217|0x00000000afd00000, 0x00000000afe00000, 0x00000000afe00000|100%|HC|  |TAMS 0x00000000afe00000, 0x00000000afd00000| Complete 
| 218|0x00000000afe00000, 0x00000000aff00000, 0x00000000aff00000|100%|HS|  |TAMS 0x00000000aff00000, 0x00000000afe00000| Complete 
| 219|0x00000000aff00000, 0x00000000b0000000, 0x00000000b0000000|100%|HC|  |TAMS 0x00000000b0000000, 0x00000000aff00000| Complete 
| 220|0x00000000b0000000, 0x00000000b0100000, 0x00000000b0100000|100%|HS|  |TAMS 0x00000000b0100000, 0x00000000b0000000| Complete 
| 221|0x00000000b0100000, 0x00000000b0200000, 0x00000000b0200000|100%|HC|  |TAMS 0x00000000b0200000, 0x00000000b0100000| Complete 
| 222|0x00000000b0200000, 0x00000000b0300000, 0x00000000b0300000|100%|HS|  |TAMS 0x00000000b0300000, 0x00000000b0200000| Complete 
| 223|0x00000000b0300000, 0x00000000b0400000, 0x00000000b0400000|100%|HC|  |TAMS 0x00000000b0400000, 0x00000000b0300000| Complete 
| 224|0x00000000b0400000, 0x00000000b0500000, 0x00000000b0500000|100%|HS|  |TAMS 0x00000000b0500000, 0x00000000b0400000| Complete 
| 225|0x00000000b0500000, 0x00000000b0600000, 0x00000000b0600000|100%|HC|  |TAMS 0x00000000b0600000, 0x00000000b0500000| Complete 
| 226|0x00000000b0600000, 0x00000000b0700000, 0x00000000b0700000|100%|HS|  |TAMS 0x00000000b0700000, 0x00000000b0600000| Complete 
| 227|0x00000000b0700000, 0x00000000b0800000, 0x00000000b0800000|100%|HC|  |TAMS 0x00000000b0800000, 0x00000000b0700000| Complete 
| 228|0x00000000b0800000, 0x00000000b0900000, 0x00000000b0900000|100%|HS|  |TAMS 0x00000000b0900000, 0x00000000b0800000| Complete 
| 229|0x00000000b0900000, 0x00000000b0a00000, 0x00000000b0a00000|100%|HC|  |TAMS 0x00000000b0a00000, 0x00000000b0900000| Complete 
| 230|0x00000000b0a00000, 0x00000000b0b00000, 0x00000000b0b00000|100%|HS|  |TAMS 0x00000000b0b00000, 0x00000000b0a00000| Complete 
| 231|0x00000000b0b00000, 0x00000000b0c00000, 0x00000000b0c00000|100%|HC|  |TAMS 0x00000000b0c00000, 0x00000000b0b00000| Complete 
| 232|0x00000000b0c00000, 0x00000000b0d00000, 0x00000000b0d00000|100%|HS|  |TAMS 0x00000000b0d00000, 0x00000000b0c00000| Complete 
| 233|0x00000000b0d00000, 0x00000000b0e00000, 0x00000000b0e00000|100%|HC|  |TAMS 0x00000000b0e00000, 0x00000000b0d00000| Complete 
| 234|0x00000000b0e00000, 0x00000000b0f00000, 0x00000000b0f00000|100%|HS|  |TAMS 0x00000000b0f00000, 0x00000000b0e00000| Complete 
| 235|0x00000000b0f00000, 0x00000000b1000000, 0x00000000b1000000|100%|HC|  |TAMS 0x00000000b1000000, 0x00000000b0f00000| Complete 
| 236|0x00000000b1000000, 0x00000000b1100000, 0x00000000b1100000|100%|HS|  |TAMS 0x00000000b1100000, 0x00000000b1000000| Complete 
| 237|0x00000000b1100000, 0x00000000b1200000, 0x00000000b1200000|100%|HC|  |TAMS 0x00000000b1200000, 0x00000000b1100000| Complete 
| 238|0x00000000b1200000, 0x00000000b1300000, 0x00000000b1300000|100%|HS|  |TAMS 0x00000000b1300000, 0x00000000b1200000| Complete 
| 239|0x00000000b1300000, 0x00000000b1400000, 0x00000000b1400000|100%|HC|  |TAMS 0x00000000b1400000, 0x00000000b1300000| Complete 
| 240|0x00000000b1400000, 0x00000000b1500000, 0x00000000b1500000|100%|HS|  |TAMS 0x00000000b1500000, 0x00000000b1400000| Complete 
| 241|0x00000000b1500000, 0x00000000b1600000, 0x00000000b1600000|100%|HC|  |TAMS 0x00000000b1600000, 0x00000000b1500000| Complete 
| 242|0x00000000b1600000, 0x00000000b1700000, 0x00000000b1700000|100%|HS|  |TAMS 0x00000000b1700000, 0x00000000b1600000| Complete 
| 243|0x00000000b1700000, 0x00000000b1800000, 0x00000000b1800000|100%|HC|  |TAMS 0x00000000b1800000, 0x00000000b1700000| Complete 
| 244|0x00000000b1800000, 0x00000000b1900000, 0x00000000b1900000|100%|HS|  |TAMS 0x00000000b1900000, 0x00000000b1800000| Complete 
| 245|0x00000000b1900000, 0x00000000b1a00000, 0x00000000b1a00000|100%|HC|  |TAMS 0x00000000b1a00000, 0x00000000b1900000| Complete 
| 246|0x00000000b1a00000, 0x00000000b1b00000, 0x00000000b1b00000|100%|HS|  |TAMS 0x00000000b1b00000, 0x00000000b1a00000| Complete 
| 247|0x00000000b1b00000, 0x00000000b1c00000, 0x00000000b1c00000|100%|HC|  |TAMS 0x00000000b1c00000, 0x00000000b1b00000| Complete 
| 248|0x00000000b1c00000, 0x00000000b1d00000, 0x00000000b1d00000|100%|HS|  |TAMS 0x00000000b1d00000, 0x00000000b1c00000| Complete 
| 249|0x00000000b1d00000, 0x00000000b1e00000, 0x00000000b1e00000|100%|HC|  |TAMS 0x00000000b1e00000, 0x00000000b1d00000| Complete 
| 250|0x00000000b1e00000, 0x00000000b1f00000, 0x00000000b1f00000|100%|HS|  |TAMS 0x00000000b1f00000, 0x00000000b1e00000| Complete 
| 251|0x00000000b1f00000, 0x00000000b2000000, 0x00000000b2000000|100%|HC|  |TAMS 0x00000000b2000000, 0x00000000b1f00000| Complete 
| 252|0x00000000b2000000, 0x00000000b2100000, 0x00000000b2100000|100%|HS|  |TAMS 0x00000000b2100000, 0x00000000b2000000| Complete 
| 253|0x00000000b2100000, 0x00000000b2200000, 0x00000000b2200000|100%|HC|  |TAMS 0x00000000b2200000, 0x00000000b2100000| Complete 
| 254|0x00000000b2200000, 0x00000000b2300000, 0x00000000b2300000|100%|HS|  |TAMS 0x00000000b2300000, 0x00000000b2200000| Complete 
| 255|0x00000000b2300000, 0x00000000b2400000, 0x00000000b2400000|100%|HC|  |TAMS 0x00000000b2400000, 0x00000000b2300000| Complete 
| 256|0x00000000b2400000, 0x00000000b2500000, 0x00000000b2500000|100%|HS|  |TAMS 0x00000000b2500000, 0x00000000b2400000| Complete 
| 257|0x00000000b2500000, 0x00000000b2600000, 0x00000000b2600000|100%|HC|  |TAMS 0x00000000b2600000, 0x00000000b2500000| Complete 
| 258|0x00000000b2600000, 0x00000000b2700000, 0x00000000b2700000|100%|HS|  |TAMS 0x00000000b2700000, 0x00000000b2600000| Complete 
| 259|0x00000000b2700000, 0x00000000b2800000, 0x00000000b2800000|100%|HC|  |TAMS 0x00000000b2800000, 0x00000000b2700000| Complete 
| 260|0x00000000b2800000, 0x00000000b2900000, 0x00000000b2900000|100%|HS|  |TAMS 0x00000000b2900000, 0x00000000b2800000| Complete 
| 261|0x00000000b2900000, 0x00000000b2a00000, 0x00000000b2a00000|100%|HC|  |TAMS 0x00000000b2a00000, 0x00000000b2900000| Complete 
| 262|0x00000000b2a00000, 0x00000000b2b00000, 0x00000000b2b00000|100%| O|  |TAMS 0x00000000b2b00000, 0x00000000b2a00000| Untracked 
| 263|0x00000000b2b00000, 0x00000000b2c00000, 0x00000000b2c00000|100%|HS|  |TAMS 0x00000000b2c00000, 0x00000000b2b00000| Complete 
| 264|0x00000000b2c00000, 0x00000000b2d00000, 0x00000000b2d00000|100%|HC|  |TAMS 0x00000000b2d00000, 0x00000000b2c00000| Complete 
| 265|0x00000000b2d00000, 0x00000000b2e00000, 0x00000000b2e00000|100%|HS|  |TAMS 0x00000000b2e00000, 0x00000000b2d00000| Complete 
| 266|0x00000000b2e00000, 0x00000000b2f00000, 0x00000000b2f00000|100%|HC|  |TAMS 0x00000000b2f00000, 0x00000000b2e00000| Complete 
| 267|0x00000000b2f00000, 0x00000000b3000000, 0x00000000b3000000|100%|HS|  |TAMS 0x00000000b3000000, 0x00000000b2f00000| Complete 
| 268|0x00000000b3000000, 0x00000000b3100000, 0x00000000b3100000|100%|HC|  |TAMS 0x00000000b3100000, 0x00000000b3000000| Complete 
| 269|0x00000000b3100000, 0x00000000b3200000, 0x00000000b3200000|100%|HS|  |TAMS 0x00000000b3200000, 0x00000000b3100000| Complete 
| 270|0x00000000b3200000, 0x00000000b3300000, 0x00000000b3300000|100%|HC|  |TAMS 0x00000000b3300000, 0x00000000b3200000| Complete 
| 271|0x00000000b3300000, 0x00000000b3400000, 0x00000000b3400000|100%|HS|  |TAMS 0x00000000b3400000, 0x00000000b3300000| Complete 
| 272|0x00000000b3400000, 0x00000000b3500000, 0x00000000b3500000|100%|HC|  |TAMS 0x00000000b3500000, 0x00000000b3400000| Complete 
| 273|0x00000000b3500000, 0x00000000b3600000, 0x00000000b3600000|100%|HS|  |TAMS 0x00000000b3600000, 0x00000000b3500000| Complete 
| 274|0x00000000b3600000, 0x00000000b3700000, 0x00000000b3700000|100%|HC|  |TAMS 0x00000000b3700000, 0x00000000b3600000| Complete 
| 275|0x00000000b3700000, 0x00000000b3800000, 0x00000000b3800000|100%|HS|  |TAMS 0x00000000b3800000, 0x00000000b3700000| Complete 
| 276|0x00000000b3800000, 0x00000000b3900000, 0x00000000b3900000|100%|HC|  |TAMS 0x00000000b3900000, 0x00000000b3800000| Complete 
| 277|0x00000000b3900000, 0x00000000b3a00000, 0x00000000b3a00000|100%|HS|  |TAMS 0x00000000b3a00000, 0x00000000b3900000| Complete 
| 278|0x00000000b3a00000, 0x00000000b3b00000, 0x00000000b3b00000|100%|HC|  |TAMS 0x00000000b3b00000, 0x00000000b3a00000| Complete 
| 279|0x00000000b3b00000, 0x00000000b3c00000, 0x00000000b3c00000|100%|HS|  |TAMS 0x00000000b3c00000, 0x00000000b3b00000| Complete 
| 280|0x00000000b3c00000, 0x00000000b3d00000, 0x00000000b3d00000|100%|HC|  |TAMS 0x00000000b3d00000, 0x00000000b3c00000| Complete 
| 281|0x00000000b3d00000, 0x00000000b3e00000, 0x00000000b3e00000|100%|HS|  |TAMS 0x00000000b3e00000, 0x00000000b3d00000| Complete 
| 282|0x00000000b3e00000, 0x00000000b3f00000, 0x00000000b3f00000|100%|HC|  |TAMS 0x00000000b3f00000, 0x00000000b3e00000| Complete 
| 283|0x00000000b3f00000, 0x00000000b4000000, 0x00000000b4000000|100%|HS|  |TAMS 0x00000000b4000000, 0x00000000b3f00000| Complete 
| 284|0x00000000b4000000, 0x00000000b4100000, 0x00000000b4100000|100%|HS|  |TAMS 0x00000000b4100000, 0x00000000b4000000| Complete 
| 285|0x00000000b4100000, 0x00000000b4200000, 0x00000000b4200000|100%|HC|  |TAMS 0x00000000b4200000, 0x00000000b4100000| Complete 
| 286|0x00000000b4200000, 0x00000000b4300000, 0x00000000b4300000|100%| O|  |TAMS 0x00000000b4300000, 0x00000000b4200000| Untracked 
| 287|0x00000000b4300000, 0x00000000b4400000, 0x00000000b4400000|100%|HS|  |TAMS 0x00000000b4400000, 0x00000000b4300000| Complete 
| 288|0x00000000b4400000, 0x00000000b4500000, 0x00000000b4500000|100%|HC|  |TAMS 0x00000000b4500000, 0x00000000b4400000| Complete 
| 289|0x00000000b4500000, 0x00000000b4600000, 0x00000000b4600000|100%|HS|  |TAMS 0x00000000b4600000, 0x00000000b4500000| Complete 
| 290|0x00000000b4600000, 0x00000000b4700000, 0x00000000b4700000|100%|HC|  |TAMS 0x00000000b4700000, 0x00000000b4600000| Complete 
| 291|0x00000000b4700000, 0x00000000b4800000, 0x00000000b4800000|100%|HS|  |TAMS 0x00000000b4800000, 0x00000000b4700000| Complete 
| 292|0x00000000b4800000, 0x00000000b4900000, 0x00000000b4900000|100%|HC|  |TAMS 0x00000000b4900000, 0x00000000b4800000| Complete 
| 293|0x00000000b4900000, 0x00000000b4900000, 0x00000000b4a00000|  0%| F|  |TAMS 0x00000000b4900000, 0x00000000b4900000| Untracked 
| 294|0x00000000b4a00000, 0x00000000b4b00000, 0x00000000b4b00000|100%|HS|  |TAMS 0x00000000b4b00000, 0x00000000b4a00000| Complete 
| 295|0x00000000b4b00000, 0x00000000b4c00000, 0x00000000b4c00000|100%|HC|  |TAMS 0x00000000b4c00000, 0x00000000b4b00000| Complete 
| 296|0x00000000b4c00000, 0x00000000b4d00000, 0x00000000b4d00000|100%|HS|  |TAMS 0x00000000b4d00000, 0x00000000b4c00000| Complete 
| 297|0x00000000b4d00000, 0x00000000b4e00000, 0x00000000b4e00000|100%|HC|  |TAMS 0x00000000b4e00000, 0x00000000b4d00000| Complete 
| 298|0x00000000b4e00000, 0x00000000b4f00000, 0x00000000b4f00000|100%|HS|  |TAMS 0x00000000b4f00000, 0x00000000b4e00000| Complete 
| 299|0x00000000b4f00000, 0x00000000b5000000, 0x00000000b5000000|100%|HC|  |TAMS 0x00000000b5000000, 0x00000000b4f00000| Complete 
| 300|0x00000000b5000000, 0x00000000b5100000, 0x00000000b5100000|100%|HS|  |TAMS 0x00000000b5100000, 0x00000000b5000000| Complete 
| 301|0x00000000b5100000, 0x00000000b5200000, 0x00000000b5200000|100%|HC|  |TAMS 0x00000000b5200000, 0x00000000b5100000| Complete 
| 302|0x00000000b5200000, 0x00000000b5300000, 0x00000000b5300000|100%|HS|  |TAMS 0x00000000b5300000, 0x00000000b5200000| Complete 
| 303|0x00000000b5300000, 0x00000000b5400000, 0x00000000b5400000|100%|HC|  |TAMS 0x00000000b5400000, 0x00000000b5300000| Complete 
| 304|0x00000000b5400000, 0x00000000b5500000, 0x00000000b5500000|100%|HS|  |TAMS 0x00000000b5500000, 0x00000000b5400000| Complete 
| 305|0x00000000b5500000, 0x00000000b5600000, 0x00000000b5600000|100%|HC|  |TAMS 0x00000000b5600000, 0x00000000b5500000| Complete 
| 306|0x00000000b5600000, 0x00000000b5700000, 0x00000000b5700000|100%|HS|  |TAMS 0x00000000b5700000, 0x00000000b5600000| Complete 
| 307|0x00000000b5700000, 0x00000000b5800000, 0x00000000b5800000|100%|HC|  |TAMS 0x00000000b5800000, 0x00000000b5700000| Complete 
| 308|0x00000000b5800000, 0x00000000b5900000, 0x00000000b5900000|100%|HS|  |TAMS 0x00000000b5900000, 0x00000000b5800000| Complete 
| 309|0x00000000b5900000, 0x00000000b5a00000, 0x00000000b5a00000|100%|HC|  |TAMS 0x00000000b5a00000, 0x00000000b5900000| Complete 
| 310|0x00000000b5a00000, 0x00000000b5b00000, 0x00000000b5b00000|100%|HS|  |TAMS 0x00000000b5b00000, 0x00000000b5a00000| Complete 
| 311|0x00000000b5b00000, 0x00000000b5c00000, 0x00000000b5c00000|100%|HC|  |TAMS 0x00000000b5c00000, 0x00000000b5b00000| Complete 
| 312|0x00000000b5c00000, 0x00000000b5d00000, 0x00000000b5d00000|100%|HS|  |TAMS 0x00000000b5d00000, 0x00000000b5c00000| Complete 
| 313|0x00000000b5d00000, 0x00000000b5e00000, 0x00000000b5e00000|100%|HC|  |TAMS 0x00000000b5e00000, 0x00000000b5d00000| Complete 
| 314|0x00000000b5e00000, 0x00000000b5f00000, 0x00000000b5f00000|100%|HS|  |TAMS 0x00000000b5f00000, 0x00000000b5e00000| Complete 
| 315|0x00000000b5f00000, 0x00000000b6000000, 0x00000000b6000000|100%|HC|  |TAMS 0x00000000b6000000, 0x00000000b5f00000| Complete 
| 316|0x00000000b6000000, 0x00000000b6100000, 0x00000000b6100000|100%|HS|  |TAMS 0x00000000b6100000, 0x00000000b6000000| Complete 
| 317|0x00000000b6100000, 0x00000000b6200000, 0x00000000b6200000|100%|HC|  |TAMS 0x00000000b6200000, 0x00000000b6100000| Complete 
| 318|0x00000000b6200000, 0x00000000b6300000, 0x00000000b6300000|100%|HS|  |TAMS 0x00000000b6300000, 0x00000000b6200000| Complete 
| 319|0x00000000b6300000, 0x00000000b6400000, 0x00000000b6400000|100%|HC|  |TAMS 0x00000000b6400000, 0x00000000b6300000| Complete 
| 320|0x00000000b6400000, 0x00000000b6500000, 0x00000000b6500000|100%|HS|  |TAMS 0x00000000b6500000, 0x00000000b6400000| Complete 
| 321|0x00000000b6500000, 0x00000000b6600000, 0x00000000b6600000|100%|HC|  |TAMS 0x00000000b6600000, 0x00000000b6500000| Complete 
| 322|0x00000000b6600000, 0x00000000b6700000, 0x00000000b6700000|100%|HS|  |TAMS 0x00000000b6700000, 0x00000000b6600000| Complete 
| 323|0x00000000b6700000, 0x00000000b6800000, 0x00000000b6800000|100%|HC|  |TAMS 0x00000000b6800000, 0x00000000b6700000| Complete 
| 324|0x00000000b6800000, 0x00000000b6900000, 0x00000000b6900000|100%|HS|  |TAMS 0x00000000b6900000, 0x00000000b6800000| Complete 
| 325|0x00000000b6900000, 0x00000000b6a00000, 0x00000000b6a00000|100%|HC|  |TAMS 0x00000000b6a00000, 0x00000000b6900000| Complete 
| 326|0x00000000b6a00000, 0x00000000b6b00000, 0x00000000b6b00000|100%|HS|  |TAMS 0x00000000b6b00000, 0x00000000b6a00000| Complete 
| 327|0x00000000b6b00000, 0x00000000b6c00000, 0x00000000b6c00000|100%|HC|  |TAMS 0x00000000b6c00000, 0x00000000b6b00000| Complete 
| 328|0x00000000b6c00000, 0x00000000b6d00000, 0x00000000b6d00000|100%|HS|  |TAMS 0x00000000b6d00000, 0x00000000b6c00000| Complete 
| 329|0x00000000b6d00000, 0x00000000b6e00000, 0x00000000b6e00000|100%|HC|  |TAMS 0x00000000b6e00000, 0x00000000b6d00000| Complete 
| 330|0x00000000b6e00000, 0x00000000b6f00000, 0x00000000b6f00000|100%|HS|  |TAMS 0x00000000b6f00000, 0x00000000b6e00000| Complete 
| 331|0x00000000b6f00000, 0x00000000b7000000, 0x00000000b7000000|100%|HC|  |TAMS 0x00000000b7000000, 0x00000000b6f00000| Complete 
| 332|0x00000000b7000000, 0x00000000b7100000, 0x00000000b7100000|100%|HS|  |TAMS 0x00000000b7100000, 0x00000000b7000000| Complete 
| 333|0x00000000b7100000, 0x00000000b7200000, 0x00000000b7200000|100%|HC|  |TAMS 0x00000000b7200000, 0x00000000b7100000| Complete 
| 334|0x00000000b7200000, 0x00000000b7300000, 0x00000000b7300000|100%|HS|  |TAMS 0x00000000b7300000, 0x00000000b7200000| Complete 
| 335|0x00000000b7300000, 0x00000000b7400000, 0x00000000b7400000|100%|HC|  |TAMS 0x00000000b7400000, 0x00000000b7300000| Complete 
| 336|0x00000000b7400000, 0x00000000b7500000, 0x00000000b7500000|100%|HS|  |TAMS 0x00000000b7500000, 0x00000000b7400000| Complete 
| 337|0x00000000b7500000, 0x00000000b7600000, 0x00000000b7600000|100%|HC|  |TAMS 0x00000000b7600000, 0x00000000b7500000| Complete 
| 338|0x00000000b7600000, 0x00000000b7700000, 0x00000000b7700000|100%|HS|  |TAMS 0x00000000b7700000, 0x00000000b7600000| Complete 
| 339|0x00000000b7700000, 0x00000000b7800000, 0x00000000b7800000|100%|HC|  |TAMS 0x00000000b7800000, 0x00000000b7700000| Complete 
| 340|0x00000000b7800000, 0x00000000b7900000, 0x00000000b7900000|100%|HS|  |TAMS 0x00000000b7900000, 0x00000000b7800000| Complete 
| 341|0x00000000b7900000, 0x00000000b7a00000, 0x00000000b7a00000|100%|HC|  |TAMS 0x00000000b7a00000, 0x00000000b7900000| Complete 
| 342|0x00000000b7a00000, 0x00000000b7b00000, 0x00000000b7b00000|100%|HS|  |TAMS 0x00000000b7b00000, 0x00000000b7a00000| Complete 
| 343|0x00000000b7b00000, 0x00000000b7c00000, 0x00000000b7c00000|100%|HC|  |TAMS 0x00000000b7c00000, 0x00000000b7b00000| Complete 
| 344|0x00000000b7c00000, 0x00000000b7d00000, 0x00000000b7d00000|100%|HS|  |TAMS 0x00000000b7d00000, 0x00000000b7c00000| Complete 
| 345|0x00000000b7d00000, 0x00000000b7e00000, 0x00000000b7e00000|100%|HC|  |TAMS 0x00000000b7e00000, 0x00000000b7d00000| Complete 
| 346|0x00000000b7e00000, 0x00000000b7f00000, 0x00000000b7f00000|100%|HS|  |TAMS 0x00000000b7f00000, 0x00000000b7e00000| Complete 
| 347|0x00000000b7f00000, 0x00000000b8000000, 0x00000000b8000000|100%|HC|  |TAMS 0x00000000b8000000, 0x00000000b7f00000| Complete 
| 348|0x00000000b8000000, 0x00000000b8100000, 0x00000000b8100000|100%|HS|  |TAMS 0x00000000b8100000, 0x00000000b8000000| Complete 
| 349|0x00000000b8100000, 0x00000000b8200000, 0x00000000b8200000|100%|HC|  |TAMS 0x00000000b8200000, 0x00000000b8100000| Complete 
| 350|0x00000000b8200000, 0x00000000b8300000, 0x00000000b8300000|100%|HS|  |TAMS 0x00000000b8300000, 0x00000000b8200000| Complete 
| 351|0x00000000b8300000, 0x00000000b8400000, 0x00000000b8400000|100%|HC|  |TAMS 0x00000000b8400000, 0x00000000b8300000| Complete 
| 352|0x00000000b8400000, 0x00000000b8500000, 0x00000000b8500000|100%|HS|  |TAMS 0x00000000b8500000, 0x00000000b8400000| Complete 
| 353|0x00000000b8500000, 0x00000000b8600000, 0x00000000b8600000|100%|HC|  |TAMS 0x00000000b8600000, 0x00000000b8500000| Complete 
| 354|0x00000000b8600000, 0x00000000b8700000, 0x00000000b8700000|100%|HS|  |TAMS 0x00000000b8700000, 0x00000000b8600000| Complete 
| 355|0x00000000b8700000, 0x00000000b8800000, 0x00000000b8800000|100%|HC|  |TAMS 0x00000000b8800000, 0x00000000b8700000| Complete 
| 356|0x00000000b8800000, 0x00000000b8900000, 0x00000000b8900000|100%|HS|  |TAMS 0x00000000b8900000, 0x00000000b8800000| Complete 
| 357|0x00000000b8900000, 0x00000000b8a00000, 0x00000000b8a00000|100%|HC|  |TAMS 0x00000000b8a00000, 0x00000000b8900000| Complete 
| 358|0x00000000b8a00000, 0x00000000b8b00000, 0x00000000b8b00000|100%|HS|  |TAMS 0x00000000b8b00000, 0x00000000b8a00000| Complete 
| 359|0x00000000b8b00000, 0x00000000b8c00000, 0x00000000b8c00000|100%|HC|  |TAMS 0x00000000b8c00000, 0x00000000b8b00000| Complete 
| 360|0x00000000b8c00000, 0x00000000b8d00000, 0x00000000b8d00000|100%|HS|  |TAMS 0x00000000b8d00000, 0x00000000b8c00000| Complete 
| 361|0x00000000b8d00000, 0x00000000b8e00000, 0x00000000b8e00000|100%|HC|  |TAMS 0x00000000b8e00000, 0x00000000b8d00000| Complete 
| 362|0x00000000b8e00000, 0x00000000b8f00000, 0x00000000b8f00000|100%|HS|  |TAMS 0x00000000b8f00000, 0x00000000b8e00000| Complete 
| 363|0x00000000b8f00000, 0x00000000b9000000, 0x00000000b9000000|100%|HC|  |TAMS 0x00000000b9000000, 0x00000000b8f00000| Complete 
| 364|0x00000000b9000000, 0x00000000b9100000, 0x00000000b9100000|100%|HS|  |TAMS 0x00000000b9100000, 0x00000000b9000000| Complete 
| 365|0x00000000b9100000, 0x00000000b9200000, 0x00000000b9200000|100%|HC|  |TAMS 0x00000000b9200000, 0x00000000b9100000| Complete 
| 366|0x00000000b9200000, 0x00000000b9300000, 0x00000000b9300000|100%|HS|  |TAMS 0x00000000b9300000, 0x00000000b9200000| Complete 
| 367|0x00000000b9300000, 0x00000000b9400000, 0x00000000b9400000|100%|HC|  |TAMS 0x00000000b9400000, 0x00000000b9300000| Complete 
| 368|0x00000000b9400000, 0x00000000b9500000, 0x00000000b9500000|100%|HS|  |TAMS 0x00000000b9500000, 0x00000000b9400000| Complete 
| 369|0x00000000b9500000, 0x00000000b9600000, 0x00000000b9600000|100%|HC|  |TAMS 0x00000000b9600000, 0x00000000b9500000| Complete 
| 370|0x00000000b9600000, 0x00000000b9700000, 0x00000000b9700000|100%|HS|  |TAMS 0x00000000b9700000, 0x00000000b9600000| Complete 
| 371|0x00000000b9700000, 0x00000000b9800000, 0x00000000b9800000|100%|HC|  |TAMS 0x00000000b9800000, 0x00000000b9700000| Complete 
| 372|0x00000000b9800000, 0x00000000b9900000, 0x00000000b9900000|100%|HS|  |TAMS 0x00000000b9900000, 0x00000000b9800000| Complete 
| 373|0x00000000b9900000, 0x00000000b9a00000, 0x00000000b9a00000|100%|HC|  |TAMS 0x00000000b9a00000, 0x00000000b9900000| Complete 
| 374|0x00000000b9a00000, 0x00000000b9b00000, 0x00000000b9b00000|100%|HS|  |TAMS 0x00000000b9b00000, 0x00000000b9a00000| Complete 
| 375|0x00000000b9b00000, 0x00000000b9c00000, 0x00000000b9c00000|100%|HC|  |TAMS 0x00000000b9c00000, 0x00000000b9b00000| Complete 
| 376|0x00000000b9c00000, 0x00000000b9d00000, 0x00000000b9d00000|100%|HS|  |TAMS 0x00000000b9d00000, 0x00000000b9c00000| Complete 
| 377|0x00000000b9d00000, 0x00000000b9e00000, 0x00000000b9e00000|100%|HC|  |TAMS 0x00000000b9e00000, 0x00000000b9d00000| Complete 
| 378|0x00000000b9e00000, 0x00000000b9f00000, 0x00000000b9f00000|100%|HS|  |TAMS 0x00000000b9f00000, 0x00000000b9e00000| Complete 
| 379|0x00000000b9f00000, 0x00000000ba000000, 0x00000000ba000000|100%|HC|  |TAMS 0x00000000ba000000, 0x00000000b9f00000| Complete 
| 380|0x00000000ba000000, 0x00000000ba000000, 0x00000000ba100000|  0%| F|  |TAMS 0x00000000ba000000, 0x00000000ba000000| Untracked 
| 381|0x00000000ba100000, 0x00000000ba17b688, 0x00000000ba200000| 48%| E|  |TAMS 0x00000000ba100000, 0x00000000ba100000| Complete 
| 382|0x00000000ba200000, 0x00000000ba300000, 0x00000000ba300000|100%| E|CS|TAMS 0x00000000ba200000, 0x00000000ba200000| Complete 
| 383|0x00000000ba300000, 0x00000000ba400000, 0x00000000ba400000|100%| E|CS|TAMS 0x00000000ba300000, 0x00000000ba300000| Complete 
| 384|0x00000000ba400000, 0x00000000ba500000, 0x00000000ba500000|100%| O|  |TAMS 0x00000000ba500000, 0x00000000ba400000| Untracked 
| 385|0x00000000ba500000, 0x00000000ba600000, 0x00000000ba600000|100%| E|CS|TAMS 0x00000000ba500000, 0x00000000ba500000| Complete 
| 386|0x00000000ba600000, 0x00000000ba700000, 0x00000000ba700000|100%| E|CS|TAMS 0x00000000ba600000, 0x00000000ba600000| Complete 
| 387|0x00000000ba700000, 0x00000000ba800000, 0x00000000ba800000|100%| E|CS|TAMS 0x00000000ba700000, 0x00000000ba700000| Complete 
| 388|0x00000000ba800000, 0x00000000ba900000, 0x00000000ba900000|100%| O|  |TAMS 0x00000000ba900000, 0x00000000ba800000| Untracked 
| 389|0x00000000ba900000, 0x00000000baa00000, 0x00000000baa00000|100%| E|CS|TAMS 0x00000000ba900000, 0x00000000ba900000| Complete 
| 390|0x00000000baa00000, 0x00000000bab00000, 0x00000000bab00000|100%| E|CS|TAMS 0x00000000baa00000, 0x00000000baa00000| Complete 
| 391|0x00000000bab00000, 0x00000000bac00000, 0x00000000bac00000|100%| S|CS|TAMS 0x00000000bab00000, 0x00000000bab00000| Complete 
| 392|0x00000000bac00000, 0x00000000bad00000, 0x00000000bad00000|100%| O|  |TAMS 0x00000000bad00000, 0x00000000bac00000| Untracked 
| 393|0x00000000bad00000, 0x00000000bae00000, 0x00000000bae00000|100%| O|  |TAMS 0x00000000bae00000, 0x00000000bad00000| Untracked 
| 394|0x00000000bae00000, 0x00000000baf00000, 0x00000000baf00000|100%| S|CS|TAMS 0x00000000bae00000, 0x00000000bae00000| Complete 
| 395|0x00000000baf00000, 0x00000000bb000000, 0x00000000bb000000|100%| S|CS|TAMS 0x00000000baf00000, 0x00000000baf00000| Complete 
| 396|0x00000000bb000000, 0x00000000bb100000, 0x00000000bb100000|100%| O|  |TAMS 0x00000000bb100000, 0x00000000bb000000| Untracked 
| 397|0x00000000bb100000, 0x00000000bb113c00, 0x00000000bb200000|  7%| O|  |TAMS 0x00000000bb113c00, 0x00000000bb100000| Untracked 

Card table byte_map: [0x0000012c75d40000,0x0000012c76030000] _byte_map_base: 0x0000012c7582e000

Marking Bits (Prev, Next): (CMBitMap*) 0x0000012c6d22cf80, (CMBitMap*) 0x0000012c6d22cf48
 Prev Bits: [0x0000012c77a90000, 0x0000012c79200000)
 Next Bits: [0x0000012c76320000, 0x0000012c77a90000)

Polling page: 0x0000012c6c990000

Metaspace:

Usage:
  Non-class:     27.76 MB capacity,    27.08 MB ( 98%) used,   564.68 KB (  2%) free+waste,   132.56 KB ( <1%) overhead. 
      Class:      4.17 MB capacity,     3.71 MB ( 89%) used,   404.51 KB (  9%) free+waste,    65.94 KB (  2%) overhead. 
       Both:     31.94 MB capacity,    30.80 MB ( 96%) used,   969.19 KB (  3%) free+waste,   198.50 KB ( <1%) overhead. 

Virtual space:
  Non-class space:       28.00 MB reserved,      28.00 MB (100%) committed 
      Class space:        1.00 GB reserved,       4.25 MB ( <1%) committed 
             Both:        1.03 GB reserved,      32.25 MB (  3%) committed 

Chunk freelists:
   Non-Class:  6.13 KB
       Class:  0 bytes
        Both:  6.13 KB

CodeHeap 'non-profiled nmethods': size=120000Kb used=2217Kb max_used=2217Kb free=117783Kb
 bounds [0x0000012c07ad0000, 0x0000012c07d40000, 0x0000012c0f000000]
CodeHeap 'profiled nmethods': size=120000Kb used=10558Kb max_used=10558Kb free=109441Kb
 bounds [0x0000012c005a0000, 0x0000012c01000000, 0x0000012c07ad0000]
CodeHeap 'non-nmethods': size=5760Kb used=1388Kb max_used=1427Kb free=4371Kb
 bounds [0x0000012c00000000, 0x0000012c00270000, 0x0000012c005a0000]
 total_blobs=7153 nmethods=4718 adapters=745
 compilation: enabled
              stopped_count=0, restarted_count=0
 full_count=0

Compilation events (10 events):
Event: 19.129 Thread 0x0000012c7be85800 nmethod 5158 0x0000012c00ff2490 code [0x0000012c00ff2640, 0x0000012c00ff27f8]
Event: 19.129 Thread 0x0000012c7be85800 5159       3       com.sun.javafx.geom.Path2D$Iterator::isDone (20 bytes)
Event: 19.129 Thread 0x0000012c7be85800 nmethod 5159 0x0000012c00ff2890 code [0x0000012c00ff2a40, 0x0000012c00ff2c18]
Event: 19.129 Thread 0x0000012c7be85800 5156       3       com.sun.scenario.effect.impl.prism.PrFilterContext::hashCode (16 bytes)
Event: 19.129 Thread 0x0000012c7be85800 nmethod 5156 0x0000012c00ff2d10 code [0x0000012c00ff2ee0, 0x0000012c00ff31f0]
Event: 19.129 Thread 0x0000012c7be85800 5157       3       com.sun.scenario.effect.impl.prism.PrFilterContext::hashCode (14 bytes)
Event: 19.129 Thread 0x0000012c7be85800 nmethod 5157 0x0000012c00ff3310 code [0x0000012c00ff34c0, 0x0000012c00ff3658]
Event: 19.130 Thread 0x0000012c7d078800 nmethod 5144 0x0000012c07cf7d90 code [0x0000012c07cf8040, 0x0000012c07cf8e40]
Event: 19.130 Thread 0x0000012c7d078800 5155       4       java.util.ArrayList::iterator (9 bytes)
Event: 19.131 Thread 0x0000012c7d078800 nmethod 5155 0x0000012c07cfa090 code [0x0000012c07cfa220, 0x0000012c07cfa318]

GC Heap History (10 events):
Event: 18.734 GC heap before
{Heap before GC invocations=337 (full 0):
 garbage-first heap   total 392192K, used 389862K [0x00000000a2400000, 0x0000000100000000)
  region size 1024K, 8 young (8192K), 2 survivors (2048K)
 Metaspace       used 30951K, capacity 32078K, committed 32128K, reserved 1077248K
  class space    used 3762K, capacity 4220K, committed 4224K, reserved 1048576K
}
Event: 18.737 GC heap after
{Heap after GC invocations=338 (full 0):
 garbage-first heap   total 396288K, used 387046K [0x00000000a2400000, 0x0000000100000000)
  region size 1024K, 3 young (3072K), 3 survivors (3072K)
 Metaspace       used 30951K, capacity 32078K, committed 32128K, reserved 1077248K
  class space    used 3762K, capacity 4220K, committed 4224K, reserved 1048576K
}
Event: 18.757 GC heap before
{Heap before GC invocations=339 (full 0):
 garbage-first heap   total 396288K, used 388070K [0x00000000a2400000, 0x0000000100000000)
  region size 1024K, 4 young (4096K), 3 survivors (3072K)
 Metaspace       used 30951K, capacity 32078K, committed 32128K, reserved 1077248K
  class space    used 3762K, capacity 4220K, committed 4224K, reserved 1048576K
}
Event: 18.759 GC heap after
{Heap after GC invocations=340 (full 0):
 garbage-first heap   total 396288K, used 388126K [0x00000000a2400000, 0x0000000100000000)
  region size 1024K, 2 young (2048K), 2 survivors (2048K)
 Metaspace       used 30951K, capacity 32078K, committed 32128K, reserved 1077248K
  class space    used 3762K, capacity 4220K, committed 4224K, reserved 1048576K
}
Event: 18.823 GC heap before
{Heap before GC invocations=341 (full 0):
 garbage-first heap   total 396288K, used 388126K [0x00000000a2400000, 0x0000000100000000)
  region size 1024K, 4 young (4096K), 2 survivors (2048K)
 Metaspace       used 31041K, capacity 32111K, committed 32256K, reserved 1077248K
  class space    used 3766K, capacity 4226K, committed 4352K, reserved 1048576K
}
Event: 18.825 GC heap after
{Heap after GC invocations=342 (full 0):
 garbage-first heap   total 396288K, used 388649K [0x00000000a2400000, 0x0000000100000000)
  region size 1024K, 2 young (2048K), 2 survivors (2048K)
 Metaspace       used 31041K, capacity 32111K, committed 32256K, reserved 1077248K
  class space    used 3766K, capacity 4226K, committed 4352K, reserved 1048576K
}
Event: 18.932 GC heap before
{Heap before GC invocations=343 (full 0):
 garbage-first heap   total 396288K, used 395817K [0x00000000a2400000, 0x0000000100000000)
  region size 1024K, 7 young (7168K), 2 survivors (2048K)
 Metaspace       used 31196K, capacity 32360K, committed 32512K, reserved 1077248K
  class space    used 3792K, capacity 4269K, committed 4352K, reserved 1048576K
}
Event: 18.934 GC heap after
{Heap after GC invocations=344 (full 0):
 garbage-first heap   total 400384K, used 393169K [0x00000000a2400000, 0x0000000100000000)
  region size 1024K, 3 young (3072K), 3 survivors (3072K)
 Metaspace       used 31196K, capacity 32360K, committed 32512K, reserved 1077248K
  class space    used 3792K, capacity 4269K, committed 4352K, reserved 1048576K
}
Event: 18.967 GC heap before
{Heap before GC invocations=344 (full 0):
 garbage-first heap   total 400384K, used 400337K [0x00000000a2400000, 0x0000000100000000)
  region size 1024K, 10 young (10240K), 3 survivors (3072K)
 Metaspace       used 31254K, capacity 32443K, committed 32768K, reserved 1077248K
  class space    used 3793K, capacity 4271K, committed 4352K, reserved 1048576K
}
Event: 18.978 GC heap after
{Heap after GC invocations=345 (full 0):
 garbage-first heap   total 407552K, used 396367K [0x00000000a2400000, 0x0000000100000000)
  region size 1024K, 3 young (3072K), 3 survivors (3072K)
 Metaspace       used 31254K, capacity 32443K, committed 32768K, reserved 1077248K
  class space    used 3793K, capacity 4271K, committed 4352K, reserved 1048576K
}

Deoptimization events (10 events):
Event: 18.967 Thread 0x0000012c7d9ce800 Uncommon trap: reason=profile_predicate action=maybe_recompile pc=0x0000012c07ccc3e4 method=javafx.css.CompoundSelector.applies(Ljavafx/css/Styleable;I[Ljava/util/Set;I)Z @ 103 c2
Event: 18.967 Thread 0x0000012c7d9ce800 Uncommon trap: reason=profile_predicate action=maybe_recompile pc=0x0000012c07ccc3e4 method=javafx.css.CompoundSelector.applies(Ljavafx/css/Styleable;I[Ljava/util/Set;I)Z @ 103 c2
Event: 18.967 Thread 0x0000012c7d9ce800 Uncommon trap: reason=profile_predicate action=maybe_recompile pc=0x0000012c07ccc3e4 method=javafx.css.CompoundSelector.applies(Ljavafx/css/Styleable;I[Ljava/util/Set;I)Z @ 103 c2
Event: 18.983 Thread 0x0000012c7d9ce800 Uncommon trap: reason=unstable_if action=reinterpret pc=0x0000012c07ca3914 method=javafx.scene.CssStyleHelper.lookup(Ljavafx/css/Styleable;Ljavafx/css/CssMetaData;Lcom/sun/javafx/css/StyleMap;Ljava/util/Set;Ljavafx/css/Styleable;Lcom/sun/javafx/css/Calcul
Event: 18.984 Thread 0x0000012c7d9ce800 Uncommon trap: reason=unstable_if action=reinterpret pc=0x0000012c07c88bf8 method=javafx.scene.Node.hasProperties()Z @ 4 c2
Event: 18.986 Thread 0x0000012c7d9ce800 Uncommon trap: reason=unstable_if action=reinterpret pc=0x0000012c07cc75c8 method=com.sun.javafx.text.PrismTextLayout.setWrapWidth(F)Z @ 44 c2
Event: 19.010 Thread 0x0000012c7d9ce800 Uncommon trap: reason=unstable_if action=reinterpret pc=0x0000012c07b81bf0 method=java.lang.Math.round(D)J @ 48 c2
Event: 19.010 Thread 0x0000012c7d9ce800 Uncommon trap: reason=unstable_if action=reinterpret pc=0x0000012c07b6d0e0 method=java.lang.Math.round(D)J @ 48 c2
Event: 19.045 Thread 0x0000012c7d9ce800 Uncommon trap: reason=unstable_if action=reinterpret pc=0x0000012c07c6d854 method=javafx.scene.Node.hasMirroring()Z @ 31 c2
Event: 19.045 Thread 0x0000012c7d9ce800 Uncommon trap: reason=bimorphic_or_optimized_type_check action=maybe_recompile pc=0x0000012c07c7ab38 method=javafx.scene.Node.getGeomBounds(Lcom/sun/javafx/geom/BaseBounds;Lcom/sun/javafx/geom/transform/BaseTransform;)Lcom/sun/javafx/geom/BaseBounds; @ 1 

Classes redefined (0 events):
No events

Internal exceptions (10 events):
Event: 13.387 Thread 0x0000012c7d9ce800 Exception <a 'java/lang/ClassNotFoundException'{0x00000000b4950560}: sun/net/www/protocol/c/Handler> (0x00000000b4950560) thrown at [t:/workspace/open/src/hotspot/share/classfile/systemDictionary.cpp, line 231]
Event: 13.520 Thread 0x0000012c7d9ce800 Implicit null exception at 0x0000012c07b84391 to 0x0000012c07b84b6e
Event: 13.702 Thread 0x0000012c7dcc4800 Exception <a 'java/lang/NoSuchMethodError'{0x00000000b9c69898}: java.lang.invoke.DirectMethodHandle$Holder.invokeStaticInit(Ljava/lang/Object;I)Ljava/lang/Object;> (0x00000000b9c69898) thrown at [t:/workspace/open/src/hotspot/share/interpreter/linkResolve
Event: 16.091 Thread 0x0000012c7d9ce800 Exception <a 'java/io/FileNotFoundException'{0x00000000b492c508}> (0x00000000b492c508) thrown at [t:/workspace/open/src/hotspot/share/prims/jni.cpp, line 615]
Event: 18.814 Thread 0x0000012c7d9ce800 Exception <a 'java/io/FileNotFoundException'{0x00000000ba6b77c8}> (0x00000000ba6b77c8) thrown at [t:/workspace/open/src/hotspot/share/prims/jni.cpp, line 615]
Event: 18.823 Thread 0x0000012c7d9ce800 Exception <a 'java/io/FileNotFoundException'{0x00000000ba5846e0}> (0x00000000ba5846e0) thrown at [t:/workspace/open/src/hotspot/share/prims/jni.cpp, line 615]
Event: 18.878 Thread 0x0000012c7d9ce800 Exception <a 'java/lang/NoSuchMethodError'{0x00000000ba6e1560}: java.lang.invoke.DirectMethodHandle$Holder.invokeSpecial(Ljava/lang/Object;Ljava/lang/Object;IILjava/lang/Object;Ljava/lang/Object;Ljava/lang/Object;Ljava/lang/Object;)Ljava/lang/Object;> (0x
Event: 18.878 Thread 0x0000012c7d9ce800 Exception <a 'java/lang/NoSuchMethodError'{0x00000000ba6e4f40}: java.lang.invoke.DelegatingMethodHandle$Holder.reinvoke_L(Ljava/lang/Object;IILjava/lang/Object;Ljava/lang/Object;Ljava/lang/Object;Ljava/lang/Object;)Ljava/lang/Object;> (0x00000000ba6e4f40)
Event: 18.880 Thread 0x0000012c7d9ce800 Exception <a 'java/lang/NoSuchMethodError'{0x00000000ba52ed48}: java.lang.invoke.DirectMethodHandle$Holder.invokeStatic(Ljava/lang/Object;Ljava/lang/Object;Ljava/lang/Object;Ljava/lang/Object;Ljava/lang/Object;Ljava/lang/Object;Ljava/lang/Object;Ljava/lan
Event: 18.880 Thread 0x0000012c7d9ce800 Exception <a 'java/lang/NoSuchMethodError'{0x00000000ba54f490}: java.lang.invoke.DirectMethodHandle$Holder.invokeStatic(Ljava/lang/Object;Ljava/lang/Object;Ljava/lang/Object;Ljava/lang/Object;Ljava/lang/Object;Ljava/lang/Object;Ljava/lang/Object;Ljava/lan

Events (10 events):
Event: 19.059 loading class javafx/event/ActionEvent
Event: 19.059 loading class javafx/event/ActionEvent done
Event: 19.059 loading class javafx/event/ActionEvent
Event: 19.059 loading class javafx/event/ActionEvent done
Event: 19.059 loading class com/example/finalprojectsoftware/MessagesWithUserContoller
Event: 19.059 loading class com/example/finalprojectsoftware/MessagesWithUserContoller done
Event: 19.110 Executing VM operation: RevokeBias
Event: 19.110 Executing VM operation: RevokeBias done
Event: 19.111 Thread 0x0000012c7dcc4800 DEOPT PACKING pc=0x0000012c009253cd sp=0x00000007716fc610
Event: 19.111 Thread 0x0000012c7dcc4800 DEOPT UNPACKING pc=0x0000012c00028d4e sp=0x00000007716fb9c8 mode 0


Dynamic libraries:
0x00007ff7a6ad0000 - 0x00007ff7a6b15000 	C:\Program Files\Java\jdk-11\bin\java.exe
0x00007ffdf38b0000 - 0x00007ffdf3ac7000 	C:\WINDOWS\SYSTEM32\ntdll.dll
0x00007ffdf29d0000 - 0x00007ffdf2a94000 	C:\WINDOWS\System32\KERNEL32.DLL
0x00007ffdf0f10000 - 0x00007ffdf12b6000 	C:\WINDOWS\System32\KERNELBASE.dll
0x00007ffdf2800000 - 0x00007ffdf29ae000 	C:\WINDOWS\System32\USER32.dll
0x00007ffdf15d0000 - 0x00007ffdf15f6000 	C:\WINDOWS\System32\win32u.dll
0x00007ffdf2b00000 - 0x00007ffdf2b29000 	C:\WINDOWS\System32\GDI32.dll
0x00007ffdf14b0000 - 0x00007ffdf15c8000 	C:\WINDOWS\System32\gdi32full.dll
0x00007ffdf0c20000 - 0x00007ffdf0cba000 	C:\WINDOWS\System32\msvcp_win.dll
0x00007ffdf0d30000 - 0x00007ffdf0e41000 	C:\WINDOWS\System32\ucrtbase.dll
0x00007ffdd0b80000 - 0x00007ffdd0e13000 	C:\WINDOWS\WinSxS\amd64_microsoft.windows.common-controls_6595b64144ccf1df_6.0.22621.2506_none_270c5ae97388e100\COMCTL32.dll
0x00007ffdf1b00000 - 0x00007ffdf1ba7000 	C:\WINDOWS\System32\msvcrt.dll
0x00007ffdf27c0000 - 0x00007ffdf27f1000 	C:\WINDOWS\System32\IMM32.DLL
0x00007ffdae4c0000 - 0x00007ffdae4d6000 	C:\Program Files\Java\jdk-11\bin\vcruntime140.dll
0x00007ffdad490000 - 0x00007ffdad53a000 	C:\Program Files\Java\jdk-11\bin\msvcp140.dll
0x00007ffd896e0000 - 0x00007ffd8a221000 	C:\Program Files\Java\jdk-11\bin\server\jvm.dll
0x00007ffdf2700000 - 0x00007ffdf27b1000 	C:\WINDOWS\System32\ADVAPI32.dll
0x00007ffdf1f30000 - 0x00007ffdf1fd5000 	C:\WINDOWS\System32\sechost.dll
0x00007ffdf2560000 - 0x00007ffdf2677000 	C:\WINDOWS\System32\RPCRT4.dll
0x00007ffdf2b30000 - 0x00007ffdf2b38000 	C:\WINDOWS\System32\PSAPI.DLL
0x00007ffddebe0000 - 0x00007ffddebe9000 	C:\WINDOWS\SYSTEM32\WSOCK32.dll
0x00007ffde98b0000 - 0x00007ffde98e4000 	C:\WINDOWS\SYSTEM32\WINMM.dll
0x00007ffdf2050000 - 0x00007ffdf20c1000 	C:\WINDOWS\System32\WS2_32.dll
0x00007ffde8510000 - 0x00007ffde851a000 	C:\WINDOWS\SYSTEM32\VERSION.dll
0x00007ffdefd10000 - 0x00007ffdefd28000 	C:\WINDOWS\SYSTEM32\kernel.appcore.dll
0x00007ffdad470000 - 0x00007ffdad481000 	C:\Program Files\Java\jdk-11\bin\verify.dll
0x00007ffdee5e0000 - 0x00007ffdee813000 	C:\WINDOWS\SYSTEM32\DBGHELP.DLL
0x00007ffdf1770000 - 0x00007ffdf1af9000 	C:\WINDOWS\System32\combase.dll
0x00007ffdf1d50000 - 0x00007ffdf1e27000 	C:\WINDOWS\System32\OLEAUT32.dll
0x00007ffddf200000 - 0x00007ffddf232000 	C:\WINDOWS\SYSTEM32\dbgcore.DLL
0x00007ffdf12c0000 - 0x00007ffdf133a000 	C:\WINDOWS\System32\bcryptPrimitives.dll
0x00007ffdad440000 - 0x00007ffdad468000 	C:\Program Files\Java\jdk-11\bin\java.dll
0x00007ffd36b70000 - 0x00007ffd36b9f000 	C:\Program Files\Java\jdk-11\bin\instrument.dll
0x00007ffdad420000 - 0x00007ffdad436000 	C:\Program Files\Java\jdk-11\bin\zip.dll
0x00007ffdd2890000 - 0x00007ffdd289a000 	C:\Program Files\Java\jdk-11\bin\jimage.dll
0x00007ffdf2ce0000 - 0x00007ffdf353a000 	C:\WINDOWS\System32\SHELL32.dll
0x00007ffdeeb50000 - 0x00007ffdef446000 	C:\WINDOWS\SYSTEM32\windows.storage.dll
0x00007ffdeea10000 - 0x00007ffdeeb4e000 	C:\WINDOWS\SYSTEM32\wintypes.dll
0x00007ffdf1660000 - 0x00007ffdf1753000 	C:\WINDOWS\System32\SHCORE.dll
0x00007ffdf1600000 - 0x00007ffdf165e000 	C:\WINDOWS\System32\shlwapi.dll
0x00007ffdf0b50000 - 0x00007ffdf0b76000 	C:\WINDOWS\SYSTEM32\profapi.dll
0x00007ffdac610000 - 0x00007ffdac629000 	C:\Program Files\Java\jdk-11\bin\net.dll
0x00007ffdeb270000 - 0x00007ffdeb3a7000 	C:\WINDOWS\SYSTEM32\WINHTTP.dll
0x00007ffdf0190000 - 0x00007ffdf01f9000 	C:\WINDOWS\system32\mswsock.dll
0x00007ffdac5f0000 - 0x00007ffdac603000 	C:\Program Files\Java\jdk-11\bin\nio.dll
0x00007ffd36b40000 - 0x00007ffd36b5a000 	C:\Program Files\JetBrains\IntelliJ IDEA Community Edition 2022.2.2\bin\breakgen64.dll
0x0000012c6d1a0000 - 0x0000012c6d1a3000 	C:\Users\dzang\.openjfx\cache\17.0.2-ea\api-ms-win-core-console-l1-1-0.dll
0x0000012c6d1b0000 - 0x0000012c6d1b3000 	C:\Users\dzang\.openjfx\cache\17.0.2-ea\api-ms-win-core-console-l1-2-0.dll
0x0000012c6d1c0000 - 0x0000012c6d1c3000 	C:\Users\dzang\.openjfx\cache\17.0.2-ea\api-ms-win-core-datetime-l1-1-0.dll
0x0000012c7e6c0000 - 0x0000012c7e6c3000 	C:\Users\dzang\.openjfx\cache\17.0.2-ea\api-ms-win-core-debug-l1-1-0.dll
0x0000012c7e580000 - 0x0000012c7e583000 	C:\Users\dzang\.openjfx\cache\17.0.2-ea\api-ms-win-core-errorhandling-l1-1-0.dll
0x0000012c7e590000 - 0x0000012c7e594000 	C:\Users\dzang\.openjfx\cache\17.0.2-ea\api-ms-win-core-file-l1-1-0.dll
0x0000012c7e5a0000 - 0x0000012c7e5a3000 	C:\Users\dzang\.openjfx\cache\17.0.2-ea\api-ms-win-core-file-l1-2-0.dll
0x0000012c7e5b0000 - 0x0000012c7e5b3000 	C:\Users\dzang\.openjfx\cache\17.0.2-ea\api-ms-win-core-file-l2-1-0.dll
0x0000012c7e5c0000 - 0x0000012c7e5c3000 	C:\Users\dzang\.openjfx\cache\17.0.2-ea\api-ms-win-core-handle-l1-1-0.dll
0x0000012c7e5d0000 - 0x0000012c7e5d3000 	C:\Users\dzang\.openjfx\cache\17.0.2-ea\api-ms-win-core-heap-l1-1-0.dll
0x0000012c7e5e0000 - 0x0000012c7e5e3000 	C:\Users\dzang\.openjfx\cache\17.0.2-ea\api-ms-win-core-interlocked-l1-1-0.dll
0x0000012c7e5f0000 - 0x0000012c7e5f3000 	C:\Users\dzang\.openjfx\cache\17.0.2-ea\api-ms-win-core-libraryloader-l1-1-0.dll
0x0000012c7e600000 - 0x0000012c7e603000 	C:\Users\dzang\.openjfx\cache\17.0.2-ea\api-ms-win-core-localization-l1-2-0.dll
0x0000012c7e610000 - 0x0000012c7e613000 	C:\Users\dzang\.openjfx\cache\17.0.2-ea\api-ms-win-core-memory-l1-1-0.dll
0x0000012c7e620000 - 0x0000012c7e623000 	C:\Users\dzang\.openjfx\cache\17.0.2-ea\api-ms-win-core-namedpipe-l1-1-0.dll
0x0000012c7e630000 - 0x0000012c7e633000 	C:\Users\dzang\.openjfx\cache\17.0.2-ea\api-ms-win-core-processenvironment-l1-1-0.dll
0x0000012c7e640000 - 0x0000012c7e643000 	C:\Users\dzang\.openjfx\cache\17.0.2-ea\api-ms-win-core-processthreads-l1-1-0.dll
0x0000012c7e650000 - 0x0000012c7e653000 	C:\Users\dzang\.openjfx\cache\17.0.2-ea\api-ms-win-core-processthreads-l1-1-1.dll
0x0000012c7e660000 - 0x0000012c7e663000 	C:\Users\dzang\.openjfx\cache\17.0.2-ea\api-ms-win-core-profile-l1-1-0.dll
0x0000012c7e670000 - 0x0000012c7e673000 	C:\Users\dzang\.openjfx\cache\17.0.2-ea\api-ms-win-core-rtlsupport-l1-1-0.dll
0x0000012c7e680000 - 0x0000012c7e683000 	C:\Users\dzang\.openjfx\cache\17.0.2-ea\api-ms-win-core-string-l1-1-0.dll
0x0000012c7e690000 - 0x0000012c7e693000 	C:\Users\dzang\.openjfx\cache\17.0.2-ea\api-ms-win-core-synch-l1-1-0.dll
0x0000012c7e6a0000 - 0x0000012c7e6a3000 	C:\Users\dzang\.openjfx\cache\17.0.2-ea\api-ms-win-core-synch-l1-2-0.dll
0x0000012c7e6b0000 - 0x0000012c7e6b3000 	C:\Users\dzang\.openjfx\cache\17.0.2-ea\api-ms-win-core-sysinfo-l1-1-0.dll
0x0000012c7e6d0000 - 0x0000012c7e6d3000 	C:\Users\dzang\.openjfx\cache\17.0.2-ea\api-ms-win-core-timezone-l1-1-0.dll
0x0000012c7e6e0000 - 0x0000012c7e6e3000 	C:\Users\dzang\.openjfx\cache\17.0.2-ea\api-ms-win-core-util-l1-1-0.dll
0x0000012c7e6f0000 - 0x0000012c7e6f3000 	C:\Users\dzang\.openjfx\cache\17.0.2-ea\api-ms-win-crt-conio-l1-1-0.dll
0x0000012c7e700000 - 0x0000012c7e704000 	C:\Users\dzang\.openjfx\cache\17.0.2-ea\api-ms-win-crt-convert-l1-1-0.dll
0x0000012c7e710000 - 0x0000012c7e713000 	C:\Users\dzang\.openjfx\cache\17.0.2-ea\api-ms-win-crt-environment-l1-1-0.dll
0x0000012c7e720000 - 0x0000012c7e723000 	C:\Users\dzang\.openjfx\cache\17.0.2-ea\api-ms-win-crt-filesystem-l1-1-0.dll
0x0000012c7e730000 - 0x0000012c7e733000 	C:\Users\dzang\.openjfx\cache\17.0.2-ea\api-ms-win-crt-heap-l1-1-0.dll
0x0000012c7e740000 - 0x0000012c7e743000 	C:\Users\dzang\.openjfx\cache\17.0.2-ea\api-ms-win-crt-locale-l1-1-0.dll
0x0000012c7e750000 - 0x0000012c7e755000 	C:\Users\dzang\.openjfx\cache\17.0.2-ea\api-ms-win-crt-math-l1-1-0.dll
0x0000012c7e9a0000 - 0x0000012c7e9a5000 	C:\Users\dzang\.openjfx\cache\17.0.2-ea\api-ms-win-crt-multibyte-l1-1-0.dll
0x0000012c7e9b0000 - 0x0000012c7e9c0000 	C:\Users\dzang\.openjfx\cache\17.0.2-ea\api-ms-win-crt-private-l1-1-0.dll
0x0000012c7e9c0000 - 0x0000012c7e9c3000 	C:\Users\dzang\.openjfx\cache\17.0.2-ea\api-ms-win-crt-process-l1-1-0.dll
0x0000012c7e9d0000 - 0x0000012c7e9d4000 	C:\Users\dzang\.openjfx\cache\17.0.2-ea\api-ms-win-crt-runtime-l1-1-0.dll
0x0000012c7e9e0000 - 0x0000012c7e9e4000 	C:\Users\dzang\.openjfx\cache\17.0.2-ea\api-ms-win-crt-stdio-l1-1-0.dll
0x0000012c7e880000 - 0x0000012c7e884000 	C:\Users\dzang\.openjfx\cache\17.0.2-ea\api-ms-win-crt-string-l1-1-0.dll
0x0000012c7e890000 - 0x0000012c7e893000 	C:\Users\dzang\.openjfx\cache\17.0.2-ea\api-ms-win-crt-time-l1-1-0.dll
0x0000012c7e8a0000 - 0x0000012c7e8a3000 	C:\Users\dzang\.openjfx\cache\17.0.2-ea\api-ms-win-crt-utility-l1-1-0.dll
0x00007ffd30af0000 - 0x00007ffd30bec000 	C:\Users\dzang\.openjfx\cache\17.0.2-ea\ucrtbase.dll
0x00007ffd30ad0000 - 0x00007ffd30aea000 	C:\Users\dzang\.openjfx\cache\17.0.2-ea\vcruntime140.dll
0x00007ffd36b60000 - 0x00007ffd36b6c000 	C:\Users\dzang\.openjfx\cache\17.0.2-ea\vcruntime140_1.dll
0x00007ffd30a40000 - 0x00007ffd30acd000 	C:\Users\dzang\.openjfx\cache\17.0.2-ea\msvcp140.dll
0x00007ffd30a10000 - 0x00007ffd30a3a000 	C:\Users\dzang\.openjfx\cache\17.0.2-ea\prism_d3d.dll
0x00007ffd73580000 - 0x00007ffd73729000 	C:\WINDOWS\system32\d3d9.dll
0x00007ffdedb20000 - 0x00007ffdedb4b000 	C:\WINDOWS\SYSTEM32\dwmapi.dll
0x00007ffdee050000 - 0x00007ffdee086000 	C:\WINDOWS\SYSTEM32\dxcore.dll
0x00007ffded8e0000 - 0x00007ffded98b000 	C:\WINDOWS\system32\uxtheme.dll
0x00007ffde7f90000 - 0x00007ffde814b000 	C:\WINDOWS\System32\DriverStore\FileRepository\u0387352.inf_amd64_ce4ceb13d73334be\B385477\aticfx64.dll
0x00007ffd33430000 - 0x00007ffd33464000 	C:\WINDOWS\System32\DriverStore\FileRepository\u0387352.inf_amd64_ce4ceb13d73334be\B385477\atiu9p64.dll
0x00007ffd326d0000 - 0x00007ffd33425000 	C:\WINDOWS\System32\DriverStore\FileRepository\u0387352.inf_amd64_ce4ceb13d73334be\B385477\atiumd64.dll
0x00007ffdf2b40000 - 0x00007ffdf2ce0000 	C:\WINDOWS\System32\ole32.dll
0x0000000053e50000 - 0x0000000054d77000 	C:\WINDOWS\System32\DriverStore\FileRepository\u0387352.inf_amd64_ce4ceb13d73334be\B385477\atiumd6a.dll
0x00007ffdf20d0000 - 0x00007ffdf2544000 	C:\WINDOWS\System32\SETUPAPI.dll
0x00007ffdefa70000 - 0x00007ffdefabd000 	C:\WINDOWS\SYSTEM32\POWRPROF.dll
0x00007ffdefa50000 - 0x00007ffdefa63000 	C:\WINDOWS\SYSTEM32\UMPDC.dll
0x00007ffde82d0000 - 0x00007ffde8305000 	C:\WINDOWS\SYSTEM32\amdihk64.dll
0x00007ffde9ae0000 - 0x00007ffde9b2a000 	C:\WINDOWS\SYSTEM32\directxdatabasehelper.dll
0x00007ffd309c0000 - 0x00007ffd30a02000 	C:\Users\dzang\.openjfx\cache\17.0.2-ea\glass.dll
0x00007ffdf1e30000 - 0x00007ffdf1f29000 	C:\WINDOWS\System32\COMDLG32.dll
0x00007ffdf1c00000 - 0x00007ffdf1d50000 	C:\WINDOWS\System32\MSCTF.dll
0x00007ffd309a0000 - 0x00007ffd309b4000 	C:\Users\dzang\.openjfx\cache\17.0.2-ea\javafx_font.dll
0x00007ffdec960000 - 0x00007ffdecbd3000 	C:\WINDOWS\SYSTEM32\dwrite.dll
0x00007ffdf37c0000 - 0x00007ffdf3870000 	C:\WINDOWS\System32\clbcatq.dll
0x00007ffdec1c0000 - 0x00007ffdec370000 	C:\WINDOWS\SYSTEM32\WindowsCodecs.dll
0x00007ffdbe850000 - 0x00007ffdbe8ae000 	C:\WINDOWS\system32\dataexchange.dll
0x00007ffde6f10000 - 0x00007ffde7195000 	C:\WINDOWS\system32\twinapi.appcore.dll
0x00007ffdced70000 - 0x00007ffdceda2000 	C:\Program Files\Common Files\Microsoft Shared\Ink\rtscom.dll
0x00007ffde2c70000 - 0x00007ffde2dba000 	C:\WINDOWS\SYSTEM32\textinputframework.dll
0x00007ffdc3560000 - 0x00007ffdc39a5000 	C:\WINDOWS\SYSTEM32\UIAutomationCore.DLL
0x00007ffdec370000 - 0x00007ffdec95e000 	C:\WINDOWS\SYSTEM32\d2d1.dll
0x00007ffdecbe0000 - 0x00007ffdece37000 	C:\WINDOWS\SYSTEM32\d3d11.dll
0x00007ffdeda10000 - 0x00007ffdedb08000 	C:\WINDOWS\SYSTEM32\dxgi.dll
0x00007ffde8890000 - 0x00007ffde8fa1000 	C:\WINDOWS\SYSTEM32\D3D10Warp.dll
0x00007ffdce970000 - 0x00007ffdcea1b000 	C:\Windows\System32\OneCoreCommonProxyStub.dll
0x00007ffded4b0000 - 0x00007ffded5e3000 	C:\WINDOWS\SYSTEM32\CoreMessaging.dll
0x00007ffde92a0000 - 0x00007ffde960c000 	C:\WINDOWS\SYSTEM32\CoreUIComponents.dll
0x00007ffdf03e0000 - 0x00007ffdf03ec000 	C:\WINDOWS\SYSTEM32\CRYPTBASE.DLL
0x00007ffdef7e0000 - 0x00007ffdef8d9000 	C:\WINDOWS\SYSTEM32\DNSAPI.dll
0x00007ffdef760000 - 0x00007ffdef78d000 	C:\WINDOWS\SYSTEM32\IPHLPAPI.DLL

dbghelp: loaded successfully - version: 4.0.5 - missing functions: none
symbol engine: initialized successfully - sym options: 0x614 - pdb path: .;C:\Program Files\Java\jdk-11\bin;C:\WINDOWS\SYSTEM32;C:\WINDOWS\WinSxS\amd64_microsoft.windows.common-controls_6595b64144ccf1df_6.0.22621.2506_none_270c5ae97388e100;C:\Program Files\Java\jdk-11\bin\server;C:\Program Files\JetBrains\IntelliJ IDEA Community Edition 2022.2.2\bin;C:\Users\dzang\.openjfx\cache\17.0.2-ea;C:\WINDOWS\System32\DriverStore\FileRepository\u0387352.inf_amd64_ce4ceb13d73334be\B385477;C:\Program Files\Common Files\Microsoft Shared\Ink;C:\Program Files\Bonjour

VM Arguments:
jvm_args: -javaagent:C:\Program Files\JetBrains\IntelliJ IDEA Community Edition 2022.2.2\lib\idea_rt.jar=61136:C:\Program Files\JetBrains\IntelliJ IDEA Community Edition 2022.2.2\bin -Dfile.encoding=UTF-8 --module-path=C:\Users\dzang\.m2\repository\org\openjfx\javafx-base\17.0.2\javafx-base-17.0.2-win.jar;C:\Users\dzang\.m2\repository\org\openjfx\javafx-controls\17.0.2\javafx-controls-17.0.2-win.jar;C:\Users\dzang\.m2\repository\org\openjfx\javafx-graphics\17.0.2\javafx-graphics-17.0.2-win.jar;C:\Users\dzang\.m2\repository\com\google\zxing\core\3.5.2\core-3.5.2.jar;C:\Users\dzang\.m2\repository\org\openjfx\javafx-fxml\17.0.2\javafx-fxml-17.0.2-win.jar;C:\Users\dzang\IdeaProjects\FinalProjectSoftware\target\classes -Djdk.module.main=com.example.finalprojectsoftware 
java_command: com.example.finalprojectsoftware/com.example.finalprojectsoftware.HelloApplication
java_class_path (initial): C:\Users\dzang\.m2\repository\org\openjfx\javafx-controls\17.0.2\javafx-controls-17.0.2.jar;C:\Users\dzang\.m2\repository\org\openjfx\javafx-graphics\17.0.2\javafx-graphics-17.0.2.jar;C:\Users\dzang\.m2\repository\org\openjfx\javafx-base\17.0.2\javafx-base-17.0.2.jar;C:\Users\dzang\.m2\repository\org\openjfx\javafx-fxml\17.0.2\javafx-fxml-17.0.2.jar;C:\Users\dzang\.m2\repository\org\postgresql\postgresql\42.6.0\postgresql-42.6.0.jar;C:\Users\dzang\.m2\repository\org\checkerframework\checker-qual\3.31.0\checker-qual-3.31.0.jar;C:\Users\dzang\.m2\repository\com\google\zxing\javase\3.5.2\javase-3.5.2.jar;C:\Users\dzang\.m2\repository\com\beust\jcommander\1.82\jcommander-1.82.jar;C:\Users\dzang\.m2\repository\com\github\jai-imageio\jai-imageio-core\1.4.0\jai-imageio-core-1.4.0.jar
Launcher Type: SUN_STANDARD

[Global flags]
     intx CICompilerCount                          = 4                                         {product} {ergonomic}
     uint ConcGCThreads                            = 3                                         {product} {ergonomic}
     uint G1ConcRefinementThreads                  = 10                                        {product} {ergonomic}
   size_t G1HeapRegionSize                         = 1048576                                   {product} {ergonomic}
    uintx GCDrainStackTargetSize                   = 64                                        {product} {ergonomic}
   size_t InitialHeapSize                          = 98566144                                  {product} {ergonomic}
   size_t MarkStackSize                            = 4194304                                   {product} {ergonomic}
   size_t MaxHeapSize                              = 1572864000                                {product} {ergonomic}
   size_t MaxNewSize                               = 943718400                                 {product} {ergonomic}
   size_t MinHeapDeltaBytes                        = 1048576                                   {product} {ergonomic}
    uintx NonNMethodCodeHeapSize                   = 5835340                                {pd product} {ergonomic}
    uintx NonProfiledCodeHeapSize                  = 122911450                              {pd product} {ergonomic}
    uintx ProfiledCodeHeapSize                     = 122911450                              {pd product} {ergonomic}
    uintx ReservedCodeCacheSize                    = 251658240                              {pd product} {ergonomic}
     bool SegmentedCodeCache                       = true                                      {product} {ergonomic}
     bool UseCompressedClassPointers               = true                                 {lp64_product} {ergonomic}
     bool UseCompressedOops                        = true                                 {lp64_product} {ergonomic}
     bool UseG1GC                                  = true                                      {product} {ergonomic}
     bool UseLargePagesIndividualAllocation        = false                                  {pd product} {ergonomic}

Logging:
Log output configuration:
 #0: stdout all=warning uptime,level,tags
 #1: stderr all=off uptime,level,tags

Environment Variables:
JAVA_HOME=C:\Program Files\Java\jdk-11
PATH=C:\Program Files\Common Files\Oracle\Java\javapath;C:\Program Files (x86)\Common Files\Oracle\Java\javapath;C:\WINDOWS\system32;C:\WINDOWS;C:\WINDOWS\System32\Wbem;C:\WINDOWS\System32\WindowsPowerShell\v1.0\;C:\WINDOWS\System32\OpenSSH\;C:\Program Files\nodejs\;C:\MinGW\bin;C:\Users\dzang\AppData\Local\Programs\Python\Python311\Scripts\;C:\Users\dzang\AppData\Local\Programs\Python\Python311\;C:\Program Files\MySQL\MySQL Shell 8.0\bin\;C:\Users\dzang\AppData\Local\Microsoft\WindowsApps;C:\Users\dzang\AppData\Roaming\npm;C:\Users\dzang\AppData\Local\Programs\Microsoft VS Code\bin
USERNAME=dzang
OS=Windows_NT
PROCESSOR_IDENTIFIER=AMD64 Family 25 Model 80 Stepping 0, AuthenticAMD



---------------  S Y S T E M  ---------------

OS: Windows 10 , 64 bit Build 22621 (10.0.22621.2506)

CPU:total 12 (initial active 12) (12 cores per cpu, 2 threads per core) family 25 model 80 stepping 0, cmov, cx8, fxsr, mmx, sse, sse2, sse3, ssse3, sse4.1, sse4.2, popcnt, avx, avx2, aes, clmul, erms, mmxext, 3dnowpref, lzcnt, sse4a, ht, tsc, tscinvbit, tscinv, bmi1, bmi2, adx, sha, fma

Memory: 4k page, system-wide physical 5996M (431M free)
TotalPageFile size 24428M (AvailPageFile size 3M)
current process WorkingSet (physical memory assigned to process): 407M, peak: 407M
current process commit charge ("private bytes"): 767M, peak: 770M

vm_info: OpenJDK 64-Bit Server VM (11+28) for windows-amd64 JRE (11+28), built on Aug 23 2018 03:04:58 by "mach5one" with MS VC++ 15.5 (VS2017)

END.
